Starting OmniSharp server at 12/25/2019, 2:48:48 PM
    Target: /home/gandalf/Dev/IT-Project/Backend/Backend.sln

OmniSharp server started with Mono 5.20.1.
    Path: /home/gandalf/.vscode/extensions/ms-vscode.csharp-1.21.9/.omnisharp/1.34.9/omnisharp/OmniSharp.exe
    PID: 588

[info]: OmniSharp.Stdio.Host
        Starting OmniSharp on nixos 0.0 (x64)
[info]: OmniSharp.Services.DotNetCliService
        DotNetPath set to dotnet
[info]: OmniSharp.MSBuild.Discovery.Providers.MonoInstanceProvider
        Found Mono MSBuild but it could not be used because it is version 5.20.1.27 and it needs to be >= 6.4.0. OmniSharp will use embedded Mono instead. If you encounter any problems with OmniSharp, it is recommended to upgrade your Mono to the latest version. See https://www.mono-project.com/download/stable/.
[info]: OmniSharp.MSBuild.Discovery.MSBuildLocator
        Located 1 MSBuild instance(s)
            1: StandAlone 16.3 - "/home/gandalf/.vscode/extensions/ms-vscode.csharp-1.21.9/.omnisharp/1.34.9/omnisharp/.msbuild/Current/Bin"
[info]: OmniSharp.MSBuild.Discovery.MSBuildLocator
        MSBUILD_EXE_PATH environment variable set to '/home/gandalf/.vscode/extensions/ms-vscode.csharp-1.21.9/.omnisharp/1.34.9/omnisharp/.msbuild/Current/Bin/MSBuild.dll'
[info]: OmniSharp.MSBuild.Discovery.MSBuildLocator
        Registered MSBuild instance: StandAlone 16.3 - "/home/gandalf/.vscode/extensions/ms-vscode.csharp-1.21.9/.omnisharp/1.34.9/omnisharp/.msbuild/Current/Bin"
            CscToolExe = csc.exe
            MSBuildToolsPath = /home/gandalf/.vscode/extensions/ms-vscode.csharp-1.21.9/.omnisharp/1.34.9/omnisharp/.msbuild/Current/Bin
            CscToolPath = /home/gandalf/.vscode/extensions/ms-vscode.csharp-1.21.9/.omnisharp/1.34.9/omnisharp/.msbuild/Current/Bin/Roslyn
            BypassFrameworkInstallChecks = true
            MSBuildExtensionsPath = /home/gandalf/.vscode/extensions/ms-vscode.csharp-1.21.9/.omnisharp/1.34.9/omnisharp/.msbuild
[info]: OmniSharp.Cake.CakeProjectSystem
        Detecting Cake files in '/home/gandalf/Dev/IT-Project/Backend'.
[info]: OmniSharp.Cake.CakeProjectSystem
        Could not find any Cake files
[info]: OmniSharp.MSBuild.ProjectSystem
        Detecting projects in '/home/gandalf/Dev/IT-Project/Backend/Backend.sln'.
[info]: OmniSharp.MSBuild.ProjectManager
        Queue project update for '/home/gandalf/Dev/IT-Project/Backend/Backend/Backend.csproj'
[info]: OmniSharp.MSBuild.ProjectManager
        Queue project update for '/home/gandalf/Dev/IT-Project/Backend/Backend.Data/Backend.Data.csproj'
[info]: OmniSharp.MSBuild.ProjectManager
        Queue project update for '/home/gandalf/Dev/IT-Project/Backend/Backend.Test/Backend.Test.csproj'
[info]: OmniSharp.Script.ScriptProjectSystem
        Detecting CSX files in '/home/gandalf/Dev/IT-Project/Backend'.
[info]: OmniSharp.Script.ScriptProjectSystem
        Could not find any CSX files
[info]: OmniSharp.WorkspaceInitializer
        Invoking Workspace Options Provider: OmniSharp.Roslyn.CSharp.Services.CSharpFormattingWorkspaceOptionsProvider, Order: 0
[info]: OmniSharp.MSBuild.ProjectManager
        Loading project: /home/gandalf/Dev/IT-Project/Backend/Backend/Backend.csproj
[info]: OmniSharp.WorkspaceInitializer
        Invoking Workspace Options Provider: OmniSharp.Roslyn.CSharp.Services.RenameWorkspaceOptionsProvider, Order: 100
[info]: OmniSharp.WorkspaceInitializer
        Invoking Workspace Options Provider: OmniSharp.Roslyn.CSharp.Services.EditorConfigWorkspaceOptionsProvider, Order: 200
[info]: OmniSharp.WorkspaceInitializer
        Configuration finished.
[info]: OmniSharp.Stdio.Host
        Omnisharp server running using Stdio at location '/home/gandalf/Dev/IT-Project/Backend' on host 338.
[warn]: OmniSharp.MSBuild.ProjectLoader
        Detected package version outside of dependency constraint: Microsoft.NET.Sdk.Functions 1.0.29 requires Newtonsoft.Json (= 11.0.2) but version Newtonsoft.Json 12.0.3 was resolved.
[info]: OmniSharp.MSBuild.ProjectManager
        Successfully loaded project file '/home/gandalf/Dev/IT-Project/Backend/Backend/Backend.csproj'.
/home/gandalf/Dev/IT-Project/Backend/Backend/Backend.csproj
/home/gandalf/Dev/IT-Project/Backend/Backend/Backend.csproj(0,0): Error: Detected package version outside of dependency constraint: Microsoft.NET.Sdk.Functions 1.0.29 requires Newtonsoft.Json (= 11.0.2) but version Newtonsoft.Json 12.0.3 was resolved.

[info]: OmniSharp.MSBuild.ProjectManager
        Adding project '/home/gandalf/Dev/IT-Project/Backend/Backend/Backend.csproj'
[info]: OmniSharp.MSBuild.ProjectManager
        Loading project: /home/gandalf/Dev/IT-Project/Backend/Backend.Data/Backend.Data.csproj
[info]: OmniSharp.MSBuild.ProjectManager
        Successfully loaded project file '/home/gandalf/Dev/IT-Project/Backend/Backend.Data/Backend.Data.csproj'.
[info]: OmniSharp.MSBuild.ProjectManager
        Adding project '/home/gandalf/Dev/IT-Project/Backend/Backend.Data/Backend.Data.csproj'
[info]: OmniSharp.MSBuild.ProjectManager
        Loading project: /home/gandalf/Dev/IT-Project/Backend/Backend.Test/Backend.Test.csproj
[warn]: OmniSharp.MSBuild.ProjectLoader
        Detected package version outside of dependency constraint: Microsoft.NET.Sdk.Functions 1.0.29 requires Newtonsoft.Json (= 11.0.2) but version Newtonsoft.Json 12.0.3 was resolved.
[info]: OmniSharp.MSBuild.ProjectManager
        Successfully loaded project file '/home/gandalf/Dev/IT-Project/Backend/Backend.Test/Backend.Test.csproj'.
/home/gandalf/Dev/IT-Project/Backend/Backend.Test/Backend.Test.csproj
/home/gandalf/Dev/IT-Project/Backend/Backend.Test/Backend.Test.csproj(0,0): Error: Detected package version outside of dependency constraint: Microsoft.NET.Sdk.Functions 1.0.29 requires Newtonsoft.Json (= 11.0.2) but version Newtonsoft.Json 12.0.3 was resolved.

[info]: OmniSharp.MSBuild.ProjectManager
        Adding project '/home/gandalf/Dev/IT-Project/Backend/Backend.Test/Backend.Test.csproj'
[info]: OmniSharp.MSBuild.ProjectManager
        Update project: Backend
[info]: OmniSharp.MSBuild.ProjectManager
        Update project: Backend.Data
[info]: OmniSharp.MSBuild.ProjectManager
        Update project: Backend.Test
