[2019-12-23 13:24:16.721] [exthost] [info] extension host started
[2019-12-23 13:24:16.832] [exthost] [info] ExtensionService#_doActivateExtension vscode.configuration-editing {"startup":false,"extensionId":{"value":"vscode.configuration-editing","_lower":"vscode.configuration-editing"},"activationEvent":"onLanguage:json"}
[2019-12-23 13:24:16.833] [exthost] [info] ExtensionService#loadCommonJSModule file:///nix/store/agvrk3zbv6z5wypaa0wr7yl9vll3byh3-vscode-1.41.0/lib/vscode/resources/app/extensions/configuration-editing/dist/extension
[2019-12-23 13:24:16.857] [exthost] [info] ExtensionService#_doActivateExtension vscode.extension-editing {"startup":false,"extensionId":{"value":"vscode.extension-editing","_lower":"vscode.extension-editing"},"activationEvent":"onLanguage:json"}
[2019-12-23 13:24:16.857] [exthost] [info] ExtensionService#loadCommonJSModule file:///nix/store/agvrk3zbv6z5wypaa0wr7yl9vll3byh3-vscode-1.41.0/lib/vscode/resources/app/extensions/extension-editing/dist/extension
[2019-12-23 13:24:16.887] [exthost] [info] ExtensionService#_doActivateExtension vscode.json-language-features {"startup":false,"extensionId":{"value":"vscode.json-language-features","_lower":"vscode.json-language-features"},"activationEvent":"onLanguage:json"}
[2019-12-23 13:24:16.887] [exthost] [info] ExtensionService#loadCommonJSModule file:///nix/store/agvrk3zbv6z5wypaa0wr7yl9vll3byh3-vscode-1.41.0/lib/vscode/resources/app/extensions/json-language-features/client/dist/jsonMain
[2019-12-23 13:24:16.989] [exthost] [info] ExtensionService#_doActivateExtension vscode.npm {"startup":false,"extensionId":{"value":"vscode.npm","_lower":"vscode.npm"},"activationEvent":"onLanguage:json"}
[2019-12-23 13:24:16.989] [exthost] [info] ExtensionService#loadCommonJSModule file:///nix/store/agvrk3zbv6z5wypaa0wr7yl9vll3byh3-vscode-1.41.0/lib/vscode/resources/app/extensions/npm/dist/main
[2019-12-23 13:24:17.007] [exthost] [info] ExtensionService#_doActivateExtension eg2.vscode-npm-script {"startup":false,"extensionId":{"value":"eg2.vscode-npm-script","_lower":"eg2.vscode-npm-script"},"activationEvent":"onLanguage:json"}
[2019-12-23 13:24:17.010] [exthost] [info] ExtensionService#loadCommonJSModule file:///home/gandalf/.vscode/extensions/eg2.vscode-npm-script-0.3.10/dist/extension
[2019-12-23 13:24:17.031] [exthost] [info] ExtensionService#_doActivateExtension vscode.typescript-language-features {"startup":false,"extensionId":{"value":"vscode.typescript-language-features","_lower":"vscode.typescript-language-features"},"activationEvent":"onLanguage:typescript"}
[2019-12-23 13:24:17.031] [exthost] [info] ExtensionService#loadCommonJSModule file:///nix/store/agvrk3zbv6z5wypaa0wr7yl9vll3byh3-vscode-1.41.0/lib/vscode/resources/app/extensions/typescript-language-features/dist/extension
[2019-12-23 13:24:17.099] [exthost] [info] ExtensionService#_doActivateExtension Angular.ng-template {"startup":false,"extensionId":{"value":"Angular.ng-template","_lower":"angular.ng-template"},"activationEvent":"onLanguage:typescript"}
[2019-12-23 13:24:17.099] [exthost] [info] ExtensionService#loadCommonJSModule file:///home/gandalf/.vscode/extensions/angular.ng-template-0.900.3/client
[2019-12-23 13:24:17.301] [exthost] [info] ExtensionService#_doActivateExtension ecmel.vscode-html-css {"startup":false,"extensionId":{"value":"ecmel.vscode-html-css","_lower":"ecmel.vscode-html-css"},"activationEvent":"onLanguage:typescript"}
[2019-12-23 13:24:17.301] [exthost] [info] ExtensionService#loadCommonJSModule file:///home/gandalf/.vscode/extensions/ecmel.vscode-html-css-0.2.3/dist/extension
[2019-12-23 13:24:17.499] [exthost] [info] ExtensionService#_doActivateExtension ms-vscode.vscode-typescript-tslint-plugin {"startup":false,"extensionId":{"value":"ms-vscode.vscode-typescript-tslint-plugin","_lower":"ms-vscode.vscode-typescript-tslint-plugin"},"activationEvent":"onLanguage:typescript"}
[2019-12-23 13:24:17.500] [exthost] [info] ExtensionService#loadCommonJSModule file:///home/gandalf/.vscode/extensions/ms-vscode.vscode-typescript-tslint-plugin-1.2.3/out/index.js
[2019-12-23 13:24:17.522] [exthost] [info] ExtensionService#_doActivateExtension natewallace.angular2-inline {"startup":false,"extensionId":{"value":"natewallace.angular2-inline","_lower":"natewallace.angular2-inline"},"activationEvent":"onLanguage:typescript"}
[2019-12-23 13:24:17.522] [exthost] [info] ExtensionService#loadCommonJSModule file:///home/gandalf/.vscode/extensions/natewallace.angular2-inline-0.0.17/src/main
[2019-12-23 13:24:17.549] [exthost] [info] ExtensionService#_doActivateExtension VisualStudioExptTeam.vscodeintellicode {"startup":false,"extensionId":{"value":"VisualStudioExptTeam.vscodeintellicode","_lower":"visualstudioexptteam.vscodeintellicode"},"activationEvent":"onLanguage:typescript"}
[2019-12-23 13:24:17.549] [exthost] [info] ExtensionService#loadCommonJSModule file:///home/gandalf/.vscode/extensions/visualstudioexptteam.vscodeintellicode-1.2.2/dist/intellicode
[2019-12-23 13:24:17.678] [exthost] [info] ExtensionService#_doActivateExtension vscode.debug-auto-launch {"startup":true,"extensionId":{"value":"vscode.debug-auto-launch","_lower":"vscode.debug-auto-launch"},"activationEvent":"*"}
[2019-12-23 13:24:17.678] [exthost] [info] ExtensionService#loadCommonJSModule file:///nix/store/agvrk3zbv6z5wypaa0wr7yl9vll3byh3-vscode-1.41.0/lib/vscode/resources/app/extensions/debug-auto-launch/dist/extension
[2019-12-23 13:24:17.708] [exthost] [info] ExtensionService#_doActivateExtension vscode.emmet {"startup":true,"extensionId":{"value":"vscode.emmet","_lower":"vscode.emmet"},"activationEvent":"*"}
[2019-12-23 13:24:17.708] [exthost] [info] ExtensionService#loadCommonJSModule file:///nix/store/agvrk3zbv6z5wypaa0wr7yl9vll3byh3-vscode-1.41.0/lib/vscode/resources/app/extensions/emmet/dist/extension
[2019-12-23 13:24:17.750] [exthost] [info] ExtensionService#_doActivateExtension vscode.git {"startup":true,"extensionId":{"value":"vscode.git","_lower":"vscode.git"},"activationEvent":"*"}
[2019-12-23 13:24:17.750] [exthost] [info] ExtensionService#loadCommonJSModule file:///nix/store/agvrk3zbv6z5wypaa0wr7yl9vll3byh3-vscode-1.41.0/lib/vscode/resources/app/extensions/git/dist/main
[2019-12-23 13:24:17.834] [exthost] [info] ExtensionService#_doActivateExtension vscode.merge-conflict {"startup":true,"extensionId":{"value":"vscode.merge-conflict","_lower":"vscode.merge-conflict"},"activationEvent":"*"}
[2019-12-23 13:24:17.834] [exthost] [info] ExtensionService#loadCommonJSModule file:///nix/store/agvrk3zbv6z5wypaa0wr7yl9vll3byh3-vscode-1.41.0/lib/vscode/resources/app/extensions/merge-conflict/dist/extension
[2019-12-23 13:24:17.845] [exthost] [info] ExtensionService#_doActivateExtension vscode.search-result {"startup":true,"extensionId":{"value":"vscode.search-result","_lower":"vscode.search-result"},"activationEvent":"*"}
[2019-12-23 13:24:17.845] [exthost] [info] ExtensionService#loadCommonJSModule file:///nix/store/agvrk3zbv6z5wypaa0wr7yl9vll3byh3-vscode-1.41.0/lib/vscode/resources/app/extensions/search-result/dist/extension.js
[2019-12-23 13:24:17.849] [exthost] [info] ExtensionService#_doActivateExtension 2gua.rainbow-brackets {"startup":true,"extensionId":{"value":"2gua.rainbow-brackets","_lower":"2gua.rainbow-brackets"},"activationEvent":"*"}
[2019-12-23 13:24:17.849] [exthost] [info] ExtensionService#loadCommonJSModule file:///home/gandalf/.vscode/extensions/2gua.rainbow-brackets-0.0.6/out/src/extension
[2019-12-23 13:24:17.854] [exthost] [info] ExtensionService#_doActivateExtension christian-kohler.path-intellisense {"startup":true,"extensionId":{"value":"christian-kohler.path-intellisense","_lower":"christian-kohler.path-intellisense"},"activationEvent":"*"}
[2019-12-23 13:24:17.855] [exthost] [info] ExtensionService#loadCommonJSModule file:///home/gandalf/.vscode/extensions/christian-kohler.path-intellisense-1.4.2/out/src/extension
[2019-12-23 13:24:17.932] [exthost] [info] ExtensionService#_doActivateExtension eamodio.gitlens {"startup":true,"extensionId":{"value":"eamodio.gitlens","_lower":"eamodio.gitlens"},"activationEvent":"*"}
[2019-12-23 13:24:17.932] [exthost] [info] ExtensionService#loadCommonJSModule file:///home/gandalf/.vscode/extensions/eamodio.gitlens-10.2.0/dist/extension
[2019-12-23 13:24:18.008] [exthost] [info] ExtensionService#_doActivateExtension EditorConfig.EditorConfig {"startup":true,"extensionId":{"value":"EditorConfig.EditorConfig","_lower":"editorconfig.editorconfig"},"activationEvent":"*"}
[2019-12-23 13:24:18.009] [exthost] [info] ExtensionService#loadCommonJSModule file:///home/gandalf/.vscode/extensions/editorconfig.editorconfig-0.14.2/out/editorConfigMain.js
[2019-12-23 13:24:18.048] [exthost] [info] ExtensionService#_doActivateExtension esbenp.prettier-vscode {"startup":true,"extensionId":{"value":"esbenp.prettier-vscode","_lower":"esbenp.prettier-vscode"},"activationEvent":"*"}
[2019-12-23 13:24:18.048] [exthost] [info] ExtensionService#loadCommonJSModule file:///home/gandalf/.vscode/extensions/esbenp.prettier-vscode-3.17.0/dist/extension
[2019-12-23 13:24:18.144] [exthost] [info] ExtensionService#_doActivateExtension formulahendry.auto-close-tag {"startup":true,"extensionId":{"value":"formulahendry.auto-close-tag","_lower":"formulahendry.auto-close-tag"},"activationEvent":"*"}
[2019-12-23 13:24:18.144] [exthost] [info] ExtensionService#loadCommonJSModule file:///home/gandalf/.vscode/extensions/formulahendry.auto-close-tag-0.5.6/out/src/extension
[2019-12-23 13:24:18.146] [exthost] [info] ExtensionService#_doActivateExtension johnpapa.vscode-peacock {"startup":true,"extensionId":{"value":"johnpapa.vscode-peacock","_lower":"johnpapa.vscode-peacock"},"activationEvent":"*"}
[2019-12-23 13:24:18.146] [exthost] [info] ExtensionService#loadCommonJSModule file:///home/gandalf/.vscode/extensions/johnpapa.vscode-peacock-3.2.0/dist/extension
[2019-12-23 13:24:18.155] [exthost] [info] ExtensionService#_doActivateExtension nrwl.angular-console {"startup":true,"extensionId":{"value":"nrwl.angular-console","_lower":"nrwl.angular-console"},"activationEvent":"*"}
[2019-12-23 13:24:18.155] [exthost] [info] ExtensionService#loadCommonJSModule file:///home/gandalf/.vscode/extensions/nrwl.angular-console-10.0.0/main.js
[2019-12-23 13:24:18.583] [exthost] [info] ExtensionService#_doActivateExtension PKief.material-icon-theme {"startup":true,"extensionId":{"value":"PKief.material-icon-theme","_lower":"pkief.material-icon-theme"},"activationEvent":"*"}
[2019-12-23 13:24:18.583] [exthost] [info] ExtensionService#loadCommonJSModule file:///home/gandalf/.vscode/extensions/pkief.material-icon-theme-3.9.2/dist/extension
[2019-12-23 13:24:18.597] [exthost] [info] ExtensionService#_doActivateExtension ritwickdey.LiveServer {"startup":true,"extensionId":{"value":"ritwickdey.LiveServer","_lower":"ritwickdey.liveserver"},"activationEvent":"*"}
[2019-12-23 13:24:18.597] [exthost] [info] ExtensionService#loadCommonJSModule file:///home/gandalf/.vscode/extensions/ritwickdey.liveserver-5.6.1/out/src/extension
[2019-12-23 13:24:19.651] [exthost] [info] eager extensions activated
[2019-12-23 14:20:58.971] [exthost] [info] extension host started
[2019-12-23 14:20:59.063] [exthost] [info] ExtensionService#_doActivateExtension vscode.configuration-editing {"startup":false,"extensionId":{"value":"vscode.configuration-editing","_lower":"vscode.configuration-editing"},"activationEvent":"onLanguage:json"}
[2019-12-23 14:20:59.064] [exthost] [info] ExtensionService#loadCommonJSModule file:///nix/store/agvrk3zbv6z5wypaa0wr7yl9vll3byh3-vscode-1.41.0/lib/vscode/resources/app/extensions/configuration-editing/dist/extension
[2019-12-23 14:20:59.070] [exthost] [info] ExtensionService#_doActivateExtension vscode.extension-editing {"startup":false,"extensionId":{"value":"vscode.extension-editing","_lower":"vscode.extension-editing"},"activationEvent":"onLanguage:json"}
[2019-12-23 14:20:59.070] [exthost] [info] ExtensionService#loadCommonJSModule file:///nix/store/agvrk3zbv6z5wypaa0wr7yl9vll3byh3-vscode-1.41.0/lib/vscode/resources/app/extensions/extension-editing/dist/extension
[2019-12-23 14:20:59.081] [exthost] [info] ExtensionService#_doActivateExtension vscode.json-language-features {"startup":false,"extensionId":{"value":"vscode.json-language-features","_lower":"vscode.json-language-features"},"activationEvent":"onLanguage:json"}
[2019-12-23 14:20:59.081] [exthost] [info] ExtensionService#loadCommonJSModule file:///nix/store/agvrk3zbv6z5wypaa0wr7yl9vll3byh3-vscode-1.41.0/lib/vscode/resources/app/extensions/json-language-features/client/dist/jsonMain
[2019-12-23 14:20:59.112] [exthost] [info] ExtensionService#_doActivateExtension vscode.npm {"startup":false,"extensionId":{"value":"vscode.npm","_lower":"vscode.npm"},"activationEvent":"onLanguage:json"}
[2019-12-23 14:20:59.113] [exthost] [info] ExtensionService#loadCommonJSModule file:///nix/store/agvrk3zbv6z5wypaa0wr7yl9vll3byh3-vscode-1.41.0/lib/vscode/resources/app/extensions/npm/dist/main
[2019-12-23 14:20:59.123] [exthost] [info] ExtensionService#_doActivateExtension eg2.vscode-npm-script {"startup":false,"extensionId":{"value":"eg2.vscode-npm-script","_lower":"eg2.vscode-npm-script"},"activationEvent":"onLanguage:json"}
[2019-12-23 14:20:59.123] [exthost] [info] ExtensionService#loadCommonJSModule file:///home/gandalf/.vscode/extensions/eg2.vscode-npm-script-0.3.10/dist/extension
[2019-12-23 14:20:59.125] [exthost] [info] ExtensionService#_doActivateExtension vscode.debug-auto-launch {"startup":true,"extensionId":{"value":"vscode.debug-auto-launch","_lower":"vscode.debug-auto-launch"},"activationEvent":"*"}
[2019-12-23 14:20:59.126] [exthost] [info] ExtensionService#loadCommonJSModule file:///nix/store/agvrk3zbv6z5wypaa0wr7yl9vll3byh3-vscode-1.41.0/lib/vscode/resources/app/extensions/debug-auto-launch/dist/extension
[2019-12-23 14:20:59.128] [exthost] [info] ExtensionService#_doActivateExtension vscode.emmet {"startup":true,"extensionId":{"value":"vscode.emmet","_lower":"vscode.emmet"},"activationEvent":"*"}
[2019-12-23 14:20:59.128] [exthost] [info] ExtensionService#loadCommonJSModule file:///nix/store/agvrk3zbv6z5wypaa0wr7yl9vll3byh3-vscode-1.41.0/lib/vscode/resources/app/extensions/emmet/dist/extension
[2019-12-23 14:20:59.163] [exthost] [info] ExtensionService#_doActivateExtension vscode.git {"startup":true,"extensionId":{"value":"vscode.git","_lower":"vscode.git"},"activationEvent":"*"}
[2019-12-23 14:20:59.163] [exthost] [info] ExtensionService#loadCommonJSModule file:///nix/store/agvrk3zbv6z5wypaa0wr7yl9vll3byh3-vscode-1.41.0/lib/vscode/resources/app/extensions/git/dist/main
[2019-12-23 14:20:59.204] [exthost] [info] ExtensionService#_doActivateExtension vscode.merge-conflict {"startup":true,"extensionId":{"value":"vscode.merge-conflict","_lower":"vscode.merge-conflict"},"activationEvent":"*"}
[2019-12-23 14:20:59.204] [exthost] [info] ExtensionService#loadCommonJSModule file:///nix/store/agvrk3zbv6z5wypaa0wr7yl9vll3byh3-vscode-1.41.0/lib/vscode/resources/app/extensions/merge-conflict/dist/extension
[2019-12-23 14:20:59.207] [exthost] [info] ExtensionService#_doActivateExtension vscode.search-result {"startup":true,"extensionId":{"value":"vscode.search-result","_lower":"vscode.search-result"},"activationEvent":"*"}
[2019-12-23 14:20:59.207] [exthost] [info] ExtensionService#loadCommonJSModule file:///nix/store/agvrk3zbv6z5wypaa0wr7yl9vll3byh3-vscode-1.41.0/lib/vscode/resources/app/extensions/search-result/dist/extension.js
[2019-12-23 14:20:59.209] [exthost] [info] ExtensionService#_doActivateExtension 2gua.rainbow-brackets {"startup":true,"extensionId":{"value":"2gua.rainbow-brackets","_lower":"2gua.rainbow-brackets"},"activationEvent":"*"}
[2019-12-23 14:20:59.209] [exthost] [info] ExtensionService#loadCommonJSModule file:///home/gandalf/.vscode/extensions/2gua.rainbow-brackets-0.0.6/out/src/extension
[2019-12-23 14:20:59.211] [exthost] [info] ExtensionService#_doActivateExtension christian-kohler.path-intellisense {"startup":true,"extensionId":{"value":"christian-kohler.path-intellisense","_lower":"christian-kohler.path-intellisense"},"activationEvent":"*"}
[2019-12-23 14:20:59.211] [exthost] [info] ExtensionService#loadCommonJSModule file:///home/gandalf/.vscode/extensions/christian-kohler.path-intellisense-1.4.2/out/src/extension
[2019-12-23 14:20:59.223] [exthost] [info] ExtensionService#_doActivateExtension eamodio.gitlens {"startup":true,"extensionId":{"value":"eamodio.gitlens","_lower":"eamodio.gitlens"},"activationEvent":"*"}
[2019-12-23 14:20:59.223] [exthost] [info] ExtensionService#loadCommonJSModule file:///home/gandalf/.vscode/extensions/eamodio.gitlens-10.2.0/dist/extension
[2019-12-23 14:20:59.285] [exthost] [info] ExtensionService#_doActivateExtension EditorConfig.EditorConfig {"startup":true,"extensionId":{"value":"EditorConfig.EditorConfig","_lower":"editorconfig.editorconfig"},"activationEvent":"*"}
[2019-12-23 14:20:59.286] [exthost] [info] ExtensionService#loadCommonJSModule file:///home/gandalf/.vscode/extensions/editorconfig.editorconfig-0.14.4/out/editorConfigMain.js
[2019-12-23 14:20:59.302] [exthost] [info] ExtensionService#_doActivateExtension esbenp.prettier-vscode {"startup":true,"extensionId":{"value":"esbenp.prettier-vscode","_lower":"esbenp.prettier-vscode"},"activationEvent":"*"}
[2019-12-23 14:20:59.302] [exthost] [info] ExtensionService#loadCommonJSModule file:///home/gandalf/.vscode/extensions/esbenp.prettier-vscode-3.18.0/dist/extension
[2019-12-23 14:20:59.367] [exthost] [info] ExtensionService#_doActivateExtension formulahendry.auto-close-tag {"startup":true,"extensionId":{"value":"formulahendry.auto-close-tag","_lower":"formulahendry.auto-close-tag"},"activationEvent":"*"}
[2019-12-23 14:20:59.367] [exthost] [info] ExtensionService#loadCommonJSModule file:///home/gandalf/.vscode/extensions/formulahendry.auto-close-tag-0.5.6/out/src/extension
[2019-12-23 14:20:59.368] [exthost] [info] ExtensionService#_doActivateExtension johnpapa.vscode-peacock {"startup":true,"extensionId":{"value":"johnpapa.vscode-peacock","_lower":"johnpapa.vscode-peacock"},"activationEvent":"*"}
[2019-12-23 14:20:59.368] [exthost] [info] ExtensionService#loadCommonJSModule file:///home/gandalf/.vscode/extensions/johnpapa.vscode-peacock-3.2.0/dist/extension
[2019-12-23 14:20:59.374] [exthost] [info] ExtensionService#_doActivateExtension nrwl.angular-console {"startup":true,"extensionId":{"value":"nrwl.angular-console","_lower":"nrwl.angular-console"},"activationEvent":"*"}
[2019-12-23 14:20:59.374] [exthost] [info] ExtensionService#loadCommonJSModule file:///home/gandalf/.vscode/extensions/nrwl.angular-console-10.0.0/main.js
[2019-12-23 14:20:59.667] [exthost] [info] ExtensionService#_doActivateExtension PKief.material-icon-theme {"startup":true,"extensionId":{"value":"PKief.material-icon-theme","_lower":"pkief.material-icon-theme"},"activationEvent":"*"}
[2019-12-23 14:20:59.667] [exthost] [info] ExtensionService#loadCommonJSModule file:///home/gandalf/.vscode/extensions/pkief.material-icon-theme-3.9.2/dist/extension
[2019-12-23 14:20:59.677] [exthost] [info] ExtensionService#_doActivateExtension ritwickdey.LiveServer {"startup":true,"extensionId":{"value":"ritwickdey.LiveServer","_lower":"ritwickdey.liveserver"},"activationEvent":"*"}
[2019-12-23 14:20:59.677] [exthost] [info] ExtensionService#loadCommonJSModule file:///home/gandalf/.vscode/extensions/ritwickdey.liveserver-5.6.1/out/src/extension
[2019-12-23 14:21:00.198] [exthost] [info] ExtensionService#_doActivateExtension ms-vscode.azure-account {"startup":true,"extensionId":{"value":"ms-azuretools.vscode-azurefunctions","_lower":"ms-azuretools.vscode-azurefunctions"},"activationEvent":"workspaceContains:*/host.json"}
[2019-12-23 14:21:00.199] [exthost] [info] ExtensionService#loadCommonJSModule file:///home/gandalf/.vscode/extensions/ms-vscode.azure-account-0.8.7/dist/extension
[2019-12-23 14:21:00.345] [exthost] [info] ExtensionService#_doActivateExtension ms-vscode.csharp {"startup":true,"extensionId":{"value":"ms-vscode.csharp","_lower":"ms-vscode.csharp"},"activationEvent":"workspaceContains:*.csproj,*.sln,*.csx,*.cake,**/*.csproj,**/*.sln,**/*.csx,**/*.cake"}
[2019-12-23 14:21:00.345] [exthost] [info] ExtensionService#loadCommonJSModule file:///home/gandalf/.vscode/extensions/ms-vscode.csharp-1.21.9/dist/extension
[2019-12-23 14:21:00.587] [exthost] [info] ExtensionService#_doActivateExtension ms-azuretools.vscode-azurefunctions {"startup":true,"extensionId":{"value":"ms-azuretools.vscode-azurefunctions","_lower":"ms-azuretools.vscode-azurefunctions"},"activationEvent":"workspaceContains:*/host.json"}
[2019-12-23 14:21:00.587] [exthost] [info] ExtensionService#loadCommonJSModule file:///home/gandalf/.vscode/extensions/ms-azuretools.vscode-azurefunctions-0.20.1/main.js
[2019-12-23 14:21:01.426] [exthost] [info] eager extensions activated
[2019-12-23 14:22:35.977] [exthost] [info] ExtensionService#_doActivateExtension jchannon.csharpextensions {"startup":false,"extensionId":{"value":"jchannon.csharpextensions","_lower":"jchannon.csharpextensions"},"activationEvent":"onLanguage:csharp"}
[2019-12-23 14:22:35.977] [exthost] [info] ExtensionService#loadCommonJSModule file:///home/gandalf/.vscode/extensions/jchannon.csharpextensions-1.3.1/out/src/extension
[2019-12-23 14:22:36.321] [exthost] [error] [jchannon.csharpextensions] provider FAILED
[2019-12-23 14:22:36.322] [exthost] [error] Error: Illegal argument: line must be non-negative
    at Object.t.illegalArgument (/nix/store/agvrk3zbv6z5wypaa0wr7yl9vll3byh3-vscode-1.41.0/lib/vscode/resources/app/out/vs/workbench/services/extensions/node/extensionHostProcess.js:9:868)
    at new p (/nix/store/agvrk3zbv6z5wypaa0wr7yl9vll3byh3-vscode-1.41.0/lib/vscode/resources/app/out/vs/workbench/services/extensions/node/extensionHostProcess.js:360:567)
    at new p (/nix/store/agvrk3zbv6z5wypaa0wr7yl9vll3byh3-vscode-1.41.0/lib/vscode/resources/app/out/vs/workbench/services/extensions/node/extensionHostProcess.js:359:919)
    at CodeActionProvider.getInitializeFromCtorCommand (/home/gandalf/.vscode/extensions/jchannon.csharpextensions-1.3.1/out/src/codeActionProvider.js:166:61)
    at addInitalizeFromCtor (/home/gandalf/.vscode/extensions/jchannon.csharpextensions-1.3.1/out/src/codeActionProvider.js:15:28)
    at CodeActionProvider.provideCodeActions (/home/gandalf/.vscode/extensions/jchannon.csharpextensions-1.3.1/out/src/codeActionProvider.js:19:9)
    at /nix/store/agvrk3zbv6z5wypaa0wr7yl9vll3byh3-vscode-1.41.0/lib/vscode/resources/app/out/vs/workbench/services/extensions/node/extensionHostProcess.js:576:562
    at /nix/store/agvrk3zbv6z5wypaa0wr7yl9vll3byh3-vscode-1.41.0/lib/vscode/resources/app/out/vs/workbench/services/extensions/node/extensionHostProcess.js:52:287
    at new Promise (<anonymous>:null:null)
    at Object.t.asPromise (/nix/store/agvrk3zbv6z5wypaa0wr7yl9vll3byh3-vscode-1.41.0/lib/vscode/resources/app/out/vs/workbench/services/extensions/node/extensionHostProcess.js:52:259)
    at P.provideCodeActions (/nix/store/agvrk3zbv6z5wypaa0wr7yl9vll3byh3-vscode-1.41.0/lib/vscode/resources/app/out/vs/workbench/services/extensions/node/extensionHostProcess.js:576:533)
    at /nix/store/agvrk3zbv6z5wypaa0wr7yl9vll3byh3-vscode-1.41.0/lib/vscode/resources/app/out/vs/workbench/services/extensions/node/extensionHostProcess.js:595:972
    at B._withAdapter (/nix/store/agvrk3zbv6z5wypaa0wr7yl9vll3byh3-vscode-1.41.0/lib/vscode/resources/app/out/vs/workbench/services/extensions/node/extensionHostProcess.js:591:697)
    at B.$provideCodeActions (/nix/store/agvrk3zbv6z5wypaa0wr7yl9vll3byh3-vscode-1.41.0/lib/vscode/resources/app/out/vs/workbench/services/extensions/node/extensionHostProcess.js:595:950)
    at p._doInvokeHandler (/nix/store/agvrk3zbv6z5wypaa0wr7yl9vll3byh3-vscode-1.41.0/lib/vscode/resources/app/out/vs/workbench/services/extensions/node/extensionHostProcess.js:663:275)
    at p._invokeHandler (/nix/store/agvrk3zbv6z5wypaa0wr7yl9vll3byh3-vscode-1.41.0/lib/vscode/resources/app/out/vs/workbench/services/extensions/node/extensionHostProcess.js:662:971)
    at p._receiveRequest (/nix/store/agvrk3zbv6z5wypaa0wr7yl9vll3byh3-vscode-1.41.0/lib/vscode/resources/app/out/vs/workbench/services/extensions/node/extensionHostProcess.js:661:588)
    at p._receiveOneMessage (/nix/store/agvrk3zbv6z5wypaa0wr7yl9vll3byh3-vscode-1.41.0/lib/vscode/resources/app/out/vs/workbench/services/extensions/node/extensionHostProcess.js:660:468)
    at /nix/store/agvrk3zbv6z5wypaa0wr7yl9vll3byh3-vscode-1.41.0/lib/vscode/resources/app/out/vs/workbench/services/extensions/node/extensionHostProcess.js:658:691
    at l.fire (/nix/store/agvrk3zbv6z5wypaa0wr7yl9vll3byh3-vscode-1.41.0/lib/vscode/resources/app/out/vs/workbench/services/extensions/node/extensionHostProcess.js:46:893)
    at _.fire (/nix/store/agvrk3zbv6z5wypaa0wr7yl9vll3byh3-vscode-1.41.0/lib/vscode/resources/app/out/vs/workbench/services/extensions/node/extensionHostProcess.js:189:274)
    at /nix/store/agvrk3zbv6z5wypaa0wr7yl9vll3byh3-vscode-1.41.0/lib/vscode/resources/app/out/vs/workbench/services/extensions/node/extensionHostProcess.js:820:285
    at l.fire (/nix/store/agvrk3zbv6z5wypaa0wr7yl9vll3byh3-vscode-1.41.0/lib/vscode/resources/app/out/vs/workbench/services/extensions/node/extensionHostProcess.js:46:893)
    at _.fire (/nix/store/agvrk3zbv6z5wypaa0wr7yl9vll3byh3-vscode-1.41.0/lib/vscode/resources/app/out/vs/workbench/services/extensions/node/extensionHostProcess.js:189:274)
    at t.PersistentProtocol._receiveMessage (/nix/store/agvrk3zbv6z5wypaa0wr7yl9vll3byh3-vscode-1.41.0/lib/vscode/resources/app/out/vs/workbench/services/extensions/node/extensionHostProcess.js:193:629)
    at /nix/store/agvrk3zbv6z5wypaa0wr7yl9vll3byh3-vscode-1.41.0/lib/vscode/resources/app/out/vs/workbench/services/extensions/node/extensionHostProcess.js:190:824
    at l.fire (/nix/store/agvrk3zbv6z5wypaa0wr7yl9vll3byh3-vscode-1.41.0/lib/vscode/resources/app/out/vs/workbench/services/extensions/node/extensionHostProcess.js:46:893)
    at p.acceptChunk (/nix/store/agvrk3zbv6z5wypaa0wr7yl9vll3byh3-vscode-1.41.0/lib/vscode/resources/app/out/vs/workbench/services/extensions/node/extensionHostProcess.js:186:737)
    at /nix/store/agvrk3zbv6z5wypaa0wr7yl9vll3byh3-vscode-1.41.0/lib/vscode/resources/app/out/vs/workbench/services/extensions/node/extensionHostProcess.js:186:89
    at Socket.t (/nix/store/agvrk3zbv6z5wypaa0wr7yl9vll3byh3-vscode-1.41.0/lib/vscode/resources/app/out/vs/workbench/services/extensions/node/extensionHostProcess.js:195:68)
    at Socket.emit (events.js:200:13)
    at addChunk (_stream_readable.js:294:12)
    at readableAddChunk (_stream_readable.js:275:11)
    at Socket.Readable.push (_stream_readable.js:210:10)
    at Pipe.onStreamRead (internal/stream_base_commons.js:166:17)

[2019-12-23 14:22:38.187] [exthost] [error] [jchannon.csharpextensions] provider FAILED
[2019-12-23 14:22:38.187] [exthost] [error] Error: Illegal argument: line must be non-negative
    at Object.t.illegalArgument (/nix/store/agvrk3zbv6z5wypaa0wr7yl9vll3byh3-vscode-1.41.0/lib/vscode/resources/app/out/vs/workbench/services/extensions/node/extensionHostProcess.js:9:868)
    at new p (/nix/store/agvrk3zbv6z5wypaa0wr7yl9vll3byh3-vscode-1.41.0/lib/vscode/resources/app/out/vs/workbench/services/extensions/node/extensionHostProcess.js:360:567)
    at new p (/nix/store/agvrk3zbv6z5wypaa0wr7yl9vll3byh3-vscode-1.41.0/lib/vscode/resources/app/out/vs/workbench/services/extensions/node/extensionHostProcess.js:359:919)
    at CodeActionProvider.getInitializeFromCtorCommand (/home/gandalf/.vscode/extensions/jchannon.csharpextensions-1.3.1/out/src/codeActionProvider.js:166:61)
    at addInitalizeFromCtor (/home/gandalf/.vscode/extensions/jchannon.csharpextensions-1.3.1/out/src/codeActionProvider.js:15:28)
    at CodeActionProvider.provideCodeActions (/home/gandalf/.vscode/extensions/jchannon.csharpextensions-1.3.1/out/src/codeActionProvider.js:19:9)
    at /nix/store/agvrk3zbv6z5wypaa0wr7yl9vll3byh3-vscode-1.41.0/lib/vscode/resources/app/out/vs/workbench/services/extensions/node/extensionHostProcess.js:576:562
    at /nix/store/agvrk3zbv6z5wypaa0wr7yl9vll3byh3-vscode-1.41.0/lib/vscode/resources/app/out/vs/workbench/services/extensions/node/extensionHostProcess.js:52:287
    at new Promise (<anonymous>:null:null)
    at Object.t.asPromise (/nix/store/agvrk3zbv6z5wypaa0wr7yl9vll3byh3-vscode-1.41.0/lib/vscode/resources/app/out/vs/workbench/services/extensions/node/extensionHostProcess.js:52:259)
    at P.provideCodeActions (/nix/store/agvrk3zbv6z5wypaa0wr7yl9vll3byh3-vscode-1.41.0/lib/vscode/resources/app/out/vs/workbench/services/extensions/node/extensionHostProcess.js:576:533)
    at /nix/store/agvrk3zbv6z5wypaa0wr7yl9vll3byh3-vscode-1.41.0/lib/vscode/resources/app/out/vs/workbench/services/extensions/node/extensionHostProcess.js:595:972
    at B._withAdapter (/nix/store/agvrk3zbv6z5wypaa0wr7yl9vll3byh3-vscode-1.41.0/lib/vscode/resources/app/out/vs/workbench/services/extensions/node/extensionHostProcess.js:591:697)
    at B.$provideCodeActions (/nix/store/agvrk3zbv6z5wypaa0wr7yl9vll3byh3-vscode-1.41.0/lib/vscode/resources/app/out/vs/workbench/services/extensions/node/extensionHostProcess.js:595:950)
    at p._doInvokeHandler (/nix/store/agvrk3zbv6z5wypaa0wr7yl9vll3byh3-vscode-1.41.0/lib/vscode/resources/app/out/vs/workbench/services/extensions/node/extensionHostProcess.js:663:275)
    at p._invokeHandler (/nix/store/agvrk3zbv6z5wypaa0wr7yl9vll3byh3-vscode-1.41.0/lib/vscode/resources/app/out/vs/workbench/services/extensions/node/extensionHostProcess.js:662:971)
    at p._receiveRequest (/nix/store/agvrk3zbv6z5wypaa0wr7yl9vll3byh3-vscode-1.41.0/lib/vscode/resources/app/out/vs/workbench/services/extensions/node/extensionHostProcess.js:661:588)
    at p._receiveOneMessage (/nix/store/agvrk3zbv6z5wypaa0wr7yl9vll3byh3-vscode-1.41.0/lib/vscode/resources/app/out/vs/workbench/services/extensions/node/extensionHostProcess.js:660:468)
    at /nix/store/agvrk3zbv6z5wypaa0wr7yl9vll3byh3-vscode-1.41.0/lib/vscode/resources/app/out/vs/workbench/services/extensions/node/extensionHostProcess.js:658:691
    at l.fire (/nix/store/agvrk3zbv6z5wypaa0wr7yl9vll3byh3-vscode-1.41.0/lib/vscode/resources/app/out/vs/workbench/services/extensions/node/extensionHostProcess.js:46:893)
    at _.fire (/nix/store/agvrk3zbv6z5wypaa0wr7yl9vll3byh3-vscode-1.41.0/lib/vscode/resources/app/out/vs/workbench/services/extensions/node/extensionHostProcess.js:189:274)
    at /nix/store/agvrk3zbv6z5wypaa0wr7yl9vll3byh3-vscode-1.41.0/lib/vscode/resources/app/out/vs/workbench/services/extensions/node/extensionHostProcess.js:820:285
    at l.fire (/nix/store/agvrk3zbv6z5wypaa0wr7yl9vll3byh3-vscode-1.41.0/lib/vscode/resources/app/out/vs/workbench/services/extensions/node/extensionHostProcess.js:46:893)
    at _.fire (/nix/store/agvrk3zbv6z5wypaa0wr7yl9vll3byh3-vscode-1.41.0/lib/vscode/resources/app/out/vs/workbench/services/extensions/node/extensionHostProcess.js:189:274)
    at t.PersistentProtocol._receiveMessage (/nix/store/agvrk3zbv6z5wypaa0wr7yl9vll3byh3-vscode-1.41.0/lib/vscode/resources/app/out/vs/workbench/services/extensions/node/extensionHostProcess.js:193:629)
    at /nix/store/agvrk3zbv6z5wypaa0wr7yl9vll3byh3-vscode-1.41.0/lib/vscode/resources/app/out/vs/workbench/services/extensions/node/extensionHostProcess.js:190:824
    at l.fire (/nix/store/agvrk3zbv6z5wypaa0wr7yl9vll3byh3-vscode-1.41.0/lib/vscode/resources/app/out/vs/workbench/services/extensions/node/extensionHostProcess.js:46:893)
    at p.acceptChunk (/nix/store/agvrk3zbv6z5wypaa0wr7yl9vll3byh3-vscode-1.41.0/lib/vscode/resources/app/out/vs/workbench/services/extensions/node/extensionHostProcess.js:186:737)
    at /nix/store/agvrk3zbv6z5wypaa0wr7yl9vll3byh3-vscode-1.41.0/lib/vscode/resources/app/out/vs/workbench/services/extensions/node/extensionHostProcess.js:186:89
    at Socket.t (/nix/store/agvrk3zbv6z5wypaa0wr7yl9vll3byh3-vscode-1.41.0/lib/vscode/resources/app/out/vs/workbench/services/extensions/node/extensionHostProcess.js:195:68)
    at Socket.emit (events.js:200:13)
    at addChunk (_stream_readable.js:294:12)
    at readableAddChunk (_stream_readable.js:275:11)
    at Socket.Readable.push (_stream_readable.js:210:10)
    at Pipe.onStreamRead (internal/stream_base_commons.js:166:17)

[2019-12-23 14:22:39.207] [exthost] [error] [jchannon.csharpextensions] provider FAILED
[2019-12-23 14:22:39.208] [exthost] [error] Error: Illegal argument: line must be non-negative
    at Object.t.illegalArgument (/nix/store/agvrk3zbv6z5wypaa0wr7yl9vll3byh3-vscode-1.41.0/lib/vscode/resources/app/out/vs/workbench/services/extensions/node/extensionHostProcess.js:9:868)
    at new p (/nix/store/agvrk3zbv6z5wypaa0wr7yl9vll3byh3-vscode-1.41.0/lib/vscode/resources/app/out/vs/workbench/services/extensions/node/extensionHostProcess.js:360:567)
    at new p (/nix/store/agvrk3zbv6z5wypaa0wr7yl9vll3byh3-vscode-1.41.0/lib/vscode/resources/app/out/vs/workbench/services/extensions/node/extensionHostProcess.js:359:919)
    at CodeActionProvider.getInitializeFromCtorCommand (/home/gandalf/.vscode/extensions/jchannon.csharpextensions-1.3.1/out/src/codeActionProvider.js:166:61)
    at addInitalizeFromCtor (/home/gandalf/.vscode/extensions/jchannon.csharpextensions-1.3.1/out/src/codeActionProvider.js:15:28)
    at CodeActionProvider.provideCodeActions (/home/gandalf/.vscode/extensions/jchannon.csharpextensions-1.3.1/out/src/codeActionProvider.js:19:9)
    at /nix/store/agvrk3zbv6z5wypaa0wr7yl9vll3byh3-vscode-1.41.0/lib/vscode/resources/app/out/vs/workbench/services/extensions/node/extensionHostProcess.js:576:562
    at /nix/store/agvrk3zbv6z5wypaa0wr7yl9vll3byh3-vscode-1.41.0/lib/vscode/resources/app/out/vs/workbench/services/extensions/node/extensionHostProcess.js:52:287
    at new Promise (<anonymous>:null:null)
    at Object.t.asPromise (/nix/store/agvrk3zbv6z5wypaa0wr7yl9vll3byh3-vscode-1.41.0/lib/vscode/resources/app/out/vs/workbench/services/extensions/node/extensionHostProcess.js:52:259)
    at P.provideCodeActions (/nix/store/agvrk3zbv6z5wypaa0wr7yl9vll3byh3-vscode-1.41.0/lib/vscode/resources/app/out/vs/workbench/services/extensions/node/extensionHostProcess.js:576:533)
    at /nix/store/agvrk3zbv6z5wypaa0wr7yl9vll3byh3-vscode-1.41.0/lib/vscode/resources/app/out/vs/workbench/services/extensions/node/extensionHostProcess.js:595:972
    at B._withAdapter (/nix/store/agvrk3zbv6z5wypaa0wr7yl9vll3byh3-vscode-1.41.0/lib/vscode/resources/app/out/vs/workbench/services/extensions/node/extensionHostProcess.js:591:697)
    at B.$provideCodeActions (/nix/store/agvrk3zbv6z5wypaa0wr7yl9vll3byh3-vscode-1.41.0/lib/vscode/resources/app/out/vs/workbench/services/extensions/node/extensionHostProcess.js:595:950)
    at p._doInvokeHandler (/nix/store/agvrk3zbv6z5wypaa0wr7yl9vll3byh3-vscode-1.41.0/lib/vscode/resources/app/out/vs/workbench/services/extensions/node/extensionHostProcess.js:663:275)
    at p._invokeHandler (/nix/store/agvrk3zbv6z5wypaa0wr7yl9vll3byh3-vscode-1.41.0/lib/vscode/resources/app/out/vs/workbench/services/extensions/node/extensionHostProcess.js:662:971)
    at p._receiveRequest (/nix/store/agvrk3zbv6z5wypaa0wr7yl9vll3byh3-vscode-1.41.0/lib/vscode/resources/app/out/vs/workbench/services/extensions/node/extensionHostProcess.js:661:588)
    at p._receiveOneMessage (/nix/store/agvrk3zbv6z5wypaa0wr7yl9vll3byh3-vscode-1.41.0/lib/vscode/resources/app/out/vs/workbench/services/extensions/node/extensionHostProcess.js:660:468)
    at /nix/store/agvrk3zbv6z5wypaa0wr7yl9vll3byh3-vscode-1.41.0/lib/vscode/resources/app/out/vs/workbench/services/extensions/node/extensionHostProcess.js:658:691
    at l.fire (/nix/store/agvrk3zbv6z5wypaa0wr7yl9vll3byh3-vscode-1.41.0/lib/vscode/resources/app/out/vs/workbench/services/extensions/node/extensionHostProcess.js:46:893)
    at _.fire (/nix/store/agvrk3zbv6z5wypaa0wr7yl9vll3byh3-vscode-1.41.0/lib/vscode/resources/app/out/vs/workbench/services/extensions/node/extensionHostProcess.js:189:274)
    at /nix/store/agvrk3zbv6z5wypaa0wr7yl9vll3byh3-vscode-1.41.0/lib/vscode/resources/app/out/vs/workbench/services/extensions/node/extensionHostProcess.js:820:285
    at l.fire (/nix/store/agvrk3zbv6z5wypaa0wr7yl9vll3byh3-vscode-1.41.0/lib/vscode/resources/app/out/vs/workbench/services/extensions/node/extensionHostProcess.js:46:893)
    at _.fire (/nix/store/agvrk3zbv6z5wypaa0wr7yl9vll3byh3-vscode-1.41.0/lib/vscode/resources/app/out/vs/workbench/services/extensions/node/extensionHostProcess.js:189:274)
    at t.PersistentProtocol._receiveMessage (/nix/store/agvrk3zbv6z5wypaa0wr7yl9vll3byh3-vscode-1.41.0/lib/vscode/resources/app/out/vs/workbench/services/extensions/node/extensionHostProcess.js:193:629)
    at /nix/store/agvrk3zbv6z5wypaa0wr7yl9vll3byh3-vscode-1.41.0/lib/vscode/resources/app/out/vs/workbench/services/extensions/node/extensionHostProcess.js:190:824
    at l.fire (/nix/store/agvrk3zbv6z5wypaa0wr7yl9vll3byh3-vscode-1.41.0/lib/vscode/resources/app/out/vs/workbench/services/extensions/node/extensionHostProcess.js:46:893)
    at p.acceptChunk (/nix/store/agvrk3zbv6z5wypaa0wr7yl9vll3byh3-vscode-1.41.0/lib/vscode/resources/app/out/vs/workbench/services/extensions/node/extensionHostProcess.js:186:737)
    at /nix/store/agvrk3zbv6z5wypaa0wr7yl9vll3byh3-vscode-1.41.0/lib/vscode/resources/app/out/vs/workbench/services/extensions/node/extensionHostProcess.js:186:89
    at Socket.t (/nix/store/agvrk3zbv6z5wypaa0wr7yl9vll3byh3-vscode-1.41.0/lib/vscode/resources/app/out/vs/workbench/services/extensions/node/extensionHostProcess.js:195:68)
    at Socket.emit (events.js:200:13)
    at addChunk (_stream_readable.js:294:12)
    at readableAddChunk (_stream_readable.js:275:11)
    at Socket.Readable.push (_stream_readable.js:210:10)
    at Pipe.onStreamRead (internal/stream_base_commons.js:166:17)

[2019-12-23 14:22:57.968] [exthost] [error] [ms-vscode.csharp] provider FAILED
[2019-12-23 14:22:57.968] [exthost] [error] Problem invoking 'GetCodeActions' on OmniSharp server: Error: Pending request cancelled: /v2/getcodeactions
