Looking for git in: git
Using git 2.24.0 from git
> git rev-parse --show-toplevel
> git rev-parse --git-dir
Open repository: /home/gandalf/Dev/IT-Project/Frontend
> git status -z -u
> git symbolic-ref --short HEAD
> git rev-parse feature/loginlogout
> git rev-parse --symbolic-full-name feature/loginlogout@{u}
> git rev-list --left-right feature/loginlogout...refs/remotes/origin/feature/loginlogout
> git for-each-ref --format %(refname) %(objectname) --sort -committerdate
> git remote --verbose
> git config --get commit.template
> git check-ignore -v -z --stdin
> git show :src/app/app-routing.module.ts
> git check-ignore -v -z --stdin
> git check-ignore -v -z --stdin
> git show :src/app/components/log-in/log-in.component.ts
> git status -z -u
> git symbolic-ref --short HEAD
> git rev-parse feature/loginlogout
> git rev-parse --symbolic-full-name feature/loginlogout@{u}
> git rev-list --left-right feature/loginlogout...refs/remotes/origin/feature/loginlogout
> git for-each-ref --format %(refname) %(objectname) --sort -committerdate
> git remote --verbose
> git config --get commit.template
> git check-ignore -v -z --stdin
> git check-ignore -v -z --stdin
> git show :src/app/services/authentication/authservice.ts
> git status -z -u
> git symbolic-ref --short HEAD
> git rev-parse feature/loginlogout
> git rev-parse --symbolic-full-name feature/loginlogout@{u}
> git rev-list --left-right feature/loginlogout...refs/remotes/origin/feature/loginlogout
> git for-each-ref --format %(refname) %(objectname) --sort -committerdate
> git remote --verbose
> git config --get commit.template
> git status -z -u
> git symbolic-ref --short HEAD
> git rev-parse feature/loginlogout
> git rev-parse --symbolic-full-name feature/loginlogout@{u}
> git rev-list --left-right feature/loginlogout...refs/remotes/origin/feature/loginlogout
> git for-each-ref --format %(refname) %(objectname) --sort -committerdate
> git remote --verbose
> git config --get commit.template
> git status -z -u
> git symbolic-ref --short HEAD
> git rev-parse feature/loginlogout
> git rev-parse --symbolic-full-name feature/loginlogout@{u}
> git rev-list --left-right feature/loginlogout...refs/remotes/origin/feature/loginlogout
> git for-each-ref --format %(refname) %(objectname) --sort -committerdate
> git remote --verbose
> git config --get commit.template
> git status -z -u
> git symbolic-ref --short HEAD
> git rev-parse feature/loginlogout
> git rev-parse --symbolic-full-name feature/loginlogout@{u}
> git rev-list --left-right feature/loginlogout...refs/remotes/origin/feature/loginlogout
> git for-each-ref --format %(refname) %(objectname) --sort -committerdate
> git remote --verbose
> git config --get commit.template
> git status -z -u
> git symbolic-ref --short HEAD
> git rev-parse feature/loginlogout
> git rev-parse --symbolic-full-name feature/loginlogout@{u}
> git rev-list --left-right feature/loginlogout...refs/remotes/origin/feature/loginlogout
> git for-each-ref --format %(refname) %(objectname) --sort -committerdate
> git remote --verbose
> git config --get commit.template
> git status -z -u
> git symbolic-ref --short HEAD
> git rev-parse feature/loginlogout
> git rev-parse --symbolic-full-name feature/loginlogout@{u}
> git rev-list --left-right feature/loginlogout...refs/remotes/origin/feature/loginlogout
> git for-each-ref --format %(refname) %(objectname) --sort -committerdate
> git remote --verbose
> git config --get commit.template
> git status -z -u
> git symbolic-ref --short HEAD
> git rev-parse feature/loginlogout
> git rev-parse --symbolic-full-name feature/loginlogout@{u}
> git rev-list --left-right feature/loginlogout...refs/remotes/origin/feature/loginlogout
> git for-each-ref --format %(refname) %(objectname) --sort -committerdate
> git remote --verbose
> git config --get commit.template
> git status -z -u
> git symbolic-ref --short HEAD
> git rev-parse feature/loginlogout
> git rev-parse --symbolic-full-name feature/loginlogout@{u}
> git rev-list --left-right feature/loginlogout...refs/remotes/origin/feature/loginlogout
> git for-each-ref --format %(refname) %(objectname) --sort -committerdate
> git remote --verbose
> git config --get commit.template
> git status -z -u
> git symbolic-ref --short HEAD
> git rev-parse feature/loginlogout
> git rev-parse --symbolic-full-name feature/loginlogout@{u}
> git rev-list --left-right feature/loginlogout...refs/remotes/origin/feature/loginlogout
> git for-each-ref --format %(refname) %(objectname) --sort -committerdate
> git remote --verbose
> git config --get commit.template
> git status -z -u
> git symbolic-ref --short HEAD
> git rev-parse feature/loginlogout
> git rev-parse --symbolic-full-name feature/loginlogout@{u}
> git rev-list --left-right feature/loginlogout...refs/remotes/origin/feature/loginlogout
> git for-each-ref --format %(refname) %(objectname) --sort -committerdate
> git remote --verbose
> git config --get commit.template
> git status -z -u
> git symbolic-ref --short HEAD
> git rev-parse feature/loginlogout
> git rev-parse --symbolic-full-name feature/loginlogout@{u}
> git rev-list --left-right feature/loginlogout...refs/remotes/origin/feature/loginlogout
> git for-each-ref --format %(refname) %(objectname) --sort -committerdate
> git remote --verbose
> git config --get commit.template
> git status -z -u
> git symbolic-ref --short HEAD
> git rev-parse feature/loginlogout
> git rev-parse --symbolic-full-name feature/loginlogout@{u}
> git rev-list --left-right feature/loginlogout...refs/remotes/origin/feature/loginlogout
> git for-each-ref --format %(refname) %(objectname) --sort -committerdate
> git remote --verbose
> git config --get commit.template
> git status -z -u
> git symbolic-ref --short HEAD
> git rev-parse feature/loginlogout
> git rev-parse --symbolic-full-name feature/loginlogout@{u}
> git rev-list --left-right feature/loginlogout...refs/remotes/origin/feature/loginlogout
> git for-each-ref --format %(refname) %(objectname) --sort -committerdate
> git remote --verbose
> git config --get commit.template
> git status -z -u
> git symbolic-ref --short HEAD
> git rev-parse feature/loginlogout
> git rev-parse --symbolic-full-name feature/loginlogout@{u}
> git rev-list --left-right feature/loginlogout...refs/remotes/origin/feature/loginlogout
> git for-each-ref --format %(refname) %(objectname) --sort -committerdate
> git remote --verbose
> git config --get commit.template
> git status -z -u
> git symbolic-ref --short HEAD
> git rev-parse feature/loginlogout
> git rev-parse --symbolic-full-name feature/loginlogout@{u}
> git rev-list --left-right feature/loginlogout...refs/remotes/origin/feature/loginlogout
> git for-each-ref --format %(refname) %(objectname) --sort -committerdate
> git remote --verbose
> git config --get commit.template
> git status -z -u
> git symbolic-ref --short HEAD
> git rev-parse feature/loginlogout
> git rev-parse --symbolic-full-name feature/loginlogout@{u}
> git rev-list --left-right feature/loginlogout...refs/remotes/origin/feature/loginlogout
> git for-each-ref --format %(refname) %(objectname) --sort -committerdate
> git remote --verbose
> git config --get commit.template
> git status -z -u
> git symbolic-ref --short HEAD
> git rev-parse feature/loginlogout
> git rev-parse --symbolic-full-name feature/loginlogout@{u}
> git rev-list --left-right feature/loginlogout...refs/remotes/origin/feature/loginlogout
> git for-each-ref --format %(refname) %(objectname) --sort -committerdate
> git remote --verbose
> git config --get commit.template
> git status -z -u
> git symbolic-ref --short HEAD
> git rev-parse feature/loginlogout
> git rev-parse --symbolic-full-name feature/loginlogout@{u}
> git rev-list --left-right feature/loginlogout...refs/remotes/origin/feature/loginlogout
> git for-each-ref --format %(refname) %(objectname) --sort -committerdate
> git remote --verbose
> git config --get commit.template
> git status -z -u
> git symbolic-ref --short HEAD
> git rev-parse feature/loginlogout
> git rev-parse --symbolic-full-name feature/loginlogout@{u}
> git rev-list --left-right feature/loginlogout...refs/remotes/origin/feature/loginlogout
> git for-each-ref --format %(refname) %(objectname) --sort -committerdate
> git remote --verbose
> git config --get commit.template
> git status -z -u
> git symbolic-ref --short HEAD
> git rev-parse feature/loginlogout
> git rev-parse --symbolic-full-name feature/loginlogout@{u}
> git rev-list --left-right feature/loginlogout...refs/remotes/origin/feature/loginlogout
> git for-each-ref --format %(refname) %(objectname) --sort -committerdate
> git remote --verbose
> git config --get commit.template
> git status -z -u
> git symbolic-ref --short HEAD
> git rev-parse feature/loginlogout
> git rev-parse --symbolic-full-name feature/loginlogout@{u}
> git rev-list --left-right feature/loginlogout...refs/remotes/origin/feature/loginlogout
> git for-each-ref --format %(refname) %(objectname) --sort -committerdate
> git remote --verbose
> git config --get commit.template
> git status -z -u
> git symbolic-ref --short HEAD
> git rev-parse feature/loginlogout
> git rev-parse --symbolic-full-name feature/loginlogout@{u}
> git rev-list --left-right feature/loginlogout...refs/remotes/origin/feature/loginlogout
> git for-each-ref --format %(refname) %(objectname) --sort -committerdate
> git remote --verbose
> git config --get commit.template
> git show :src/app/components/log-in/log-in.component.ts
> git status -z -u
> git symbolic-ref --short HEAD
> git rev-parse feature/loginlogout
> git rev-parse --symbolic-full-name feature/loginlogout@{u}
> git rev-list --left-right feature/loginlogout...refs/remotes/origin/feature/loginlogout
> git for-each-ref --format %(refname) %(objectname) --sort -committerdate
> git remote --verbose
> git config --get commit.template
> git status -z -u
> git symbolic-ref --short HEAD
> git rev-parse feature/loginlogout
> git rev-parse --symbolic-full-name feature/loginlogout@{u}
> git rev-list --left-right feature/loginlogout...refs/remotes/origin/feature/loginlogout
> git for-each-ref --format %(refname) %(objectname) --sort -committerdate
> git remote --verbose
> git config --get commit.template
> git status -z -u
> git symbolic-ref --short HEAD
> git rev-parse feature/loginlogout
> git rev-parse --symbolic-full-name feature/loginlogout@{u}
> git rev-list --left-right feature/loginlogout...refs/remotes/origin/feature/loginlogout
> git for-each-ref --format %(refname) %(objectname) --sort -committerdate
> git remote --verbose
> git config --get commit.template
> git status -z -u
> git symbolic-ref --short HEAD
> git rev-parse feature/loginlogout
> git rev-parse --symbolic-full-name feature/loginlogout@{u}
> git rev-list --left-right feature/loginlogout...refs/remotes/origin/feature/loginlogout
> git for-each-ref --format %(refname) %(objectname) --sort -committerdate
> git remote --verbose
> git config --get commit.template
> git status -z -u
> git symbolic-ref --short HEAD
> git rev-parse feature/loginlogout
> git rev-parse --symbolic-full-name feature/loginlogout@{u}
> git rev-list --left-right feature/loginlogout...refs/remotes/origin/feature/loginlogout
> git for-each-ref --format %(refname) %(objectname) --sort -committerdate
> git remote --verbose
> git config --get commit.template
> git show :src/app/components/log-in/log-in.component.ts
> git status -z -u
> git symbolic-ref --short HEAD
> git rev-parse feature/loginlogout
> git rev-parse --symbolic-full-name feature/loginlogout@{u}
> git rev-list --left-right feature/loginlogout...refs/remotes/origin/feature/loginlogout
> git for-each-ref --format %(refname) %(objectname) --sort -committerdate
> git remote --verbose
> git config --get commit.template
> git status -z -u
> git symbolic-ref --short HEAD
> git rev-parse feature/loginlogout
> git rev-parse --symbolic-full-name feature/loginlogout@{u}
> git rev-list --left-right feature/loginlogout...refs/remotes/origin/feature/loginlogout
> git for-each-ref --format %(refname) %(objectname) --sort -committerdate
> git remote --verbose
> git config --get commit.template
> git status -z -u
> git symbolic-ref --short HEAD
> git rev-parse feature/loginlogout
> git rev-parse --symbolic-full-name feature/loginlogout@{u}
> git rev-list --left-right feature/loginlogout...refs/remotes/origin/feature/loginlogout
> git for-each-ref --format %(refname) %(objectname) --sort -committerdate
> git remote --verbose
> git config --get commit.template
> git show :prettierrc.json
> git show :src/app/services/authentication/authservice.ts
> git show :src/app/components/log-in/log-in.component.ts
> git show :prettierrc.json
> git show :src/app/components/log-in/log-in.component.ts
> git show :prettierrc.json
> git show :src/app/services/authentication/authservice.ts
> git show :prettierrc.json
> git show :src/app/components/log-in/log-in.component.ts
> git show :prettierrc.json
> git show :prettierrc.json
> git show :src/app/components/log-in/log-in.component.ts
> git show :prettierrc.json
> git show :src/app/services/authentication/authservice.ts
> git show :src/app/components/log-in/log-in.component.ts
> git show :src/app/services/authentication/authservice.ts
> git status -z -u
> git symbolic-ref --short HEAD
> git rev-parse feature/loginlogout
> git rev-parse --symbolic-full-name feature/loginlogout@{u}
> git rev-list --left-right feature/loginlogout...refs/remotes/origin/feature/loginlogout
> git for-each-ref --format %(refname) %(objectname) --sort -committerdate
> git remote --verbose
> git config --get commit.template
> git status -z -u
> git symbolic-ref --short HEAD
> git rev-parse feature/loginlogout
> git rev-parse --symbolic-full-name feature/loginlogout@{u}
> git rev-list --left-right feature/loginlogout...refs/remotes/origin/feature/loginlogout
> git for-each-ref --format %(refname) %(objectname) --sort -committerdate
> git remote --verbose
> git config --get commit.template
> git show :src/app/components/log-in/log-in.component.ts
> git status -z -u
> git symbolic-ref --short HEAD
> git rev-parse feature/loginlogout
> git rev-parse --symbolic-full-name feature/loginlogout@{u}
> git rev-list --left-right feature/loginlogout...refs/remotes/origin/feature/loginlogout
> git for-each-ref --format %(refname) %(objectname) --sort -committerdate
> git remote --verbose
> git config --get commit.template
> git status -z -u
> git symbolic-ref --short HEAD
> git rev-parse feature/loginlogout
> git rev-parse --symbolic-full-name feature/loginlogout@{u}
> git rev-list --left-right feature/loginlogout...refs/remotes/origin/feature/loginlogout
> git for-each-ref --format %(refname) %(objectname) --sort -committerdate
> git remote --verbose
> git config --get commit.template
> git status -z -u
> git symbolic-ref --short HEAD
> git rev-parse feature/loginlogout
> git rev-parse --symbolic-full-name feature/loginlogout@{u}
> git rev-list --left-right feature/loginlogout...refs/remotes/origin/feature/loginlogout
> git for-each-ref --format %(refname) %(objectname) --sort -committerdate
> git remote --verbose
> git config --get commit.template
> git status -z -u
> git symbolic-ref --short HEAD
> git rev-parse feature/loginlogout
> git rev-parse --symbolic-full-name feature/loginlogout@{u}
> git rev-list --left-right feature/loginlogout...refs/remotes/origin/feature/loginlogout
> git for-each-ref --format %(refname) %(objectname) --sort -committerdate
> git remote --verbose
> git config --get commit.template
> git status -z -u
> git symbolic-ref --short HEAD
> git rev-parse feature/loginlogout
> git rev-parse --symbolic-full-name feature/loginlogout@{u}
> git rev-list --left-right feature/loginlogout...refs/remotes/origin/feature/loginlogout
> git for-each-ref --format %(refname) %(objectname) --sort -committerdate
> git remote --verbose
> git config --get commit.template
> git show :src/app/components/log-in/log-in.component.html
> git status -z -u
> git symbolic-ref --short HEAD
> git rev-parse feature/loginlogout
> git rev-parse --symbolic-full-name feature/loginlogout@{u}
> git rev-list --left-right feature/loginlogout...refs/remotes/origin/feature/loginlogout
> git for-each-ref --format %(refname) %(objectname) --sort -committerdate
> git remote --verbose
> git config --get commit.template
> git status -z -u
> git symbolic-ref --short HEAD
> git rev-parse feature/loginlogout
> git rev-parse --symbolic-full-name feature/loginlogout@{u}
> git rev-list --left-right feature/loginlogout...refs/remotes/origin/feature/loginlogout
> git for-each-ref --format %(refname) %(objectname) --sort -committerdate
> git remote --verbose
> git config --get commit.template
> git status -z -u
> git symbolic-ref --short HEAD
> git rev-parse feature/loginlogout
> git rev-parse --symbolic-full-name feature/loginlogout@{u}
> git rev-list --left-right feature/loginlogout...refs/remotes/origin/feature/loginlogout
> git for-each-ref --format %(refname) %(objectname) --sort -committerdate
> git remote --verbose
> git config --get commit.template
> git status -z -u
> git symbolic-ref --short HEAD
> git rev-parse feature/loginlogout
> git rev-parse --symbolic-full-name feature/loginlogout@{u}
> git rev-list --left-right feature/loginlogout...refs/remotes/origin/feature/loginlogout
> git for-each-ref --format %(refname) %(objectname) --sort -committerdate
> git remote --verbose
> git config --get commit.template
> git status -z -u
> git symbolic-ref --short HEAD
> git rev-parse feature/loginlogout
> git rev-parse --symbolic-full-name feature/loginlogout@{u}
> git rev-list --left-right feature/loginlogout...refs/remotes/origin/feature/loginlogout
> git for-each-ref --format %(refname) %(objectname) --sort -committerdate
> git remote --verbose
> git config --get commit.template
> git show :src/app/components/log-in/log-in.component.ts
> git show :src/app/components/log-in/log-in.component.html
> git status -z -u
> git symbolic-ref --short HEAD
> git rev-parse feature/loginlogout
> git rev-parse --symbolic-full-name feature/loginlogout@{u}
> git rev-list --left-right feature/loginlogout...refs/remotes/origin/feature/loginlogout
> git for-each-ref --format %(refname) %(objectname) --sort -committerdate
> git remote --verbose
> git config --get commit.template
> git status -z -u
> git symbolic-ref --short HEAD
> git rev-parse feature/loginlogout
> git rev-parse --symbolic-full-name feature/loginlogout@{u}
> git rev-list --left-right feature/loginlogout...refs/remotes/origin/feature/loginlogout
> git for-each-ref --format %(refname) %(objectname) --sort -committerdate
> git remote --verbose
> git config --get commit.template
> git status -z -u
> git symbolic-ref --short HEAD
> git rev-parse feature/loginlogout
> git rev-parse --symbolic-full-name feature/loginlogout@{u}
> git rev-list --left-right feature/loginlogout...refs/remotes/origin/feature/loginlogout
> git for-each-ref --format %(refname) %(objectname) --sort -committerdate
> git remote --verbose
> git config --get commit.template
> git status -z -u
> git symbolic-ref --short HEAD
> git rev-parse feature/loginlogout
> git rev-parse --symbolic-full-name feature/loginlogout@{u}
> git rev-list --left-right feature/loginlogout...refs/remotes/origin/feature/loginlogout
> git for-each-ref --format %(refname) %(objectname) --sort -committerdate
> git remote --verbose
> git config --get commit.template
> git status -z -u
> git symbolic-ref --short HEAD
> git rev-parse feature/loginlogout
> git rev-parse --symbolic-full-name feature/loginlogout@{u}
> git rev-list --left-right feature/loginlogout...refs/remotes/origin/feature/loginlogout
> git for-each-ref --format %(refname) %(objectname) --sort -committerdate
> git remote --verbose
> git config --get commit.template
> git status -z -u
> git symbolic-ref --short HEAD
> git rev-parse feature/loginlogout
> git rev-parse --symbolic-full-name feature/loginlogout@{u}
> git rev-list --left-right feature/loginlogout...refs/remotes/origin/feature/loginlogout
> git for-each-ref --format %(refname) %(objectname) --sort -committerdate
> git remote --verbose
> git config --get commit.template
> git status -z -u
> git symbolic-ref --short HEAD
> git rev-parse feature/loginlogout
> git rev-parse --symbolic-full-name feature/loginlogout@{u}
> git rev-list --left-right feature/loginlogout...refs/remotes/origin/feature/loginlogout
> git for-each-ref --format %(refname) %(objectname) --sort -committerdate
> git remote --verbose
> git config --get commit.template
> git status -z -u
> git symbolic-ref --short HEAD
> git rev-parse feature/loginlogout
> git rev-parse --symbolic-full-name feature/loginlogout@{u}
> git rev-list --left-right feature/loginlogout...refs/remotes/origin/feature/loginlogout
> git for-each-ref --format %(refname) %(objectname) --sort -committerdate
> git remote --verbose
> git config --get commit.template
> git status -z -u
> git symbolic-ref --short HEAD
> git rev-parse feature/loginlogout
> git rev-parse --symbolic-full-name feature/loginlogout@{u}
> git rev-list --left-right feature/loginlogout...refs/remotes/origin/feature/loginlogout
> git for-each-ref --format %(refname) %(objectname) --sort -committerdate
> git remote --verbose
> git config --get commit.template
> git status -z -u
> git symbolic-ref --short HEAD
> git rev-parse feature/loginlogout
> git rev-parse --symbolic-full-name feature/loginlogout@{u}
> git rev-list --left-right feature/loginlogout...refs/remotes/origin/feature/loginlogout
> git for-each-ref --format %(refname) %(objectname) --sort -committerdate
> git remote --verbose
> git config --get commit.template
> git status -z -u
> git symbolic-ref --short HEAD
> git rev-parse feature/loginlogout
> git rev-parse --symbolic-full-name feature/loginlogout@{u}
> git rev-list --left-right feature/loginlogout...refs/remotes/origin/feature/loginlogout
> git for-each-ref --format %(refname) %(objectname) --sort -committerdate
> git remote --verbose
> git config --get commit.template
> git status -z -u
> git symbolic-ref --short HEAD
> git rev-parse feature/loginlogout
> git rev-parse --symbolic-full-name feature/loginlogout@{u}
> git rev-list --left-right feature/loginlogout...refs/remotes/origin/feature/loginlogout
> git for-each-ref --format %(refname) %(objectname) --sort -committerdate
> git remote --verbose
> git config --get commit.template
> git status -z -u
> git symbolic-ref --short HEAD
> git rev-parse feature/loginlogout
> git rev-parse --symbolic-full-name feature/loginlogout@{u}
> git rev-list --left-right feature/loginlogout...refs/remotes/origin/feature/loginlogout
> git for-each-ref --format %(refname) %(objectname) --sort -committerdate
> git remote --verbose
> git config --get commit.template
> git show :src/app/components/log-in/log-in.component.ts
> git show :src/app/services/authentication/authservice.ts
> git show :src/app/components/log-in/log-in.component.html
> git show :src/app/components/log-in/log-in.component.html
> git status -z -u
> git symbolic-ref --short HEAD
> git rev-parse feature/loginlogout
> git rev-parse --symbolic-full-name feature/loginlogout@{u}
> git rev-list --left-right feature/loginlogout...refs/remotes/origin/feature/loginlogout
> git for-each-ref --format %(refname) %(objectname) --sort -committerdate
> git remote --verbose
> git config --get commit.template
> git status -z -u
> git symbolic-ref --short HEAD
> git rev-parse feature/loginlogout
> git rev-parse --symbolic-full-name feature/loginlogout@{u}
> git rev-list --left-right feature/loginlogout...refs/remotes/origin/feature/loginlogout
> git for-each-ref --format %(refname) %(objectname) --sort -committerdate
> git remote --verbose
> git config --get commit.template
> git show :src/app/services/authentication/authservice.ts
> git status -z -u
> git symbolic-ref --short HEAD
> git rev-parse feature/loginlogout
> git rev-parse --symbolic-full-name feature/loginlogout@{u}
> git rev-list --left-right feature/loginlogout...refs/remotes/origin/feature/loginlogout
> git for-each-ref --format %(refname) %(objectname) --sort -committerdate
> git remote --verbose
> git config --get commit.template
> git show :src/app/components/log-in/log-in.component.ts
> git show :src/app/components/log-in/log-in.component.html
> git show :src/app/components/log-in/log-in.component.ts
> git show :src/app/services/authentication/authservice.ts
> git status -z -u
> git symbolic-ref --short HEAD
> git rev-parse feature/loginlogout
> git rev-parse --symbolic-full-name feature/loginlogout@{u}
> git rev-list --left-right feature/loginlogout...refs/remotes/origin/feature/loginlogout
> git for-each-ref --format %(refname) %(objectname) --sort -committerdate
> git remote --verbose
> git config --get commit.template
> git show :src/app/services/authentication/authservice.ts
> git show :src/app/components/log-in/log-in.component.ts
> git status -z -u
> git symbolic-ref --short HEAD
> git rev-parse feature/loginlogout
> git rev-parse --symbolic-full-name feature/loginlogout@{u}
> git rev-list --left-right feature/loginlogout...refs/remotes/origin/feature/loginlogout
> git for-each-ref --format %(refname) %(objectname) --sort -committerdate
> git remote --verbose
> git config --get commit.template
> git status -z -u
> git symbolic-ref --short HEAD
> git rev-parse feature/loginlogout
> git rev-parse --symbolic-full-name feature/loginlogout@{u}
> git rev-list --left-right feature/loginlogout...refs/remotes/origin/feature/loginlogout
> git for-each-ref --format %(refname) %(objectname) --sort -committerdate
> git remote --verbose
> git config --get commit.template
