Initializing document watcher...
Frontend/src/app/app-routing.module.ts: {"insertSpaces":true,"tabSize":2}
Frontend/src/app/app-routing.module.ts: {"insertSpaces":true,"tabSize":2}
Frontend/src/app/app-routing.module.ts: {"insertSpaces":true,"tabSize":2}
Frontend/src/app/app-routing.module.ts: {"insertSpaces":true,"tabSize":2}
Frontend/src/app/app-routing.module.ts: {"insertSpaces":true,"tabSize":2}
Frontend/src/app/app-routing.module.ts: {"insertSpaces":true,"tabSize":2}
Frontend/src/app/app-routing.module.ts: {"insertSpaces":true,"tabSize":2}
Frontend/src/app/app-routing.module.ts: {"insertSpaces":true,"tabSize":2}
Frontend/src/app/app-routing.module.ts: {"insertSpaces":true,"tabSize":2}
Frontend/src/app/app-routing.module.ts: {"insertSpaces":true,"tabSize":2}
Frontend/src/app/components/log-in/log-in.component.ts: {"insertSpaces":true,"tabSize":2}
Frontend/src/app/components/log-in/log-in.component.ts: Using EditorConfig core...
src/app/components/log-in/log-in.component.ts: editor.action.trimTrailingWhitespace
Frontend/src/app/services/authentication/authservice.ts: {"insertSpaces":true,"tabSize":2}
Frontend/src/app/services/authentication/authservice.ts: Using EditorConfig core...
src/app/services/authentication/authservice.ts: editor.action.trimTrailingWhitespace
Frontend/src/app/services/authentication/authservice.ts: Using EditorConfig core...
src/app/services/authentication/authservice.ts: editor.action.trimTrailingWhitespace
Frontend/src/app/services/authentication/authservice.ts: Using EditorConfig core...
src/app/services/authentication/authservice.ts: editor.action.trimTrailingWhitespace
Frontend/src/app/services/authentication/authservice.ts: Using EditorConfig core...
src/app/services/authentication/authservice.ts: editor.action.trimTrailingWhitespace
Frontend/src/app/services/authentication/authservice.ts: Using EditorConfig core...
src/app/services/authentication/authservice.ts: editor.action.trimTrailingWhitespace
Frontend/src/app/services/authentication/authservice.ts: Using EditorConfig core...
src/app/services/authentication/authservice.ts: editor.action.trimTrailingWhitespace
Frontend/src/app/services/authentication/authservice.ts: Using EditorConfig core...
src/app/services/authentication/authservice.ts: editor.action.trimTrailingWhitespace
Frontend/src/app/services/authentication/authservice.ts: Using EditorConfig core...
src/app/services/authentication/authservice.ts: editor.action.trimTrailingWhitespace
Frontend/src/app/services/authentication/authservice.ts: Using EditorConfig core...
src/app/services/authentication/authservice.ts: editor.action.trimTrailingWhitespace
Frontend/src/app/services/authentication/authservice.ts: Using EditorConfig core...
src/app/services/authentication/authservice.ts: editor.action.trimTrailingWhitespace
Frontend/src/app/services/authentication/authservice.ts: Using EditorConfig core...
src/app/services/authentication/authservice.ts: editor.action.trimTrailingWhitespace
Frontend/src/app/services/authentication/authservice.ts: Using EditorConfig core...
src/app/services/authentication/authservice.ts: editor.action.trimTrailingWhitespace
Frontend/src/app/services/authentication/authservice.ts: Using EditorConfig core...
src/app/services/authentication/authservice.ts: editor.action.trimTrailingWhitespace
Frontend/src/app/services/authentication/authservice.ts: Using EditorConfig core...
src/app/services/authentication/authservice.ts: editor.action.trimTrailingWhitespace
Frontend/src/app/services/authentication/authservice.ts: Using EditorConfig core...
src/app/services/authentication/authservice.ts: editor.action.trimTrailingWhitespace
Frontend/src/app/services/authentication/authservice.ts: Using EditorConfig core...
src/app/services/authentication/authservice.ts: editor.action.trimTrailingWhitespace
Frontend/src/app/services/authentication/authservice.ts: Using EditorConfig core...
src/app/services/authentication/authservice.ts: editor.action.trimTrailingWhitespace
Frontend/src/app/services/authentication/authservice.ts: Using EditorConfig core...
src/app/services/authentication/authservice.ts: editor.action.trimTrailingWhitespace
Frontend/src/app/services/authentication/authservice.ts: Using EditorConfig core...
src/app/services/authentication/authservice.ts: editor.action.trimTrailingWhitespace
Frontend/src/app/services/authentication/authservice.ts: Using EditorConfig core...
src/app/services/authentication/authservice.ts: editor.action.trimTrailingWhitespace
Frontend/src/app/services/authentication/authservice.ts: Using EditorConfig core...
src/app/services/authentication/authservice.ts: editor.action.trimTrailingWhitespace
Frontend/src/app/services/authentication/authservice.ts: Using EditorConfig core...
src/app/services/authentication/authservice.ts: editor.action.trimTrailingWhitespace
Frontend/src/app/services/authentication/authservice.ts: Using EditorConfig core...
src/app/services/authentication/authservice.ts: editor.action.trimTrailingWhitespace
Frontend/src/app/services/authentication/authservice.ts: Using EditorConfig core...
src/app/services/authentication/authservice.ts: editor.action.trimTrailingWhitespace
Frontend/src/app/services/authentication/authservice.ts: Using EditorConfig core...
src/app/services/authentication/authservice.ts: editor.action.trimTrailingWhitespace
Frontend/src/app/services/authentication/authservice.ts: Using EditorConfig core...
src/app/services/authentication/authservice.ts: editor.action.trimTrailingWhitespace
Frontend/src/app/services/authentication/authservice.ts: Using EditorConfig core...
src/app/services/authentication/authservice.ts: editor.action.trimTrailingWhitespace
Frontend/src/app/services/authentication/authservice.ts: Using EditorConfig core...
src/app/services/authentication/authservice.ts: editor.action.trimTrailingWhitespace
Frontend/src/app/components/log-in/log-in.component.ts: {"insertSpaces":true,"tabSize":2}
Frontend/src/app/components/log-in/log-in.component.ts: Using EditorConfig core...
src/app/components/log-in/log-in.component.ts: editor.action.trimTrailingWhitespace
Frontend/src/app/components/log-in/log-in.component.ts: Using EditorConfig core...
src/app/components/log-in/log-in.component.ts: editor.action.trimTrailingWhitespace
Frontend/src/app/components/log-in/log-in.component.ts: Using EditorConfig core...
src/app/components/log-in/log-in.component.ts: editor.action.trimTrailingWhitespace
Frontend/src/app/components/log-in/log-in.component.ts: Using EditorConfig core...
src/app/components/log-in/log-in.component.ts: editor.action.trimTrailingWhitespace
Frontend/src/app/components/log-in/log-in.component.ts: Using EditorConfig core...
src/app/components/log-in/log-in.component.ts: editor.action.trimTrailingWhitespace
Frontend/src/app/components/log-in/log-in.component.ts: Using EditorConfig core...
src/app/components/log-in/log-in.component.ts: editor.action.trimTrailingWhitespace
Frontend/src/app/components/log-in/log-in.component.ts: Using EditorConfig core...
src/app/components/log-in/log-in.component.ts: editor.action.trimTrailingWhitespace
No more open editors.
No more open editors.
No more open editors.
Frontend/src/app/components/log-in/log-in.component.ts: {"insertSpaces":true,"tabSize":2}
Frontend/src/app/components/log-in/log-in.component.ts: Using EditorConfig core...
src/app/components/log-in/log-in.component.ts: editor.action.trimTrailingWhitespace
Frontend/src/app/components/log-in/log-in.component.ts: Using EditorConfig core...
src/app/components/log-in/log-in.component.ts: editor.action.trimTrailingWhitespace
Frontend/src/app/components/log-in/log-in.component.ts: Using EditorConfig core...
src/app/components/log-in/log-in.component.ts: editor.action.trimTrailingWhitespace
Frontend/prettierrc.json: {"insertSpaces":true,"tabSize":2}
Frontend/src/app/services/authentication/authservice.ts: {"insertSpaces":true,"tabSize":2}
Frontend/src/app/components/log-in/log-in.component.ts: {"insertSpaces":true,"tabSize":2}
Frontend/prettierrc.json: {"insertSpaces":true,"tabSize":2}
Frontend/src/app/components/log-in/log-in.component.ts: {"insertSpaces":true,"tabSize":2}
Frontend/prettierrc.json: {"insertSpaces":true,"tabSize":2}
Frontend/src/app/services/authentication/authservice.ts: {"insertSpaces":true,"tabSize":2}
Frontend/prettierrc.json: {"insertSpaces":true,"tabSize":2}
Frontend/src/app/components/log-in/log-in.component.ts: {"insertSpaces":true,"tabSize":2}
Frontend/prettierrc.json: {"insertSpaces":true,"tabSize":2}
Frontend/prettierrc.json: {"insertSpaces":true,"tabSize":2}
Frontend/src/app/components/log-in/log-in.component.ts: {"insertSpaces":true,"tabSize":2}
Frontend/prettierrc.json: {"insertSpaces":true,"tabSize":2}
Frontend/src/app/services/authentication/authservice.ts: {"insertSpaces":true,"tabSize":2}
Frontend/src/app/components/log-in/log-in.component.ts: {"insertSpaces":true,"tabSize":2}
Frontend/src/app/services/authentication/authservice.ts: {"insertSpaces":true,"tabSize":2}
Frontend/src/app/services/authentication/authservice.ts: {"insertSpaces":true,"tabSize":2}
Frontend/src/app/services/authentication/authservice.ts: Using EditorConfig core...
src/app/services/authentication/authservice.ts: editor.action.trimTrailingWhitespace
Frontend/src/app/services/authentication/authservice.ts: Using EditorConfig core...
src/app/services/authentication/authservice.ts: editor.action.trimTrailingWhitespace
Frontend/src/app/services/authentication/authservice.ts: {"insertSpaces":true,"tabSize":2}
Frontend/src/app/services/authentication/authservice.ts: {"insertSpaces":true,"tabSize":2}
Frontend/src/app/components/log-in/log-in.component.ts: {"insertSpaces":true,"tabSize":2}
Frontend/src/app/components/log-in/log-in.component.ts: Using EditorConfig core...
src/app/components/log-in/log-in.component.ts: editor.action.trimTrailingWhitespace
Frontend/src/app/components/log-in/log-in.component.ts: Using EditorConfig core...
src/app/components/log-in/log-in.component.ts: editor.action.trimTrailingWhitespace
Frontend/src/app/components/log-in/log-in.component.ts: Using EditorConfig core...
src/app/components/log-in/log-in.component.ts: editor.action.trimTrailingWhitespace
Frontend/src/app/components/log-in/log-in.component.ts: Using EditorConfig core...
src/app/components/log-in/log-in.component.ts: editor.action.trimTrailingWhitespace
Frontend/src/app/components/log-in/log-in.component.ts: Using EditorConfig core...
src/app/components/log-in/log-in.component.ts: editor.action.trimTrailingWhitespace
Frontend/src/app/components/log-in/log-in.component.html: {"insertSpaces":true,"tabSize":2}
Frontend/src/app/components/log-in/log-in.component.html: Using EditorConfig core...
src/app/components/log-in/log-in.component.html: editor.action.trimTrailingWhitespace
Frontend/src/app/components/log-in/log-in.component.html: Using EditorConfig core...
src/app/components/log-in/log-in.component.html: editor.action.trimTrailingWhitespace
Frontend/src/app/components/log-in/log-in.component.html: Using EditorConfig core...
src/app/components/log-in/log-in.component.html: editor.action.trimTrailingWhitespace
Frontend/src/app/components/log-in/log-in.component.html: Using EditorConfig core...
src/app/components/log-in/log-in.component.html: editor.action.trimTrailingWhitespace
Frontend/src/app/components/log-in/log-in.component.html: Using EditorConfig core...
src/app/components/log-in/log-in.component.html: editor.action.trimTrailingWhitespace
Frontend/src/app/components/log-in/log-in.component.html: Using EditorConfig core...
src/app/components/log-in/log-in.component.html: editor.action.trimTrailingWhitespace
Frontend/src/app/components/log-in/log-in.component.html: Using EditorConfig core...
src/app/components/log-in/log-in.component.html: editor.action.trimTrailingWhitespace
Frontend/src/app/components/log-in/log-in.component.html: Using EditorConfig core...
src/app/components/log-in/log-in.component.html: editor.action.trimTrailingWhitespace
Frontend/src/app/components/log-in/log-in.component.ts: {"insertSpaces":true,"tabSize":2}
Frontend/src/app/components/log-in/log-in.component.ts: {"insertSpaces":true,"tabSize":2}
Frontend/src/app/components/log-in/log-in.component.html: {"insertSpaces":true,"tabSize":2}
Frontend/src/app/components/log-in/log-in.component.html: Using EditorConfig core...
src/app/components/log-in/log-in.component.html: editor.action.trimTrailingWhitespace
Frontend/src/app/components/log-in/log-in.component.html: Using EditorConfig core...
src/app/components/log-in/log-in.component.html: editor.action.trimTrailingWhitespace
Frontend/src/app/components/log-in/log-in.component.html: Using EditorConfig core...
src/app/components/log-in/log-in.component.html: editor.action.trimTrailingWhitespace
Frontend/src/app/components/log-in/log-in.component.html: Using EditorConfig core...
src/app/components/log-in/log-in.component.html: editor.action.trimTrailingWhitespace
Frontend/src/app/components/log-in/log-in.component.html: Using EditorConfig core...
src/app/components/log-in/log-in.component.html: editor.action.trimTrailingWhitespace
Frontend/src/app/components/log-in/log-in.component.html: Using EditorConfig core...
src/app/components/log-in/log-in.component.html: editor.action.trimTrailingWhitespace
Frontend/src/app/components/log-in/log-in.component.html: Using EditorConfig core...
src/app/components/log-in/log-in.component.html: editor.action.trimTrailingWhitespace
Frontend/src/app/components/log-in/log-in.component.html: Using EditorConfig core...
src/app/components/log-in/log-in.component.html: editor.action.trimTrailingWhitespace
Frontend/src/app/components/log-in/log-in.component.html: Using EditorConfig core...
src/app/components/log-in/log-in.component.html: editor.action.trimTrailingWhitespace
Frontend/src/app/components/log-in/log-in.component.html: Using EditorConfig core...
src/app/components/log-in/log-in.component.html: editor.action.trimTrailingWhitespace
Frontend/src/app/components/log-in/log-in.component.html: Using EditorConfig core...
src/app/components/log-in/log-in.component.html: editor.action.trimTrailingWhitespace
Frontend/src/app/components/log-in/log-in.component.html: Using EditorConfig core...
src/app/components/log-in/log-in.component.html: editor.action.trimTrailingWhitespace
Frontend/src/app/components/log-in/log-in.component.html: Using EditorConfig core...
src/app/components/log-in/log-in.component.html: editor.action.trimTrailingWhitespace
Frontend/src/app/components/log-in/log-in.component.html: Using EditorConfig core...
src/app/components/log-in/log-in.component.html: editor.action.trimTrailingWhitespace
Frontend/src/app/components/log-in/log-in.component.html: Using EditorConfig core...
src/app/components/log-in/log-in.component.html: editor.action.trimTrailingWhitespace
Frontend/src/app/components/log-in/log-in.component.html: Using EditorConfig core...
src/app/components/log-in/log-in.component.html: editor.action.trimTrailingWhitespace
Frontend/src/app/components/log-in/log-in.component.html: Using EditorConfig core...
src/app/components/log-in/log-in.component.html: editor.action.trimTrailingWhitespace
Frontend/src/app/components/log-in/log-in.component.ts: {"insertSpaces":true,"tabSize":2}
Frontend/src/app/services/authentication/authservice.ts: {"insertSpaces":true,"tabSize":2}
Frontend/src/app/services/authentication/authservice.ts: {"insertSpaces":true,"tabSize":2}
Frontend/src/app/services/authentication/authservice.ts: {"insertSpaces":true,"tabSize":2}
Frontend/src/app/services/authentication/authservice.ts: {"insertSpaces":true,"tabSize":2}
Frontend/src/app/services/authentication/authservice.ts: {"insertSpaces":true,"tabSize":2}
Frontend/src/app/components/log-in/log-in.component.html: {"insertSpaces":true,"tabSize":2}
Frontend/src/app/components/log-in/log-in.component.html: {"insertSpaces":true,"tabSize":2}
Frontend/src/app/components/log-in/log-in.component.html: Using EditorConfig core...
src/app/components/log-in/log-in.component.html: editor.action.trimTrailingWhitespace
Frontend/src/app/components/log-in/log-in.component.html: {"insertSpaces":true,"tabSize":2}
Frontend/src/app/components/log-in/log-in.component.html: {"insertSpaces":true,"tabSize":2}
Frontend/src/app/components/log-in/log-in.component.html: Using EditorConfig core...
src/app/components/log-in/log-in.component.html: editor.action.trimTrailingWhitespace
Frontend/src/app/services/authentication/authservice.ts: {"insertSpaces":true,"tabSize":2}
Frontend/src/app/components/log-in/log-in.component.ts: {"insertSpaces":true,"tabSize":2}
Frontend/src/app/components/log-in/log-in.component.html: {"insertSpaces":true,"tabSize":2}
Frontend/src/app/components/log-in/log-in.component.ts: {"insertSpaces":true,"tabSize":2}
Frontend/src/app/services/authentication/authservice.ts: {"insertSpaces":true,"tabSize":2}
Frontend/src/app/components/log-in/log-in.component.ts: {"insertSpaces":true,"tabSize":2}
Frontend/src/app/components/log-in/log-in.component.ts: Using EditorConfig core...
src/app/components/log-in/log-in.component.ts: editor.action.trimTrailingWhitespace
Frontend/src/app/components/log-in/log-in.component.ts: Using EditorConfig core...
src/app/components/log-in/log-in.component.ts: editor.action.trimTrailingWhitespace
