Info 0    [9:27:12.255] Format host information updated
Info 1    [9:27:12.256] reload projects.
Info 2    [9:27:12.256] Structure before ensureProjectForOpenFiles:
Info 3    [9:27:12.256] Structure after ensureProjectForOpenFiles:
Info 4    [9:27:12.256] Host file extension mappings updated
Info 5    [9:27:15.851] Search path: /home/gandalf/Dev/IT-Project/Frontend/src/app
Info 6    [9:27:15.852] For info: /home/gandalf/Dev/IT-Project/Frontend/src/app/app-routing.module.ts :: Config file name: /home/gandalf/Dev/IT-Project/Frontend/tsconfig.json
Info 7    [9:27:15.855] Opened configuration file /home/gandalf/Dev/IT-Project/Frontend/tsconfig.json
Info 8    [9:27:18.472] Loading global plugin @angular/language-service
Info 9    [9:27:18.472] Enabling plugin @angular/language-service from candidate paths: /home/gandalf/.vscode/extensions/angular.ng-template-0.900.2/node_modules/typescript/lib/tsserverlibrary.js/../../..,/home/gandalf/.vscode/extensions/angular.ng-template-0.900.2/server/node_modules/@angular/language-service/bundles/language-service.umd.js
Info 10   [9:27:18.473] Loading @angular/language-service from /home/gandalf/.vscode/extensions/angular.ng-template-0.900.2/node_modules/typescript/lib/tsserverlibrary.js/../../.. (resolved to /home/gandalf/.vscode/extensions/angular.ng-template-0.900.2/node_modules/node_modules)
Info 11   [9:27:18.493] Loading @angular/language-service from /home/gandalf/.vscode/extensions/angular.ng-template-0.900.2/server/node_modules/@angular/language-service/bundles/language-service.umd.js (resolved to /home/gandalf/.vscode/extensions/angular.ng-template-0.900.2/server/node_modules/@angular/language-service/bundles/language-service.umd.js/node_modules)
Info 12   [9:27:18.656] Plugin validation succeded
Info 13   [9:27:18.700] Starting updateGraphWorker: Project: /home/gandalf/Dev/IT-Project/Frontend/tsconfig.json
Info 14   [9:27:24.787] Finishing updateGraphWorker: Project: /home/gandalf/Dev/IT-Project/Frontend/tsconfig.json Version: 1 structureChanged: true Elapsed: 6087ms
Info 15   [9:27:24.787] Project '/home/gandalf/Dev/IT-Project/Frontend/tsconfig.json' (Configured) 
Info 16   [9:27:24.787] 	Files (919)

Info 17   [9:27:24.787] -----------------------------------------------
Info 18   [9:27:24.790] Starting updateGraphWorker: Project: /home/gandalf/Dev/IT-Project/Frontend/tsconfig.json
Info 19   [9:27:24.823] Finishing updateGraphWorker: Project: /home/gandalf/Dev/IT-Project/Frontend/tsconfig.json Version: 2 structureChanged: false Elapsed: 33ms
Info 20   [9:27:24.824] Different program with same set of files:: oldProgram.structureIsReused:: 2
Info 21   [10:12:53.423] Search path: /home/gandalf/Dev/IT-Project/Frontend/src/app/components/log-in
Info 22   [10:12:53.425] For info: /home/gandalf/Dev/IT-Project/Frontend/src/app/components/log-in/log-in.component.ts :: Config file name: /home/gandalf/Dev/IT-Project/Frontend/tsconfig.json
Info 23   [10:13:3.656] Starting updateGraphWorker: Project: /home/gandalf/Dev/IT-Project/Frontend/tsconfig.json
Info 24   [10:13:3.862] Finishing updateGraphWorker: Project: /home/gandalf/Dev/IT-Project/Frontend/tsconfig.json Version: 3 structureChanged: false Elapsed: 206ms
Info 25   [10:13:3.862] Different program with same set of files:: oldProgram.structureIsReused:: 2
Info 26   [10:13:15.249] Search path: /home/gandalf/Dev/IT-Project/Frontend/src/app/services/authentication
Info 27   [10:13:15.249] For info: /home/gandalf/Dev/IT-Project/Frontend/src/app/services/authentication/authservice.ts :: Config file name: /home/gandalf/Dev/IT-Project/Frontend/tsconfig.json
Info 28   [10:13:15.249] Starting updateGraphWorker: Project: /home/gandalf/Dev/IT-Project/Frontend/tsconfig.json
Info 29   [10:13:15.364] Finishing updateGraphWorker: Project: /home/gandalf/Dev/IT-Project/Frontend/tsconfig.json Version: 4 structureChanged: false Elapsed: 115ms
Info 30   [10:13:15.364] Different program with same set of files:: oldProgram.structureIsReused:: 2
Info 31   [10:13:21.203] Starting updateGraphWorker: Project: /home/gandalf/Dev/IT-Project/Frontend/tsconfig.json
Info 32   [10:13:21.241] Finishing updateGraphWorker: Project: /home/gandalf/Dev/IT-Project/Frontend/tsconfig.json Version: 5 structureChanged: false Elapsed: 38ms
Info 33   [10:13:21.241] Different program with same set of files:: oldProgram.structureIsReused:: 2
Info 34   [10:13:21.865] Starting updateGraphWorker: Project: /home/gandalf/Dev/IT-Project/Frontend/tsconfig.json
Info 35   [10:13:21.928] Finishing updateGraphWorker: Project: /home/gandalf/Dev/IT-Project/Frontend/tsconfig.json Version: 6 structureChanged: false Elapsed: 63ms
Info 36   [10:13:21.928] Different program with same set of files:: oldProgram.structureIsReused:: 2
Info 37   [10:13:22.692] Starting updateGraphWorker: Project: /home/gandalf/Dev/IT-Project/Frontend/tsconfig.json
Info 38   [10:13:22.748] Finishing updateGraphWorker: Project: /home/gandalf/Dev/IT-Project/Frontend/tsconfig.json Version: 7 structureChanged: false Elapsed: 56ms
Info 39   [10:13:22.748] Different program with same set of files:: oldProgram.structureIsReused:: 2
Info 40   [10:13:23.36] Starting updateGraphWorker: Project: /home/gandalf/Dev/IT-Project/Frontend/tsconfig.json
Info 41   [10:13:23.87] Finishing updateGraphWorker: Project: /home/gandalf/Dev/IT-Project/Frontend/tsconfig.json Version: 8 structureChanged: false Elapsed: 51ms
Info 42   [10:13:23.87] Different program with same set of files:: oldProgram.structureIsReused:: 2
Info 43   [10:13:24.972] Starting updateGraphWorker: Project: /home/gandalf/Dev/IT-Project/Frontend/tsconfig.json
Info 44   [10:13:25.21] Finishing updateGraphWorker: Project: /home/gandalf/Dev/IT-Project/Frontend/tsconfig.json Version: 9 structureChanged: false Elapsed: 49ms
Info 45   [10:13:25.21] Different program with same set of files:: oldProgram.structureIsReused:: 2
Info 46   [10:13:25.332] Starting updateGraphWorker: Project: /home/gandalf/Dev/IT-Project/Frontend/tsconfig.json
Info 47   [10:13:25.463] Finishing updateGraphWorker: Project: /home/gandalf/Dev/IT-Project/Frontend/tsconfig.json Version: 10 structureChanged: false Elapsed: 131ms
Info 48   [10:13:25.463] Different program with same set of files:: oldProgram.structureIsReused:: 2
Info 49   [10:13:28.885] Starting updateGraphWorker: Project: /home/gandalf/Dev/IT-Project/Frontend/tsconfig.json
Info 50   [10:13:28.938] Finishing updateGraphWorker: Project: /home/gandalf/Dev/IT-Project/Frontend/tsconfig.json Version: 11 structureChanged: false Elapsed: 53ms
Info 51   [10:13:28.938] Different program with same set of files:: oldProgram.structureIsReused:: 2
Info 52   [10:13:30.349] Starting updateGraphWorker: Project: /home/gandalf/Dev/IT-Project/Frontend/tsconfig.json
Info 53   [10:13:30.379] Finishing updateGraphWorker: Project: /home/gandalf/Dev/IT-Project/Frontend/tsconfig.json Version: 12 structureChanged: false Elapsed: 30ms
Info 54   [10:13:30.379] Different program with same set of files:: oldProgram.structureIsReused:: 2
Info 55   [10:13:30.971] Starting updateGraphWorker: Project: /home/gandalf/Dev/IT-Project/Frontend/tsconfig.json
Info 56   [10:13:30.999] Finishing updateGraphWorker: Project: /home/gandalf/Dev/IT-Project/Frontend/tsconfig.json Version: 13 structureChanged: false Elapsed: 28ms
Info 57   [10:13:30.999] Different program with same set of files:: oldProgram.structureIsReused:: 2
Info 58   [10:13:31.407] Starting updateGraphWorker: Project: /home/gandalf/Dev/IT-Project/Frontend/tsconfig.json
Info 59   [10:13:31.509] Finishing updateGraphWorker: Project: /home/gandalf/Dev/IT-Project/Frontend/tsconfig.json Version: 14 structureChanged: false Elapsed: 102ms
Info 60   [10:13:31.509] Different program with same set of files:: oldProgram.structureIsReused:: 2
Info 61   [10:13:31.586] Starting updateGraphWorker: Project: /home/gandalf/Dev/IT-Project/Frontend/tsconfig.json
Info 62   [10:13:31.695] Finishing updateGraphWorker: Project: /home/gandalf/Dev/IT-Project/Frontend/tsconfig.json Version: 15 structureChanged: false Elapsed: 109ms
Info 63   [10:13:31.695] Different program with same set of files:: oldProgram.structureIsReused:: 2
Info 64   [10:13:36.77] Starting updateGraphWorker: Project: /home/gandalf/Dev/IT-Project/Frontend/tsconfig.json
Info 65   [10:13:36.108] Finishing updateGraphWorker: Project: /home/gandalf/Dev/IT-Project/Frontend/tsconfig.json Version: 16 structureChanged: false Elapsed: 30ms
Info 66   [10:13:36.108] Different program with same set of files:: oldProgram.structureIsReused:: 2
Info 67   [10:13:36.856] Starting updateGraphWorker: Project: /home/gandalf/Dev/IT-Project/Frontend/tsconfig.json
Info 68   [10:13:36.896] Finishing updateGraphWorker: Project: /home/gandalf/Dev/IT-Project/Frontend/tsconfig.json Version: 17 structureChanged: false Elapsed: 40ms
Info 69   [10:13:36.896] Different program with same set of files:: oldProgram.structureIsReused:: 2
Info 70   [10:13:37.520] Starting updateGraphWorker: Project: /home/gandalf/Dev/IT-Project/Frontend/tsconfig.json
Info 71   [10:13:37.589] Finishing updateGraphWorker: Project: /home/gandalf/Dev/IT-Project/Frontend/tsconfig.json Version: 18 structureChanged: false Elapsed: 69ms
Info 72   [10:13:37.589] Different program with same set of files:: oldProgram.structureIsReused:: 2
Info 73   [10:13:37.988] Starting updateGraphWorker: Project: /home/gandalf/Dev/IT-Project/Frontend/tsconfig.json
Info 74   [10:13:38.78] Finishing updateGraphWorker: Project: /home/gandalf/Dev/IT-Project/Frontend/tsconfig.json Version: 19 structureChanged: false Elapsed: 90ms
Info 75   [10:13:38.78] Different program with same set of files:: oldProgram.structureIsReused:: 2
Info 76   [10:13:39.756] Starting updateGraphWorker: Project: /home/gandalf/Dev/IT-Project/Frontend/tsconfig.json
Info 77   [10:13:39.791] Finishing updateGraphWorker: Project: /home/gandalf/Dev/IT-Project/Frontend/tsconfig.json Version: 20 structureChanged: false Elapsed: 35ms
Info 78   [10:13:39.791] Different program with same set of files:: oldProgram.structureIsReused:: 2
Info 79   [10:13:40.129] Starting updateGraphWorker: Project: /home/gandalf/Dev/IT-Project/Frontend/tsconfig.json
Info 80   [10:13:40.167] Finishing updateGraphWorker: Project: /home/gandalf/Dev/IT-Project/Frontend/tsconfig.json Version: 21 structureChanged: false Elapsed: 38ms
Info 81   [10:13:40.167] Different program with same set of files:: oldProgram.structureIsReused:: 2
Info 82   [10:13:40.442] Starting updateGraphWorker: Project: /home/gandalf/Dev/IT-Project/Frontend/tsconfig.json
Info 83   [10:13:40.478] Finishing updateGraphWorker: Project: /home/gandalf/Dev/IT-Project/Frontend/tsconfig.json Version: 22 structureChanged: false Elapsed: 35ms
Info 84   [10:13:40.478] Different program with same set of files:: oldProgram.structureIsReused:: 2
Info 85   [10:13:40.916] Starting updateGraphWorker: Project: /home/gandalf/Dev/IT-Project/Frontend/tsconfig.json
Info 86   [10:13:40.947] Finishing updateGraphWorker: Project: /home/gandalf/Dev/IT-Project/Frontend/tsconfig.json Version: 23 structureChanged: false Elapsed: 31ms
Info 87   [10:13:40.947] Different program with same set of files:: oldProgram.structureIsReused:: 2
Info 88   [10:13:41.791] Starting updateGraphWorker: Project: /home/gandalf/Dev/IT-Project/Frontend/tsconfig.json
Info 89   [10:13:41.821] Finishing updateGraphWorker: Project: /home/gandalf/Dev/IT-Project/Frontend/tsconfig.json Version: 24 structureChanged: false Elapsed: 30ms
Info 90   [10:13:41.821] Different program with same set of files:: oldProgram.structureIsReused:: 2
Info 91   [10:13:42.360] Starting updateGraphWorker: Project: /home/gandalf/Dev/IT-Project/Frontend/tsconfig.json
Info 92   [10:13:42.382] Finishing updateGraphWorker: Project: /home/gandalf/Dev/IT-Project/Frontend/tsconfig.json Version: 25 structureChanged: false Elapsed: 22ms
Info 93   [10:13:42.382] Different program with same set of files:: oldProgram.structureIsReused:: 2
Info 94   [10:13:43.14] Starting updateGraphWorker: Project: /home/gandalf/Dev/IT-Project/Frontend/tsconfig.json
Info 95   [10:13:43.48] Finishing updateGraphWorker: Project: /home/gandalf/Dev/IT-Project/Frontend/tsconfig.json Version: 26 structureChanged: false Elapsed: 34ms
Info 96   [10:13:43.48] Different program with same set of files:: oldProgram.structureIsReused:: 2
Info 97   [10:13:44.998] Starting updateGraphWorker: Project: /home/gandalf/Dev/IT-Project/Frontend/tsconfig.json
Info 98   [10:13:45.19] Finishing updateGraphWorker: Project: /home/gandalf/Dev/IT-Project/Frontend/tsconfig.json Version: 27 structureChanged: false Elapsed: 21ms
Info 99   [10:13:45.19] Different program with same set of files:: oldProgram.structureIsReused:: 2
Info 100  [10:13:46.530] Starting updateGraphWorker: Project: /home/gandalf/Dev/IT-Project/Frontend/tsconfig.json
Info 101  [10:13:46.574] Finishing updateGraphWorker: Project: /home/gandalf/Dev/IT-Project/Frontend/tsconfig.json Version: 28 structureChanged: false Elapsed: 44ms
Info 102  [10:13:46.574] Different program with same set of files:: oldProgram.structureIsReused:: 2
Info 103  [10:13:47.264] Starting updateGraphWorker: Project: /home/gandalf/Dev/IT-Project/Frontend/tsconfig.json
Info 104  [10:13:47.298] Finishing updateGraphWorker: Project: /home/gandalf/Dev/IT-Project/Frontend/tsconfig.json Version: 29 structureChanged: false Elapsed: 34ms
Info 105  [10:13:47.298] Different program with same set of files:: oldProgram.structureIsReused:: 2
Info 106  [10:13:48.174] Starting updateGraphWorker: Project: /home/gandalf/Dev/IT-Project/Frontend/tsconfig.json
Info 107  [10:13:48.218] Finishing updateGraphWorker: Project: /home/gandalf/Dev/IT-Project/Frontend/tsconfig.json Version: 30 structureChanged: false Elapsed: 44ms
Info 108  [10:13:48.218] Different program with same set of files:: oldProgram.structureIsReused:: 2
Info 109  [10:13:48.888] Starting updateGraphWorker: Project: /home/gandalf/Dev/IT-Project/Frontend/tsconfig.json
Info 110  [10:13:48.909] Finishing updateGraphWorker: Project: /home/gandalf/Dev/IT-Project/Frontend/tsconfig.json Version: 31 structureChanged: false Elapsed: 21ms
Info 111  [10:13:48.909] Different program with same set of files:: oldProgram.structureIsReused:: 2
Info 112  [10:13:53.448] Starting updateGraphWorker: Project: /home/gandalf/Dev/IT-Project/Frontend/tsconfig.json
Info 113  [10:13:53.582] Finishing updateGraphWorker: Project: /home/gandalf/Dev/IT-Project/Frontend/tsconfig.json Version: 32 structureChanged: false Elapsed: 134ms
Info 114  [10:13:53.582] Different program with same set of files:: oldProgram.structureIsReused:: 2
Info 115  [10:13:53.914] Starting updateGraphWorker: Project: /home/gandalf/Dev/IT-Project/Frontend/tsconfig.json
Info 116  [10:13:53.961] Finishing updateGraphWorker: Project: /home/gandalf/Dev/IT-Project/Frontend/tsconfig.json Version: 33 structureChanged: false Elapsed: 47ms
Info 117  [10:13:53.961] Different program with same set of files:: oldProgram.structureIsReused:: 2
Info 118  [10:13:54.296] Starting updateGraphWorker: Project: /home/gandalf/Dev/IT-Project/Frontend/tsconfig.json
Info 119  [10:13:54.317] Finishing updateGraphWorker: Project: /home/gandalf/Dev/IT-Project/Frontend/tsconfig.json Version: 34 structureChanged: false Elapsed: 21ms
Info 120  [10:13:54.317] Different program with same set of files:: oldProgram.structureIsReused:: 2
Info 121  [10:13:54.986] Starting updateGraphWorker: Project: /home/gandalf/Dev/IT-Project/Frontend/tsconfig.json
Info 122  [10:13:55.41] Finishing updateGraphWorker: Project: /home/gandalf/Dev/IT-Project/Frontend/tsconfig.json Version: 35 structureChanged: false Elapsed: 55ms
Info 123  [10:13:55.41] Different program with same set of files:: oldProgram.structureIsReused:: 2
Info 124  [10:13:55.566] Starting updateGraphWorker: Project: /home/gandalf/Dev/IT-Project/Frontend/tsconfig.json
Info 125  [10:13:55.613] Finishing updateGraphWorker: Project: /home/gandalf/Dev/IT-Project/Frontend/tsconfig.json Version: 36 structureChanged: false Elapsed: 47ms
Info 126  [10:13:55.613] Different program with same set of files:: oldProgram.structureIsReused:: 2
Info 127  [10:13:56.83] Starting updateGraphWorker: Project: /home/gandalf/Dev/IT-Project/Frontend/tsconfig.json
Info 128  [10:13:56.240] Finishing updateGraphWorker: Project: /home/gandalf/Dev/IT-Project/Frontend/tsconfig.json Version: 37 structureChanged: false Elapsed: 157ms
Info 129  [10:13:56.240] Different program with same set of files:: oldProgram.structureIsReused:: 2
Info 130  [10:13:56.526] Starting updateGraphWorker: Project: /home/gandalf/Dev/IT-Project/Frontend/tsconfig.json
Info 131  [10:13:56.565] Finishing updateGraphWorker: Project: /home/gandalf/Dev/IT-Project/Frontend/tsconfig.json Version: 38 structureChanged: false Elapsed: 39ms
Info 132  [10:13:56.565] Different program with same set of files:: oldProgram.structureIsReused:: 2
Info 133  [10:13:57.163] Starting updateGraphWorker: Project: /home/gandalf/Dev/IT-Project/Frontend/tsconfig.json
Info 134  [10:13:57.194] Finishing updateGraphWorker: Project: /home/gandalf/Dev/IT-Project/Frontend/tsconfig.json Version: 39 structureChanged: false Elapsed: 31ms
Info 135  [10:13:57.194] Different program with same set of files:: oldProgram.structureIsReused:: 2
Info 136  [10:13:58.461] Starting updateGraphWorker: Project: /home/gandalf/Dev/IT-Project/Frontend/tsconfig.json
Info 137  [10:13:58.494] Finishing updateGraphWorker: Project: /home/gandalf/Dev/IT-Project/Frontend/tsconfig.json Version: 40 structureChanged: false Elapsed: 33ms
Info 138  [10:13:58.494] Different program with same set of files:: oldProgram.structureIsReused:: 2
Info 139  [10:13:59.793] Starting updateGraphWorker: Project: /home/gandalf/Dev/IT-Project/Frontend/tsconfig.json
Info 140  [10:13:59.851] Finishing updateGraphWorker: Project: /home/gandalf/Dev/IT-Project/Frontend/tsconfig.json Version: 41 structureChanged: false Elapsed: 57ms
Info 141  [10:13:59.851] Different program with same set of files:: oldProgram.structureIsReused:: 2
Info 142  [10:14:0.199] Starting updateGraphWorker: Project: /home/gandalf/Dev/IT-Project/Frontend/tsconfig.json
Info 143  [10:14:0.222] Finishing updateGraphWorker: Project: /home/gandalf/Dev/IT-Project/Frontend/tsconfig.json Version: 42 structureChanged: false Elapsed: 23ms
Info 144  [10:14:0.222] Different program with same set of files:: oldProgram.structureIsReused:: 2
Info 145  [10:14:0.601] Starting updateGraphWorker: Project: /home/gandalf/Dev/IT-Project/Frontend/tsconfig.json
Info 146  [10:14:0.640] Finishing updateGraphWorker: Project: /home/gandalf/Dev/IT-Project/Frontend/tsconfig.json Version: 43 structureChanged: false Elapsed: 39ms
Info 147  [10:14:0.640] Different program with same set of files:: oldProgram.structureIsReused:: 2
Info 148  [10:14:1.782] Starting updateGraphWorker: Project: /home/gandalf/Dev/IT-Project/Frontend/tsconfig.json
Info 149  [10:14:1.810] Finishing updateGraphWorker: Project: /home/gandalf/Dev/IT-Project/Frontend/tsconfig.json Version: 44 structureChanged: false Elapsed: 28ms
Info 150  [10:14:1.810] Different program with same set of files:: oldProgram.structureIsReused:: 2
Info 151  [10:14:4.226] Starting updateGraphWorker: Project: /home/gandalf/Dev/IT-Project/Frontend/tsconfig.json
Info 152  [10:14:4.253] Finishing updateGraphWorker: Project: /home/gandalf/Dev/IT-Project/Frontend/tsconfig.json Version: 45 structureChanged: false Elapsed: 27ms
Info 153  [10:14:4.253] Different program with same set of files:: oldProgram.structureIsReused:: 2
Info 154  [10:14:5.2] Starting updateGraphWorker: Project: /home/gandalf/Dev/IT-Project/Frontend/tsconfig.json
Info 155  [10:14:5.28] Finishing updateGraphWorker: Project: /home/gandalf/Dev/IT-Project/Frontend/tsconfig.json Version: 46 structureChanged: false Elapsed: 25ms
Info 156  [10:14:5.28] Different program with same set of files:: oldProgram.structureIsReused:: 2
Info 157  [10:14:7.29] Starting updateGraphWorker: Project: /home/gandalf/Dev/IT-Project/Frontend/tsconfig.json
Info 158  [10:14:7.82] Finishing updateGraphWorker: Project: /home/gandalf/Dev/IT-Project/Frontend/tsconfig.json Version: 47 structureChanged: false Elapsed: 53ms
Info 159  [10:14:7.82] Different program with same set of files:: oldProgram.structureIsReused:: 2
Info 160  [10:14:14.211] Starting updateGraphWorker: Project: /home/gandalf/Dev/IT-Project/Frontend/tsconfig.json
Info 161  [10:14:14.252] Finishing updateGraphWorker: Project: /home/gandalf/Dev/IT-Project/Frontend/tsconfig.json Version: 48 structureChanged: false Elapsed: 41ms
Info 162  [10:14:14.252] Different program with same set of files:: oldProgram.structureIsReused:: 2
Info 163  [10:14:15.770] Starting updateGraphWorker: Project: /home/gandalf/Dev/IT-Project/Frontend/tsconfig.json
Info 164  [10:14:15.810] Finishing updateGraphWorker: Project: /home/gandalf/Dev/IT-Project/Frontend/tsconfig.json Version: 49 structureChanged: false Elapsed: 40ms
Info 165  [10:14:15.810] Different program with same set of files:: oldProgram.structureIsReused:: 2
Info 166  [10:14:16.409] Starting updateGraphWorker: Project: /home/gandalf/Dev/IT-Project/Frontend/tsconfig.json
Info 167  [10:14:16.443] Finishing updateGraphWorker: Project: /home/gandalf/Dev/IT-Project/Frontend/tsconfig.json Version: 50 structureChanged: false Elapsed: 34ms
Info 168  [10:14:16.444] Different program with same set of files:: oldProgram.structureIsReused:: 2
Info 169  [10:14:18.181] Starting updateGraphWorker: Project: /home/gandalf/Dev/IT-Project/Frontend/tsconfig.json
Info 170  [10:14:18.219] Finishing updateGraphWorker: Project: /home/gandalf/Dev/IT-Project/Frontend/tsconfig.json Version: 51 structureChanged: false Elapsed: 38ms
Info 171  [10:14:18.219] Different program with same set of files:: oldProgram.structureIsReused:: 2
Info 172  [10:14:27.375] Starting updateGraphWorker: Project: /home/gandalf/Dev/IT-Project/Frontend/tsconfig.json
Info 173  [10:14:27.420] Finishing updateGraphWorker: Project: /home/gandalf/Dev/IT-Project/Frontend/tsconfig.json Version: 52 structureChanged: false Elapsed: 45ms
Info 174  [10:14:27.420] Different program with same set of files:: oldProgram.structureIsReused:: 2
Info 175  [10:14:29.717] Starting updateGraphWorker: Project: /home/gandalf/Dev/IT-Project/Frontend/tsconfig.json
Info 176  [10:14:29.768] Finishing updateGraphWorker: Project: /home/gandalf/Dev/IT-Project/Frontend/tsconfig.json Version: 53 structureChanged: false Elapsed: 51ms
Info 177  [10:14:29.769] Different program with same set of files:: oldProgram.structureIsReused:: 2
Info 178  [10:14:30.850] Starting updateGraphWorker: Project: /home/gandalf/Dev/IT-Project/Frontend/tsconfig.json
Info 179  [10:14:30.883] Finishing updateGraphWorker: Project: /home/gandalf/Dev/IT-Project/Frontend/tsconfig.json Version: 54 structureChanged: false Elapsed: 33ms
Info 180  [10:14:30.883] Different program with same set of files:: oldProgram.structureIsReused:: 2
Info 181  [10:14:32.722] Starting updateGraphWorker: Project: /home/gandalf/Dev/IT-Project/Frontend/tsconfig.json
Info 182  [10:14:32.776] Finishing updateGraphWorker: Project: /home/gandalf/Dev/IT-Project/Frontend/tsconfig.json Version: 55 structureChanged: false Elapsed: 54ms
Info 183  [10:14:32.776] Different program with same set of files:: oldProgram.structureIsReused:: 2
Info 184  [10:14:33.735] Starting updateGraphWorker: Project: /home/gandalf/Dev/IT-Project/Frontend/tsconfig.json
Info 185  [10:14:33.762] Finishing updateGraphWorker: Project: /home/gandalf/Dev/IT-Project/Frontend/tsconfig.json Version: 56 structureChanged: false Elapsed: 27ms
Info 186  [10:14:33.762] Different program with same set of files:: oldProgram.structureIsReused:: 2
Info 187  [10:14:36.203] Starting updateGraphWorker: Project: /home/gandalf/Dev/IT-Project/Frontend/tsconfig.json
Info 188  [10:14:36.231] Finishing updateGraphWorker: Project: /home/gandalf/Dev/IT-Project/Frontend/tsconfig.json Version: 57 structureChanged: false Elapsed: 28ms
Info 189  [10:14:36.231] Different program with same set of files:: oldProgram.structureIsReused:: 2
Info 190  [10:14:37.211] Starting updateGraphWorker: Project: /home/gandalf/Dev/IT-Project/Frontend/tsconfig.json
Info 191  [10:14:37.254] Finishing updateGraphWorker: Project: /home/gandalf/Dev/IT-Project/Frontend/tsconfig.json Version: 58 structureChanged: false Elapsed: 42ms
Info 192  [10:14:37.254] Different program with same set of files:: oldProgram.structureIsReused:: 2
Info 193  [10:14:37.708] Starting updateGraphWorker: Project: /home/gandalf/Dev/IT-Project/Frontend/tsconfig.json
Info 194  [10:14:37.768] Finishing updateGraphWorker: Project: /home/gandalf/Dev/IT-Project/Frontend/tsconfig.json Version: 59 structureChanged: false Elapsed: 60ms
Info 195  [10:14:37.769] Different program with same set of files:: oldProgram.structureIsReused:: 2
Info 196  [10:14:38.326] Starting updateGraphWorker: Project: /home/gandalf/Dev/IT-Project/Frontend/tsconfig.json
Info 197  [10:14:38.349] Finishing updateGraphWorker: Project: /home/gandalf/Dev/IT-Project/Frontend/tsconfig.json Version: 60 structureChanged: false Elapsed: 23ms
Info 198  [10:14:38.349] Different program with same set of files:: oldProgram.structureIsReused:: 2
Info 199  [10:14:39.967] Starting updateGraphWorker: Project: /home/gandalf/Dev/IT-Project/Frontend/tsconfig.json
Info 200  [10:14:40.17] Finishing updateGraphWorker: Project: /home/gandalf/Dev/IT-Project/Frontend/tsconfig.json Version: 61 structureChanged: false Elapsed: 50ms
Info 201  [10:14:40.17] Different program with same set of files:: oldProgram.structureIsReused:: 2
Info 202  [10:14:40.324] Starting updateGraphWorker: Project: /home/gandalf/Dev/IT-Project/Frontend/tsconfig.json
Info 203  [10:14:40.360] Finishing updateGraphWorker: Project: /home/gandalf/Dev/IT-Project/Frontend/tsconfig.json Version: 62 structureChanged: false Elapsed: 36ms
Info 204  [10:14:40.360] Different program with same set of files:: oldProgram.structureIsReused:: 2
Info 205  [10:14:41.856] Starting updateGraphWorker: Project: /home/gandalf/Dev/IT-Project/Frontend/tsconfig.json
Info 206  [10:14:41.877] Finishing updateGraphWorker: Project: /home/gandalf/Dev/IT-Project/Frontend/tsconfig.json Version: 63 structureChanged: false Elapsed: 20ms
Info 207  [10:14:41.877] Different program with same set of files:: oldProgram.structureIsReused:: 2
Info 208  [10:14:47.973] Starting updateGraphWorker: Project: /home/gandalf/Dev/IT-Project/Frontend/tsconfig.json
Info 209  [10:14:48.11] Finishing updateGraphWorker: Project: /home/gandalf/Dev/IT-Project/Frontend/tsconfig.json Version: 64 structureChanged: false Elapsed: 38ms
Info 210  [10:14:48.11] Different program with same set of files:: oldProgram.structureIsReused:: 2
Info 211  [10:14:48.135] Starting updateGraphWorker: Project: /home/gandalf/Dev/IT-Project/Frontend/tsconfig.json
Info 212  [10:14:48.151] Finishing updateGraphWorker: Project: /home/gandalf/Dev/IT-Project/Frontend/tsconfig.json Version: 65 structureChanged: false Elapsed: 16ms
Info 213  [10:14:48.151] Different program with same set of files:: oldProgram.structureIsReused:: 2
Info 214  [10:14:52.276] Starting updateGraphWorker: Project: /home/gandalf/Dev/IT-Project/Frontend/tsconfig.json
Info 215  [10:14:52.313] Finishing updateGraphWorker: Project: /home/gandalf/Dev/IT-Project/Frontend/tsconfig.json Version: 66 structureChanged: false Elapsed: 37ms
Info 216  [10:14:52.313] Different program with same set of files:: oldProgram.structureIsReused:: 2
Info 217  [10:14:59.950] Starting updateGraphWorker: Project: /home/gandalf/Dev/IT-Project/Frontend/tsconfig.json
Info 218  [10:14:59.976] Finishing updateGraphWorker: Project: /home/gandalf/Dev/IT-Project/Frontend/tsconfig.json Version: 67 structureChanged: false Elapsed: 26ms
Info 219  [10:14:59.976] Different program with same set of files:: oldProgram.structureIsReused:: 2
Info 220  [10:15:0.937] Starting updateGraphWorker: Project: /home/gandalf/Dev/IT-Project/Frontend/tsconfig.json
Info 221  [10:15:0.965] Finishing updateGraphWorker: Project: /home/gandalf/Dev/IT-Project/Frontend/tsconfig.json Version: 68 structureChanged: false Elapsed: 28ms
Info 222  [10:15:0.965] Different program with same set of files:: oldProgram.structureIsReused:: 2
Info 223  [10:15:5.792] Starting updateGraphWorker: Project: /home/gandalf/Dev/IT-Project/Frontend/tsconfig.json
Info 224  [10:15:5.844] Finishing updateGraphWorker: Project: /home/gandalf/Dev/IT-Project/Frontend/tsconfig.json Version: 69 structureChanged: false Elapsed: 52ms
Info 225  [10:15:5.844] Different program with same set of files:: oldProgram.structureIsReused:: 2
Info 226  [10:15:8.2] Starting updateGraphWorker: Project: /home/gandalf/Dev/IT-Project/Frontend/tsconfig.json
Info 227  [10:15:8.22] Finishing updateGraphWorker: Project: /home/gandalf/Dev/IT-Project/Frontend/tsconfig.json Version: 70 structureChanged: false Elapsed: 20ms
Info 228  [10:15:8.22] Different program with same set of files:: oldProgram.structureIsReused:: 2
Info 229  [10:15:8.826] Starting updateGraphWorker: Project: /home/gandalf/Dev/IT-Project/Frontend/tsconfig.json
Info 230  [10:15:8.860] Finishing updateGraphWorker: Project: /home/gandalf/Dev/IT-Project/Frontend/tsconfig.json Version: 71 structureChanged: false Elapsed: 34ms
Info 231  [10:15:8.860] Different program with same set of files:: oldProgram.structureIsReused:: 2
Info 232  [10:15:9.231] Starting updateGraphWorker: Project: /home/gandalf/Dev/IT-Project/Frontend/tsconfig.json
Info 233  [10:15:9.260] Finishing updateGraphWorker: Project: /home/gandalf/Dev/IT-Project/Frontend/tsconfig.json Version: 72 structureChanged: false Elapsed: 29ms
Info 234  [10:15:9.260] Different program with same set of files:: oldProgram.structureIsReused:: 2
Info 235  [10:15:11.853] Starting updateGraphWorker: Project: /home/gandalf/Dev/IT-Project/Frontend/tsconfig.json
Info 236  [10:15:11.883] Finishing updateGraphWorker: Project: /home/gandalf/Dev/IT-Project/Frontend/tsconfig.json Version: 73 structureChanged: false Elapsed: 30ms
Info 237  [10:15:11.883] Different program with same set of files:: oldProgram.structureIsReused:: 2
Info 238  [10:15:13.459] Starting updateGraphWorker: Project: /home/gandalf/Dev/IT-Project/Frontend/tsconfig.json
Info 239  [10:15:13.507] Finishing updateGraphWorker: Project: /home/gandalf/Dev/IT-Project/Frontend/tsconfig.json Version: 74 structureChanged: false Elapsed: 48ms
Info 240  [10:15:13.507] Different program with same set of files:: oldProgram.structureIsReused:: 2
Info 241  [10:15:14.468] Starting updateGraphWorker: Project: /home/gandalf/Dev/IT-Project/Frontend/tsconfig.json
Info 242  [10:15:14.487] Finishing updateGraphWorker: Project: /home/gandalf/Dev/IT-Project/Frontend/tsconfig.json Version: 75 structureChanged: false Elapsed: 19ms
Info 243  [10:15:14.487] Different program with same set of files:: oldProgram.structureIsReused:: 2
Info 244  [10:15:22.319] Starting updateGraphWorker: Project: /home/gandalf/Dev/IT-Project/Frontend/tsconfig.json
Info 245  [10:15:22.355] Finishing updateGraphWorker: Project: /home/gandalf/Dev/IT-Project/Frontend/tsconfig.json Version: 76 structureChanged: false Elapsed: 36ms
Info 246  [10:15:22.355] Different program with same set of files:: oldProgram.structureIsReused:: 2
Info 247  [10:15:22.820] Starting updateGraphWorker: Project: /home/gandalf/Dev/IT-Project/Frontend/tsconfig.json
Info 248  [10:15:22.862] Finishing updateGraphWorker: Project: /home/gandalf/Dev/IT-Project/Frontend/tsconfig.json Version: 77 structureChanged: false Elapsed: 42ms
Info 249  [10:15:22.862] Different program with same set of files:: oldProgram.structureIsReused:: 2
Info 250  [10:15:23.316] Starting updateGraphWorker: Project: /home/gandalf/Dev/IT-Project/Frontend/tsconfig.json
Info 251  [10:15:23.352] Finishing updateGraphWorker: Project: /home/gandalf/Dev/IT-Project/Frontend/tsconfig.json Version: 78 structureChanged: false Elapsed: 36ms
Info 252  [10:15:23.352] Different program with same set of files:: oldProgram.structureIsReused:: 2
Info 253  [10:15:23.879] Starting updateGraphWorker: Project: /home/gandalf/Dev/IT-Project/Frontend/tsconfig.json
Info 254  [10:15:23.965] Finishing updateGraphWorker: Project: /home/gandalf/Dev/IT-Project/Frontend/tsconfig.json Version: 79 structureChanged: false Elapsed: 86ms
Info 255  [10:15:23.965] Different program with same set of files:: oldProgram.structureIsReused:: 2
Info 256  [10:15:24.272] Starting updateGraphWorker: Project: /home/gandalf/Dev/IT-Project/Frontend/tsconfig.json
Info 257  [10:15:24.354] Finishing updateGraphWorker: Project: /home/gandalf/Dev/IT-Project/Frontend/tsconfig.json Version: 80 structureChanged: false Elapsed: 82ms
Info 258  [10:15:24.354] Different program with same set of files:: oldProgram.structureIsReused:: 2
Info 259  [10:15:24.895] Starting updateGraphWorker: Project: /home/gandalf/Dev/IT-Project/Frontend/tsconfig.json
Info 260  [10:15:24.945] Finishing updateGraphWorker: Project: /home/gandalf/Dev/IT-Project/Frontend/tsconfig.json Version: 81 structureChanged: false Elapsed: 50ms
Info 261  [10:15:24.945] Different program with same set of files:: oldProgram.structureIsReused:: 2
Info 262  [10:15:25.433] Starting updateGraphWorker: Project: /home/gandalf/Dev/IT-Project/Frontend/tsconfig.json
Info 263  [10:15:25.476] Finishing updateGraphWorker: Project: /home/gandalf/Dev/IT-Project/Frontend/tsconfig.json Version: 82 structureChanged: false Elapsed: 43ms
Info 264  [10:15:25.476] Different program with same set of files:: oldProgram.structureIsReused:: 2
Info 265  [10:15:25.777] Starting updateGraphWorker: Project: /home/gandalf/Dev/IT-Project/Frontend/tsconfig.json
Info 266  [10:15:25.805] Finishing updateGraphWorker: Project: /home/gandalf/Dev/IT-Project/Frontend/tsconfig.json Version: 83 structureChanged: false Elapsed: 28ms
Info 267  [10:15:25.805] Different program with same set of files:: oldProgram.structureIsReused:: 2
Info 268  [10:15:26.146] Starting updateGraphWorker: Project: /home/gandalf/Dev/IT-Project/Frontend/tsconfig.json
Info 269  [10:15:26.162] Finishing updateGraphWorker: Project: /home/gandalf/Dev/IT-Project/Frontend/tsconfig.json Version: 84 structureChanged: false Elapsed: 16ms
Info 270  [10:15:26.163] Different program with same set of files:: oldProgram.structureIsReused:: 2
Info 271  [10:15:26.913] Starting updateGraphWorker: Project: /home/gandalf/Dev/IT-Project/Frontend/tsconfig.json
Info 272  [10:15:26.998] Finishing updateGraphWorker: Project: /home/gandalf/Dev/IT-Project/Frontend/tsconfig.json Version: 85 structureChanged: false Elapsed: 85ms
Info 273  [10:15:26.999] Different program with same set of files:: oldProgram.structureIsReused:: 2
Info 274  [10:15:27.920] Starting updateGraphWorker: Project: /home/gandalf/Dev/IT-Project/Frontend/tsconfig.json
Info 275  [10:15:27.954] Finishing updateGraphWorker: Project: /home/gandalf/Dev/IT-Project/Frontend/tsconfig.json Version: 86 structureChanged: false Elapsed: 34ms
Info 276  [10:15:27.954] Different program with same set of files:: oldProgram.structureIsReused:: 2
Info 277  [10:15:36.264] Starting updateGraphWorker: Project: /home/gandalf/Dev/IT-Project/Frontend/tsconfig.json
Info 278  [10:15:36.293] Finishing updateGraphWorker: Project: /home/gandalf/Dev/IT-Project/Frontend/tsconfig.json Version: 87 structureChanged: false Elapsed: 29ms
Info 279  [10:15:36.293] Different program with same set of files:: oldProgram.structureIsReused:: 2
Info 280  [10:15:36.745] Starting updateGraphWorker: Project: /home/gandalf/Dev/IT-Project/Frontend/tsconfig.json
Info 281  [10:15:36.774] Finishing updateGraphWorker: Project: /home/gandalf/Dev/IT-Project/Frontend/tsconfig.json Version: 88 structureChanged: false Elapsed: 29ms
Info 282  [10:15:36.774] Different program with same set of files:: oldProgram.structureIsReused:: 2
Info 283  [10:15:37.757] Starting updateGraphWorker: Project: /home/gandalf/Dev/IT-Project/Frontend/tsconfig.json
Info 284  [10:15:37.796] Finishing updateGraphWorker: Project: /home/gandalf/Dev/IT-Project/Frontend/tsconfig.json Version: 89 structureChanged: false Elapsed: 38ms
Info 285  [10:15:37.796] Different program with same set of files:: oldProgram.structureIsReused:: 2
Info 286  [10:15:42.459] Starting updateGraphWorker: Project: /home/gandalf/Dev/IT-Project/Frontend/tsconfig.json
Info 287  [10:15:42.488] Finishing updateGraphWorker: Project: /home/gandalf/Dev/IT-Project/Frontend/tsconfig.json Version: 90 structureChanged: false Elapsed: 28ms
Info 288  [10:15:42.489] Different program with same set of files:: oldProgram.structureIsReused:: 2
Info 289  [10:15:54.880] Starting updateGraphWorker: Project: /home/gandalf/Dev/IT-Project/Frontend/tsconfig.json
Info 290  [10:15:54.925] Finishing updateGraphWorker: Project: /home/gandalf/Dev/IT-Project/Frontend/tsconfig.json Version: 91 structureChanged: false Elapsed: 45ms
Info 291  [10:15:54.925] Different program with same set of files:: oldProgram.structureIsReused:: 2
Info 292  [10:15:56.723] Starting updateGraphWorker: Project: /home/gandalf/Dev/IT-Project/Frontend/tsconfig.json
Info 293  [10:15:56.775] Finishing updateGraphWorker: Project: /home/gandalf/Dev/IT-Project/Frontend/tsconfig.json Version: 92 structureChanged: false Elapsed: 52ms
Info 294  [10:15:56.775] Different program with same set of files:: oldProgram.structureIsReused:: 2
Info 295  [10:15:57.190] Starting updateGraphWorker: Project: /home/gandalf/Dev/IT-Project/Frontend/tsconfig.json
Info 296  [10:15:57.227] Finishing updateGraphWorker: Project: /home/gandalf/Dev/IT-Project/Frontend/tsconfig.json Version: 93 structureChanged: false Elapsed: 37ms
Info 297  [10:15:57.227] Different program with same set of files:: oldProgram.structureIsReused:: 2
Info 298  [10:15:57.668] Starting updateGraphWorker: Project: /home/gandalf/Dev/IT-Project/Frontend/tsconfig.json
Info 299  [10:15:57.754] Finishing updateGraphWorker: Project: /home/gandalf/Dev/IT-Project/Frontend/tsconfig.json Version: 94 structureChanged: false Elapsed: 86ms
Info 300  [10:15:57.754] Different program with same set of files:: oldProgram.structureIsReused:: 2
Info 301  [10:15:58.722] Starting updateGraphWorker: Project: /home/gandalf/Dev/IT-Project/Frontend/tsconfig.json
Info 302  [10:15:58.777] Finishing updateGraphWorker: Project: /home/gandalf/Dev/IT-Project/Frontend/tsconfig.json Version: 95 structureChanged: false Elapsed: 55ms
Info 303  [10:15:58.777] Different program with same set of files:: oldProgram.structureIsReused:: 2
Info 304  [10:15:59.162] Starting updateGraphWorker: Project: /home/gandalf/Dev/IT-Project/Frontend/tsconfig.json
Info 305  [10:15:59.196] Finishing updateGraphWorker: Project: /home/gandalf/Dev/IT-Project/Frontend/tsconfig.json Version: 96 structureChanged: false Elapsed: 34ms
Info 306  [10:15:59.196] Different program with same set of files:: oldProgram.structureIsReused:: 2
Info 307  [10:15:59.525] Starting updateGraphWorker: Project: /home/gandalf/Dev/IT-Project/Frontend/tsconfig.json
Info 308  [10:15:59.552] Finishing updateGraphWorker: Project: /home/gandalf/Dev/IT-Project/Frontend/tsconfig.json Version: 97 structureChanged: false Elapsed: 27ms
Info 309  [10:15:59.552] Different program with same set of files:: oldProgram.structureIsReused:: 2
Info 310  [10:16:2.469] Starting updateGraphWorker: Project: /home/gandalf/Dev/IT-Project/Frontend/tsconfig.json
Info 311  [10:16:2.494] Finishing updateGraphWorker: Project: /home/gandalf/Dev/IT-Project/Frontend/tsconfig.json Version: 98 structureChanged: false Elapsed: 25ms
Info 312  [10:16:2.494] Different program with same set of files:: oldProgram.structureIsReused:: 2
Info 313  [10:16:3.932] Starting updateGraphWorker: Project: /home/gandalf/Dev/IT-Project/Frontend/tsconfig.json
Info 314  [10:16:3.995] Finishing updateGraphWorker: Project: /home/gandalf/Dev/IT-Project/Frontend/tsconfig.json Version: 99 structureChanged: false Elapsed: 63ms
Info 315  [10:16:3.995] Different program with same set of files:: oldProgram.structureIsReused:: 2
Info 316  [10:16:4.989] Starting updateGraphWorker: Project: /home/gandalf/Dev/IT-Project/Frontend/tsconfig.json
Info 317  [10:16:5.13] Finishing updateGraphWorker: Project: /home/gandalf/Dev/IT-Project/Frontend/tsconfig.json Version: 100 structureChanged: false Elapsed: 23ms
Info 318  [10:16:5.13] Different program with same set of files:: oldProgram.structureIsReused:: 2
Info 319  [10:16:5.345] Starting updateGraphWorker: Project: /home/gandalf/Dev/IT-Project/Frontend/tsconfig.json
Info 320  [10:16:5.371] Finishing updateGraphWorker: Project: /home/gandalf/Dev/IT-Project/Frontend/tsconfig.json Version: 101 structureChanged: false Elapsed: 26ms
Info 321  [10:16:5.371] Different program with same set of files:: oldProgram.structureIsReused:: 2
Info 322  [10:16:6.503] Starting updateGraphWorker: Project: /home/gandalf/Dev/IT-Project/Frontend/tsconfig.json
Info 323  [10:16:6.555] Finishing updateGraphWorker: Project: /home/gandalf/Dev/IT-Project/Frontend/tsconfig.json Version: 102 structureChanged: false Elapsed: 52ms
Info 324  [10:16:6.555] Different program with same set of files:: oldProgram.structureIsReused:: 2
Info 325  [10:16:6.832] Starting updateGraphWorker: Project: /home/gandalf/Dev/IT-Project/Frontend/tsconfig.json
Info 326  [10:16:6.856] Finishing updateGraphWorker: Project: /home/gandalf/Dev/IT-Project/Frontend/tsconfig.json Version: 103 structureChanged: false Elapsed: 24ms
Info 327  [10:16:6.857] Different program with same set of files:: oldProgram.structureIsReused:: 2
Info 328  [10:16:7.495] Starting updateGraphWorker: Project: /home/gandalf/Dev/IT-Project/Frontend/tsconfig.json
Info 329  [10:16:7.543] Finishing updateGraphWorker: Project: /home/gandalf/Dev/IT-Project/Frontend/tsconfig.json Version: 104 structureChanged: false Elapsed: 48ms
Info 330  [10:16:7.543] Different program with same set of files:: oldProgram.structureIsReused:: 2
Info 331  [10:16:8.219] Starting updateGraphWorker: Project: /home/gandalf/Dev/IT-Project/Frontend/tsconfig.json
Info 332  [10:16:8.236] Finishing updateGraphWorker: Project: /home/gandalf/Dev/IT-Project/Frontend/tsconfig.json Version: 105 structureChanged: false Elapsed: 17ms
Info 333  [10:16:8.237] Different program with same set of files:: oldProgram.structureIsReused:: 2
Info 334  [10:16:8.873] Starting updateGraphWorker: Project: /home/gandalf/Dev/IT-Project/Frontend/tsconfig.json
Info 335  [10:16:8.913] Finishing updateGraphWorker: Project: /home/gandalf/Dev/IT-Project/Frontend/tsconfig.json Version: 106 structureChanged: false Elapsed: 39ms
Info 336  [10:16:8.913] Different program with same set of files:: oldProgram.structureIsReused:: 2
Info 337  [10:16:9.559] Starting updateGraphWorker: Project: /home/gandalf/Dev/IT-Project/Frontend/tsconfig.json
Info 338  [10:16:9.585] Finishing updateGraphWorker: Project: /home/gandalf/Dev/IT-Project/Frontend/tsconfig.json Version: 107 structureChanged: false Elapsed: 26ms
Info 339  [10:16:9.585] Different program with same set of files:: oldProgram.structureIsReused:: 2
Info 340  [10:16:10.12] Starting updateGraphWorker: Project: /home/gandalf/Dev/IT-Project/Frontend/tsconfig.json
Info 341  [10:16:10.64] Finishing updateGraphWorker: Project: /home/gandalf/Dev/IT-Project/Frontend/tsconfig.json Version: 108 structureChanged: false Elapsed: 52ms
Info 342  [10:16:10.64] Different program with same set of files:: oldProgram.structureIsReused:: 2
Info 343  [10:16:10.171] Starting updateGraphWorker: Project: /home/gandalf/Dev/IT-Project/Frontend/tsconfig.json
Info 344  [10:16:10.205] Finishing updateGraphWorker: Project: /home/gandalf/Dev/IT-Project/Frontend/tsconfig.json Version: 109 structureChanged: false Elapsed: 34ms
Info 345  [10:16:10.205] Different program with same set of files:: oldProgram.structureIsReused:: 2
Info 346  [10:16:11.298] Starting updateGraphWorker: Project: /home/gandalf/Dev/IT-Project/Frontend/tsconfig.json
Info 347  [10:16:11.335] Finishing updateGraphWorker: Project: /home/gandalf/Dev/IT-Project/Frontend/tsconfig.json Version: 110 structureChanged: false Elapsed: 37ms
Info 348  [10:16:11.335] Different program with same set of files:: oldProgram.structureIsReused:: 2
Info 349  [10:16:11.722] Starting updateGraphWorker: Project: /home/gandalf/Dev/IT-Project/Frontend/tsconfig.json
Info 350  [10:16:11.753] Finishing updateGraphWorker: Project: /home/gandalf/Dev/IT-Project/Frontend/tsconfig.json Version: 111 structureChanged: false Elapsed: 31ms
Info 351  [10:16:11.753] Different program with same set of files:: oldProgram.structureIsReused:: 2
Info 352  [10:16:14.30] Starting updateGraphWorker: Project: /home/gandalf/Dev/IT-Project/Frontend/tsconfig.json
Info 353  [10:16:14.50] Finishing updateGraphWorker: Project: /home/gandalf/Dev/IT-Project/Frontend/tsconfig.json Version: 112 structureChanged: false Elapsed: 20ms
Info 354  [10:16:14.50] Different program with same set of files:: oldProgram.structureIsReused:: 2
Info 355  [10:16:14.361] Starting updateGraphWorker: Project: /home/gandalf/Dev/IT-Project/Frontend/tsconfig.json
Info 356  [10:16:14.401] Finishing updateGraphWorker: Project: /home/gandalf/Dev/IT-Project/Frontend/tsconfig.json Version: 113 structureChanged: false Elapsed: 40ms
Info 357  [10:16:14.401] Different program with same set of files:: oldProgram.structureIsReused:: 2
Info 358  [10:16:15.270] Starting updateGraphWorker: Project: /home/gandalf/Dev/IT-Project/Frontend/tsconfig.json
Info 359  [10:16:15.286] Finishing updateGraphWorker: Project: /home/gandalf/Dev/IT-Project/Frontend/tsconfig.json Version: 114 structureChanged: false Elapsed: 16ms
Info 360  [10:16:15.286] Different program with same set of files:: oldProgram.structureIsReused:: 2
Info 361  [10:19:44.537] Starting updateGraphWorker: Project: /home/gandalf/Dev/IT-Project/Frontend/tsconfig.json
Info 362  [10:19:44.585] Finishing updateGraphWorker: Project: /home/gandalf/Dev/IT-Project/Frontend/tsconfig.json Version: 115 structureChanged: false Elapsed: 48ms
Info 363  [10:19:44.585] Different program with same set of files:: oldProgram.structureIsReused:: 2
Info 364  [10:19:45.103] Starting updateGraphWorker: Project: /home/gandalf/Dev/IT-Project/Frontend/tsconfig.json
Info 365  [10:19:45.198] Finishing updateGraphWorker: Project: /home/gandalf/Dev/IT-Project/Frontend/tsconfig.json Version: 116 structureChanged: false Elapsed: 95ms
Info 366  [10:19:45.198] Different program with same set of files:: oldProgram.structureIsReused:: 2
Info 367  [10:19:45.568] Starting updateGraphWorker: Project: /home/gandalf/Dev/IT-Project/Frontend/tsconfig.json
Info 368  [10:19:45.607] Finishing updateGraphWorker: Project: /home/gandalf/Dev/IT-Project/Frontend/tsconfig.json Version: 117 structureChanged: false Elapsed: 39ms
Info 369  [10:19:45.607] Different program with same set of files:: oldProgram.structureIsReused:: 2
Info 370  [10:19:46.17] Starting updateGraphWorker: Project: /home/gandalf/Dev/IT-Project/Frontend/tsconfig.json
Info 371  [10:19:46.85] Finishing updateGraphWorker: Project: /home/gandalf/Dev/IT-Project/Frontend/tsconfig.json Version: 118 structureChanged: false Elapsed: 68ms
Info 372  [10:19:46.85] Different program with same set of files:: oldProgram.structureIsReused:: 2
Info 373  [10:19:47.27] Starting updateGraphWorker: Project: /home/gandalf/Dev/IT-Project/Frontend/tsconfig.json
Info 374  [10:19:47.60] Finishing updateGraphWorker: Project: /home/gandalf/Dev/IT-Project/Frontend/tsconfig.json Version: 119 structureChanged: false Elapsed: 33ms
Info 375  [10:19:47.60] Different program with same set of files:: oldProgram.structureIsReused:: 2
Info 376  [10:19:51.493] Starting updateGraphWorker: Project: /home/gandalf/Dev/IT-Project/Frontend/tsconfig.json
Info 377  [10:19:51.551] Finishing updateGraphWorker: Project: /home/gandalf/Dev/IT-Project/Frontend/tsconfig.json Version: 120 structureChanged: false Elapsed: 58ms
Info 378  [10:19:51.551] Different program with same set of files:: oldProgram.structureIsReused:: 2
Info 379  [10:20:12.107] Starting updateGraphWorker: Project: /home/gandalf/Dev/IT-Project/Frontend/tsconfig.json
Info 380  [10:20:12.146] Finishing updateGraphWorker: Project: /home/gandalf/Dev/IT-Project/Frontend/tsconfig.json Version: 121 structureChanged: false Elapsed: 38ms
Info 381  [10:20:12.146] Different program with same set of files:: oldProgram.structureIsReused:: 2
Info 382  [10:20:34.741] Starting updateGraphWorker: Project: /home/gandalf/Dev/IT-Project/Frontend/tsconfig.json
Info 383  [10:20:34.796] Finishing updateGraphWorker: Project: /home/gandalf/Dev/IT-Project/Frontend/tsconfig.json Version: 122 structureChanged: false Elapsed: 55ms
Info 384  [10:20:34.796] Different program with same set of files:: oldProgram.structureIsReused:: 2
Info 385  [10:28:15.503] Starting updateGraphWorker: Project: /home/gandalf/Dev/IT-Project/Frontend/tsconfig.json
Info 386  [10:28:15.571] Finishing updateGraphWorker: Project: /home/gandalf/Dev/IT-Project/Frontend/tsconfig.json Version: 123 structureChanged: false Elapsed: 68ms
Info 387  [10:28:15.571] Different program with same set of files:: oldProgram.structureIsReused:: 2
Info 388  [10:28:18.81] Starting updateGraphWorker: Project: /home/gandalf/Dev/IT-Project/Frontend/tsconfig.json
Info 389  [10:28:18.141] Finishing updateGraphWorker: Project: /home/gandalf/Dev/IT-Project/Frontend/tsconfig.json Version: 124 structureChanged: false Elapsed: 59ms
Info 390  [10:28:18.141] Different program with same set of files:: oldProgram.structureIsReused:: 2
Info 391  [10:28:39.56] Starting updateGraphWorker: Project: /home/gandalf/Dev/IT-Project/Frontend/tsconfig.json
Info 392  [10:28:39.123] Finishing updateGraphWorker: Project: /home/gandalf/Dev/IT-Project/Frontend/tsconfig.json Version: 125 structureChanged: false Elapsed: 67ms
Info 393  [10:28:39.123] Different program with same set of files:: oldProgram.structureIsReused:: 2
Info 394  [10:29:6.912] Starting updateGraphWorker: Project: /home/gandalf/Dev/IT-Project/Frontend/tsconfig.json
Info 395  [10:29:6.982] Finishing updateGraphWorker: Project: /home/gandalf/Dev/IT-Project/Frontend/tsconfig.json Version: 126 structureChanged: false Elapsed: 69ms
Info 396  [10:29:6.982] Different program with same set of files:: oldProgram.structureIsReused:: 2
Info 397  [10:29:9.638] Starting updateGraphWorker: Project: /home/gandalf/Dev/IT-Project/Frontend/tsconfig.json
Info 398  [10:29:9.673] Finishing updateGraphWorker: Project: /home/gandalf/Dev/IT-Project/Frontend/tsconfig.json Version: 127 structureChanged: false Elapsed: 35ms
Info 399  [10:29:9.674] Different program with same set of files:: oldProgram.structureIsReused:: 2
Info 400  [10:29:12.339] Starting updateGraphWorker: Project: /home/gandalf/Dev/IT-Project/Frontend/tsconfig.json
Info 401  [10:29:12.365] Finishing updateGraphWorker: Project: /home/gandalf/Dev/IT-Project/Frontend/tsconfig.json Version: 128 structureChanged: false Elapsed: 26ms
Info 402  [10:29:12.365] Different program with same set of files:: oldProgram.structureIsReused:: 2
Info 403  [10:29:13.419] Starting updateGraphWorker: Project: /home/gandalf/Dev/IT-Project/Frontend/tsconfig.json
Info 404  [10:29:13.445] Finishing updateGraphWorker: Project: /home/gandalf/Dev/IT-Project/Frontend/tsconfig.json Version: 129 structureChanged: false Elapsed: 26ms
Info 405  [10:29:13.445] Different program with same set of files:: oldProgram.structureIsReused:: 2
Info 406  [10:29:16.784] Starting updateGraphWorker: Project: /home/gandalf/Dev/IT-Project/Frontend/tsconfig.json
Info 407  [10:29:16.825] Finishing updateGraphWorker: Project: /home/gandalf/Dev/IT-Project/Frontend/tsconfig.json Version: 130 structureChanged: false Elapsed: 41ms
Info 408  [10:29:16.825] Different program with same set of files:: oldProgram.structureIsReused:: 2
Info 409  [10:29:17.888] Starting updateGraphWorker: Project: /home/gandalf/Dev/IT-Project/Frontend/tsconfig.json
Info 410  [10:29:17.919] Finishing updateGraphWorker: Project: /home/gandalf/Dev/IT-Project/Frontend/tsconfig.json Version: 131 structureChanged: false Elapsed: 31ms
Info 411  [10:29:17.920] Different program with same set of files:: oldProgram.structureIsReused:: 2
Info 412  [10:29:20.119] Starting updateGraphWorker: Project: /home/gandalf/Dev/IT-Project/Frontend/tsconfig.json
Info 413  [10:29:20.143] Finishing updateGraphWorker: Project: /home/gandalf/Dev/IT-Project/Frontend/tsconfig.json Version: 132 structureChanged: false Elapsed: 24ms
Info 414  [10:29:20.143] Different program with same set of files:: oldProgram.structureIsReused:: 2
Info 415  [10:29:21.24] Starting updateGraphWorker: Project: /home/gandalf/Dev/IT-Project/Frontend/tsconfig.json
Info 416  [10:29:21.47] Finishing updateGraphWorker: Project: /home/gandalf/Dev/IT-Project/Frontend/tsconfig.json Version: 133 structureChanged: false Elapsed: 23ms
Info 417  [10:29:21.47] Different program with same set of files:: oldProgram.structureIsReused:: 2
Info 418  [10:29:22.473] Starting updateGraphWorker: Project: /home/gandalf/Dev/IT-Project/Frontend/tsconfig.json
Info 419  [10:29:22.508] Finishing updateGraphWorker: Project: /home/gandalf/Dev/IT-Project/Frontend/tsconfig.json Version: 134 structureChanged: false Elapsed: 35ms
Info 420  [10:29:22.508] Different program with same set of files:: oldProgram.structureIsReused:: 2
Info 421  [10:29:27.138] Starting updateGraphWorker: Project: /home/gandalf/Dev/IT-Project/Frontend/tsconfig.json
Info 422  [10:29:27.159] Finishing updateGraphWorker: Project: /home/gandalf/Dev/IT-Project/Frontend/tsconfig.json Version: 135 structureChanged: false Elapsed: 21ms
Info 423  [10:29:27.159] Different program with same set of files:: oldProgram.structureIsReused:: 2
Info 424  [10:29:34.511] Starting updateGraphWorker: Project: /home/gandalf/Dev/IT-Project/Frontend/tsconfig.json
Info 425  [10:29:34.530] Finishing updateGraphWorker: Project: /home/gandalf/Dev/IT-Project/Frontend/tsconfig.json Version: 136 structureChanged: false Elapsed: 19ms
Info 426  [10:29:34.530] Different program with same set of files:: oldProgram.structureIsReused:: 2
Info 427  [10:29:38.161] Search path: /home/gandalf/Dev/IT-Project/Frontend/src/app/components/log-in
Info 428  [10:29:38.162] For info: /home/gandalf/Dev/IT-Project/Frontend/src/app/components/log-in/log-in.component.html :: Config file name: /home/gandalf/Dev/IT-Project/Frontend/tsconfig.json
Info 429  [10:29:38.166] Loading global plugin @angular/language-service
Info 430  [10:29:38.167] Enabling plugin @angular/language-service from candidate paths: /home/gandalf/.vscode/extensions/angular.ng-template-0.900.2/node_modules/typescript/lib/tsserverlibrary.js/../../..,/home/gandalf/.vscode/extensions/angular.ng-template-0.900.2/server/node_modules/@angular/language-service/bundles/language-service.umd.js
Info 431  [10:29:38.167] Loading @angular/language-service from /home/gandalf/.vscode/extensions/angular.ng-template-0.900.2/node_modules/typescript/lib/tsserverlibrary.js/../../.. (resolved to /home/gandalf/.vscode/extensions/angular.ng-template-0.900.2/node_modules/node_modules)
Info 432  [10:29:38.169] Loading @angular/language-service from /home/gandalf/.vscode/extensions/angular.ng-template-0.900.2/server/node_modules/@angular/language-service/bundles/language-service.umd.js (resolved to /home/gandalf/.vscode/extensions/angular.ng-template-0.900.2/server/node_modules/@angular/language-service/bundles/language-service.umd.js/node_modules)
Info 433  [10:29:38.289] Plugin validation succeded
Info 434  [10:29:38.297] Starting updateGraphWorker: Project: /dev/null/inferredProject1*
Info 435  [10:29:39.965] Finishing updateGraphWorker: Project: /dev/null/inferredProject1* Version: 1 structureChanged: true Elapsed: 1667ms
Info 436  [10:29:39.965] Project '/dev/null/inferredProject1*' (Inferred) 
Info 437  [10:29:39.965] 	Files (26)

Info 438  [10:29:39.965] -----------------------------------------------
Info 439  [10:29:39.968] Search path: /home/gandalf/Dev/IT-Project/Frontend/src/app/components/log-in
Info 440  [10:29:39.968] For info: /home/gandalf/Dev/IT-Project/Frontend/src/app/components/log-in/log-in.component.html :: Config file name: /home/gandalf/Dev/IT-Project/Frontend/tsconfig.json
Info 441  [10:29:50.134] Starting updateGraphWorker: Project: /home/gandalf/Dev/IT-Project/Frontend/tsconfig.json
Info 442  [10:29:50.172] Finishing updateGraphWorker: Project: /home/gandalf/Dev/IT-Project/Frontend/tsconfig.json Version: 137 structureChanged: false Elapsed: 38ms
Info 443  [10:29:50.172] Project '/home/gandalf/Dev/IT-Project/Frontend/tsconfig.json' (Configured) 
Info 444  [10:29:50.172] 	Files (919)

Info 445  [10:29:50.172] -----------------------------------------------
Info 446  [10:29:53.305] Starting updateGraphWorker: Project: /home/gandalf/Dev/IT-Project/Frontend/tsconfig.json
Info 447  [10:29:53.344] Finishing updateGraphWorker: Project: /home/gandalf/Dev/IT-Project/Frontend/tsconfig.json Version: 138 structureChanged: false Elapsed: 39ms
Info 448  [10:29:53.344] Different program with same set of files:: oldProgram.structureIsReused:: 2
Info 449  [10:29:54.308] Starting updateGraphWorker: Project: /home/gandalf/Dev/IT-Project/Frontend/tsconfig.json
Info 450  [10:29:54.369] Finishing updateGraphWorker: Project: /home/gandalf/Dev/IT-Project/Frontend/tsconfig.json Version: 139 structureChanged: false Elapsed: 61ms
Info 451  [10:29:54.369] Different program with same set of files:: oldProgram.structureIsReused:: 2
Info 452  [10:29:56.495] Starting updateGraphWorker: Project: /home/gandalf/Dev/IT-Project/Frontend/tsconfig.json
Info 453  [10:29:56.539] Finishing updateGraphWorker: Project: /home/gandalf/Dev/IT-Project/Frontend/tsconfig.json Version: 140 structureChanged: false Elapsed: 44ms
Info 454  [10:29:56.539] Different program with same set of files:: oldProgram.structureIsReused:: 2
Info 455  [10:29:56.812] Starting updateGraphWorker: Project: /home/gandalf/Dev/IT-Project/Frontend/tsconfig.json
Info 456  [10:29:56.830] Finishing updateGraphWorker: Project: /home/gandalf/Dev/IT-Project/Frontend/tsconfig.json Version: 141 structureChanged: false Elapsed: 18ms
Info 457  [10:29:56.830] Different program with same set of files:: oldProgram.structureIsReused:: 2
Info 458  [10:29:59.429] Starting updateGraphWorker: Project: /home/gandalf/Dev/IT-Project/Frontend/tsconfig.json
Info 459  [10:29:59.461] Finishing updateGraphWorker: Project: /home/gandalf/Dev/IT-Project/Frontend/tsconfig.json Version: 142 structureChanged: false Elapsed: 32ms
Info 460  [10:29:59.461] Different program with same set of files:: oldProgram.structureIsReused:: 2
Info 461  [10:30:7.849] Starting updateGraphWorker: Project: /home/gandalf/Dev/IT-Project/Frontend/tsconfig.json
Info 462  [10:30:7.895] Finishing updateGraphWorker: Project: /home/gandalf/Dev/IT-Project/Frontend/tsconfig.json Version: 143 structureChanged: false Elapsed: 46ms
Info 463  [10:30:7.895] Different program with same set of files:: oldProgram.structureIsReused:: 2
Info 464  [10:30:8.680] Starting updateGraphWorker: Project: /home/gandalf/Dev/IT-Project/Frontend/tsconfig.json
Info 465  [10:30:8.697] Finishing updateGraphWorker: Project: /home/gandalf/Dev/IT-Project/Frontend/tsconfig.json Version: 144 structureChanged: false Elapsed: 17ms
Info 466  [10:30:8.698] Different program with same set of files:: oldProgram.structureIsReused:: 2
Info 467  [10:30:9.190] Starting updateGraphWorker: Project: /home/gandalf/Dev/IT-Project/Frontend/tsconfig.json
Info 468  [10:30:9.208] Finishing updateGraphWorker: Project: /home/gandalf/Dev/IT-Project/Frontend/tsconfig.json Version: 145 structureChanged: false Elapsed: 18ms
Info 469  [10:30:9.208] Different program with same set of files:: oldProgram.structureIsReused:: 2
Info 470  [10:30:9.698] Starting updateGraphWorker: Project: /home/gandalf/Dev/IT-Project/Frontend/tsconfig.json
Info 471  [10:30:9.722] Finishing updateGraphWorker: Project: /home/gandalf/Dev/IT-Project/Frontend/tsconfig.json Version: 146 structureChanged: false Elapsed: 24ms
Info 472  [10:30:9.722] Different program with same set of files:: oldProgram.structureIsReused:: 2
Info 473  [10:30:12.142] Starting updateGraphWorker: Project: /home/gandalf/Dev/IT-Project/Frontend/tsconfig.json
Info 474  [10:30:12.161] Finishing updateGraphWorker: Project: /home/gandalf/Dev/IT-Project/Frontend/tsconfig.json Version: 147 structureChanged: false Elapsed: 18ms
Info 475  [10:30:12.161] Different program with same set of files:: oldProgram.structureIsReused:: 2
Info 476  [10:30:13.676] Starting updateGraphWorker: Project: /home/gandalf/Dev/IT-Project/Frontend/tsconfig.json
Info 477  [10:30:13.719] Finishing updateGraphWorker: Project: /home/gandalf/Dev/IT-Project/Frontend/tsconfig.json Version: 148 structureChanged: false Elapsed: 43ms
Info 478  [10:30:13.719] Different program with same set of files:: oldProgram.structureIsReused:: 2
Info 479  [10:30:14.256] Starting updateGraphWorker: Project: /home/gandalf/Dev/IT-Project/Frontend/tsconfig.json
Info 480  [10:30:14.298] Finishing updateGraphWorker: Project: /home/gandalf/Dev/IT-Project/Frontend/tsconfig.json Version: 149 structureChanged: false Elapsed: 42ms
Info 481  [10:30:14.298] Different program with same set of files:: oldProgram.structureIsReused:: 2
Info 482  [10:31:0.567] Starting updateGraphWorker: Project: /home/gandalf/Dev/IT-Project/Frontend/tsconfig.json
Info 483  [10:31:0.648] Finishing updateGraphWorker: Project: /home/gandalf/Dev/IT-Project/Frontend/tsconfig.json Version: 150 structureChanged: false Elapsed: 81ms
Info 484  [10:31:0.648] Different program with same set of files:: oldProgram.structureIsReused:: 2
Info 485  [10:31:6.479] Starting updateGraphWorker: Project: /home/gandalf/Dev/IT-Project/Frontend/tsconfig.json
Info 486  [10:31:6.510] Finishing updateGraphWorker: Project: /home/gandalf/Dev/IT-Project/Frontend/tsconfig.json Version: 151 structureChanged: false Elapsed: 31ms
Info 487  [10:31:6.511] Different program with same set of files:: oldProgram.structureIsReused:: 2
Info 488  [10:31:8.185] Starting updateGraphWorker: Project: /home/gandalf/Dev/IT-Project/Frontend/tsconfig.json
Info 489  [10:31:8.211] Finishing updateGraphWorker: Project: /home/gandalf/Dev/IT-Project/Frontend/tsconfig.json Version: 152 structureChanged: false Elapsed: 26ms
Info 490  [10:31:8.211] Different program with same set of files:: oldProgram.structureIsReused:: 2
Info 491  [10:31:11.544] Starting updateGraphWorker: Project: /home/gandalf/Dev/IT-Project/Frontend/tsconfig.json
Info 492  [10:31:11.575] Finishing updateGraphWorker: Project: /home/gandalf/Dev/IT-Project/Frontend/tsconfig.json Version: 153 structureChanged: false Elapsed: 31ms
Info 493  [10:31:11.576] Different program with same set of files:: oldProgram.structureIsReused:: 2
Info 494  [10:31:21.104] Starting updateGraphWorker: Project: /home/gandalf/Dev/IT-Project/Frontend/tsconfig.json
Info 495  [10:31:21.159] Finishing updateGraphWorker: Project: /home/gandalf/Dev/IT-Project/Frontend/tsconfig.json Version: 154 structureChanged: false Elapsed: 55ms
Info 496  [10:31:21.159] Different program with same set of files:: oldProgram.structureIsReused:: 2
Info 497  [10:31:21.605] Starting updateGraphWorker: Project: /home/gandalf/Dev/IT-Project/Frontend/tsconfig.json
Info 498  [10:31:21.626] Finishing updateGraphWorker: Project: /home/gandalf/Dev/IT-Project/Frontend/tsconfig.json Version: 155 structureChanged: false Elapsed: 21ms
Info 499  [10:31:21.626] Different program with same set of files:: oldProgram.structureIsReused:: 2
Info 500  [10:31:22.482] Starting updateGraphWorker: Project: /home/gandalf/Dev/IT-Project/Frontend/tsconfig.json
Info 501  [10:31:22.506] Finishing updateGraphWorker: Project: /home/gandalf/Dev/IT-Project/Frontend/tsconfig.json Version: 156 structureChanged: false Elapsed: 24ms
Info 502  [10:31:22.506] Different program with same set of files:: oldProgram.structureIsReused:: 2
Info 503  [10:31:22.844] Starting updateGraphWorker: Project: /home/gandalf/Dev/IT-Project/Frontend/tsconfig.json
Info 504  [10:31:22.865] Finishing updateGraphWorker: Project: /home/gandalf/Dev/IT-Project/Frontend/tsconfig.json Version: 157 structureChanged: false Elapsed: 21ms
Info 505  [10:31:22.865] Different program with same set of files:: oldProgram.structureIsReused:: 2
Info 506  [10:31:22.916] Starting updateGraphWorker: Project: /home/gandalf/Dev/IT-Project/Frontend/tsconfig.json
Info 507  [10:31:22.947] Finishing updateGraphWorker: Project: /home/gandalf/Dev/IT-Project/Frontend/tsconfig.json Version: 158 structureChanged: false Elapsed: 31ms
Info 508  [10:31:22.947] Different program with same set of files:: oldProgram.structureIsReused:: 2
Info 509  [10:31:23.205] Starting updateGraphWorker: Project: /home/gandalf/Dev/IT-Project/Frontend/tsconfig.json
Info 510  [10:31:23.232] Finishing updateGraphWorker: Project: /home/gandalf/Dev/IT-Project/Frontend/tsconfig.json Version: 159 structureChanged: false Elapsed: 27ms
Info 511  [10:31:23.232] Different program with same set of files:: oldProgram.structureIsReused:: 2
Info 512  [10:31:23.799] Starting updateGraphWorker: Project: /home/gandalf/Dev/IT-Project/Frontend/tsconfig.json
Info 513  [10:31:23.826] Finishing updateGraphWorker: Project: /home/gandalf/Dev/IT-Project/Frontend/tsconfig.json Version: 160 structureChanged: false Elapsed: 27ms
Info 514  [10:31:23.826] Different program with same set of files:: oldProgram.structureIsReused:: 2
Info 515  [10:31:24.64] Starting updateGraphWorker: Project: /home/gandalf/Dev/IT-Project/Frontend/tsconfig.json
Info 516  [10:31:24.82] Finishing updateGraphWorker: Project: /home/gandalf/Dev/IT-Project/Frontend/tsconfig.json Version: 161 structureChanged: false Elapsed: 18ms
Info 517  [10:31:24.82] Different program with same set of files:: oldProgram.structureIsReused:: 2
Info 518  [10:31:24.678] Starting updateGraphWorker: Project: /home/gandalf/Dev/IT-Project/Frontend/tsconfig.json
Info 519  [10:31:24.715] Finishing updateGraphWorker: Project: /home/gandalf/Dev/IT-Project/Frontend/tsconfig.json Version: 162 structureChanged: false Elapsed: 37ms
Info 520  [10:31:24.715] Different program with same set of files:: oldProgram.structureIsReused:: 2
Info 521  [10:31:24.971] Starting updateGraphWorker: Project: /home/gandalf/Dev/IT-Project/Frontend/tsconfig.json
Info 522  [10:31:24.991] Finishing updateGraphWorker: Project: /home/gandalf/Dev/IT-Project/Frontend/tsconfig.json Version: 163 structureChanged: false Elapsed: 19ms
Info 523  [10:31:24.991] Different program with same set of files:: oldProgram.structureIsReused:: 2
Info 524  [10:31:25.263] Starting updateGraphWorker: Project: /home/gandalf/Dev/IT-Project/Frontend/tsconfig.json
Info 525  [10:31:25.299] Finishing updateGraphWorker: Project: /home/gandalf/Dev/IT-Project/Frontend/tsconfig.json Version: 164 structureChanged: false Elapsed: 36ms
Info 526  [10:31:25.299] Different program with same set of files:: oldProgram.structureIsReused:: 2
Info 527  [10:31:25.985] Starting updateGraphWorker: Project: /home/gandalf/Dev/IT-Project/Frontend/tsconfig.json
Info 528  [10:31:26.1] Finishing updateGraphWorker: Project: /home/gandalf/Dev/IT-Project/Frontend/tsconfig.json Version: 165 structureChanged: false Elapsed: 16ms
Info 529  [10:31:26.1] Different program with same set of files:: oldProgram.structureIsReused:: 2
Info 530  [10:31:26.529] Starting updateGraphWorker: Project: /home/gandalf/Dev/IT-Project/Frontend/tsconfig.json
Info 531  [10:31:26.561] Finishing updateGraphWorker: Project: /home/gandalf/Dev/IT-Project/Frontend/tsconfig.json Version: 166 structureChanged: false Elapsed: 32ms
Info 532  [10:31:26.561] Different program with same set of files:: oldProgram.structureIsReused:: 2
Info 533  [10:31:28.341] Starting updateGraphWorker: Project: /home/gandalf/Dev/IT-Project/Frontend/tsconfig.json
Info 534  [10:31:28.361] Finishing updateGraphWorker: Project: /home/gandalf/Dev/IT-Project/Frontend/tsconfig.json Version: 167 structureChanged: false Elapsed: 20ms
Info 535  [10:31:28.361] Different program with same set of files:: oldProgram.structureIsReused:: 2
Info 536  [10:31:28.965] Starting updateGraphWorker: Project: /home/gandalf/Dev/IT-Project/Frontend/tsconfig.json
Info 537  [10:31:28.982] Finishing updateGraphWorker: Project: /home/gandalf/Dev/IT-Project/Frontend/tsconfig.json Version: 168 structureChanged: false Elapsed: 17ms
Info 538  [10:31:28.982] Different program with same set of files:: oldProgram.structureIsReused:: 2
Info 539  [10:31:31.488] Starting updateGraphWorker: Project: /home/gandalf/Dev/IT-Project/Frontend/tsconfig.json
Info 540  [10:31:31.507] Finishing updateGraphWorker: Project: /home/gandalf/Dev/IT-Project/Frontend/tsconfig.json Version: 169 structureChanged: false Elapsed: 19ms
Info 541  [10:31:31.507] Different program with same set of files:: oldProgram.structureIsReused:: 2
Info 542  [10:31:32.834] Starting updateGraphWorker: Project: /home/gandalf/Dev/IT-Project/Frontend/tsconfig.json
Info 543  [10:31:32.857] Finishing updateGraphWorker: Project: /home/gandalf/Dev/IT-Project/Frontend/tsconfig.json Version: 170 structureChanged: false Elapsed: 23ms
Info 544  [10:31:32.857] Different program with same set of files:: oldProgram.structureIsReused:: 2
Info 545  [10:31:41.74] Starting updateGraphWorker: Project: /home/gandalf/Dev/IT-Project/Frontend/tsconfig.json
Info 546  [10:31:41.98] Finishing updateGraphWorker: Project: /home/gandalf/Dev/IT-Project/Frontend/tsconfig.json Version: 171 structureChanged: false Elapsed: 24ms
Info 547  [10:31:41.98] Different program with same set of files:: oldProgram.structureIsReused:: 2
Info 548  [10:31:42.906] Starting updateGraphWorker: Project: /home/gandalf/Dev/IT-Project/Frontend/tsconfig.json
Info 549  [10:31:42.938] Finishing updateGraphWorker: Project: /home/gandalf/Dev/IT-Project/Frontend/tsconfig.json Version: 172 structureChanged: false Elapsed: 31ms
Info 550  [10:31:42.938] Different program with same set of files:: oldProgram.structureIsReused:: 2
Info 551  [10:31:43.545] Starting updateGraphWorker: Project: /home/gandalf/Dev/IT-Project/Frontend/tsconfig.json
Info 552  [10:31:43.571] Finishing updateGraphWorker: Project: /home/gandalf/Dev/IT-Project/Frontend/tsconfig.json Version: 173 structureChanged: false Elapsed: 26ms
Info 553  [10:31:43.571] Different program with same set of files:: oldProgram.structureIsReused:: 2
Info 554  [10:31:44.411] Starting updateGraphWorker: Project: /home/gandalf/Dev/IT-Project/Frontend/tsconfig.json
Info 555  [10:31:44.439] Finishing updateGraphWorker: Project: /home/gandalf/Dev/IT-Project/Frontend/tsconfig.json Version: 174 structureChanged: false Elapsed: 28ms
Info 556  [10:31:44.439] Different program with same set of files:: oldProgram.structureIsReused:: 2
Info 557  [10:31:45.907] Starting updateGraphWorker: Project: /home/gandalf/Dev/IT-Project/Frontend/tsconfig.json
Info 558  [10:31:45.924] Finishing updateGraphWorker: Project: /home/gandalf/Dev/IT-Project/Frontend/tsconfig.json Version: 175 structureChanged: false Elapsed: 17ms
Info 559  [10:31:45.924] Different program with same set of files:: oldProgram.structureIsReused:: 2
Info 560  [10:31:47.278] Starting updateGraphWorker: Project: /home/gandalf/Dev/IT-Project/Frontend/tsconfig.json
Info 561  [10:31:47.293] Finishing updateGraphWorker: Project: /home/gandalf/Dev/IT-Project/Frontend/tsconfig.json Version: 176 structureChanged: false Elapsed: 15ms
Info 562  [10:31:47.293] Different program with same set of files:: oldProgram.structureIsReused:: 2
Info 563  [10:31:52.591] Starting updateGraphWorker: Project: /home/gandalf/Dev/IT-Project/Frontend/tsconfig.json
Info 564  [10:31:52.616] Finishing updateGraphWorker: Project: /home/gandalf/Dev/IT-Project/Frontend/tsconfig.json Version: 177 structureChanged: false Elapsed: 25ms
Info 565  [10:31:52.616] Different program with same set of files:: oldProgram.structureIsReused:: 2
Info 566  [10:31:53.269] Starting updateGraphWorker: Project: /home/gandalf/Dev/IT-Project/Frontend/tsconfig.json
Info 567  [10:31:53.288] Finishing updateGraphWorker: Project: /home/gandalf/Dev/IT-Project/Frontend/tsconfig.json Version: 178 structureChanged: false Elapsed: 19ms
Info 568  [10:31:53.288] Different program with same set of files:: oldProgram.structureIsReused:: 2
Info 569  [10:31:53.650] Starting updateGraphWorker: Project: /home/gandalf/Dev/IT-Project/Frontend/tsconfig.json
Info 570  [10:31:53.674] Finishing updateGraphWorker: Project: /home/gandalf/Dev/IT-Project/Frontend/tsconfig.json Version: 179 structureChanged: false Elapsed: 23ms
Info 571  [10:31:53.674] Different program with same set of files:: oldProgram.structureIsReused:: 2
Info 572  [10:31:53.931] Starting updateGraphWorker: Project: /home/gandalf/Dev/IT-Project/Frontend/tsconfig.json
Info 573  [10:31:53.952] Finishing updateGraphWorker: Project: /home/gandalf/Dev/IT-Project/Frontend/tsconfig.json Version: 180 structureChanged: false Elapsed: 21ms
Info 574  [10:31:53.952] Different program with same set of files:: oldProgram.structureIsReused:: 2
Info 575  [10:31:54.327] Starting updateGraphWorker: Project: /home/gandalf/Dev/IT-Project/Frontend/tsconfig.json
Info 576  [10:31:54.352] Finishing updateGraphWorker: Project: /home/gandalf/Dev/IT-Project/Frontend/tsconfig.json Version: 181 structureChanged: false Elapsed: 25ms
Info 577  [10:31:54.352] Different program with same set of files:: oldProgram.structureIsReused:: 2
Info 578  [10:31:54.626] Starting updateGraphWorker: Project: /home/gandalf/Dev/IT-Project/Frontend/tsconfig.json
Info 579  [10:31:54.657] Finishing updateGraphWorker: Project: /home/gandalf/Dev/IT-Project/Frontend/tsconfig.json Version: 182 structureChanged: false Elapsed: 31ms
Info 580  [10:31:54.657] Different program with same set of files:: oldProgram.structureIsReused:: 2
Info 581  [10:31:54.876] Starting updateGraphWorker: Project: /home/gandalf/Dev/IT-Project/Frontend/tsconfig.json
Info 582  [10:31:54.898] Finishing updateGraphWorker: Project: /home/gandalf/Dev/IT-Project/Frontend/tsconfig.json Version: 183 structureChanged: false Elapsed: 22ms
Info 583  [10:31:54.898] Different program with same set of files:: oldProgram.structureIsReused:: 2
Info 584  [10:31:55.527] Starting updateGraphWorker: Project: /home/gandalf/Dev/IT-Project/Frontend/tsconfig.json
Info 585  [10:31:55.553] Finishing updateGraphWorker: Project: /home/gandalf/Dev/IT-Project/Frontend/tsconfig.json Version: 184 structureChanged: false Elapsed: 26ms
Info 586  [10:31:55.553] Different program with same set of files:: oldProgram.structureIsReused:: 2
Info 587  [10:31:56.682] Starting updateGraphWorker: Project: /home/gandalf/Dev/IT-Project/Frontend/tsconfig.json
Info 588  [10:31:56.723] Finishing updateGraphWorker: Project: /home/gandalf/Dev/IT-Project/Frontend/tsconfig.json Version: 185 structureChanged: false Elapsed: 41ms
Info 589  [10:31:56.723] Different program with same set of files:: oldProgram.structureIsReused:: 2
Info 590  [10:31:57.613] Starting updateGraphWorker: Project: /home/gandalf/Dev/IT-Project/Frontend/tsconfig.json
Info 591  [10:31:57.635] Finishing updateGraphWorker: Project: /home/gandalf/Dev/IT-Project/Frontend/tsconfig.json Version: 186 structureChanged: false Elapsed: 22ms
Info 592  [10:31:57.635] Different program with same set of files:: oldProgram.structureIsReused:: 2
Info 593  [10:31:57.958] Starting updateGraphWorker: Project: /home/gandalf/Dev/IT-Project/Frontend/tsconfig.json
Info 594  [10:31:57.984] Finishing updateGraphWorker: Project: /home/gandalf/Dev/IT-Project/Frontend/tsconfig.json Version: 187 structureChanged: false Elapsed: 26ms
Info 595  [10:31:57.984] Different program with same set of files:: oldProgram.structureIsReused:: 2
Info 596  [10:31:58.542] Starting updateGraphWorker: Project: /home/gandalf/Dev/IT-Project/Frontend/tsconfig.json
Info 597  [10:31:58.567] Finishing updateGraphWorker: Project: /home/gandalf/Dev/IT-Project/Frontend/tsconfig.json Version: 188 structureChanged: false Elapsed: 24ms
Info 598  [10:31:58.567] Different program with same set of files:: oldProgram.structureIsReused:: 2
Info 599  [10:31:59.109] Starting updateGraphWorker: Project: /home/gandalf/Dev/IT-Project/Frontend/tsconfig.json
Info 600  [10:31:59.141] Finishing updateGraphWorker: Project: /home/gandalf/Dev/IT-Project/Frontend/tsconfig.json Version: 189 structureChanged: false Elapsed: 32ms
Info 601  [10:31:59.141] Different program with same set of files:: oldProgram.structureIsReused:: 2
Info 602  [10:31:59.168] Starting updateGraphWorker: Project: /home/gandalf/Dev/IT-Project/Frontend/tsconfig.json
Info 603  [10:31:59.198] Finishing updateGraphWorker: Project: /home/gandalf/Dev/IT-Project/Frontend/tsconfig.json Version: 190 structureChanged: false Elapsed: 30ms
Info 604  [10:31:59.198] Different program with same set of files:: oldProgram.structureIsReused:: 2
Info 605  [10:31:59.448] Starting updateGraphWorker: Project: /home/gandalf/Dev/IT-Project/Frontend/tsconfig.json
Info 606  [10:31:59.479] Finishing updateGraphWorker: Project: /home/gandalf/Dev/IT-Project/Frontend/tsconfig.json Version: 191 structureChanged: false Elapsed: 31ms
Info 607  [10:31:59.479] Different program with same set of files:: oldProgram.structureIsReused:: 2
Info 608  [10:31:59.937] Starting updateGraphWorker: Project: /home/gandalf/Dev/IT-Project/Frontend/tsconfig.json
Info 609  [10:31:59.953] Finishing updateGraphWorker: Project: /home/gandalf/Dev/IT-Project/Frontend/tsconfig.json Version: 192 structureChanged: false Elapsed: 16ms
Info 610  [10:31:59.953] Different program with same set of files:: oldProgram.structureIsReused:: 2
Info 611  [10:32:0.786] Starting updateGraphWorker: Project: /home/gandalf/Dev/IT-Project/Frontend/tsconfig.json
Info 612  [10:32:0.813] Finishing updateGraphWorker: Project: /home/gandalf/Dev/IT-Project/Frontend/tsconfig.json Version: 193 structureChanged: false Elapsed: 27ms
Info 613  [10:32:0.813] Different program with same set of files:: oldProgram.structureIsReused:: 2
Info 614  [10:32:1.88] Starting updateGraphWorker: Project: /home/gandalf/Dev/IT-Project/Frontend/tsconfig.json
Info 615  [10:32:1.121] Finishing updateGraphWorker: Project: /home/gandalf/Dev/IT-Project/Frontend/tsconfig.json Version: 194 structureChanged: false Elapsed: 33ms
Info 616  [10:32:1.121] Different program with same set of files:: oldProgram.structureIsReused:: 2
Info 617  [10:32:1.386] Starting updateGraphWorker: Project: /home/gandalf/Dev/IT-Project/Frontend/tsconfig.json
Info 618  [10:32:1.407] Finishing updateGraphWorker: Project: /home/gandalf/Dev/IT-Project/Frontend/tsconfig.json Version: 195 structureChanged: false Elapsed: 20ms
Info 619  [10:32:1.407] Different program with same set of files:: oldProgram.structureIsReused:: 2
Info 620  [10:32:1.652] Starting updateGraphWorker: Project: /home/gandalf/Dev/IT-Project/Frontend/tsconfig.json
Info 621  [10:32:1.675] Finishing updateGraphWorker: Project: /home/gandalf/Dev/IT-Project/Frontend/tsconfig.json Version: 196 structureChanged: false Elapsed: 23ms
Info 622  [10:32:1.675] Different program with same set of files:: oldProgram.structureIsReused:: 2
Info 623  [10:32:3.24] Starting updateGraphWorker: Project: /home/gandalf/Dev/IT-Project/Frontend/tsconfig.json
Info 624  [10:32:3.53] Finishing updateGraphWorker: Project: /home/gandalf/Dev/IT-Project/Frontend/tsconfig.json Version: 197 structureChanged: false Elapsed: 29ms
Info 625  [10:32:3.54] Different program with same set of files:: oldProgram.structureIsReused:: 2
Info 626  [10:32:4.157] Starting updateGraphWorker: Project: /home/gandalf/Dev/IT-Project/Frontend/tsconfig.json
Info 627  [10:32:4.185] Finishing updateGraphWorker: Project: /home/gandalf/Dev/IT-Project/Frontend/tsconfig.json Version: 198 structureChanged: false Elapsed: 28ms
Info 628  [10:32:4.185] Different program with same set of files:: oldProgram.structureIsReused:: 2
Info 629  [10:32:4.490] Starting updateGraphWorker: Project: /home/gandalf/Dev/IT-Project/Frontend/tsconfig.json
Info 630  [10:32:4.504] Finishing updateGraphWorker: Project: /home/gandalf/Dev/IT-Project/Frontend/tsconfig.json Version: 199 structureChanged: false Elapsed: 14ms
Info 631  [10:32:4.504] Different program with same set of files:: oldProgram.structureIsReused:: 2
Info 632  [10:32:6.550] Starting updateGraphWorker: Project: /home/gandalf/Dev/IT-Project/Frontend/tsconfig.json
Info 633  [10:32:6.564] Finishing updateGraphWorker: Project: /home/gandalf/Dev/IT-Project/Frontend/tsconfig.json Version: 200 structureChanged: false Elapsed: 14ms
Info 634  [10:32:6.564] Different program with same set of files:: oldProgram.structureIsReused:: 2
Info 635  [10:32:7.843] Starting updateGraphWorker: Project: /home/gandalf/Dev/IT-Project/Frontend/tsconfig.json
Info 636  [10:32:7.860] Finishing updateGraphWorker: Project: /home/gandalf/Dev/IT-Project/Frontend/tsconfig.json Version: 201 structureChanged: false Elapsed: 17ms
Info 637  [10:32:7.860] Different program with same set of files:: oldProgram.structureIsReused:: 2
Info 638  [10:32:8.540] Starting updateGraphWorker: Project: /home/gandalf/Dev/IT-Project/Frontend/tsconfig.json
Info 639  [10:32:8.562] Finishing updateGraphWorker: Project: /home/gandalf/Dev/IT-Project/Frontend/tsconfig.json Version: 202 structureChanged: false Elapsed: 22ms
Info 640  [10:32:8.562] Different program with same set of files:: oldProgram.structureIsReused:: 2
Info 641  [10:32:10.116] Starting updateGraphWorker: Project: /home/gandalf/Dev/IT-Project/Frontend/tsconfig.json
Info 642  [10:32:10.139] Finishing updateGraphWorker: Project: /home/gandalf/Dev/IT-Project/Frontend/tsconfig.json Version: 203 structureChanged: false Elapsed: 23ms
Info 643  [10:32:10.139] Different program with same set of files:: oldProgram.structureIsReused:: 2
Info 644  [10:32:12.418] Starting updateGraphWorker: Project: /home/gandalf/Dev/IT-Project/Frontend/tsconfig.json
Info 645  [10:32:12.438] Finishing updateGraphWorker: Project: /home/gandalf/Dev/IT-Project/Frontend/tsconfig.json Version: 204 structureChanged: false Elapsed: 20ms
Info 646  [10:32:12.438] Different program with same set of files:: oldProgram.structureIsReused:: 2
Info 647  [10:32:14.743] Starting updateGraphWorker: Project: /home/gandalf/Dev/IT-Project/Frontend/tsconfig.json
Info 648  [10:32:14.766] Finishing updateGraphWorker: Project: /home/gandalf/Dev/IT-Project/Frontend/tsconfig.json Version: 205 structureChanged: false Elapsed: 23ms
Info 649  [10:32:14.766] Different program with same set of files:: oldProgram.structureIsReused:: 2
Info 650  [10:32:19.451] Starting updateGraphWorker: Project: /home/gandalf/Dev/IT-Project/Frontend/tsconfig.json
Info 651  [10:32:19.472] Finishing updateGraphWorker: Project: /home/gandalf/Dev/IT-Project/Frontend/tsconfig.json Version: 206 structureChanged: false Elapsed: 21ms
Info 652  [10:32:19.472] Different program with same set of files:: oldProgram.structureIsReused:: 2
Info 653  [10:32:24.513] Starting updateGraphWorker: Project: /home/gandalf/Dev/IT-Project/Frontend/tsconfig.json
Info 654  [10:32:24.532] Finishing updateGraphWorker: Project: /home/gandalf/Dev/IT-Project/Frontend/tsconfig.json Version: 207 structureChanged: false Elapsed: 19ms
Info 655  [10:32:24.532] Different program with same set of files:: oldProgram.structureIsReused:: 2
Info 656  [10:32:32.742] Starting updateGraphWorker: Project: /home/gandalf/Dev/IT-Project/Frontend/tsconfig.json
Info 657  [10:32:32.779] Finishing updateGraphWorker: Project: /home/gandalf/Dev/IT-Project/Frontend/tsconfig.json Version: 208 structureChanged: false Elapsed: 37ms
Info 658  [10:32:32.779] Different program with same set of files:: oldProgram.structureIsReused:: 2
Info 659  [10:33:19.903] Starting updateGraphWorker: Project: /home/gandalf/Dev/IT-Project/Frontend/tsconfig.json
Info 660  [10:33:19.947] Finishing updateGraphWorker: Project: /home/gandalf/Dev/IT-Project/Frontend/tsconfig.json Version: 209 structureChanged: false Elapsed: 44ms
Info 661  [10:33:19.948] Different program with same set of files:: oldProgram.structureIsReused:: 2
Info 662  [10:34:17.469] Starting updateGraphWorker: Project: /home/gandalf/Dev/IT-Project/Frontend/tsconfig.json
Info 663  [10:34:17.503] Finishing updateGraphWorker: Project: /home/gandalf/Dev/IT-Project/Frontend/tsconfig.json Version: 210 structureChanged: false Elapsed: 34ms
Info 664  [10:34:17.503] Different program with same set of files:: oldProgram.structureIsReused:: 2
Info 665  [10:34:18.481] Starting updateGraphWorker: Project: /home/gandalf/Dev/IT-Project/Frontend/tsconfig.json
Info 666  [10:34:18.530] Finishing updateGraphWorker: Project: /home/gandalf/Dev/IT-Project/Frontend/tsconfig.json Version: 211 structureChanged: false Elapsed: 48ms
Info 667  [10:34:18.530] Different program with same set of files:: oldProgram.structureIsReused:: 2
Info 668  [11:11:1.337] Starting updateGraphWorker: Project: /home/gandalf/Dev/IT-Project/Frontend/tsconfig.json
Info 669  [11:11:1.379] Finishing updateGraphWorker: Project: /home/gandalf/Dev/IT-Project/Frontend/tsconfig.json Version: 212 structureChanged: false Elapsed: 42ms
Info 670  [11:11:1.379] Different program with same set of files:: oldProgram.structureIsReused:: 2
Info 671  [11:11:5.315] Starting updateGraphWorker: Project: /home/gandalf/Dev/IT-Project/Frontend/tsconfig.json
Info 672  [11:11:5.361] Finishing updateGraphWorker: Project: /home/gandalf/Dev/IT-Project/Frontend/tsconfig.json Version: 213 structureChanged: false Elapsed: 46ms
Info 673  [11:11:5.361] Different program with same set of files:: oldProgram.structureIsReused:: 2
Info 674  [11:11:47.751] Starting updateGraphWorker: Project: /home/gandalf/Dev/IT-Project/Frontend/tsconfig.json
Info 675  [11:11:47.810] Finishing updateGraphWorker: Project: /home/gandalf/Dev/IT-Project/Frontend/tsconfig.json Version: 214 structureChanged: false Elapsed: 59ms
Info 676  [11:11:47.811] Different program with same set of files:: oldProgram.structureIsReused:: 2
Info 677  [11:11:47.950] Starting updateGraphWorker: Project: /home/gandalf/Dev/IT-Project/Frontend/tsconfig.json
Info 678  [11:11:47.982] Finishing updateGraphWorker: Project: /home/gandalf/Dev/IT-Project/Frontend/tsconfig.json Version: 215 structureChanged: false Elapsed: 32ms
Info 679  [11:11:47.983] Different program with same set of files:: oldProgram.structureIsReused:: 2
Info 680  [11:11:48.310] Starting updateGraphWorker: Project: /home/gandalf/Dev/IT-Project/Frontend/tsconfig.json
Info 681  [11:11:48.342] Finishing updateGraphWorker: Project: /home/gandalf/Dev/IT-Project/Frontend/tsconfig.json Version: 216 structureChanged: false Elapsed: 32ms
Info 682  [11:11:48.342] Different program with same set of files:: oldProgram.structureIsReused:: 2
Info 683  [11:11:48.880] Starting updateGraphWorker: Project: /home/gandalf/Dev/IT-Project/Frontend/tsconfig.json
Info 684  [11:11:49.8] Finishing updateGraphWorker: Project: /home/gandalf/Dev/IT-Project/Frontend/tsconfig.json Version: 217 structureChanged: false Elapsed: 128ms
Info 685  [11:11:49.8] Different program with same set of files:: oldProgram.structureIsReused:: 2
Info 686  [11:11:49.569] Starting updateGraphWorker: Project: /home/gandalf/Dev/IT-Project/Frontend/tsconfig.json
Info 687  [11:11:49.632] Finishing updateGraphWorker: Project: /home/gandalf/Dev/IT-Project/Frontend/tsconfig.json Version: 218 structureChanged: false Elapsed: 63ms
Info 688  [11:11:49.632] Different program with same set of files:: oldProgram.structureIsReused:: 2
Info 689  [11:11:49.944] Starting updateGraphWorker: Project: /home/gandalf/Dev/IT-Project/Frontend/tsconfig.json
Info 690  [11:11:50.29] Finishing updateGraphWorker: Project: /home/gandalf/Dev/IT-Project/Frontend/tsconfig.json Version: 219 structureChanged: false Elapsed: 85ms
Info 691  [11:11:50.29] Different program with same set of files:: oldProgram.structureIsReused:: 2
Info 692  [11:11:53.261] Starting updateGraphWorker: Project: /home/gandalf/Dev/IT-Project/Frontend/tsconfig.json
Info 693  [11:11:53.297] Finishing updateGraphWorker: Project: /home/gandalf/Dev/IT-Project/Frontend/tsconfig.json Version: 220 structureChanged: false Elapsed: 36ms
Info 694  [11:11:53.297] Different program with same set of files:: oldProgram.structureIsReused:: 2
Info 695  [11:11:55.3] Starting updateGraphWorker: Project: /home/gandalf/Dev/IT-Project/Frontend/tsconfig.json
Info 696  [11:11:55.61] Finishing updateGraphWorker: Project: /home/gandalf/Dev/IT-Project/Frontend/tsconfig.json Version: 221 structureChanged: false Elapsed: 58ms
Info 697  [11:11:55.61] Different program with same set of files:: oldProgram.structureIsReused:: 2
Info 698  [11:11:58.173] Starting updateGraphWorker: Project: /home/gandalf/Dev/IT-Project/Frontend/tsconfig.json
Info 699  [11:11:58.204] Finishing updateGraphWorker: Project: /home/gandalf/Dev/IT-Project/Frontend/tsconfig.json Version: 222 structureChanged: false Elapsed: 29ms
Info 700  [11:11:58.204] Different program with same set of files:: oldProgram.structureIsReused:: 2
Info 701  [11:12:31.224] Starting updateGraphWorker: Project: /home/gandalf/Dev/IT-Project/Frontend/tsconfig.json
