[2019-12-25 18:47:30.046] [renderer1] [error] ioctl(2) failed, EBADF: Error: ioctl(2) failed, EBADF
    at UnixTerminal.resize (/nix/store/jaadk0acjwfnjk0vkziylnpyh60gix2d-vscode-1.41.0/lib/vscode/resources/app/node_modules.asar/node-pty/lib/unixTerminal.js:238:13)
    at b.resize (file:///nix/store/jaadk0acjwfnjk0vkziylnpyh60gix2d-vscode-1.41.0/lib/vscode/resources/app/out/vs/workbench/workbench.desktop.main.js:2961:500)
    at w.setDimensions (file:///nix/store/jaadk0acjwfnjk0vkziylnpyh60gix2d-vscode-1.41.0/lib/vscode/resources/app/out/vs/workbench/workbench.desktop.main.js:3805:55)
    at file:///nix/store/jaadk0acjwfnjk0vkziylnpyh60gix2d-vscode-1.41.0/lib/vscode/resources/app/out/vs/workbench/workbench.desktop.main.js:3832:507
[2019-12-25 18:56:58.421] [renderer1] [error] ioctl(2) failed, EBADF: Error: ioctl(2) failed, EBADF
    at UnixTerminal.resize (/nix/store/jaadk0acjwfnjk0vkziylnpyh60gix2d-vscode-1.41.0/lib/vscode/resources/app/node_modules.asar/node-pty/lib/unixTerminal.js:238:13)
    at b.resize (file:///nix/store/jaadk0acjwfnjk0vkziylnpyh60gix2d-vscode-1.41.0/lib/vscode/resources/app/out/vs/workbench/workbench.desktop.main.js:2961:500)
    at w.setDimensions (file:///nix/store/jaadk0acjwfnjk0vkziylnpyh60gix2d-vscode-1.41.0/lib/vscode/resources/app/out/vs/workbench/workbench.desktop.main.js:3805:55)
    at file:///nix/store/jaadk0acjwfnjk0vkziylnpyh60gix2d-vscode-1.41.0/lib/vscode/resources/app/out/vs/workbench/workbench.desktop.main.js:3832:507
[2019-12-25 18:57:24.250] [renderer1] [error] ioctl(2) failed, EBADF: Error: ioctl(2) failed, EBADF
    at UnixTerminal.resize (/nix/store/jaadk0acjwfnjk0vkziylnpyh60gix2d-vscode-1.41.0/lib/vscode/resources/app/node_modules.asar/node-pty/lib/unixTerminal.js:238:13)
    at b.resize (file:///nix/store/jaadk0acjwfnjk0vkziylnpyh60gix2d-vscode-1.41.0/lib/vscode/resources/app/out/vs/workbench/workbench.desktop.main.js:2961:500)
    at w.setDimensions (file:///nix/store/jaadk0acjwfnjk0vkziylnpyh60gix2d-vscode-1.41.0/lib/vscode/resources/app/out/vs/workbench/workbench.desktop.main.js:3805:55)
    at file:///nix/store/jaadk0acjwfnjk0vkziylnpyh60gix2d-vscode-1.41.0/lib/vscode/resources/app/out/vs/workbench/workbench.desktop.main.js:3832:507
[2019-12-25 18:57:25.276] [renderer1] [error] ioctl(2) failed, EBADF: Error: ioctl(2) failed, EBADF
    at UnixTerminal.resize (/nix/store/jaadk0acjwfnjk0vkziylnpyh60gix2d-vscode-1.41.0/lib/vscode/resources/app/node_modules.asar/node-pty/lib/unixTerminal.js:238:13)
    at b.resize (file:///nix/store/jaadk0acjwfnjk0vkziylnpyh60gix2d-vscode-1.41.0/lib/vscode/resources/app/out/vs/workbench/workbench.desktop.main.js:2961:500)
    at w.setDimensions (file:///nix/store/jaadk0acjwfnjk0vkziylnpyh60gix2d-vscode-1.41.0/lib/vscode/resources/app/out/vs/workbench/workbench.desktop.main.js:3805:55)
    at file:///nix/store/jaadk0acjwfnjk0vkziylnpyh60gix2d-vscode-1.41.0/lib/vscode/resources/app/out/vs/workbench/workbench.desktop.main.js:3832:507
[2019-12-25 18:58:03.718] [renderer1] [error] ioctl(2) failed, EBADF: Error: ioctl(2) failed, EBADF
    at UnixTerminal.resize (/nix/store/jaadk0acjwfnjk0vkziylnpyh60gix2d-vscode-1.41.0/lib/vscode/resources/app/node_modules.asar/node-pty/lib/unixTerminal.js:238:13)
    at b.resize (file:///nix/store/jaadk0acjwfnjk0vkziylnpyh60gix2d-vscode-1.41.0/lib/vscode/resources/app/out/vs/workbench/workbench.desktop.main.js:2961:500)
    at w.setDimensions (file:///nix/store/jaadk0acjwfnjk0vkziylnpyh60gix2d-vscode-1.41.0/lib/vscode/resources/app/out/vs/workbench/workbench.desktop.main.js:3805:55)
    at file:///nix/store/jaadk0acjwfnjk0vkziylnpyh60gix2d-vscode-1.41.0/lib/vscode/resources/app/out/vs/workbench/workbench.desktop.main.js:3832:507
[2019-12-25 18:58:15.729] [renderer1] [error] ioctl(2) failed, EBADF: Error: ioctl(2) failed, EBADF
    at UnixTerminal.resize (/nix/store/jaadk0acjwfnjk0vkziylnpyh60gix2d-vscode-1.41.0/lib/vscode/resources/app/node_modules.asar/node-pty/lib/unixTerminal.js:238:13)
    at b.resize (file:///nix/store/jaadk0acjwfnjk0vkziylnpyh60gix2d-vscode-1.41.0/lib/vscode/resources/app/out/vs/workbench/workbench.desktop.main.js:2961:500)
    at w.setDimensions (file:///nix/store/jaadk0acjwfnjk0vkziylnpyh60gix2d-vscode-1.41.0/lib/vscode/resources/app/out/vs/workbench/workbench.desktop.main.js:3805:55)
    at file:///nix/store/jaadk0acjwfnjk0vkziylnpyh60gix2d-vscode-1.41.0/lib/vscode/resources/app/out/vs/workbench/workbench.desktop.main.js:3832:507
