[2019-12-25 18:38:32.827] [sharedprocess] [info] main {"machineId":"8b5d6544-6dab-4a45-95d5-daa81a4dcd55","windowId":2}
[2019-12-25 18:39:12.839] [sharedprocess] [info] Starting to clean up unused language packs.
[2019-12-25 18:40:29.779] [sharedprocess] [info] Uninstalling extension: thekalinga.bootstrap4-vscode
[2019-12-25 18:40:29.811] [sharedprocess] [info] Successfully uninstalled extension: thekalinga.bootstrap4-vscode
[2019-12-25 18:41:34.041] [sharedprocess] [info] Installing extension: sbrink.elm
[2019-12-25 18:41:35.285] [sharedprocess] [info] Downloaded extension: sbrink.elm /tmp/c21d1258-edb7-4e70-a917-b7d3b8ded0a8
[2019-12-25 18:41:38.017] [sharedprocess] [info] Extracted extension to /home/gandalf/.vscode/extensions/.sbrink.elm-0.26.0: sbrink.elm
[2019-12-25 18:41:38.017] [sharedprocess] [info] Renamed to /home/gandalf/.vscode/extensions/sbrink.elm-0.26.0
[2019-12-25 18:41:38.018] [sharedprocess] [info] Installation completed. sbrink.elm
[2019-12-25 18:41:38.038] [sharedprocess] [info] Extensions installed successfully: sbrink.elm
[2019-12-25 18:41:53.857] [sharedprocess] [info] Uninstalling extension: sbrink.elm
[2019-12-25 18:41:53.892] [sharedprocess] [info] Successfully uninstalled extension: sbrink.elm
[2019-12-25 18:41:55.359] [sharedprocess] [info] Installing extension: elmtooling.elm-ls-vscode
[2019-12-25 18:41:59.941] [sharedprocess] [info] Downloaded extension: elmtooling.elm-ls-vscode /tmp/1152ddf1-6f56-465c-80d8-7b2f40db5893
[2019-12-25 18:42:01.158] [sharedprocess] [info] Installing extension: necinc.elmmet
[2019-12-25 18:42:02.671] [sharedprocess] [info] Downloaded extension: necinc.elmmet /tmp/5f60e613-8776-4bbc-abfd-0d50e37d1293
[2019-12-25 18:42:05.656] [sharedprocess] [info] Extracted extension to /home/gandalf/.vscode/extensions/.necinc.elmmet-1.0.1: necinc.elmmet
[2019-12-25 18:42:05.658] [sharedprocess] [info] Renamed to /home/gandalf/.vscode/extensions/necinc.elmmet-1.0.1
[2019-12-25 18:42:05.664] [sharedprocess] [info] Installation completed. necinc.elmmet
[2019-12-25 18:42:05.698] [sharedprocess] [info] Extensions installed successfully: necinc.elmmet
[2019-12-25 18:42:11.116] [sharedprocess] [info] Extracted extension to /home/gandalf/.vscode/extensions/.elmtooling.elm-ls-vscode-0.7.4: elmtooling.elm-ls-vscode
[2019-12-25 18:42:11.116] [sharedprocess] [info] Renamed to /home/gandalf/.vscode/extensions/elmtooling.elm-ls-vscode-0.7.4
[2019-12-25 18:42:11.119] [sharedprocess] [info] Installation completed. elmtooling.elm-ls-vscode
[2019-12-25 18:42:11.153] [sharedprocess] [info] Extensions installed successfully: elmtooling.elm-ls-vscode
[2019-12-25 18:42:26.153] [sharedprocess] [info] Installing extension: jlengrand.vscode-elm-signature
[2019-12-25 18:42:26.582] [sharedprocess] [info] Downloaded extension: jlengrand.vscode-elm-signature /tmp/f0f85aaf-ebaf-4cf3-8bf0-0d6e73c46055
[2019-12-25 18:42:26.626] [sharedprocess] [info] Extracted extension to /home/gandalf/.vscode/extensions/.jlengrand.vscode-elm-signature-0.1.1: jlengrand.vscode-elm-signature
[2019-12-25 18:42:26.626] [sharedprocess] [info] Renamed to /home/gandalf/.vscode/extensions/jlengrand.vscode-elm-signature-0.1.1
[2019-12-25 18:42:26.626] [sharedprocess] [info] Installation completed. jlengrand.vscode-elm-signature
[2019-12-25 18:42:26.636] [sharedprocess] [info] Extensions installed successfully: jlengrand.vscode-elm-signature
[2019-12-25 18:42:31.066] [sharedprocess] [info] Installing extension: frawa.vscode-elm-test-runner
[2019-12-25 18:42:31.424] [sharedprocess] [info] Downloaded extension: frawa.vscode-elm-test-runner /tmp/8219592c-c761-4375-9d0e-81b98d05cdb1
[2019-12-25 18:42:31.495] [sharedprocess] [info] Extracted extension to /home/gandalf/.vscode/extensions/.frawa.vscode-elm-test-runner-0.7.3: frawa.vscode-elm-test-runner
[2019-12-25 18:42:31.495] [sharedprocess] [info] Renamed to /home/gandalf/.vscode/extensions/frawa.vscode-elm-test-runner-0.7.3
[2019-12-25 18:42:31.497] [sharedprocess] [info] Installation completed. frawa.vscode-elm-test-runner
[2019-12-25 18:42:31.509] [sharedprocess] [info] Extensions installed successfully: frawa.vscode-elm-test-runner
[2019-12-25 18:54:13.904] [sharedprocess] [info] Uninstalling extension: frawa.vscode-elm-test-runner
[2019-12-25 18:54:13.940] [sharedprocess] [info] Successfully uninstalled extension: frawa.vscode-elm-test-runner
