[2019-12-19 09:27:03.095] [exthost] [info] extension host started
[2019-12-19 09:27:03.164] [exthost] [info] ExtensionService#_doActivateExtension vscode.debug-auto-launch {"startup":true,"extensionId":{"value":"vscode.debug-auto-launch","_lower":"vscode.debug-auto-launch"},"activationEvent":"*"}
[2019-12-19 09:27:03.165] [exthost] [info] ExtensionService#loadCommonJSModule file:///nix/store/07nkg4pb654gilimalypkdj4p11rb675-vscode-1.40.1/lib/vscode/resources/app/extensions/debug-auto-launch/dist/extension
[2019-12-19 09:27:03.186] [exthost] [info] ExtensionService#_doActivateExtension vscode.emmet {"startup":true,"extensionId":{"value":"vscode.emmet","_lower":"vscode.emmet"},"activationEvent":"*"}
[2019-12-19 09:27:03.186] [exthost] [info] ExtensionService#loadCommonJSModule file:///nix/store/07nkg4pb654gilimalypkdj4p11rb675-vscode-1.40.1/lib/vscode/resources/app/extensions/emmet/dist/extension
[2019-12-19 09:27:03.212] [exthost] [info] ExtensionService#_doActivateExtension vscode.git {"startup":true,"extensionId":{"value":"vscode.git","_lower":"vscode.git"},"activationEvent":"*"}
[2019-12-19 09:27:03.212] [exthost] [info] ExtensionService#loadCommonJSModule file:///nix/store/07nkg4pb654gilimalypkdj4p11rb675-vscode-1.40.1/lib/vscode/resources/app/extensions/git/dist/main
[2019-12-19 09:27:03.245] [exthost] [info] ExtensionService#_doActivateExtension vscode.merge-conflict {"startup":true,"extensionId":{"value":"vscode.merge-conflict","_lower":"vscode.merge-conflict"},"activationEvent":"*"}
[2019-12-19 09:27:03.245] [exthost] [info] ExtensionService#loadCommonJSModule file:///nix/store/07nkg4pb654gilimalypkdj4p11rb675-vscode-1.40.1/lib/vscode/resources/app/extensions/merge-conflict/dist/extension
[2019-12-19 09:27:03.250] [exthost] [info] ExtensionService#_doActivateExtension 2gua.rainbow-brackets {"startup":true,"extensionId":{"value":"2gua.rainbow-brackets","_lower":"2gua.rainbow-brackets"},"activationEvent":"*"}
[2019-12-19 09:27:03.250] [exthost] [info] ExtensionService#loadCommonJSModule file:///home/gandalf/.vscode/extensions/2gua.rainbow-brackets-0.0.6/out/src/extension
[2019-12-19 09:27:03.254] [exthost] [info] ExtensionService#_doActivateExtension christian-kohler.path-intellisense {"startup":true,"extensionId":{"value":"christian-kohler.path-intellisense","_lower":"christian-kohler.path-intellisense"},"activationEvent":"*"}
[2019-12-19 09:27:03.254] [exthost] [info] ExtensionService#loadCommonJSModule file:///home/gandalf/.vscode/extensions/christian-kohler.path-intellisense-1.4.2/out/src/extension
[2019-12-19 09:27:03.299] [exthost] [info] ExtensionService#_doActivateExtension eamodio.gitlens {"startup":true,"extensionId":{"value":"eamodio.gitlens","_lower":"eamodio.gitlens"},"activationEvent":"*"}
[2019-12-19 09:27:03.299] [exthost] [info] ExtensionService#loadCommonJSModule file:///home/gandalf/.vscode/extensions/eamodio.gitlens-10.2.0/dist/extension
[2019-12-19 09:27:03.334] [exthost] [info] ExtensionService#_doActivateExtension EditorConfig.EditorConfig {"startup":true,"extensionId":{"value":"EditorConfig.EditorConfig","_lower":"editorconfig.editorconfig"},"activationEvent":"*"}
[2019-12-19 09:27:03.334] [exthost] [info] ExtensionService#loadCommonJSModule file:///home/gandalf/.vscode/extensions/editorconfig.editorconfig-0.14.2/out/editorConfigMain.js
[2019-12-19 09:27:03.399] [exthost] [info] ExtensionService#_doActivateExtension esbenp.prettier-vscode {"startup":true,"extensionId":{"value":"esbenp.prettier-vscode","_lower":"esbenp.prettier-vscode"},"activationEvent":"*"}
[2019-12-19 09:27:03.399] [exthost] [info] ExtensionService#loadCommonJSModule file:///home/gandalf/.vscode/extensions/esbenp.prettier-vscode-3.16.1/dist/extension
[2019-12-19 09:27:03.520] [exthost] [info] ExtensionService#_doActivateExtension formulahendry.auto-close-tag {"startup":true,"extensionId":{"value":"formulahendry.auto-close-tag","_lower":"formulahendry.auto-close-tag"},"activationEvent":"*"}
[2019-12-19 09:27:03.520] [exthost] [info] ExtensionService#loadCommonJSModule file:///home/gandalf/.vscode/extensions/formulahendry.auto-close-tag-0.5.6/out/src/extension
[2019-12-19 09:27:03.525] [exthost] [info] ExtensionService#_doActivateExtension johnpapa.vscode-peacock {"startup":true,"extensionId":{"value":"johnpapa.vscode-peacock","_lower":"johnpapa.vscode-peacock"},"activationEvent":"*"}
[2019-12-19 09:27:03.525] [exthost] [info] ExtensionService#loadCommonJSModule file:///home/gandalf/.vscode/extensions/johnpapa.vscode-peacock-3.2.0/dist/extension
[2019-12-19 09:27:03.541] [exthost] [info] ExtensionService#_doActivateExtension nrwl.angular-console {"startup":true,"extensionId":{"value":"nrwl.angular-console","_lower":"nrwl.angular-console"},"activationEvent":"*"}
[2019-12-19 09:27:03.541] [exthost] [info] ExtensionService#loadCommonJSModule file:///home/gandalf/.vscode/extensions/nrwl.angular-console-10.0.0/main.js
[2019-12-19 09:27:03.884] [exthost] [info] ExtensionService#_doActivateExtension PKief.material-icon-theme {"startup":true,"extensionId":{"value":"PKief.material-icon-theme","_lower":"pkief.material-icon-theme"},"activationEvent":"*"}
[2019-12-19 09:27:03.884] [exthost] [info] ExtensionService#loadCommonJSModule file:///home/gandalf/.vscode/extensions/pkief.material-icon-theme-3.9.2/dist/extension
[2019-12-19 09:27:03.895] [exthost] [info] ExtensionService#_doActivateExtension ritwickdey.LiveServer {"startup":true,"extensionId":{"value":"ritwickdey.LiveServer","_lower":"ritwickdey.liveserver"},"activationEvent":"*"}
[2019-12-19 09:27:03.895] [exthost] [info] ExtensionService#loadCommonJSModule file:///home/gandalf/.vscode/extensions/ritwickdey.liveserver-5.6.1/out/src/extension
[2019-12-19 09:27:04.779] [exthost] [info] ExtensionService#_doActivateExtension vscode.npm {"startup":true,"extensionId":{"value":"vscode.npm","_lower":"vscode.npm"},"activationEvent":"workspaceContains:package.json"}
[2019-12-19 09:27:04.780] [exthost] [info] ExtensionService#loadCommonJSModule file:///nix/store/07nkg4pb654gilimalypkdj4p11rb675-vscode-1.40.1/lib/vscode/resources/app/extensions/npm/dist/main
[2019-12-19 09:27:05.686] [exthost] [info] eager extensions activated
[2019-12-19 09:27:10.450] [exthost] [info] ExtensionService#_doActivateExtension vscode.extension-editing {"startup":false,"extensionId":{"value":"vscode.extension-editing","_lower":"vscode.extension-editing"},"activationEvent":"onLanguage:typescript"}
[2019-12-19 09:27:10.450] [exthost] [info] ExtensionService#loadCommonJSModule file:///nix/store/07nkg4pb654gilimalypkdj4p11rb675-vscode-1.40.1/lib/vscode/resources/app/extensions/extension-editing/dist/extension
[2019-12-19 09:27:10.495] [exthost] [info] ExtensionService#_doActivateExtension vscode.typescript-language-features {"startup":false,"extensionId":{"value":"vscode.typescript-language-features","_lower":"vscode.typescript-language-features"},"activationEvent":"onLanguage:typescript"}
[2019-12-19 09:27:10.495] [exthost] [info] ExtensionService#loadCommonJSModule file:///nix/store/07nkg4pb654gilimalypkdj4p11rb675-vscode-1.40.1/lib/vscode/resources/app/extensions/typescript-language-features/dist/extension
[2019-12-19 09:27:10.547] [exthost] [info] ExtensionService#_doActivateExtension Angular.ng-template {"startup":false,"extensionId":{"value":"Angular.ng-template","_lower":"angular.ng-template"},"activationEvent":"onLanguage:typescript"}
[2019-12-19 09:27:10.547] [exthost] [info] ExtensionService#loadCommonJSModule file:///home/gandalf/.vscode/extensions/angular.ng-template-0.900.2/client
[2019-12-19 09:27:10.708] [exthost] [info] ExtensionService#_doActivateExtension ecmel.vscode-html-css {"startup":false,"extensionId":{"value":"ecmel.vscode-html-css","_lower":"ecmel.vscode-html-css"},"activationEvent":"onLanguage:typescript"}
[2019-12-19 09:27:10.708] [exthost] [info] ExtensionService#loadCommonJSModule file:///home/gandalf/.vscode/extensions/ecmel.vscode-html-css-0.2.3/dist/extension
[2019-12-19 09:27:10.807] [exthost] [info] ExtensionService#_doActivateExtension ms-vscode.vscode-typescript-tslint-plugin {"startup":false,"extensionId":{"value":"ms-vscode.vscode-typescript-tslint-plugin","_lower":"ms-vscode.vscode-typescript-tslint-plugin"},"activationEvent":"onLanguage:typescript"}
[2019-12-19 09:27:10.807] [exthost] [info] ExtensionService#loadCommonJSModule file:///home/gandalf/.vscode/extensions/ms-vscode.vscode-typescript-tslint-plugin-1.2.3/out/index.js
[2019-12-19 09:27:10.816] [exthost] [info] ExtensionService#_doActivateExtension natewallace.angular2-inline {"startup":false,"extensionId":{"value":"natewallace.angular2-inline","_lower":"natewallace.angular2-inline"},"activationEvent":"onLanguage:typescript"}
[2019-12-19 09:27:10.816] [exthost] [info] ExtensionService#loadCommonJSModule file:///home/gandalf/.vscode/extensions/natewallace.angular2-inline-0.0.17/src/main
[2019-12-19 09:27:10.838] [exthost] [info] ExtensionService#_doActivateExtension VisualStudioExptTeam.vscodeintellicode {"startup":false,"extensionId":{"value":"VisualStudioExptTeam.vscodeintellicode","_lower":"visualstudioexptteam.vscodeintellicode"},"activationEvent":"onLanguage:typescript"}
[2019-12-19 09:27:10.838] [exthost] [info] ExtensionService#loadCommonJSModule file:///home/gandalf/.vscode/extensions/visualstudioexptteam.vscodeintellicode-1.2.0/dist/intellicode
[2019-12-19 09:27:11.838] [exthost] [info] ExtensionService#_doActivateExtension vscode.configuration-editing {"startup":false,"extensionId":{"value":"vscode.configuration-editing","_lower":"vscode.configuration-editing"},"activationEvent":"onLanguage:jsonc"}
[2019-12-19 09:27:11.838] [exthost] [info] ExtensionService#loadCommonJSModule file:///nix/store/07nkg4pb654gilimalypkdj4p11rb675-vscode-1.40.1/lib/vscode/resources/app/extensions/configuration-editing/dist/extension
[2019-12-19 09:27:11.857] [exthost] [info] ExtensionService#_doActivateExtension vscode.json-language-features {"startup":false,"extensionId":{"value":"vscode.json-language-features","_lower":"vscode.json-language-features"},"activationEvent":"onLanguage:jsonc"}
[2019-12-19 09:27:11.857] [exthost] [info] ExtensionService#loadCommonJSModule file:///nix/store/07nkg4pb654gilimalypkdj4p11rb675-vscode-1.40.1/lib/vscode/resources/app/extensions/json-language-features/client/dist/jsonMain
[2019-12-19 10:20:21.065] [exthost] [info] ExtensionService#_doActivateExtension eg2.vscode-npm-script {"startup":false,"extensionId":{"value":"eg2.vscode-npm-script","_lower":"eg2.vscode-npm-script"},"activationEvent":"onLanguage:json"}
[2019-12-19 10:20:21.066] [exthost] [info] ExtensionService#loadCommonJSModule file:///home/gandalf/.vscode/extensions/eg2.vscode-npm-script-0.3.10/dist/extension
[2019-12-19 10:29:38.192] [exthost] [info] ExtensionService#_doActivateExtension vscode.html-language-features {"startup":false,"extensionId":{"value":"vscode.html-language-features","_lower":"vscode.html-language-features"},"activationEvent":"onLanguage:html"}
[2019-12-19 10:29:38.193] [exthost] [info] ExtensionService#loadCommonJSModule file:///nix/store/07nkg4pb654gilimalypkdj4p11rb675-vscode-1.40.1/lib/vscode/resources/app/extensions/html-language-features/client/dist/htmlMain
