[2019-12-25 14:48:33.865] [exthost] [info] extension host started
[2019-12-25 14:48:33.974] [exthost] [info] ExtensionService#_doActivateExtension vscode.configuration-editing {"startup":false,"extensionId":{"value":"vscode.configuration-editing","_lower":"vscode.configuration-editing"},"activationEvent":"onLanguage:json"}
[2019-12-25 14:48:33.975] [exthost] [info] ExtensionService#loadCommonJSModule file:///nix/store/agvrk3zbv6z5wypaa0wr7yl9vll3byh3-vscode-1.41.0/lib/vscode/resources/app/extensions/configuration-editing/dist/extension
[2019-12-25 14:48:34.022] [exthost] [info] ExtensionService#_doActivateExtension vscode.extension-editing {"startup":false,"extensionId":{"value":"vscode.extension-editing","_lower":"vscode.extension-editing"},"activationEvent":"onLanguage:json"}
[2019-12-25 14:48:34.022] [exthost] [info] ExtensionService#loadCommonJSModule file:///nix/store/agvrk3zbv6z5wypaa0wr7yl9vll3byh3-vscode-1.41.0/lib/vscode/resources/app/extensions/extension-editing/dist/extension
[2019-12-25 14:48:34.058] [exthost] [info] ExtensionService#_doActivateExtension vscode.json-language-features {"startup":false,"extensionId":{"value":"vscode.json-language-features","_lower":"vscode.json-language-features"},"activationEvent":"onLanguage:json"}
[2019-12-25 14:48:34.058] [exthost] [info] ExtensionService#loadCommonJSModule file:///nix/store/agvrk3zbv6z5wypaa0wr7yl9vll3byh3-vscode-1.41.0/lib/vscode/resources/app/extensions/json-language-features/client/dist/jsonMain
[2019-12-25 14:48:34.105] [exthost] [info] ExtensionService#_doActivateExtension vscode.npm {"startup":false,"extensionId":{"value":"vscode.npm","_lower":"vscode.npm"},"activationEvent":"onLanguage:json"}
[2019-12-25 14:48:34.106] [exthost] [info] ExtensionService#loadCommonJSModule file:///nix/store/agvrk3zbv6z5wypaa0wr7yl9vll3byh3-vscode-1.41.0/lib/vscode/resources/app/extensions/npm/dist/main
[2019-12-25 14:48:34.127] [exthost] [info] ExtensionService#_doActivateExtension eg2.vscode-npm-script {"startup":false,"extensionId":{"value":"eg2.vscode-npm-script","_lower":"eg2.vscode-npm-script"},"activationEvent":"onLanguage:json"}
[2019-12-25 14:48:34.127] [exthost] [info] ExtensionService#loadCommonJSModule file:///home/gandalf/.vscode/extensions/eg2.vscode-npm-script-0.3.10/dist/extension
[2019-12-25 14:48:34.134] [exthost] [info] ExtensionService#_doActivateExtension vscode.debug-auto-launch {"startup":true,"extensionId":{"value":"vscode.debug-auto-launch","_lower":"vscode.debug-auto-launch"},"activationEvent":"*"}
[2019-12-25 14:48:34.134] [exthost] [info] ExtensionService#loadCommonJSModule file:///nix/store/agvrk3zbv6z5wypaa0wr7yl9vll3byh3-vscode-1.41.0/lib/vscode/resources/app/extensions/debug-auto-launch/dist/extension
[2019-12-25 14:48:34.140] [exthost] [info] ExtensionService#_doActivateExtension vscode.emmet {"startup":true,"extensionId":{"value":"vscode.emmet","_lower":"vscode.emmet"},"activationEvent":"*"}
[2019-12-25 14:48:34.140] [exthost] [info] ExtensionService#loadCommonJSModule file:///nix/store/agvrk3zbv6z5wypaa0wr7yl9vll3byh3-vscode-1.41.0/lib/vscode/resources/app/extensions/emmet/dist/extension
[2019-12-25 14:48:34.192] [exthost] [info] ExtensionService#_doActivateExtension vscode.git {"startup":true,"extensionId":{"value":"vscode.git","_lower":"vscode.git"},"activationEvent":"*"}
[2019-12-25 14:48:34.193] [exthost] [info] ExtensionService#loadCommonJSModule file:///nix/store/agvrk3zbv6z5wypaa0wr7yl9vll3byh3-vscode-1.41.0/lib/vscode/resources/app/extensions/git/dist/main
[2019-12-25 14:48:34.259] [exthost] [info] ExtensionService#_doActivateExtension vscode.merge-conflict {"startup":true,"extensionId":{"value":"vscode.merge-conflict","_lower":"vscode.merge-conflict"},"activationEvent":"*"}
[2019-12-25 14:48:34.260] [exthost] [info] ExtensionService#loadCommonJSModule file:///nix/store/agvrk3zbv6z5wypaa0wr7yl9vll3byh3-vscode-1.41.0/lib/vscode/resources/app/extensions/merge-conflict/dist/extension
[2019-12-25 14:48:34.282] [exthost] [info] ExtensionService#_doActivateExtension vscode.search-result {"startup":true,"extensionId":{"value":"vscode.search-result","_lower":"vscode.search-result"},"activationEvent":"*"}
[2019-12-25 14:48:34.282] [exthost] [info] ExtensionService#loadCommonJSModule file:///nix/store/agvrk3zbv6z5wypaa0wr7yl9vll3byh3-vscode-1.41.0/lib/vscode/resources/app/extensions/search-result/dist/extension.js
[2019-12-25 14:48:34.287] [exthost] [info] ExtensionService#_doActivateExtension 2gua.rainbow-brackets {"startup":true,"extensionId":{"value":"2gua.rainbow-brackets","_lower":"2gua.rainbow-brackets"},"activationEvent":"*"}
[2019-12-25 14:48:34.287] [exthost] [info] ExtensionService#loadCommonJSModule file:///home/gandalf/.vscode/extensions/2gua.rainbow-brackets-0.0.6/out/src/extension
[2019-12-25 14:48:34.310] [exthost] [info] ExtensionService#_doActivateExtension christian-kohler.path-intellisense {"startup":true,"extensionId":{"value":"christian-kohler.path-intellisense","_lower":"christian-kohler.path-intellisense"},"activationEvent":"*"}
[2019-12-25 14:48:34.310] [exthost] [info] ExtensionService#loadCommonJSModule file:///home/gandalf/.vscode/extensions/christian-kohler.path-intellisense-1.4.2/out/src/extension
[2019-12-25 14:48:34.351] [exthost] [info] ExtensionService#_doActivateExtension eamodio.gitlens {"startup":true,"extensionId":{"value":"eamodio.gitlens","_lower":"eamodio.gitlens"},"activationEvent":"*"}
[2019-12-25 14:48:34.351] [exthost] [info] ExtensionService#loadCommonJSModule file:///home/gandalf/.vscode/extensions/eamodio.gitlens-10.2.0/dist/extension
[2019-12-25 14:48:34.443] [exthost] [info] ExtensionService#_doActivateExtension EditorConfig.EditorConfig {"startup":true,"extensionId":{"value":"EditorConfig.EditorConfig","_lower":"editorconfig.editorconfig"},"activationEvent":"*"}
[2019-12-25 14:48:34.443] [exthost] [info] ExtensionService#loadCommonJSModule file:///home/gandalf/.vscode/extensions/editorconfig.editorconfig-0.14.4/out/editorConfigMain.js
[2019-12-25 14:48:35.316] [exthost] [info] ExtensionService#_doActivateExtension esbenp.prettier-vscode {"startup":true,"extensionId":{"value":"esbenp.prettier-vscode","_lower":"esbenp.prettier-vscode"},"activationEvent":"*"}
[2019-12-25 14:48:35.316] [exthost] [info] ExtensionService#loadCommonJSModule file:///home/gandalf/.vscode/extensions/esbenp.prettier-vscode-3.18.0/dist/extension
[2019-12-25 14:48:35.677] [exthost] [info] ExtensionService#_doActivateExtension formulahendry.auto-close-tag {"startup":true,"extensionId":{"value":"formulahendry.auto-close-tag","_lower":"formulahendry.auto-close-tag"},"activationEvent":"*"}
[2019-12-25 14:48:35.677] [exthost] [info] ExtensionService#loadCommonJSModule file:///home/gandalf/.vscode/extensions/formulahendry.auto-close-tag-0.5.6/out/src/extension
[2019-12-25 14:48:35.720] [exthost] [info] ExtensionService#_doActivateExtension johnpapa.vscode-peacock {"startup":true,"extensionId":{"value":"johnpapa.vscode-peacock","_lower":"johnpapa.vscode-peacock"},"activationEvent":"*"}
[2019-12-25 14:48:35.720] [exthost] [info] ExtensionService#loadCommonJSModule file:///home/gandalf/.vscode/extensions/johnpapa.vscode-peacock-3.2.0/dist/extension
[2019-12-25 14:48:35.746] [exthost] [info] ExtensionService#_doActivateExtension nrwl.angular-console {"startup":true,"extensionId":{"value":"nrwl.angular-console","_lower":"nrwl.angular-console"},"activationEvent":"*"}
[2019-12-25 14:48:35.746] [exthost] [info] ExtensionService#loadCommonJSModule file:///home/gandalf/.vscode/extensions/nrwl.angular-console-10.0.0/main.js
[2019-12-25 14:48:37.251] [exthost] [info] ExtensionService#_doActivateExtension PKief.material-icon-theme {"startup":true,"extensionId":{"value":"PKief.material-icon-theme","_lower":"pkief.material-icon-theme"},"activationEvent":"*"}
[2019-12-25 14:48:37.251] [exthost] [info] ExtensionService#loadCommonJSModule file:///home/gandalf/.vscode/extensions/pkief.material-icon-theme-3.9.2/dist/extension
[2019-12-25 14:48:37.276] [exthost] [info] ExtensionService#_doActivateExtension ritwickdey.LiveServer {"startup":true,"extensionId":{"value":"ritwickdey.LiveServer","_lower":"ritwickdey.liveserver"},"activationEvent":"*"}
[2019-12-25 14:48:37.277] [exthost] [info] ExtensionService#loadCommonJSModule file:///home/gandalf/.vscode/extensions/ritwickdey.liveserver-5.6.1/out/src/extension
[2019-12-25 14:48:46.728] [exthost] [info] ExtensionService#_doActivateExtension ms-vscode.csharp {"startup":true,"extensionId":{"value":"ms-vscode.csharp","_lower":"ms-vscode.csharp"},"activationEvent":"workspaceContains:*.csproj,*.sln,*.csx,*.cake,**/*.csproj,**/*.sln,**/*.csx,**/*.cake"}
[2019-12-25 14:48:46.728] [exthost] [info] ExtensionService#loadCommonJSModule file:///home/gandalf/.vscode/extensions/ms-vscode.csharp-1.21.9/dist/extension
[2019-12-25 14:48:46.807] [exthost] [info] ExtensionService#_doActivateExtension ms-vscode.azure-account {"startup":true,"extensionId":{"value":"ms-azuretools.vscode-azurefunctions","_lower":"ms-azuretools.vscode-azurefunctions"},"activationEvent":"workspaceContains:*/host.json"}
[2019-12-25 14:48:46.807] [exthost] [info] ExtensionService#loadCommonJSModule file:///home/gandalf/.vscode/extensions/ms-vscode.azure-account-0.8.7/dist/extension
[2019-12-25 14:48:47.185] [exthost] [info] ExtensionService#_doActivateExtension ms-azuretools.vscode-azurefunctions {"startup":true,"extensionId":{"value":"ms-azuretools.vscode-azurefunctions","_lower":"ms-azuretools.vscode-azurefunctions"},"activationEvent":"workspaceContains:*/host.json"}
[2019-12-25 14:48:47.185] [exthost] [info] ExtensionService#loadCommonJSModule file:///home/gandalf/.vscode/extensions/ms-azuretools.vscode-azurefunctions-0.20.1/main.js
[2019-12-25 14:48:47.966] [exthost] [info] eager extensions activated
