[Info  - 6:42:27 PM] Loading Elm tree-sitter syntax from ../../../.vscode/extensions/elmtooling.elm-ls-vscode-0.7.4/server/out/tree-sitter-elm.wasm
[Info  - 6:42:27 PM] Found 1 elm.json files for workspace /home/gandalf/Dev/exercism/elm
[Info  - 6:42:27 PM] Found 1 unique elmWorkspaces for workspace /home/gandalf/Dev/exercism/elm
[Info  - 6:42:27 PM] Starting language server for folder: file:///home/gandalf/Dev/exercism/elm/hello-world
[Warn  - 6:42:27 PM] Could not figure out elm version, this will impact how good the server works. 
 undefined
[Info  - 6:42:27 PM] Reading elm.json from /home/gandalf/Dev/exercism/elm/hello-world/elm.json
[Info  - 6:42:27 PM] 2 source-dirs and test folders found
[Info  - 6:42:27 PM] Found 2 files to add to the project
[Info  - 6:42:27 PM] Adding /home/gandalf/Dev/exercism/elm/hello-world/src/HelloWorld.elm
[Info  - 6:42:27 PM] Adding /home/gandalf/Dev/exercism/elm/hello-world/tests/Tests.elm
Received open for file:///home/gandalf/Dev/exercism/elm/hello-world/tests/Tests.elm
[Info  - 6:42:27 PM] Diagnostics were requested due to a file open or save
Received open for file:///home/gandalf/Dev/exercism/elm/hello-world/src/HelloWorld.elm
[Info  - 6:42:27 PM] Diagnostics were requested due to a file open or save
[Info  - 6:42:27 PM] Adding imports file:///home/gandalf/Dev/exercism/elm/hello-world/src/HelloWorld.elm
[Info  - 6:42:27 PM] Adding imports file:///home/gandalf/Dev/exercism/elm/hello-world/tests/Tests.elm
[Info  - 6:42:27 PM] Done parsing all files.
[Warn  - 6:42:28 PM] Received an invalid json, skipping error.
[Warn  - 6:42:28 PM] Received an invalid json, skipping error.
[Warn  - 6:42:28 PM] Received an invalid json, skipping error.
[Warn  - 6:42:28 PM] Received an invalid json, skipping error.
[Warn  - 6:42:28 PM] Received an invalid json, skipping error.
[Warn  - 6:42:28 PM] Received an invalid json, skipping error.
[Warn  - 6:42:28 PM] Received an invalid json, skipping error.
[Warn  - 6:42:28 PM] Received an invalid json, skipping error.
[Warn  - 6:42:28 PM] Received an invalid json, skipping error.
[Warn  - 6:42:28 PM] Received an invalid json, skipping error.
[Warn  - 6:42:28 PM] Received an invalid json, skipping error.
[Warn  - 6:42:28 PM] Received an invalid json, skipping error.
[Warn  - 6:42:28 PM] Received an invalid json, skipping error.
[Warn  - 6:42:28 PM] Received an invalid json, skipping error.
[Warn  - 6:42:28 PM] Received an invalid json, skipping error.
[Warn  - 6:42:28 PM] Received an invalid json, skipping error.
[Warn  - 6:42:28 PM] Received an invalid json, skipping error.
[Warn  - 6:42:28 PM] Received an invalid json, skipping error.
[Warn  - 6:42:28 PM] Received an invalid json, skipping error.
[Warn  - 6:42:28 PM] Received an invalid json, skipping error.
[Info  - 6:42:28 PM] Received new elm-analyse report with 0 messages
[Info  - 6:42:28 PM] Received new elm-analyse report with 0 messages
[Info  - 6:42:28 PM] Received new elm-analyse report with 1 messages
