[Info  - 6:44:07 PM] Loading Elm tree-sitter syntax from ../../../.vscode/extensions/elmtooling.elm-ls-vscode-0.7.4/server/out/tree-sitter-elm.wasm
[Info  - 6:44:07 PM] Found 1 elm.json files for workspace /home/gandalf/Dev/exercism/elm
[Info  - 6:44:07 PM] Found 1 unique elmWorkspaces for workspace /home/gandalf/Dev/exercism/elm
[Info  - 6:44:07 PM] Starting language server for folder: file:///home/gandalf/Dev/exercism/elm/hello-world
[Info  - 6:44:08 PM] Elm version 0.19.1 detected.
[Info  - 6:44:08 PM] Reading elm.json from /home/gandalf/Dev/exercism/elm/hello-world/elm.json
[Info  - 6:44:08 PM] 2 source-dirs and test folders found
[Info  - 6:44:08 PM] Found 2 files to add to the project
[Info  - 6:44:08 PM] Adding /home/gandalf/Dev/exercism/elm/hello-world/src/HelloWorld.elm
[Info  - 6:44:08 PM] Adding /home/gandalf/Dev/exercism/elm/hello-world/tests/Tests.elm
Received open for file:///home/gandalf/Dev/exercism/elm/hello-world/src/HelloWorld.elm
[Info  - 6:44:08 PM] Diagnostics were requested due to a file open or save
Received open for file:///home/gandalf/Dev/exercism/elm/hello-world/tests/Tests.elm
[Info  - 6:44:08 PM] Diagnostics were requested due to a file open or save
[Info  - 6:44:08 PM] Adding imports file:///home/gandalf/Dev/exercism/elm/hello-world/src/HelloWorld.elm
[Info  - 6:44:08 PM] Adding imports file:///home/gandalf/Dev/exercism/elm/hello-world/tests/Tests.elm
[Info  - 6:44:08 PM] Done parsing all files.
[Info  - 6:44:08 PM] Received new elm-analyse report with 0 messages
[Info  - 6:46:28 PM] A code action was requested
[Info  - 6:46:28 PM] Document Symbols were requested
[Info  - 6:46:28 PM] Folding ranges were requested
[Info  - 6:46:28 PM] A code lens was requested for file:///home/gandalf/Dev/exercism/elm/hello-world/src/HelloWorld.elm
[Info  - 6:46:28 PM] A code lens resolve was requested
[Info  - 6:46:28 PM] A code lens resolve was requested
[Info  - 6:46:28 PM] A code lens resolve was requested
[Info  - 6:46:31 PM] A hover was requested
[Info  - 6:46:31 PM] A hover was requested
[Info  - 6:46:32 PM] A code action was requested
[Info  - 6:46:32 PM] A code action was requested
[Info  - 6:46:33 PM] A code action was requested
[Info  - 6:46:34 PM] A code action was requested
Received close for file:///home/gandalf/Dev/exercism/elm/hello-world/tests/Tests.elm
[Info  - 6:47:13 PM] A hover was requested
[Info  - 6:47:13 PM] A hover was requested
[Info  - 6:47:15 PM] A code action was requested
[Info  - 6:47:15 PM] A hover was requested
[Info  - 6:47:16 PM] A hover was requested
[Info  - 6:47:16 PM] A hover was requested
[Info  - 6:47:17 PM] A code action was requested
[Info  - 6:47:17 PM] A code action was requested
Received change for file:///home/gandalf/Dev/exercism/elm/hello-world/src/HelloWorld.elm
[Info  - 6:47:19 PM] Diagnostics were requested due to a file change
[Info  - 6:47:19 PM] Changed text document, going to parse it. file:///home/gandalf/Dev/exercism/elm/hello-world/src/HelloWorld.elm
[Info  - 6:47:19 PM] Folding ranges were requested
[Info  - 6:47:19 PM] A code lens was requested for file:///home/gandalf/Dev/exercism/elm/hello-world/src/HelloWorld.elm
[Info  - 6:47:19 PM] Document Symbols were requested
[Info  - 6:47:19 PM] A code action was requested
[Info  - 6:47:19 PM] A code lens resolve was requested
[Info  - 6:47:19 PM] A code lens resolve was requested
[Info  - 6:47:19 PM] A code lens resolve was requested
Received save for file:///home/gandalf/Dev/exercism/elm/hello-world/src/HelloWorld.elm
[Info  - 6:47:19 PM] Diagnostics were requested due to a file open or save
Received open for file:///home/gandalf/Dev/exercism/elm/hello-world/tests/Tests.elm
[Info  - 6:47:19 PM] Diagnostics were requested due to a file open or save
[Info  - 6:47:20 PM] Received new elm-analyse report with 0 messages
[Info  - 6:47:21 PM] Received new elm-analyse report with 1 messages
[Info  - 6:47:21 PM] A code action was requested
[Info  - 6:47:24 PM] A hover was requested
Received change for file:///home/gandalf/Dev/exercism/elm/hello-world/src/HelloWorld.elm
[Info  - 6:47:26 PM] Diagnostics were requested due to a file change
[Info  - 6:47:26 PM] Changed text document, going to parse it. file:///home/gandalf/Dev/exercism/elm/hello-world/src/HelloWorld.elm
[Info  - 6:47:26 PM] Folding ranges were requested
[Info  - 6:47:26 PM] A code lens was requested for file:///home/gandalf/Dev/exercism/elm/hello-world/src/HelloWorld.elm
[Info  - 6:47:26 PM] A code action was requested
Received change for file:///home/gandalf/Dev/exercism/elm/hello-world/src/HelloWorld.elm
[Info  - 6:47:27 PM] Diagnostics were requested due to a file change
[Info  - 6:47:27 PM] Changed text document, going to parse it. file:///home/gandalf/Dev/exercism/elm/hello-world/src/HelloWorld.elm
[Info  - 6:47:27 PM] Folding ranges were requested
[Info  - 6:47:27 PM] A code lens resolve was requested
[Info  - 6:47:27 PM] A code lens resolve was requested
[Info  - 6:47:27 PM] A code lens resolve was requested
[Info  - 6:47:27 PM] A code lens was requested for file:///home/gandalf/Dev/exercism/elm/hello-world/src/HelloWorld.elm
[Info  - 6:47:27 PM] A code action was requested
[Info  - 6:47:27 PM] Document Symbols were requested
Received change for file:///home/gandalf/Dev/exercism/elm/hello-world/src/HelloWorld.elm
[Info  - 6:47:27 PM] Diagnostics were requested due to a file change
[Info  - 6:47:27 PM] Changed text document, going to parse it. file:///home/gandalf/Dev/exercism/elm/hello-world/src/HelloWorld.elm
[Info  - 6:47:27 PM] Folding ranges were requested
[Info  - 6:47:27 PM] A code lens was requested for file:///home/gandalf/Dev/exercism/elm/hello-world/src/HelloWorld.elm
[Info  - 6:47:27 PM] A code action was requested
[Info  - 6:47:27 PM] A code lens resolve was requested
[Info  - 6:47:27 PM] A code lens resolve was requested
[Info  - 6:47:27 PM] A code lens resolve was requested
[Info  - 6:47:27 PM] Document Symbols were requested
Received change for file:///home/gandalf/Dev/exercism/elm/hello-world/src/HelloWorld.elm
[Info  - 6:47:28 PM] Diagnostics were requested due to a file change
[Info  - 6:47:28 PM] Changed text document, going to parse it. file:///home/gandalf/Dev/exercism/elm/hello-world/src/HelloWorld.elm
[Info  - 6:47:28 PM] Folding ranges were requested
Received change for file:///home/gandalf/Dev/exercism/elm/hello-world/src/HelloWorld.elm
[Info  - 6:47:28 PM] Diagnostics were requested due to a file change
[Info  - 6:47:28 PM] Changed text document, going to parse it. file:///home/gandalf/Dev/exercism/elm/hello-world/src/HelloWorld.elm
[Info  - 6:47:28 PM] Folding ranges were requested
[Info  - 6:47:28 PM] A code lens resolve was requested
[Info  - 6:47:28 PM] A code lens resolve was requested
[Info  - 6:47:28 PM] A code lens resolve was requested
[Info  - 6:47:28 PM] A code lens was requested for file:///home/gandalf/Dev/exercism/elm/hello-world/src/HelloWorld.elm
[Info  - 6:47:28 PM] A code action was requested
[Info  - 6:47:28 PM] Document Symbols were requested
[Info  - 6:47:29 PM] A code lens resolve was requested
[Info  - 6:47:29 PM] A code lens resolve was requested
[Info  - 6:47:29 PM] A code lens resolve was requested
Received save for file:///home/gandalf/Dev/exercism/elm/hello-world/src/HelloWorld.elm
[Info  - 6:47:29 PM] Diagnostics were requested due to a file open or save
[Info  - 6:47:29 PM] Received new elm-analyse report with 1 messages
[Info  - 6:47:43 PM] A code action was requested
[Info  - 6:47:43 PM] Document Symbols were requested
[Info  - 6:47:44 PM] Folding ranges were requested
[Info  - 6:47:44 PM] A code lens was requested for file:///home/gandalf/Dev/exercism/elm/hello-world/tests/Tests.elm
[Info  - 6:47:44 PM] A code action was requested
[Info  - 6:47:44 PM] A code lens resolve was requested
[Info  - 6:47:44 PM] A code lens resolve was requested
[Info  - 6:47:44 PM] A code lens resolve was requested
[Info  - 6:47:45 PM] A hover was requested
[Info  - 6:47:45 PM] A code action was requested
[Info  - 6:47:48 PM] A code action was requested
[Info  - 6:47:48 PM] A hover was requested
[Info  - 6:47:51 PM] A code action was requested
[Info  - 6:47:55 PM] A hover was requested
[Info  - 6:47:57 PM] A hover was requested
[Info  - 6:47:58 PM] A hover was requested
[Info  - 6:47:58 PM] A hover was requested
[Info  - 6:47:58 PM] A hover was requested
[Info  - 6:47:59 PM] A code action was requested
[Info  - 6:48:00 PM] A code action was requested
[Info  - 6:48:00 PM] A code action was requested
[Info  - 6:48:01 PM] A code action was requested
[Info  - 6:48:02 PM] A definition was requested
[Info  - 6:48:02 PM] A hover was requested
[Info  - 6:48:02 PM] A definition was requested
[Info  - 6:48:08 PM] A code action was requested
[Info  - 6:48:08 PM] Folding ranges were requested
[Info  - 6:48:08 PM] A code lens was requested for file:///home/gandalf/Dev/exercism/elm/hello-world/src/HelloWorld.elm
[Info  - 6:48:08 PM] A code action was requested
[Info  - 6:48:08 PM] A code lens resolve was requested
[Info  - 6:48:08 PM] A code lens resolve was requested
[Info  - 6:48:08 PM] A code lens resolve was requested
[Info  - 6:48:09 PM] A hover was requested
[Info  - 6:48:10 PM] A hover was requested
[Info  - 6:48:10 PM] A hover was requested
[Info  - 6:48:10 PM] A hover was requested
[Info  - 6:48:11 PM] A code action was requested
[Info  - 6:48:12 PM] A code action was requested
Received change for file:///home/gandalf/Dev/exercism/elm/hello-world/src/HelloWorld.elm
[Info  - 6:48:13 PM] Diagnostics were requested due to a file change
[Info  - 6:48:13 PM] Changed text document, going to parse it. file:///home/gandalf/Dev/exercism/elm/hello-world/src/HelloWorld.elm
[Info  - 6:48:13 PM] Received new elm-analyse report with 1 messages
[Info  - 6:48:13 PM] Folding ranges were requested
[Info  - 6:48:13 PM] A code lens was requested for file:///home/gandalf/Dev/exercism/elm/hello-world/src/HelloWorld.elm
[Info  - 6:48:13 PM] A code action was requested
[Info  - 6:48:13 PM] Document Symbols were requested
[Info  - 6:48:13 PM] A hover was requested
[Info  - 6:48:13 PM] A code lens resolve was requested
[Info  - 6:48:13 PM] A code lens resolve was requested
[Info  - 6:48:13 PM] A code lens resolve was requested
Received save for file:///home/gandalf/Dev/exercism/elm/hello-world/src/HelloWorld.elm
[Info  - 6:48:13 PM] Diagnostics were requested due to a file open or save
[Info  - 6:48:14 PM] Received new elm-analyse report with 1 messages
[Info  - 6:48:14 PM] A hover was requested
Received close for file:///home/gandalf/Dev/exercism/elm/hello-world/tests/Tests.elm
[Info  - 6:56:09 PM] A code action was requested
[Info  - 6:56:09 PM] Document Symbols were requested
[Info  - 6:56:09 PM] Folding ranges were requested
[Info  - 6:56:09 PM] A code lens was requested for file:///home/gandalf/Dev/exercism/elm/hello-world/src/HelloWorld.elm
[Info  - 6:56:09 PM] A code action was requested
[Info  - 6:56:10 PM] A code lens resolve was requested
[Info  - 6:56:10 PM] A code lens resolve was requested
[Info  - 6:56:10 PM] A code lens resolve was requested
[Info  - 6:56:21 PM] A hover was requested
Received change for file:///home/gandalf/Dev/exercism/elm/hello-world/src/HelloWorld.elm
[Info  - 6:56:29 PM] Diagnostics were requested due to a file change
[Info  - 6:56:29 PM] Changed text document, going to parse it. file:///home/gandalf/Dev/exercism/elm/hello-world/src/HelloWorld.elm
[Info  - 6:56:29 PM] Received new elm-analyse report with 1 messages
[Info  - 6:56:29 PM] Folding ranges were requested
[Info  - 6:56:29 PM] A code lens was requested for file:///home/gandalf/Dev/exercism/elm/hello-world/src/HelloWorld.elm
[Info  - 6:56:30 PM] Document Symbols were requested
Received change for file:///home/gandalf/Dev/exercism/elm/hello-world/src/HelloWorld.elm
[Info  - 6:56:30 PM] Diagnostics were requested due to a file change
[Info  - 6:56:30 PM] Changed text document, going to parse it. file:///home/gandalf/Dev/exercism/elm/hello-world/src/HelloWorld.elm
[Info  - 6:56:30 PM] Received new elm-analyse report with 2 messages
[Info  - 6:56:30 PM] Folding ranges were requested
[Info  - 6:56:30 PM] A code lens resolve was requested
[Info  - 6:56:30 PM] A code lens resolve was requested
[Info  - 6:56:30 PM] A code lens resolve was requested
[Info  - 6:56:30 PM] A code lens was requested for file:///home/gandalf/Dev/exercism/elm/hello-world/src/HelloWorld.elm
[Info  - 6:56:30 PM] Document Symbols were requested
[Info  - 6:56:30 PM] A code action was requested
Received save for file:///home/gandalf/Dev/exercism/elm/hello-world/src/HelloWorld.elm
[Info  - 6:56:31 PM] Diagnostics were requested due to a file open or save
Received open for file:///home/gandalf/Dev/exercism/elm/hello-world/tests/Tests.elm
[Info  - 6:56:31 PM] Diagnostics were requested due to a file open or save
[Info  - 6:56:31 PM] A code action was requested
[Info  - 6:56:32 PM] A code action was requested
[Info  - 6:56:41 PM] A code action was requested
[Info  - 6:56:42 PM] A code action was requested
[Info  - 6:56:44 PM] A hover was requested
[Info  - 6:56:50 PM] A code action was requested
[Info  - 6:56:50 PM] A hover was requested
[Info  - 6:56:51 PM] A hover was requested
[Info  - 6:56:51 PM] A code action was requested
[Info  - 6:56:55 PM] A hover was requested
[Info  - 6:56:56 PM] A code action was requested
Received change for file:///home/gandalf/Dev/exercism/elm/hello-world/src/HelloWorld.elm
[Info  - 6:56:57 PM] Diagnostics were requested due to a file change
[Info  - 6:56:57 PM] Changed text document, going to parse it. file:///home/gandalf/Dev/exercism/elm/hello-world/src/HelloWorld.elm
[Info  - 6:56:57 PM] Folding ranges were requested
[Info  - 6:56:57 PM] A code lens was requested for file:///home/gandalf/Dev/exercism/elm/hello-world/src/HelloWorld.elm
[Info  - 6:56:57 PM] Document Symbols were requested
[Info  - 6:56:57 PM] A code action was requested
Received save for file:///home/gandalf/Dev/exercism/elm/hello-world/src/HelloWorld.elm
[Info  - 6:56:57 PM] Diagnostics were requested due to a file open or save
[Info  - 6:56:58 PM] A code action was requested
Received change for file:///home/gandalf/Dev/exercism/elm/hello-world/src/HelloWorld.elm
[Info  - 6:57:01 PM] Diagnostics were requested due to a file change
[Info  - 6:57:01 PM] Changed text document, going to parse it. file:///home/gandalf/Dev/exercism/elm/hello-world/src/HelloWorld.elm
[Info  - 6:57:01 PM] Folding ranges were requested
[Info  - 6:57:01 PM] A code lens resolve was requested
[Info  - 6:57:01 PM] A code lens resolve was requested
[Info  - 6:57:01 PM] A code lens resolve was requested
[Info  - 6:57:01 PM] A code lens was requested for file:///home/gandalf/Dev/exercism/elm/hello-world/src/HelloWorld.elm
[Info  - 6:57:01 PM] Document Symbols were requested
[Info  - 6:57:01 PM] A code action was requested
Received save for file:///home/gandalf/Dev/exercism/elm/hello-world/src/HelloWorld.elm
[Info  - 6:57:02 PM] Diagnostics were requested due to a file open or save
[Info  - 6:57:02 PM] A code action was requested
[Info  - 6:57:02 PM] A code action was requested
[Info  - 6:57:03 PM] A code action was requested
[Info  - 6:57:05 PM] A code action was requested
[Info  - 6:57:07 PM] A code action was requested
[Info  - 6:57:07 PM] A code action was requested
Received change for file:///home/gandalf/Dev/exercism/elm/hello-world/src/HelloWorld.elm
[Info  - 6:57:08 PM] Diagnostics were requested due to a file change
[Info  - 6:57:08 PM] Changed text document, going to parse it. file:///home/gandalf/Dev/exercism/elm/hello-world/src/HelloWorld.elm
[Info  - 6:57:08 PM] Folding ranges were requested
[Info  - 6:57:08 PM] A code lens was requested for file:///home/gandalf/Dev/exercism/elm/hello-world/src/HelloWorld.elm
[Info  - 6:57:08 PM] Document Symbols were requested
[Info  - 6:57:08 PM] A definition was requested
[Info  - 6:57:09 PM] A code lens resolve was requested
[Info  - 6:57:09 PM] A code lens resolve was requested
[Info  - 6:57:09 PM] A code lens resolve was requested
Received save for file:///home/gandalf/Dev/exercism/elm/hello-world/src/HelloWorld.elm
[Info  - 6:57:09 PM] Diagnostics were requested due to a file open or save
[Info  - 6:57:09 PM] Received new elm-analyse report with 1 messages
[Info  - 6:57:09 PM] A code action was requested
Received change for file:///home/gandalf/Dev/exercism/elm/hello-world/src/HelloWorld.elm
[Info  - 6:57:10 PM] Diagnostics were requested due to a file change
[Info  - 6:57:10 PM] Changed text document, going to parse it. file:///home/gandalf/Dev/exercism/elm/hello-world/src/HelloWorld.elm
[Info  - 6:57:10 PM] Received new elm-analyse report with 1 messages
[Info  - 6:57:10 PM] Folding ranges were requested
[Info  - 6:57:10 PM] A code lens was requested for file:///home/gandalf/Dev/exercism/elm/hello-world/src/HelloWorld.elm
[Info  - 6:57:10 PM] Document Symbols were requested
Received change for file:///home/gandalf/Dev/exercism/elm/hello-world/src/HelloWorld.elm
[Info  - 6:57:10 PM] Diagnostics were requested due to a file change
[Info  - 6:57:10 PM] Changed text document, going to parse it. file:///home/gandalf/Dev/exercism/elm/hello-world/src/HelloWorld.elm
[Info  - 6:57:10 PM] Received new elm-analyse report with 2 messages
[Info  - 6:57:10 PM] Folding ranges were requested
[Info  - 6:57:10 PM] A code lens was requested for file:///home/gandalf/Dev/exercism/elm/hello-world/src/HelloWorld.elm
[Info  - 6:57:11 PM] Document Symbols were requested
[Info  - 6:57:11 PM] A code action was requested
[Info  - 6:57:11 PM] A code lens resolve was requested
[Info  - 6:57:11 PM] A code lens resolve was requested
[Info  - 6:57:11 PM] A code lens resolve was requested
Received save for file:///home/gandalf/Dev/exercism/elm/hello-world/src/HelloWorld.elm
[Info  - 6:57:11 PM] Diagnostics were requested due to a file open or save
[Info  - 6:57:11 PM] Received new elm-analyse report with 2 messages
[Info  - 6:57:12 PM] A code action was requested
[Info  - 6:57:13 PM] A code action was requested
[Info  - 6:57:14 PM] A code action was requested
Received change for file:///home/gandalf/Dev/exercism/elm/hello-world/src/HelloWorld.elm
[Info  - 6:57:22 PM] Diagnostics were requested due to a file change
[Info  - 6:57:22 PM] Changed text document, going to parse it. file:///home/gandalf/Dev/exercism/elm/hello-world/src/HelloWorld.elm
[Info  - 6:57:22 PM] Received new elm-analyse report with 2 messages
[Info  - 6:57:22 PM] A completion was requested
Received change for file:///home/gandalf/Dev/exercism/elm/hello-world/src/HelloWorld.elm
[Info  - 6:57:22 PM] Diagnostics were requested due to a file change
[Info  - 6:57:22 PM] Changed text document, going to parse it. file:///home/gandalf/Dev/exercism/elm/hello-world/src/HelloWorld.elm
[Info  - 6:57:22 PM] Received new elm-analyse report with 2 messages
[Info  - 6:57:22 PM] Folding ranges were requested
[Info  - 6:57:22 PM] A code lens was requested for file:///home/gandalf/Dev/exercism/elm/hello-world/src/HelloWorld.elm
Received change for file:///home/gandalf/Dev/exercism/elm/hello-world/src/HelloWorld.elm
[Info  - 6:57:22 PM] Diagnostics were requested due to a file change
[Info  - 6:57:22 PM] Changed text document, going to parse it. file:///home/gandalf/Dev/exercism/elm/hello-world/src/HelloWorld.elm
[Info  - 6:57:22 PM] Received new elm-analyse report with 2 messages
[Info  - 6:57:22 PM] Folding ranges were requested
[Info  - 6:57:22 PM] A code lens was requested for file:///home/gandalf/Dev/exercism/elm/hello-world/src/HelloWorld.elm
[Info  - 6:57:22 PM] Document Symbols were requested
[Info  - 6:57:23 PM] A code action was requested
[Info  - 6:57:23 PM] A code lens resolve was requested
[Info  - 6:57:23 PM] A code lens resolve was requested
[Info  - 6:57:23 PM] A code lens resolve was requested
Received save for file:///home/gandalf/Dev/exercism/elm/hello-world/src/HelloWorld.elm
[Info  - 6:57:23 PM] Diagnostics were requested due to a file open or save
Received change for file:///home/gandalf/Dev/exercism/elm/hello-world/src/HelloWorld.elm
[Info  - 6:57:23 PM] Diagnostics were requested due to a file change
[Info  - 6:57:23 PM] Changed text document, going to parse it. file:///home/gandalf/Dev/exercism/elm/hello-world/src/HelloWorld.elm
[Info  - 6:57:23 PM] Folding ranges were requested
[Info  - 6:57:23 PM] A code lens was requested for file:///home/gandalf/Dev/exercism/elm/hello-world/src/HelloWorld.elm
[Info  - 6:57:24 PM] Document Symbols were requested
[Info  - 6:57:24 PM] A code lens resolve was requested
[Info  - 6:57:24 PM] A code lens resolve was requested
[Info  - 6:57:24 PM] A code lens resolve was requested
Received save for file:///home/gandalf/Dev/exercism/elm/hello-world/src/HelloWorld.elm
[Info  - 6:57:24 PM] Diagnostics were requested due to a file open or save
Received change for file:///home/gandalf/Dev/exercism/elm/hello-world/src/HelloWorld.elm
[Info  - 6:57:28 PM] Diagnostics were requested due to a file change
[Info  - 6:57:28 PM] Changed text document, going to parse it. file:///home/gandalf/Dev/exercism/elm/hello-world/src/HelloWorld.elm
[Info  - 6:57:28 PM] Folding ranges were requested
[Info  - 6:57:28 PM] A code lens was requested for file:///home/gandalf/Dev/exercism/elm/hello-world/src/HelloWorld.elm
[Info  - 6:57:28 PM] Document Symbols were requested
[Info  - 6:57:28 PM] A code lens resolve was requested
[Info  - 6:57:28 PM] A code lens resolve was requested
[Info  - 6:57:28 PM] A code lens resolve was requested
Received save for file:///home/gandalf/Dev/exercism/elm/hello-world/src/HelloWorld.elm
[Info  - 6:57:29 PM] Diagnostics were requested due to a file open or save
[Info  - 6:57:29 PM] Received new elm-analyse report with 2 messages
[Info  - 6:57:29 PM] A hover was requested
[Info  - 6:57:29 PM] A code action was requested
Received change for file:///home/gandalf/Dev/exercism/elm/hello-world/src/HelloWorld.elm
[Info  - 6:57:30 PM] Diagnostics were requested due to a file change
[Info  - 6:57:30 PM] Changed text document, going to parse it. file:///home/gandalf/Dev/exercism/elm/hello-world/src/HelloWorld.elm
[Info  - 6:57:30 PM] Received new elm-analyse report with 2 messages
[Info  - 6:57:30 PM] A completion was requested
Received change for file:///home/gandalf/Dev/exercism/elm/hello-world/src/HelloWorld.elm
[Info  - 6:57:30 PM] Diagnostics were requested due to a file change
[Info  - 6:57:30 PM] Changed text document, going to parse it. file:///home/gandalf/Dev/exercism/elm/hello-world/src/HelloWorld.elm
[Info  - 6:57:30 PM] Received new elm-analyse report with 2 messages
[Info  - 6:57:30 PM] Folding ranges were requested
[Info  - 6:57:30 PM] A code lens was requested for file:///home/gandalf/Dev/exercism/elm/hello-world/src/HelloWorld.elm
Received change for file:///home/gandalf/Dev/exercism/elm/hello-world/src/HelloWorld.elm
[Info  - 6:57:31 PM] Diagnostics were requested due to a file change
[Info  - 6:57:31 PM] Changed text document, going to parse it. file:///home/gandalf/Dev/exercism/elm/hello-world/src/HelloWorld.elm
[Info  - 6:57:31 PM] Received new elm-analyse report with 2 messages
[Info  - 6:57:31 PM] Folding ranges were requested
[Info  - 6:57:31 PM] A code lens was requested for file:///home/gandalf/Dev/exercism/elm/hello-world/src/HelloWorld.elm
Received change for file:///home/gandalf/Dev/exercism/elm/hello-world/src/HelloWorld.elm
[Info  - 6:57:31 PM] Diagnostics were requested due to a file change
[Info  - 6:57:31 PM] Changed text document, going to parse it. file:///home/gandalf/Dev/exercism/elm/hello-world/src/HelloWorld.elm
[Info  - 6:57:31 PM] Received new elm-analyse report with 2 messages
[Info  - 6:57:31 PM] Folding ranges were requested
Received change for file:///home/gandalf/Dev/exercism/elm/hello-world/src/HelloWorld.elm
[Info  - 6:57:31 PM] Diagnostics were requested due to a file change
[Info  - 6:57:31 PM] Changed text document, going to parse it. file:///home/gandalf/Dev/exercism/elm/hello-world/src/HelloWorld.elm
[Info  - 6:57:31 PM] Received new elm-analyse report with 2 messages
[Info  - 6:57:31 PM] Folding ranges were requested
Received change for file:///home/gandalf/Dev/exercism/elm/hello-world/src/HelloWorld.elm
[Info  - 6:57:31 PM] Diagnostics were requested due to a file change
[Info  - 6:57:31 PM] Changed text document, going to parse it. file:///home/gandalf/Dev/exercism/elm/hello-world/src/HelloWorld.elm
[Info  - 6:57:31 PM] Received new elm-analyse report with 1 messages
[Info  - 6:57:31 PM] A completion was requested
Received change for file:///home/gandalf/Dev/exercism/elm/hello-world/src/HelloWorld.elm
[Info  - 6:57:32 PM] Diagnostics were requested due to a file change
[Info  - 6:57:32 PM] Changed text document, going to parse it. file:///home/gandalf/Dev/exercism/elm/hello-world/src/HelloWorld.elm
[Info  - 6:57:32 PM] Received new elm-analyse report with 1 messages
[Info  - 6:57:32 PM] Folding ranges were requested
[Info  - 6:57:32 PM] A code lens resolve was requested
[Info  - 6:57:32 PM] A code lens resolve was requested
[Info  - 6:57:32 PM] A code lens resolve was requested
[Info  - 6:57:32 PM] A code lens was requested for file:///home/gandalf/Dev/exercism/elm/hello-world/src/HelloWorld.elm
[Info  - 6:57:32 PM] A code action was requested
[Info  - 6:57:32 PM] Document Symbols were requested
[Info  - 6:57:32 PM] A code lens resolve was requested
[Info  - 6:57:32 PM] A code lens resolve was requested
[Info  - 6:57:32 PM] A code lens resolve was requested
Received save for file:///home/gandalf/Dev/exercism/elm/hello-world/src/HelloWorld.elm
[Info  - 6:57:32 PM] Diagnostics were requested due to a file open or save
[Info  - 6:57:33 PM] A code action was requested
[Info  - 6:57:34 PM] A hover was requested
[Info  - 6:57:34 PM] A hover was requested
[Info  - 6:57:34 PM] A code action was requested
[Info  - 6:57:50 PM] A hover was requested
[Info  - 6:57:51 PM] A hover was requested
[Info  - 6:57:51 PM] A hover was requested
[Info  - 6:57:54 PM] A hover was requested
[Info  - 6:57:54 PM] A code action was requested
[Info  - 6:57:54 PM] A hover was requested
[Info  - 6:57:56 PM] A definition was requested
[Info  - 6:57:56 PM] A code action was requested
Received change for file:///home/gandalf/Dev/exercism/elm/hello-world/src/HelloWorld.elm
[Info  - 6:57:57 PM] Diagnostics were requested due to a file change
[Info  - 6:57:57 PM] Changed text document, going to parse it. file:///home/gandalf/Dev/exercism/elm/hello-world/src/HelloWorld.elm
[Info  - 6:57:57 PM] Folding ranges were requested
[Info  - 6:57:57 PM] A code lens was requested for file:///home/gandalf/Dev/exercism/elm/hello-world/src/HelloWorld.elm
[Info  - 6:57:57 PM] Document Symbols were requested
[Info  - 6:57:57 PM] A code action was requested
Received change for file:///home/gandalf/Dev/exercism/elm/hello-world/src/HelloWorld.elm
[Info  - 6:57:57 PM] Diagnostics were requested due to a file change
[Info  - 6:57:57 PM] Changed text document, going to parse it. file:///home/gandalf/Dev/exercism/elm/hello-world/src/HelloWorld.elm
[Info  - 6:57:57 PM] Folding ranges were requested
[Info  - 6:57:58 PM] A code lens resolve was requested
[Info  - 6:57:58 PM] A code lens resolve was requested
[Info  - 6:57:58 PM] A code lens resolve was requested
[Info  - 6:57:58 PM] A code lens was requested for file:///home/gandalf/Dev/exercism/elm/hello-world/src/HelloWorld.elm
[Info  - 6:57:58 PM] Document Symbols were requested
Received change for file:///home/gandalf/Dev/exercism/elm/hello-world/src/HelloWorld.elm
[Info  - 6:57:58 PM] Diagnostics were requested due to a file change
[Info  - 6:57:58 PM] Changed text document, going to parse it. file:///home/gandalf/Dev/exercism/elm/hello-world/src/HelloWorld.elm
[Info  - 6:57:58 PM] Folding ranges were requested
[Info  - 6:57:58 PM] A code lens was requested for file:///home/gandalf/Dev/exercism/elm/hello-world/src/HelloWorld.elm
[Info  - 6:57:58 PM] A code lens resolve was requested
[Info  - 6:57:58 PM] A code lens resolve was requested
[Info  - 6:57:58 PM] A code lens resolve was requested
[Info  - 6:57:58 PM] Document Symbols were requested
Received change for file:///home/gandalf/Dev/exercism/elm/hello-world/src/HelloWorld.elm
[Info  - 6:57:58 PM] Diagnostics were requested due to a file change
[Info  - 6:57:58 PM] Changed text document, going to parse it. file:///home/gandalf/Dev/exercism/elm/hello-world/src/HelloWorld.elm
[Info  - 6:57:58 PM] Folding ranges were requested
[Info  - 6:57:58 PM] A code lens was requested for file:///home/gandalf/Dev/exercism/elm/hello-world/src/HelloWorld.elm
Received change for file:///home/gandalf/Dev/exercism/elm/hello-world/src/HelloWorld.elm
[Info  - 6:57:59 PM] Diagnostics were requested due to a file change
[Info  - 6:57:59 PM] Changed text document, going to parse it. file:///home/gandalf/Dev/exercism/elm/hello-world/src/HelloWorld.elm
[Info  - 6:57:59 PM] Folding ranges were requested
[Info  - 6:57:59 PM] A code lens was requested for file:///home/gandalf/Dev/exercism/elm/hello-world/src/HelloWorld.elm
[Info  - 6:57:59 PM] Document Symbols were requested
[Info  - 6:57:59 PM] A code lens resolve was requested
[Info  - 6:57:59 PM] A code lens resolve was requested
[Info  - 6:57:59 PM] A code lens resolve was requested
[Info  - 6:57:59 PM] A code action was requested
[Info  - 6:57:59 PM] A code lens resolve was requested
[Info  - 6:57:59 PM] A code lens resolve was requested
[Info  - 6:57:59 PM] A code lens resolve was requested
Received save for file:///home/gandalf/Dev/exercism/elm/hello-world/src/HelloWorld.elm
[Info  - 6:58:00 PM] Diagnostics were requested due to a file open or save
[Info  - 6:58:00 PM] Received new elm-analyse report with 2 messages
Received change for file:///home/gandalf/Dev/exercism/elm/hello-world/src/HelloWorld.elm
[Info  - 6:58:01 PM] Diagnostics were requested due to a file change
[Info  - 6:58:01 PM] Changed text document, going to parse it. file:///home/gandalf/Dev/exercism/elm/hello-world/src/HelloWorld.elm
[Info  - 6:58:01 PM] Received new elm-analyse report with 2 messages
[Info  - 6:58:01 PM] A completion was requested
Received change for file:///home/gandalf/Dev/exercism/elm/hello-world/src/HelloWorld.elm
[Info  - 6:58:02 PM] Diagnostics were requested due to a file change
[Info  - 6:58:02 PM] Changed text document, going to parse it. file:///home/gandalf/Dev/exercism/elm/hello-world/src/HelloWorld.elm
[Info  - 6:58:02 PM] Received new elm-analyse report with 2 messages
[Info  - 6:58:02 PM] Folding ranges were requested
[Info  - 6:58:02 PM] A code lens was requested for file:///home/gandalf/Dev/exercism/elm/hello-world/src/HelloWorld.elm
[Info  - 6:58:02 PM] Document Symbols were requested
[Info  - 6:58:02 PM] A code action was requested
[Info  - 6:58:02 PM] A code lens resolve was requested
[Info  - 6:58:02 PM] A code lens resolve was requested
[Info  - 6:58:02 PM] A code lens resolve was requested
Received save for file:///home/gandalf/Dev/exercism/elm/hello-world/src/HelloWorld.elm
[Info  - 6:58:03 PM] Diagnostics were requested due to a file open or save
[Info  - 6:58:03 PM] A code action was requested
[Info  - 6:58:06 PM] A code action was requested
[Info  - 6:58:07 PM] A code action was requested
Received change for file:///home/gandalf/Dev/exercism/elm/hello-world/src/HelloWorld.elm
[Info  - 6:58:08 PM] Diagnostics were requested due to a file change
[Info  - 6:58:08 PM] Changed text document, going to parse it. file:///home/gandalf/Dev/exercism/elm/hello-world/src/HelloWorld.elm
[Info  - 6:58:08 PM] Folding ranges were requested
[Info  - 6:58:08 PM] A code lens was requested for file:///home/gandalf/Dev/exercism/elm/hello-world/src/HelloWorld.elm
[Info  - 6:58:08 PM] Document Symbols were requested
[Info  - 6:58:08 PM] A code lens resolve was requested
[Info  - 6:58:08 PM] A code lens resolve was requested
[Info  - 6:58:08 PM] A code lens resolve was requested
Received save for file:///home/gandalf/Dev/exercism/elm/hello-world/src/HelloWorld.elm
[Info  - 6:58:09 PM] Diagnostics were requested due to a file open or save
Received change for file:///home/gandalf/Dev/exercism/elm/hello-world/src/HelloWorld.elm
[Info  - 6:58:12 PM] Diagnostics were requested due to a file change
[Info  - 6:58:12 PM] Changed text document, going to parse it. file:///home/gandalf/Dev/exercism/elm/hello-world/src/HelloWorld.elm
[Info  - 6:58:12 PM] Folding ranges were requested
[Info  - 6:58:12 PM] A code lens was requested for file:///home/gandalf/Dev/exercism/elm/hello-world/src/HelloWorld.elm
[Info  - 6:58:12 PM] Document Symbols were requested
[Info  - 6:58:12 PM] A code lens resolve was requested
[Info  - 6:58:12 PM] A code lens resolve was requested
[Info  - 6:58:12 PM] A code lens resolve was requested
Received change for file:///home/gandalf/Dev/exercism/elm/hello-world/src/HelloWorld.elm
[Info  - 6:58:12 PM] Diagnostics were requested due to a file change
[Info  - 6:58:12 PM] Changed text document, going to parse it. file:///home/gandalf/Dev/exercism/elm/hello-world/src/HelloWorld.elm
[Info  - 6:58:12 PM] Folding ranges were requested
[Info  - 6:58:12 PM] A code lens was requested for file:///home/gandalf/Dev/exercism/elm/hello-world/src/HelloWorld.elm
[Info  - 6:58:13 PM] Document Symbols were requested
[Info  - 6:58:13 PM] A code lens resolve was requested
[Info  - 6:58:13 PM] A code lens resolve was requested
[Info  - 6:58:13 PM] A code lens resolve was requested
Received change for file:///home/gandalf/Dev/exercism/elm/hello-world/src/HelloWorld.elm
[Info  - 6:58:13 PM] Diagnostics were requested due to a file change
[Info  - 6:58:13 PM] Changed text document, going to parse it. file:///home/gandalf/Dev/exercism/elm/hello-world/src/HelloWorld.elm
[Info  - 6:58:13 PM] A completion was requested
Received change for file:///home/gandalf/Dev/exercism/elm/hello-world/src/HelloWorld.elm
[Info  - 6:58:13 PM] Diagnostics were requested due to a file change
[Info  - 6:58:13 PM] Changed text document, going to parse it. file:///home/gandalf/Dev/exercism/elm/hello-world/src/HelloWorld.elm
[Info  - 6:58:13 PM] Folding ranges were requested
Received change for file:///home/gandalf/Dev/exercism/elm/hello-world/src/HelloWorld.elm
[Info  - 6:58:14 PM] Diagnostics were requested due to a file change
[Info  - 6:58:14 PM] Changed text document, going to parse it. file:///home/gandalf/Dev/exercism/elm/hello-world/src/HelloWorld.elm
[Info  - 6:58:14 PM] Folding ranges were requested
Received change for file:///home/gandalf/Dev/exercism/elm/hello-world/src/HelloWorld.elm
[Info  - 6:58:14 PM] Diagnostics were requested due to a file change
[Info  - 6:58:14 PM] Changed text document, going to parse it. file:///home/gandalf/Dev/exercism/elm/hello-world/src/HelloWorld.elm
[Info  - 6:58:14 PM] A completion was requested
Received change for file:///home/gandalf/Dev/exercism/elm/hello-world/src/HelloWorld.elm
[Info  - 6:58:14 PM] Diagnostics were requested due to a file change
[Info  - 6:58:14 PM] Changed text document, going to parse it. file:///home/gandalf/Dev/exercism/elm/hello-world/src/HelloWorld.elm
[Info  - 6:58:14 PM] Folding ranges were requested
[Info  - 6:58:14 PM] A code lens was requested for file:///home/gandalf/Dev/exercism/elm/hello-world/src/HelloWorld.elm
[Info  - 6:58:14 PM] Document Symbols were requested
[Info  - 6:58:14 PM] A code lens resolve was requested
[Info  - 6:58:14 PM] A code lens resolve was requested
[Info  - 6:58:14 PM] A code lens resolve was requested
[Info  - 6:58:14 PM] A code lens resolve was requested
[Info  - 6:58:14 PM] A code lens resolve was requested
Received save for file:///home/gandalf/Dev/exercism/elm/hello-world/src/HelloWorld.elm
[Info  - 6:58:15 PM] Diagnostics were requested due to a file open or save
Received change for file:///home/gandalf/Dev/exercism/elm/hello-world/src/HelloWorld.elm
[Info  - 6:58:19 PM] Diagnostics were requested due to a file change
[Info  - 6:58:19 PM] Changed text document, going to parse it. file:///home/gandalf/Dev/exercism/elm/hello-world/src/HelloWorld.elm
[Info  - 6:58:19 PM] A completion was requested
Received change for file:///home/gandalf/Dev/exercism/elm/hello-world/src/HelloWorld.elm
[Info  - 6:58:20 PM] Diagnostics were requested due to a file change
[Info  - 6:58:20 PM] Changed text document, going to parse it. file:///home/gandalf/Dev/exercism/elm/hello-world/src/HelloWorld.elm
[Info  - 6:58:20 PM] Folding ranges were requested
[Info  - 6:58:20 PM] A code lens was requested for file:///home/gandalf/Dev/exercism/elm/hello-world/src/HelloWorld.elm
[Info  - 6:58:20 PM] Document Symbols were requested
[Info  - 6:58:20 PM] A code action was requested
[Info  - 6:58:20 PM] A code lens resolve was requested
[Info  - 6:58:20 PM] A code lens resolve was requested
[Info  - 6:58:20 PM] A code lens resolve was requested
[Info  - 6:58:20 PM] A code lens resolve was requested
[Info  - 6:58:20 PM] A code lens resolve was requested
Received change for file:///home/gandalf/Dev/exercism/elm/hello-world/src/HelloWorld.elm
[Info  - 6:58:21 PM] Diagnostics were requested due to a file change
[Info  - 6:58:21 PM] Changed text document, going to parse it. file:///home/gandalf/Dev/exercism/elm/hello-world/src/HelloWorld.elm
[Info  - 6:58:21 PM] Folding ranges were requested
[Info  - 6:58:21 PM] A code lens was requested for file:///home/gandalf/Dev/exercism/elm/hello-world/src/HelloWorld.elm
[Info  - 6:58:21 PM] Document Symbols were requested
[Info  - 6:58:21 PM] A code action was requested
[Info  - 6:58:21 PM] A code lens resolve was requested
[Info  - 6:58:21 PM] A code lens resolve was requested
[Info  - 6:58:21 PM] A code lens resolve was requested
[Info  - 6:58:21 PM] A code lens resolve was requested
[Info  - 6:58:21 PM] A code lens resolve was requested
Received save for file:///home/gandalf/Dev/exercism/elm/hello-world/src/HelloWorld.elm
[Info  - 6:58:21 PM] Diagnostics were requested due to a file open or save
[Info  - 6:58:21 PM] Received new elm-analyse report with 3 messages
[Info  - 6:58:22 PM] A code action was requested
[Info  - 6:58:24 PM] A hover was requested
[Info  - 6:58:24 PM] A hover was requested
[Info  - 6:58:24 PM] A code action was requested
[Info  - 6:58:29 PM] A code action was requested
[Info  - 6:58:30 PM] A code action was requested
Received change for file:///home/gandalf/Dev/exercism/elm/hello-world/src/HelloWorld.elm
[Info  - 6:58:30 PM] Diagnostics were requested due to a file change
[Info  - 6:58:30 PM] Changed text document, going to parse it. file:///home/gandalf/Dev/exercism/elm/hello-world/src/HelloWorld.elm
[Info  - 6:58:30 PM] Received new elm-analyse report with 2 messages
[Info  - 6:58:30 PM] Folding ranges were requested
[Info  - 6:58:30 PM] A code lens was requested for file:///home/gandalf/Dev/exercism/elm/hello-world/src/HelloWorld.elm
[Info  - 6:58:31 PM] Document Symbols were requested
Received change for file:///home/gandalf/Dev/exercism/elm/hello-world/src/HelloWorld.elm
[Info  - 6:58:31 PM] Diagnostics were requested due to a file change
[Info  - 6:58:31 PM] Changed text document, going to parse it. file:///home/gandalf/Dev/exercism/elm/hello-world/src/HelloWorld.elm
[Info  - 6:58:31 PM] Received new elm-analyse report with 2 messages
[Info  - 6:58:31 PM] Folding ranges were requested
[Info  - 6:58:31 PM] A code lens was requested for file:///home/gandalf/Dev/exercism/elm/hello-world/src/HelloWorld.elm
[Info  - 6:58:31 PM] Document Symbols were requested
[Info  - 6:58:31 PM] A code lens resolve was requested
[Info  - 6:58:31 PM] A code lens resolve was requested
[Info  - 6:58:31 PM] A code lens resolve was requested
Received save for file:///home/gandalf/Dev/exercism/elm/hello-world/src/HelloWorld.elm
[Info  - 6:58:32 PM] Diagnostics were requested due to a file open or save
[Info  - 6:58:32 PM] Received new elm-analyse report with 2 messages
[Info  - 6:58:32 PM] A hover was requested
[Info  - 6:58:34 PM] A code action was requested
[Info  - 6:58:34 PM] A code action was requested
[Info  - 6:58:35 PM] A code action was requested
Received change for file:///home/gandalf/Dev/exercism/elm/hello-world/src/HelloWorld.elm
[Info  - 6:58:36 PM] Diagnostics were requested due to a file change
[Info  - 6:58:36 PM] Changed text document, going to parse it. file:///home/gandalf/Dev/exercism/elm/hello-world/src/HelloWorld.elm
[Info  - 6:58:36 PM] Received new elm-analyse report with 1 messages
[Info  - 6:58:36 PM] Folding ranges were requested
[Info  - 6:58:36 PM] A code lens was requested for file:///home/gandalf/Dev/exercism/elm/hello-world/src/HelloWorld.elm
[Info  - 6:58:36 PM] Document Symbols were requested
[Info  - 6:58:36 PM] A code lens resolve was requested
[Info  - 6:58:36 PM] A code lens resolve was requested
[Info  - 6:58:36 PM] A code lens resolve was requested
Received save for file:///home/gandalf/Dev/exercism/elm/hello-world/src/HelloWorld.elm
[Info  - 6:58:36 PM] Diagnostics were requested due to a file open or save
[Info  - 6:58:36 PM] Received new elm-analyse report with 1 messages
[Info  - 6:58:37 PM] A hover was requested
