Initializing document watcher...
undefined: {}
Backend/Backend/local.settings.json: {}
Backend/Backend/Auth/UserAuthFunction.cs: {}
Backend/Backend/Auth/UserAuthFunction.cs: Using EditorConfig core...
Backend/Backend/Auth/UserAuthFunction.cs: Using EditorConfig core...
Backend/Backend/Auth/UserAuthFunction.cs: Using EditorConfig core...
Backend/Backend/Auth/UserAuthFunction.cs: Using EditorConfig core...
Backend/Backend/Auth/UserAuthFunction.cs: Using EditorConfig core...
Backend/Backend/Auth/UserAuthFunction.cs: Using EditorConfig core...
Backend/Backend/Auth/UserAuthFunction.cs: Using EditorConfig core...
Backend/Backend/Auth/UserAuthFunction.cs: Using EditorConfig core...
Backend/Backend/Auth/UserAuthFunction.cs: Using EditorConfig core...
Backend/Backend/Auth/UserAuthFunction.cs: {}
Backend/Backend/Auth/UserAuthFunction.cs: {}
Backend/Backend/Auth/UserAuthFunction.cs: {}
Backend/Backend/Auth/UserAuthFunction.cs: {}
Backend/Backend/Auth/UserAuthFunction.cs: {}
Backend/Backend/Auth/UserAuthFunction.cs: {}
Backend/Backend/Auth/UserAuthFunction.cs: {}
Backend/Backend/Auth/UserAuthFunction.cs: {}
Backend/Backend/Auth/UserAuthFunction.cs: {}
Backend/Backend/Auth/UserAuthFunction.cs: {}
Backend/Backend/Auth/UserAuthFunction.cs: {}
Backend/Backend/Auth/UserAuthFunction.cs: {}
Backend/Backend/Auth/UserAuthFunction.cs: {}
