Starting OmniSharp server at 12/23/2019, 2:21:01 PM
    Target: /home/gandalf/Dev/IT-Project/Backend/Backend.sln

OmniSharp server started with Mono 5.20.1.
    Path: /home/gandalf/.vscode/extensions/ms-vscode.csharp-1.21.9/.omnisharp/1.34.9/omnisharp/OmniSharp.exe
    PID: 9904

[info]: OmniSharp.Stdio.Host
        Starting OmniSharp on nixos 0.0 (x64)
[info]: OmniSharp.Services.DotNetCliService
        DotNetPath set to dotnet
[info]: OmniSharp.MSBuild.Discovery.Providers.MonoInstanceProvider
        Found Mono MSBuild but it could not be used because it is version 5.20.1.27 and it needs to be >= 6.4.0. OmniSharp will use embedded Mono instead. If you encounter any problems with OmniSharp, it is recommended to upgrade your Mono to the latest version. See https://www.mono-project.com/download/stable/.
[info]: OmniSharp.MSBuild.Discovery.MSBuildLocator
        Located 1 MSBuild instance(s)
            1: StandAlone 16.3 - "/home/gandalf/.vscode/extensions/ms-vscode.csharp-1.21.9/.omnisharp/1.34.9/omnisharp/.msbuild/Current/Bin"
[info]: OmniSharp.MSBuild.Discovery.MSBuildLocator
        MSBUILD_EXE_PATH environment variable set to '/home/gandalf/.vscode/extensions/ms-vscode.csharp-1.21.9/.omnisharp/1.34.9/omnisharp/.msbuild/Current/Bin/MSBuild.dll'
[info]: OmniSharp.MSBuild.Discovery.MSBuildLocator
        Registered MSBuild instance: StandAlone 16.3 - "/home/gandalf/.vscode/extensions/ms-vscode.csharp-1.21.9/.omnisharp/1.34.9/omnisharp/.msbuild/Current/Bin"
            CscToolExe = csc.exe
            MSBuildToolsPath = /home/gandalf/.vscode/extensions/ms-vscode.csharp-1.21.9/.omnisharp/1.34.9/omnisharp/.msbuild/Current/Bin
            CscToolPath = /home/gandalf/.vscode/extensions/ms-vscode.csharp-1.21.9/.omnisharp/1.34.9/omnisharp/.msbuild/Current/Bin/Roslyn
            BypassFrameworkInstallChecks = true
            MSBuildExtensionsPath = /home/gandalf/.vscode/extensions/ms-vscode.csharp-1.21.9/.omnisharp/1.34.9/omnisharp/.msbuild
[info]: OmniSharp.Cake.CakeProjectSystem
        Detecting Cake files in '/home/gandalf/Dev/IT-Project/Backend'.
[info]: OmniSharp.Cake.CakeProjectSystem
        Could not find any Cake files
[info]: OmniSharp.MSBuild.ProjectSystem
        Detecting projects in '/home/gandalf/Dev/IT-Project/Backend/Backend.sln'.
[info]: OmniSharp.MSBuild.ProjectManager
        Queue project update for '/home/gandalf/Dev/IT-Project/Backend/Backend/Backend.csproj'
[info]: OmniSharp.MSBuild.ProjectManager
        Queue project update for '/home/gandalf/Dev/IT-Project/Backend/Backend.Data/Backend.Data.csproj'
[info]: OmniSharp.MSBuild.ProjectManager
        Queue project update for '/home/gandalf/Dev/IT-Project/Backend/Backend.Test/Backend.Test.csproj'
[info]: OmniSharp.Script.ScriptProjectSystem
        Detecting CSX files in '/home/gandalf/Dev/IT-Project/Backend'.
[info]: OmniSharp.Script.ScriptProjectSystem
        Could not find any CSX files
[info]: OmniSharp.WorkspaceInitializer
        Invoking Workspace Options Provider: OmniSharp.Roslyn.CSharp.Services.CSharpFormattingWorkspaceOptionsProvider, Order: 0
[info]: OmniSharp.MSBuild.ProjectManager
        Loading project: /home/gandalf/Dev/IT-Project/Backend/Backend/Backend.csproj
[info]: OmniSharp.WorkspaceInitializer
        Invoking Workspace Options Provider: OmniSharp.Roslyn.CSharp.Services.RenameWorkspaceOptionsProvider, Order: 100
[info]: OmniSharp.WorkspaceInitializer
        Invoking Workspace Options Provider: OmniSharp.Roslyn.CSharp.Services.EditorConfigWorkspaceOptionsProvider, Order: 200
[info]: OmniSharp.WorkspaceInitializer
        Configuration finished.
[info]: OmniSharp.Stdio.Host
        Omnisharp server running using Stdio at location '/home/gandalf/Dev/IT-Project/Backend' on host 9773.
[warn]: OmniSharp.MSBuild.ProjectLoader
        Detected package version outside of dependency constraint: Microsoft.NET.Sdk.Functions 1.0.29 requires Newtonsoft.Json (= 11.0.2) but version Newtonsoft.Json 12.0.3 was resolved.
[info]: OmniSharp.MSBuild.ProjectManager
        Successfully loaded project file '/home/gandalf/Dev/IT-Project/Backend/Backend/Backend.csproj'.
/home/gandalf/Dev/IT-Project/Backend/Backend/Backend.csproj
/home/gandalf/Dev/IT-Project/Backend/Backend/Backend.csproj(0,0): Error: Detected package version outside of dependency constraint: Microsoft.NET.Sdk.Functions 1.0.29 requires Newtonsoft.Json (= 11.0.2) but version Newtonsoft.Json 12.0.3 was resolved.

[info]: OmniSharp.MSBuild.ProjectManager
        Adding project '/home/gandalf/Dev/IT-Project/Backend/Backend/Backend.csproj'
[info]: OmniSharp.MSBuild.ProjectManager
        Loading project: /home/gandalf/Dev/IT-Project/Backend/Backend.Data/Backend.Data.csproj
[info]: OmniSharp.MSBuild.ProjectManager
        Successfully loaded project file '/home/gandalf/Dev/IT-Project/Backend/Backend.Data/Backend.Data.csproj'.
[info]: OmniSharp.MSBuild.ProjectManager
        Adding project '/home/gandalf/Dev/IT-Project/Backend/Backend.Data/Backend.Data.csproj'
[info]: OmniSharp.MSBuild.ProjectManager
        Loading project: /home/gandalf/Dev/IT-Project/Backend/Backend.Test/Backend.Test.csproj
[warn]: OmniSharp.MSBuild.ProjectLoader
        Detected package version outside of dependency constraint: Microsoft.NET.Sdk.Functions 1.0.29 requires Newtonsoft.Json (= 11.0.2) but version Newtonsoft.Json 12.0.3 was resolved.
[info]: OmniSharp.MSBuild.ProjectManager
        Successfully loaded project file '/home/gandalf/Dev/IT-Project/Backend/Backend.Test/Backend.Test.csproj'.
/home/gandalf/Dev/IT-Project/Backend/Backend.Test/Backend.Test.csproj
/home/gandalf/Dev/IT-Project/Backend/Backend.Test/Backend.Test.csproj(0,0): Error: Detected package version outside of dependency constraint: Microsoft.NET.Sdk.Functions 1.0.29 requires Newtonsoft.Json (= 11.0.2) but version Newtonsoft.Json 12.0.3 was resolved.

[info]: OmniSharp.MSBuild.ProjectManager
        Adding project '/home/gandalf/Dev/IT-Project/Backend/Backend.Test/Backend.Test.csproj'
[info]: OmniSharp.MSBuild.ProjectManager
        Update project: Backend
[info]: OmniSharp.MSBuild.ProjectManager
        Update project: Backend.Data
[info]: OmniSharp.MSBuild.ProjectManager
        Update project: Backend.Test
[info]: OmniSharp.MSBuild.ProjectManager
        Queue project update for '/home/gandalf/Dev/IT-Project/Backend/Backend.Data/Backend.Data.csproj'
[info]: OmniSharp.MSBuild.ProjectManager
        Loading project: /home/gandalf/Dev/IT-Project/Backend/Backend.Data/Backend.Data.csproj
[info]: OmniSharp.MSBuild.ProjectManager
        Queue project update for '/home/gandalf/Dev/IT-Project/Backend/Backend.Test/Backend.Test.csproj'
[info]: OmniSharp.MSBuild.ProjectManager
        Queue project update for '/home/gandalf/Dev/IT-Project/Backend/Backend/Backend.csproj'
[info]: OmniSharp.MSBuild.ProjectManager
        Successfully loaded project file '/home/gandalf/Dev/IT-Project/Backend/Backend.Data/Backend.Data.csproj'.
[info]: OmniSharp.MSBuild.ProjectManager
        Loading project: /home/gandalf/Dev/IT-Project/Backend/Backend.Test/Backend.Test.csproj
[warn]: OmniSharp.MSBuild.ProjectLoader
        Detected package version outside of dependency constraint: Microsoft.NET.Sdk.Functions 1.0.29 requires Newtonsoft.Json (= 11.0.2) but version Newtonsoft.Json 12.0.3 was resolved.
[info]: OmniSharp.MSBuild.ProjectManager
        Successfully loaded project file '/home/gandalf/Dev/IT-Project/Backend/Backend.Test/Backend.Test.csproj'.
/home/gandalf/Dev/IT-Project/Backend/Backend.Test/Backend.Test.csproj
/home/gandalf/Dev/IT-Project/Backend/Backend.Test/Backend.Test.csproj(0,0): Error: Detected package version outside of dependency constraint: Microsoft.NET.Sdk.Functions 1.0.29 requires Newtonsoft.Json (= 11.0.2) but version Newtonsoft.Json 12.0.3 was resolved.

[info]: OmniSharp.MSBuild.ProjectManager
        Loading project: /home/gandalf/Dev/IT-Project/Backend/Backend/Backend.csproj
[warn]: OmniSharp.MSBuild.ProjectLoader
        Detected package version outside of dependency constraint: Microsoft.NET.Sdk.Functions 1.0.29 requires Newtonsoft.Json (= 11.0.2) but version Newtonsoft.Json 12.0.3 was resolved.
[info]: OmniSharp.MSBuild.ProjectManager
        Successfully loaded project file '/home/gandalf/Dev/IT-Project/Backend/Backend/Backend.csproj'.
/home/gandalf/Dev/IT-Project/Backend/Backend/Backend.csproj
/home/gandalf/Dev/IT-Project/Backend/Backend/Backend.csproj(0,0): Error: Detected package version outside of dependency constraint: Microsoft.NET.Sdk.Functions 1.0.29 requires Newtonsoft.Json (= 11.0.2) but version Newtonsoft.Json 12.0.3 was resolved.

[info]: OmniSharp.MSBuild.ProjectManager
        Update project: Backend.Data
[info]: OmniSharp.MSBuild.ProjectManager
        Update project: Backend.Test
[info]: OmniSharp.MSBuild.ProjectManager
        Update project: Backend
[warn]: OmniSharp.MSBuild.PackageDependencyChecker
        Backend.Data: Found package reference 'Microsoft.CodeAnalysis.FxCopAnalyzers', but none of the versions in the lock file ("2.9.7") satisfy [2.9.8, )
[warn]: OmniSharp.MSBuild.PackageDependencyChecker
        Backend.Data: Did not find 'Microsoft.Extensions.Logging.Abstractions' in lock file.
[warn]: OmniSharp.MSBuild.PackageDependencyChecker
        Backend.Test: Did not find 'Microsoft.Extensions.Logging.Console' in lock file.
[warn]: OmniSharp.MSBuild.PackageDependencyChecker
        Backend.Test: Found package reference 'Microsoft.NET.Test.Sdk', but none of the versions in the lock file ("16.2.0") satisfy [16.4.0, )
[warn]: OmniSharp.MSBuild.PackageDependencyChecker
        Backend.Test: Found package reference 'xunit', but none of the versions in the lock file ("2.4.0") satisfy [2.4.1, )
[warn]: OmniSharp.MSBuild.PackageDependencyChecker
        Backend.Test: Found package reference 'xunit.runner.visualstudio', but none of the versions in the lock file ("2.4.0") satisfy [2.4.1, )
[warn]: OmniSharp.MSBuild.PackageDependencyChecker
        Backend.Test: Found package reference 'coverlet.collector', but none of the versions in the lock file ("1.0.1") satisfy [1.1.0, )
[warn]: OmniSharp.MSBuild.PackageDependencyChecker
        Backend: Found package reference 'Microsoft.CodeAnalysis.FxCopAnalyzers', but none of the versions in the lock file ("2.9.7") satisfy [2.9.8, )
[info]: OmniSharp.MSBuild.ProjectManager
        Queue project update for '/home/gandalf/Dev/IT-Project/Backend/Backend.Data/Backend.Data.csproj'
[info]: OmniSharp.MSBuild.ProjectManager
        Loading project: /home/gandalf/Dev/IT-Project/Backend/Backend.Data/Backend.Data.csproj
[info]: OmniSharp.MSBuild.ProjectManager
        Queue project update for '/home/gandalf/Dev/IT-Project/Backend/Backend.Data/Backend.Data.csproj'
[info]: OmniSharp.MSBuild.ProjectManager
        Queue project update for '/home/gandalf/Dev/IT-Project/Backend/Backend.Data/Backend.Data.csproj'
[info]: OmniSharp.MSBuild.ProjectManager
        Queue project update for '/home/gandalf/Dev/IT-Project/Backend/Backend/Backend.csproj'
[info]: OmniSharp.MSBuild.ProjectManager
        Queue project update for '/home/gandalf/Dev/IT-Project/Backend/Backend/Backend.csproj'
[info]: OmniSharp.MSBuild.ProjectManager
        Queue project update for '/home/gandalf/Dev/IT-Project/Backend/Backend/Backend.csproj'
[info]: OmniSharp.MSBuild.ProjectManager
        Successfully loaded project file '/home/gandalf/Dev/IT-Project/Backend/Backend.Data/Backend.Data.csproj'.
[info]: OmniSharp.MSBuild.ProjectManager
        Loading project: /home/gandalf/Dev/IT-Project/Backend/Backend/Backend.csproj
[warn]: OmniSharp.MSBuild.ProjectLoader
        Detected package version outside of dependency constraint: Microsoft.NET.Sdk.Functions 1.0.29 requires Newtonsoft.Json (= 11.0.2) but version Newtonsoft.Json 12.0.3 was resolved.
[info]: OmniSharp.MSBuild.ProjectManager
        Successfully loaded project file '/home/gandalf/Dev/IT-Project/Backend/Backend/Backend.csproj'.
/home/gandalf/Dev/IT-Project/Backend/Backend/Backend.csproj
/home/gandalf/Dev/IT-Project/Backend/Backend/Backend.csproj(0,0): Error: Detected package version outside of dependency constraint: Microsoft.NET.Sdk.Functions 1.0.29 requires Newtonsoft.Json (= 11.0.2) but version Newtonsoft.Json 12.0.3 was resolved.

[info]: OmniSharp.MSBuild.ProjectManager
        Update project: Backend.Data
[info]: OmniSharp.MSBuild.ProjectManager
        Update project: Backend
[info]: OmniSharp.MSBuild.ProjectManager
        Queue project update for '/home/gandalf/Dev/IT-Project/Backend/Backend.Test/Backend.Test.csproj'
[info]: OmniSharp.MSBuild.ProjectManager
        Queue project update for '/home/gandalf/Dev/IT-Project/Backend/Backend.Test/Backend.Test.csproj'
[info]: OmniSharp.MSBuild.ProjectManager
        Queue project update for '/home/gandalf/Dev/IT-Project/Backend/Backend.Test/Backend.Test.csproj'
[info]: OmniSharp.MSBuild.ProjectManager
        Queue project update for '/home/gandalf/Dev/IT-Project/Backend/Backend.Test/Backend.Test.csproj'
[info]: OmniSharp.MSBuild.ProjectManager
        Loading project: /home/gandalf/Dev/IT-Project/Backend/Backend.Test/Backend.Test.csproj
[warn]: OmniSharp.MSBuild.ProjectLoader
        Detected package version outside of dependency constraint: Microsoft.NET.Sdk.Functions 1.0.29 requires Newtonsoft.Json (= 11.0.2) but version Newtonsoft.Json 12.0.3 was resolved.
[info]: OmniSharp.MSBuild.ProjectManager
        Successfully loaded project file '/home/gandalf/Dev/IT-Project/Backend/Backend.Test/Backend.Test.csproj'.
/home/gandalf/Dev/IT-Project/Backend/Backend.Test/Backend.Test.csproj
/home/gandalf/Dev/IT-Project/Backend/Backend.Test/Backend.Test.csproj(0,0): Error: Detected package version outside of dependency constraint: Microsoft.NET.Sdk.Functions 1.0.29 requires Newtonsoft.Json (= 11.0.2) but version Newtonsoft.Json 12.0.3 was resolved.

[info]: OmniSharp.MSBuild.ProjectManager
        Update project: Backend.Test
[info]: OmniSharp.Roslyn.CSharp.Services.Refactoring.V2.CachingCodeFixProviderForProjects
        Skipping code fix provider 'Microsoft.CodeQuality.Analyzers.QualityGuidelines.MarkMembersAsStaticFixer' because its language doesn't match 'C#'.
[info]: OmniSharp.Roslyn.CSharp.Services.Refactoring.V2.CachingCodeFixProviderForProjects
        Skipping code fix provider 'Microsoft.CodeQuality.Analyzers.QualityGuidelines.PreferJaggedArraysOverMultidimensionalFixer' because its language doesn't match 'C#'.
[info]: OmniSharp.Roslyn.CSharp.Services.Refactoring.V2.CachingCodeFixProviderForProjects
        Skipping code fix provider 'Microsoft.CodeQuality.Analyzers.QualityGuidelines.ReviewVisibleEventHandlersFixer' because its language doesn't match 'C#'.
[info]: OmniSharp.Roslyn.CSharp.Services.Refactoring.V2.CachingCodeFixProviderForProjects
        Skipping code fix provider 'Microsoft.CodeQuality.Analyzers.QualityGuidelines.UseLiteralsWhereAppropriateFixer' because its language doesn't match 'C#'.
[info]: OmniSharp.Roslyn.CSharp.Services.Refactoring.V2.CachingCodeFixProviderForProjects
        Skipping code fix provider 'Microsoft.CodeQuality.Analyzers.Maintainability.AvoidUninstantiatedInternalClassesFixer' because its language doesn't match 'C#'.
[info]: OmniSharp.Roslyn.CSharp.Services.Refactoring.V2.CachingCodeFixProviderForProjects
        Skipping code fix provider 'Microsoft.CodeQuality.Analyzers.Maintainability.ReviewUnusedParametersFixer' because its language doesn't match 'C#'.
[info]: OmniSharp.Roslyn.CSharp.Services.Refactoring.V2.CachingCodeFixProviderForProjects
        Skipping code fix provider 'Microsoft.CodeQuality.Analyzers.Maintainability.UseNameOfInPlaceOfStringFixer' because its language doesn't match 'C#'.
[info]: OmniSharp.Roslyn.CSharp.Services.Refactoring.V2.CachingCodeFixProviderForProjects
        Skipping code fix provider 'Microsoft.CodeQuality.Analyzers.Maintainability.VariableNamesShouldNotMatchFieldNamesFixer' because its language doesn't match 'C#'.
[info]: OmniSharp.Roslyn.CSharp.Services.Refactoring.V2.CachingCodeFixProviderForProjects
        Skipping code fix provider 'Microsoft.CodeQuality.Analyzers.Documentation.AvoidUsingCrefTagsWithAPrefixFixer' because its language doesn't match 'C#'.
[info]: OmniSharp.Roslyn.CSharp.Services.Refactoring.V2.CachingCodeFixProviderForProjects
        Skipping code fix provider 'Microsoft.CodeQuality.Analyzers.ApiReview.AvoidCallingProblematicMethodsFixer' because its language doesn't match 'C#'.
[info]: OmniSharp.Roslyn.CSharp.Services.Refactoring.V2.CachingCodeFixProviderForProjects
        Skipping code fix provider 'Microsoft.CodeQuality.Analyzers.ApiDesignGuidelines.AvoidEmptyInterfacesFixer' because its language doesn't match 'C#'.
[info]: OmniSharp.Roslyn.CSharp.Services.Refactoring.V2.CachingCodeFixProviderForProjects
        Skipping code fix provider 'Microsoft.CodeQuality.Analyzers.ApiDesignGuidelines.CollectionsShouldImplementGenericInterfaceFixer' because its language doesn't match 'C#'.
[info]: OmniSharp.Roslyn.CSharp.Services.Refactoring.V2.CachingCodeFixProviderForProjects
        Skipping code fix provider 'Microsoft.CodeQuality.Analyzers.ApiDesignGuidelines.DeclareTypesInNamespacesFixer' because its language doesn't match 'C#'.
[info]: OmniSharp.Roslyn.CSharp.Services.Refactoring.V2.CachingCodeFixProviderForProjects
        Skipping code fix provider 'Microsoft.CodeQuality.Analyzers.ApiDesignGuidelines.DoNotHideBaseClassMethodsFixer' because its language doesn't match 'C#'.
[info]: OmniSharp.Roslyn.CSharp.Services.Refactoring.V2.CachingCodeFixProviderForProjects
        Skipping code fix provider 'Microsoft.CodeQuality.Analyzers.ApiDesignGuidelines.EnumsShouldHavePluralNamesFixer' because its language doesn't match 'C#'.
[info]: OmniSharp.Roslyn.CSharp.Services.Refactoring.V2.CachingCodeFixProviderForProjects
        Skipping code fix provider 'Microsoft.CodeQuality.Analyzers.ApiDesignGuidelines.EnumsShouldHaveZeroValueFixer' because its language doesn't match 'C#'.
[info]: OmniSharp.Roslyn.CSharp.Services.Refactoring.V2.CachingCodeFixProviderForProjects
        Skipping code fix provider 'Microsoft.CodeQuality.Analyzers.ApiDesignGuidelines.EnumStorageShouldBeInt32Fixer' because its language doesn't match 'C#'.
[info]: OmniSharp.Roslyn.CSharp.Services.Refactoring.V2.CachingCodeFixProviderForProjects
        Skipping code fix provider 'Microsoft.CodeQuality.Analyzers.ApiDesignGuidelines.IdentifiersShouldHaveCorrectPrefixFixer' because its language doesn't match 'C#'.
[info]: OmniSharp.Roslyn.CSharp.Services.Refactoring.V2.CachingCodeFixProviderForProjects
        Skipping code fix provider 'Microsoft.CodeQuality.Analyzers.ApiDesignGuidelines.IdentifiersShouldHaveCorrectSuffixFixer' because its language doesn't match 'C#'.
[info]: OmniSharp.Roslyn.CSharp.Services.Refactoring.V2.CachingCodeFixProviderForProjects
        Skipping code fix provider 'Microsoft.CodeQuality.Analyzers.ApiDesignGuidelines.IdentifiersShouldNotContainUnderscoresFixer' because its language doesn't match 'C#'.
[info]: OmniSharp.Roslyn.CSharp.Services.Refactoring.V2.CachingCodeFixProviderForProjects
        Skipping code fix provider 'Microsoft.CodeQuality.Analyzers.ApiDesignGuidelines.IdentifiersShouldNotHaveIncorrectSuffixFixer' because its language doesn't match 'C#'.
[info]: OmniSharp.Roslyn.CSharp.Services.Refactoring.V2.CachingCodeFixProviderForProjects
        Skipping code fix provider 'Microsoft.CodeQuality.Analyzers.ApiDesignGuidelines.IdentifiersShouldNotMatchKeywordsFixer' because its language doesn't match 'C#'.
[info]: OmniSharp.Roslyn.CSharp.Services.Refactoring.V2.CachingCodeFixProviderForProjects
        Skipping code fix provider 'Microsoft.CodeQuality.Analyzers.ApiDesignGuidelines.ImplementIDisposableCorrectlyFixer' because its language doesn't match 'C#'.
[info]: OmniSharp.Roslyn.CSharp.Services.Refactoring.V2.CachingCodeFixProviderForProjects
        Skipping code fix provider 'Microsoft.CodeQuality.Analyzers.ApiDesignGuidelines.MarkAssembliesWithAssemblyVersionFixer' because its language doesn't match 'C#'.
[info]: OmniSharp.Roslyn.CSharp.Services.Refactoring.V2.CachingCodeFixProviderForProjects
        Skipping code fix provider 'Microsoft.CodeQuality.Analyzers.ApiDesignGuidelines.MarkAssembliesWithClsCompliantFixer' because its language doesn't match 'C#'.
[info]: OmniSharp.Roslyn.CSharp.Services.Refactoring.V2.CachingCodeFixProviderForProjects
        Skipping code fix provider 'Microsoft.CodeQuality.Analyzers.ApiDesignGuidelines.MarkAssembliesWithComVisibleFixer' because its language doesn't match 'C#'.
[info]: OmniSharp.Roslyn.CSharp.Services.Refactoring.V2.CachingCodeFixProviderForProjects
        Skipping code fix provider 'Microsoft.CodeQuality.Analyzers.ApiDesignGuidelines.MovePInvokesToNativeMethodsClassFixer' because its language doesn't match 'C#'.
[info]: OmniSharp.Roslyn.CSharp.Services.Refactoring.V2.CachingCodeFixProviderForProjects
        Skipping code fix provider 'Microsoft.CodeQuality.Analyzers.ApiDesignGuidelines.NonConstantFieldsShouldNotBeVisibleFixer' because its language doesn't match 'C#'.
[info]: OmniSharp.Roslyn.CSharp.Services.Refactoring.V2.CachingCodeFixProviderForProjects
        Skipping code fix provider 'Microsoft.CodeQuality.Analyzers.ApiDesignGuidelines.OverrideEqualsAndOperatorEqualsOnValueTypesFixer' because its language doesn't match 'C#'.
[info]: OmniSharp.Roslyn.CSharp.Services.Refactoring.V2.CachingCodeFixProviderForProjects
        Skipping code fix provider 'Microsoft.CodeQuality.Analyzers.ApiDesignGuidelines.OverrideEqualsOnOverloadingOperatorEqualsFixer' because its language doesn't match 'C#'.
[info]: OmniSharp.Roslyn.CSharp.Services.Refactoring.V2.CachingCodeFixProviderForProjects
        Skipping code fix provider 'Microsoft.CodeQuality.Analyzers.ApiDesignGuidelines.OverrideGetHashCodeOnOverridingEqualsFixer' because its language doesn't match 'C#'.
[info]: OmniSharp.Roslyn.CSharp.Services.Refactoring.V2.CachingCodeFixProviderForProjects
        Skipping code fix provider 'Microsoft.CodeQuality.Analyzers.ApiDesignGuidelines.PropertiesShouldNotBeWriteOnlyFixer' because its language doesn't match 'C#'.
[info]: OmniSharp.Roslyn.CSharp.Services.Refactoring.V2.CachingCodeFixProviderForProjects
        Skipping code fix provider 'Microsoft.CodeQuality.Analyzers.ApiDesignGuidelines.PropertyNamesShouldNotMatchGetMethodsFixer' because its language doesn't match 'C#'.
[info]: OmniSharp.Roslyn.CSharp.Services.Refactoring.V2.CachingCodeFixProviderForProjects
        Skipping code fix provider 'Microsoft.CodeQuality.Analyzers.ApiDesignGuidelines.TypeNamesShouldNotMatchNamespacesFixer' because its language doesn't match 'C#'.
[info]: OmniSharp.Roslyn.CSharp.Services.Refactoring.V2.CachingCodeFixProviderForProjects
        Skipping code fix provider 'Microsoft.CodeQuality.Analyzers.ApiDesignGuidelines.UseEventsWhereAppropriateFixer' because its language doesn't match 'C#'.
[info]: OmniSharp.Roslyn.CSharp.Services.Refactoring.V2.CachingCodeFixProviderForProjects
        Skipping code fix provider 'Microsoft.CodeQuality.Analyzers.ApiDesignGuidelines.UseGenericEventHandlerInstancesFixer' because its language doesn't match 'C#'.
[info]: OmniSharp.Roslyn.CSharp.Services.Refactoring.V2.CachingCodeFixProviderForProjects
        Skipping code fix provider 'Microsoft.CodeQuality.Analyzers.ApiDesignGuidelines.UsePreferredTermsFixer' because its language doesn't match 'C#'.
[info]: OmniSharp.Roslyn.CSharp.Services.Refactoring.V2.CachingCodeFixProviderForProjects
        Skipping code fix provider 'Microsoft.CodeQuality.Analyzers.ApiDesignGuidelines.UsePropertiesWhereAppropriateFixer' because its language doesn't match 'C#'.
[info]: OmniSharp.Roslyn.CSharp.Services.Refactoring.V2.CachingCodeFixProviderForProjects
        Skipping code fix provider 'Microsoft.CodeQuality.Analyzers.QualityGuidelines.MarkMembersAsStaticFixer' because its language doesn't match 'C#'.
[info]: OmniSharp.Roslyn.CSharp.Services.Refactoring.V2.CachingCodeFixProviderForProjects
        Skipping code fix provider 'Microsoft.CodeQuality.Analyzers.QualityGuidelines.PreferJaggedArraysOverMultidimensionalFixer' because its language doesn't match 'C#'.
[info]: OmniSharp.Roslyn.CSharp.Services.Refactoring.V2.CachingCodeFixProviderForProjects
        Skipping code fix provider 'Microsoft.CodeQuality.Analyzers.QualityGuidelines.ReviewVisibleEventHandlersFixer' because its language doesn't match 'C#'.
[info]: OmniSharp.Roslyn.CSharp.Services.Refactoring.V2.CachingCodeFixProviderForProjects
        Skipping code fix provider 'Microsoft.CodeQuality.Analyzers.QualityGuidelines.UseLiteralsWhereAppropriateFixer' because its language doesn't match 'C#'.
[info]: OmniSharp.Roslyn.CSharp.Services.Refactoring.V2.CachingCodeFixProviderForProjects
        Skipping code fix provider 'Microsoft.CodeQuality.Analyzers.Maintainability.AvoidUninstantiatedInternalClassesFixer' because its language doesn't match 'C#'.
[info]: OmniSharp.Roslyn.CSharp.Services.Refactoring.V2.CachingCodeFixProviderForProjects
        Skipping code fix provider 'Microsoft.CodeQuality.Analyzers.Maintainability.ReviewUnusedParametersFixer' because its language doesn't match 'C#'.
[info]: OmniSharp.Roslyn.CSharp.Services.Refactoring.V2.CachingCodeFixProviderForProjects
        Skipping code fix provider 'Microsoft.CodeQuality.Analyzers.Maintainability.UseNameOfInPlaceOfStringFixer' because its language doesn't match 'C#'.
[info]: OmniSharp.Roslyn.CSharp.Services.Refactoring.V2.CachingCodeFixProviderForProjects
        Skipping code fix provider 'Microsoft.CodeQuality.Analyzers.Maintainability.VariableNamesShouldNotMatchFieldNamesFixer' because its language doesn't match 'C#'.
[info]: OmniSharp.Roslyn.CSharp.Services.Refactoring.V2.CachingCodeFixProviderForProjects
        Skipping code fix provider 'Microsoft.CodeQuality.Analyzers.Documentation.AvoidUsingCrefTagsWithAPrefixFixer' because its language doesn't match 'C#'.
[info]: OmniSharp.Roslyn.CSharp.Services.Refactoring.V2.CachingCodeFixProviderForProjects
        Skipping code fix provider 'Microsoft.CodeQuality.Analyzers.ApiReview.AvoidCallingProblematicMethodsFixer' because its language doesn't match 'C#'.
[info]: OmniSharp.Roslyn.CSharp.Services.Refactoring.V2.CachingCodeFixProviderForProjects
        Skipping code fix provider 'Microsoft.CodeQuality.Analyzers.ApiDesignGuidelines.AvoidEmptyInterfacesFixer' because its language doesn't match 'C#'.
[info]: OmniSharp.Roslyn.CSharp.Services.Refactoring.V2.CachingCodeFixProviderForProjects
        Skipping code fix provider 'Microsoft.CodeQuality.Analyzers.ApiDesignGuidelines.CollectionsShouldImplementGenericInterfaceFixer' because its language doesn't match 'C#'.
[info]: OmniSharp.Roslyn.CSharp.Services.Refactoring.V2.CachingCodeFixProviderForProjects
        Skipping code fix provider 'Microsoft.CodeQuality.Analyzers.ApiDesignGuidelines.DeclareTypesInNamespacesFixer' because its language doesn't match 'C#'.
[info]: OmniSharp.Roslyn.CSharp.Services.Refactoring.V2.CachingCodeFixProviderForProjects
        Skipping code fix provider 'Microsoft.CodeQuality.Analyzers.ApiDesignGuidelines.DoNotHideBaseClassMethodsFixer' because its language doesn't match 'C#'.
[info]: OmniSharp.Roslyn.CSharp.Services.Refactoring.V2.CachingCodeFixProviderForProjects
        Skipping code fix provider 'Microsoft.CodeQuality.Analyzers.ApiDesignGuidelines.EnumsShouldHavePluralNamesFixer' because its language doesn't match 'C#'.
[info]: OmniSharp.Roslyn.CSharp.Services.Refactoring.V2.CachingCodeFixProviderForProjects
        Skipping code fix provider 'Microsoft.CodeQuality.Analyzers.ApiDesignGuidelines.EnumsShouldHaveZeroValueFixer' because its language doesn't match 'C#'.
[info]: OmniSharp.Roslyn.CSharp.Services.Refactoring.V2.CachingCodeFixProviderForProjects
        Skipping code fix provider 'Microsoft.CodeQuality.Analyzers.ApiDesignGuidelines.EnumStorageShouldBeInt32Fixer' because its language doesn't match 'C#'.
[info]: OmniSharp.Roslyn.CSharp.Services.Refactoring.V2.CachingCodeFixProviderForProjects
        Skipping code fix provider 'Microsoft.CodeQuality.Analyzers.ApiDesignGuidelines.IdentifiersShouldHaveCorrectPrefixFixer' because its language doesn't match 'C#'.
[info]: OmniSharp.Roslyn.CSharp.Services.Refactoring.V2.CachingCodeFixProviderForProjects
        Skipping code fix provider 'Microsoft.CodeQuality.Analyzers.ApiDesignGuidelines.IdentifiersShouldHaveCorrectSuffixFixer' because its language doesn't match 'C#'.
[info]: OmniSharp.Roslyn.CSharp.Services.Refactoring.V2.CachingCodeFixProviderForProjects
        Skipping code fix provider 'Microsoft.CodeQuality.Analyzers.ApiDesignGuidelines.IdentifiersShouldNotContainUnderscoresFixer' because its language doesn't match 'C#'.
[info]: OmniSharp.Roslyn.CSharp.Services.Refactoring.V2.CachingCodeFixProviderForProjects
        Skipping code fix provider 'Microsoft.CodeQuality.Analyzers.ApiDesignGuidelines.IdentifiersShouldNotHaveIncorrectSuffixFixer' because its language doesn't match 'C#'.
[info]: OmniSharp.Roslyn.CSharp.Services.Refactoring.V2.CachingCodeFixProviderForProjects
        Skipping code fix provider 'Microsoft.CodeQuality.Analyzers.ApiDesignGuidelines.IdentifiersShouldNotMatchKeywordsFixer' because its language doesn't match 'C#'.
[info]: OmniSharp.Roslyn.CSharp.Services.Refactoring.V2.CachingCodeFixProviderForProjects
        Skipping code fix provider 'Microsoft.CodeQuality.Analyzers.ApiDesignGuidelines.ImplementIDisposableCorrectlyFixer' because its language doesn't match 'C#'.
[info]: OmniSharp.Roslyn.CSharp.Services.Refactoring.V2.CachingCodeFixProviderForProjects
        Skipping code fix provider 'Microsoft.CodeQuality.Analyzers.ApiDesignGuidelines.MarkAssembliesWithAssemblyVersionFixer' because its language doesn't match 'C#'.
[info]: OmniSharp.Roslyn.CSharp.Services.Refactoring.V2.CachingCodeFixProviderForProjects
        Skipping code fix provider 'Microsoft.CodeQuality.Analyzers.ApiDesignGuidelines.MarkAssembliesWithClsCompliantFixer' because its language doesn't match 'C#'.
[info]: OmniSharp.Roslyn.CSharp.Services.Refactoring.V2.CachingCodeFixProviderForProjects
        Skipping code fix provider 'Microsoft.CodeQuality.Analyzers.ApiDesignGuidelines.MarkAssembliesWithComVisibleFixer' because its language doesn't match 'C#'.
[info]: OmniSharp.Roslyn.CSharp.Services.Refactoring.V2.CachingCodeFixProviderForProjects
        Skipping code fix provider 'Microsoft.CodeQuality.Analyzers.ApiDesignGuidelines.MovePInvokesToNativeMethodsClassFixer' because its language doesn't match 'C#'.
[info]: OmniSharp.Roslyn.CSharp.Services.Refactoring.V2.CachingCodeFixProviderForProjects
        Skipping code fix provider 'Microsoft.CodeQuality.Analyzers.ApiDesignGuidelines.NonConstantFieldsShouldNotBeVisibleFixer' because its language doesn't match 'C#'.
[info]: OmniSharp.Roslyn.CSharp.Services.Refactoring.V2.CachingCodeFixProviderForProjects
        Skipping code fix provider 'Microsoft.CodeQuality.Analyzers.ApiDesignGuidelines.OverrideEqualsAndOperatorEqualsOnValueTypesFixer' because its language doesn't match 'C#'.
[info]: OmniSharp.Roslyn.CSharp.Services.Refactoring.V2.CachingCodeFixProviderForProjects
        Skipping code fix provider 'Microsoft.CodeQuality.Analyzers.ApiDesignGuidelines.OverrideEqualsOnOverloadingOperatorEqualsFixer' because its language doesn't match 'C#'.
[info]: OmniSharp.Roslyn.CSharp.Services.Refactoring.V2.CachingCodeFixProviderForProjects
        Skipping code fix provider 'Microsoft.CodeQuality.Analyzers.ApiDesignGuidelines.OverrideGetHashCodeOnOverridingEqualsFixer' because its language doesn't match 'C#'.
[info]: OmniSharp.Roslyn.CSharp.Services.Refactoring.V2.CachingCodeFixProviderForProjects
        Skipping code fix provider 'Microsoft.CodeQuality.Analyzers.ApiDesignGuidelines.PropertiesShouldNotBeWriteOnlyFixer' because its language doesn't match 'C#'.
[info]: OmniSharp.Roslyn.CSharp.Services.Refactoring.V2.CachingCodeFixProviderForProjects
        Skipping code fix provider 'Microsoft.CodeQuality.Analyzers.ApiDesignGuidelines.PropertyNamesShouldNotMatchGetMethodsFixer' because its language doesn't match 'C#'.
[info]: OmniSharp.Roslyn.CSharp.Services.Refactoring.V2.CachingCodeFixProviderForProjects
        Skipping code fix provider 'Microsoft.CodeQuality.Analyzers.ApiDesignGuidelines.TypeNamesShouldNotMatchNamespacesFixer' because its language doesn't match 'C#'.
[info]: OmniSharp.Roslyn.CSharp.Services.Refactoring.V2.CachingCodeFixProviderForProjects
        Skipping code fix provider 'Microsoft.CodeQuality.Analyzers.ApiDesignGuidelines.UseEventsWhereAppropriateFixer' because its language doesn't match 'C#'.
[info]: OmniSharp.Roslyn.CSharp.Services.Refactoring.V2.CachingCodeFixProviderForProjects
        Skipping code fix provider 'Microsoft.CodeQuality.Analyzers.ApiDesignGuidelines.UseGenericEventHandlerInstancesFixer' because its language doesn't match 'C#'.
[info]: OmniSharp.Roslyn.CSharp.Services.Refactoring.V2.CachingCodeFixProviderForProjects
        Skipping code fix provider 'Microsoft.CodeQuality.Analyzers.ApiDesignGuidelines.UsePreferredTermsFixer' because its language doesn't match 'C#'.
[info]: OmniSharp.Roslyn.CSharp.Services.Refactoring.V2.CachingCodeFixProviderForProjects
        Skipping code fix provider 'Microsoft.CodeQuality.Analyzers.ApiDesignGuidelines.UsePropertiesWhereAppropriateFixer' because its language doesn't match 'C#'.
[info]: OmniSharp.Roslyn.CSharp.Services.Refactoring.V2.CachingCodeFixProviderForProjects
        Skipping code fix provider 'Microsoft.NetCore.Analyzers.Tasks.DoNotCreateTasksWithoutPassingATaskSchedulerFixer' because its language doesn't match 'C#'.
[info]: OmniSharp.Roslyn.CSharp.Services.Refactoring.V2.CachingCodeFixProviderForProjects
        Skipping code fix provider 'Microsoft.NetCore.Analyzers.Runtime.CallGCSuppressFinalizeCorrectlyFixer' because its language doesn't match 'C#'.
[info]: OmniSharp.Roslyn.CSharp.Services.Refactoring.V2.CachingCodeFixProviderForProjects
        Skipping code fix provider 'Microsoft.NetCore.Analyzers.Runtime.DisposableTypesShouldDeclareFinalizerFixer' because its language doesn't match 'C#'.
[info]: OmniSharp.Roslyn.CSharp.Services.Refactoring.V2.CachingCodeFixProviderForProjects
        Skipping code fix provider 'Microsoft.NetCore.Analyzers.Runtime.DisposeMethodsShouldCallBaseClassDisposeFixer' because its language doesn't match 'C#'.
[info]: OmniSharp.Roslyn.CSharp.Services.Refactoring.V2.CachingCodeFixProviderForProjects
        Skipping code fix provider 'Microsoft.NetCore.Analyzers.Runtime.DoNotLockOnObjectsWithWeakIdentityFixer' because its language doesn't match 'C#'.
[info]: OmniSharp.Roslyn.CSharp.Services.Refactoring.V2.CachingCodeFixProviderForProjects
        Skipping code fix provider 'Microsoft.NetCore.Analyzers.Runtime.DoNotUseTimersThatPreventPowerStateChangesFixer' because its language doesn't match 'C#'.
[info]: OmniSharp.Roslyn.CSharp.Services.Refactoring.V2.CachingCodeFixProviderForProjects
        Skipping code fix provider 'Microsoft.NetCore.Analyzers.Runtime.ImplementISerializableCorrectlyFixer' because its language doesn't match 'C#'.
[info]: OmniSharp.Roslyn.CSharp.Services.Refactoring.V2.CachingCodeFixProviderForProjects
        Skipping code fix provider 'Microsoft.NetCore.Analyzers.Runtime.ImplementSerializationMethodsCorrectlyFixer' because its language doesn't match 'C#'.
[info]: OmniSharp.Roslyn.CSharp.Services.Refactoring.V2.CachingCodeFixProviderForProjects
        Skipping code fix provider 'Microsoft.NetCore.Analyzers.Runtime.InitializeStaticFieldsInlineFixer`1[TLanguageKindEnum]' because its language doesn't match 'C#'.
[info]: OmniSharp.Roslyn.CSharp.Services.Refactoring.V2.CachingCodeFixProviderForProjects
        Skipping code fix provider 'Microsoft.NetCore.Analyzers.Runtime.InstantiateArgumentExceptionsCorrectlyFixer' because its language doesn't match 'C#'.
[info]: OmniSharp.Roslyn.CSharp.Services.Refactoring.V2.CachingCodeFixProviderForProjects
        Skipping code fix provider 'Microsoft.NetCore.Analyzers.Runtime.MarkAllNonSerializableFieldsFixer' because its language doesn't match 'C#'.
[info]: OmniSharp.Roslyn.CSharp.Services.Refactoring.V2.CachingCodeFixProviderForProjects
        Skipping code fix provider 'Microsoft.NetCore.Analyzers.Runtime.NormalizeStringsToUppercaseFixer' because its language doesn't match 'C#'.
[info]: OmniSharp.Roslyn.CSharp.Services.Refactoring.V2.CachingCodeFixProviderForProjects
        Skipping code fix provider 'Microsoft.NetCore.Analyzers.Runtime.ProvideDeserializationMethodsForOptionalFieldsFixer' because its language doesn't match 'C#'.
[info]: OmniSharp.Roslyn.CSharp.Services.Refactoring.V2.CachingCodeFixProviderForProjects
        Skipping code fix provider 'Microsoft.NetCore.Analyzers.Runtime.SpecifyCultureInfoFixer' because its language doesn't match 'C#'.
[info]: OmniSharp.Roslyn.CSharp.Services.Refactoring.V2.CachingCodeFixProviderForProjects
        Skipping code fix provider 'Microsoft.NetCore.Analyzers.Runtime.SpecifyIFormatProviderFixer' because its language doesn't match 'C#'.
[info]: OmniSharp.Roslyn.CSharp.Services.Refactoring.V2.CachingCodeFixProviderForProjects
        Skipping code fix provider 'Microsoft.NetCore.Analyzers.Runtime.SpecifyStringComparisonFixer' because its language doesn't match 'C#'.
[info]: OmniSharp.Roslyn.CSharp.Services.Refactoring.V2.CachingCodeFixProviderForProjects
        Skipping code fix provider 'Microsoft.NetCore.Analyzers.Runtime.TestForEmptyStringsUsingStringLengthFixer' because its language doesn't match 'C#'.
[info]: OmniSharp.Roslyn.CSharp.Services.Refactoring.V2.CachingCodeFixProviderForProjects
        Skipping code fix provider 'Microsoft.NetCore.Analyzers.Runtime.TestForNaNCorrectlyFixer' because its language doesn't match 'C#'.
[info]: OmniSharp.Roslyn.CSharp.Services.Refactoring.V2.CachingCodeFixProviderForProjects
        Skipping code fix provider 'Microsoft.NetCore.Analyzers.Tasks.DoNotCreateTasksWithoutPassingATaskSchedulerFixer' because its language doesn't match 'C#'.
[info]: OmniSharp.Roslyn.CSharp.Services.Refactoring.V2.CachingCodeFixProviderForProjects
        Skipping code fix provider 'Microsoft.NetCore.Analyzers.Runtime.UseOrdinalStringComparisonFixerBase' because its language doesn't match 'C#'.
[info]: OmniSharp.Roslyn.CSharp.Services.Refactoring.V2.CachingCodeFixProviderForProjects
        Skipping code fix provider 'Microsoft.NetCore.Analyzers.Performance.DoNotUseCountWhenAnyCanBeUsedFixer' because its language doesn't match 'C#'.
[info]: OmniSharp.Roslyn.CSharp.Services.Refactoring.V2.CachingCodeFixProviderForProjects
        Skipping code fix provider 'Microsoft.NetCore.Analyzers.Performance.UsePropertyInsteadOfCountMethodWhenAvailableFixer' because its language doesn't match 'C#'.
[info]: OmniSharp.Roslyn.CSharp.Services.Refactoring.V2.CachingCodeFixProviderForProjects
        Skipping code fix provider 'Microsoft.NetCore.Analyzers.InteropServices.MarkBooleanPInvokeArgumentsWithMarshalAsFixer' because its language doesn't match 'C#'.
[info]: OmniSharp.Roslyn.CSharp.Services.Refactoring.V2.CachingCodeFixProviderForProjects
        Skipping code fix provider 'Microsoft.NetCore.Analyzers.InteropServices.SpecifyMarshalingForPInvokeStringArgumentsFixer' because its language doesn't match 'C#'.
[info]: OmniSharp.Roslyn.CSharp.Services.Refactoring.V2.CachingCodeFixProviderForProjects
        Skipping code fix provider 'Microsoft.NetCore.Analyzers.InteropServices.UseManagedEquivalentsOfWin32ApiFixer' because its language doesn't match 'C#'.
[info]: OmniSharp.Roslyn.CSharp.Services.Refactoring.V2.CachingCodeFixProviderForProjects
        Skipping code fix provider 'Microsoft.NetCore.Analyzers.Runtime.CallGCSuppressFinalizeCorrectlyFixer' because its language doesn't match 'C#'.
[info]: OmniSharp.Roslyn.CSharp.Services.Refactoring.V2.CachingCodeFixProviderForProjects
        Skipping code fix provider 'Microsoft.NetCore.Analyzers.Runtime.DisposableTypesShouldDeclareFinalizerFixer' because its language doesn't match 'C#'.
[info]: OmniSharp.Roslyn.CSharp.Services.Refactoring.V2.CachingCodeFixProviderForProjects
        Skipping code fix provider 'Microsoft.NetCore.Analyzers.Runtime.DisposeMethodsShouldCallBaseClassDisposeFixer' because its language doesn't match 'C#'.
[info]: OmniSharp.Roslyn.CSharp.Services.Refactoring.V2.CachingCodeFixProviderForProjects
        Skipping code fix provider 'Microsoft.NetCore.Analyzers.Runtime.DoNotLockOnObjectsWithWeakIdentityFixer' because its language doesn't match 'C#'.
[info]: OmniSharp.Roslyn.CSharp.Services.Refactoring.V2.CachingCodeFixProviderForProjects
        Skipping code fix provider 'Microsoft.NetCore.Analyzers.Runtime.DoNotUseTimersThatPreventPowerStateChangesFixer' because its language doesn't match 'C#'.
[info]: OmniSharp.Roslyn.CSharp.Services.Refactoring.V2.CachingCodeFixProviderForProjects
        Skipping code fix provider 'Microsoft.NetCore.Analyzers.Runtime.ImplementISerializableCorrectlyFixer' because its language doesn't match 'C#'.
[info]: OmniSharp.Roslyn.CSharp.Services.Refactoring.V2.CachingCodeFixProviderForProjects
        Skipping code fix provider 'Microsoft.NetCore.Analyzers.Runtime.ImplementSerializationMethodsCorrectlyFixer' because its language doesn't match 'C#'.
[info]: OmniSharp.Roslyn.CSharp.Services.Refactoring.V2.CachingCodeFixProviderForProjects
        Skipping code fix provider 'Microsoft.NetCore.Analyzers.Runtime.InitializeStaticFieldsInlineFixer`1[TLanguageKindEnum]' because its language doesn't match 'C#'.
[info]: OmniSharp.Roslyn.CSharp.Services.Refactoring.V2.CachingCodeFixProviderForProjects
        Skipping code fix provider 'Microsoft.NetCore.Analyzers.Runtime.InstantiateArgumentExceptionsCorrectlyFixer' because its language doesn't match 'C#'.
[info]: OmniSharp.Roslyn.CSharp.Services.Refactoring.V2.CachingCodeFixProviderForProjects
        Skipping code fix provider 'Microsoft.NetCore.Analyzers.Runtime.MarkAllNonSerializableFieldsFixer' because its language doesn't match 'C#'.
[info]: OmniSharp.Roslyn.CSharp.Services.Refactoring.V2.CachingCodeFixProviderForProjects
        Skipping code fix provider 'Microsoft.NetCore.Analyzers.Runtime.NormalizeStringsToUppercaseFixer' because its language doesn't match 'C#'.
[info]: OmniSharp.Roslyn.CSharp.Services.Refactoring.V2.CachingCodeFixProviderForProjects
        Skipping code fix provider 'Microsoft.NetCore.Analyzers.Runtime.ProvideDeserializationMethodsForOptionalFieldsFixer' because its language doesn't match 'C#'.
[info]: OmniSharp.Roslyn.CSharp.Services.Refactoring.V2.CachingCodeFixProviderForProjects
        Skipping code fix provider 'Microsoft.NetCore.Analyzers.Runtime.SpecifyCultureInfoFixer' because its language doesn't match 'C#'.
[info]: OmniSharp.Roslyn.CSharp.Services.Refactoring.V2.CachingCodeFixProviderForProjects
        Skipping code fix provider 'Microsoft.NetCore.Analyzers.Runtime.SpecifyIFormatProviderFixer' because its language doesn't match 'C#'.
[info]: OmniSharp.Roslyn.CSharp.Services.Refactoring.V2.CachingCodeFixProviderForProjects
        Skipping code fix provider 'Microsoft.NetCore.Analyzers.Runtime.SpecifyStringComparisonFixer' because its language doesn't match 'C#'.
[info]: OmniSharp.Roslyn.CSharp.Services.Refactoring.V2.CachingCodeFixProviderForProjects
        Skipping code fix provider 'Microsoft.NetCore.Analyzers.Runtime.TestForEmptyStringsUsingStringLengthFixer' because its language doesn't match 'C#'.
[info]: OmniSharp.Roslyn.CSharp.Services.Refactoring.V2.CachingCodeFixProviderForProjects
        Skipping code fix provider 'Microsoft.NetCore.Analyzers.Runtime.TestForNaNCorrectlyFixer' because its language doesn't match 'C#'.
[info]: OmniSharp.Roslyn.CSharp.Services.Refactoring.V2.CachingCodeFixProviderForProjects
        Skipping code fix provider 'Microsoft.NetCore.Analyzers.Runtime.UseOrdinalStringComparisonFixerBase' because its language doesn't match 'C#'.
[info]: OmniSharp.Roslyn.CSharp.Services.Refactoring.V2.CachingCodeFixProviderForProjects
        Skipping code fix provider 'Microsoft.NetCore.Analyzers.Performance.DoNotUseCountWhenAnyCanBeUsedFixer' because its language doesn't match 'C#'.
[info]: OmniSharp.Roslyn.CSharp.Services.Refactoring.V2.CachingCodeFixProviderForProjects
        Skipping code fix provider 'Microsoft.NetCore.Analyzers.Performance.UsePropertyInsteadOfCountMethodWhenAvailableFixer' because its language doesn't match 'C#'.
[info]: OmniSharp.Roslyn.CSharp.Services.Refactoring.V2.CachingCodeFixProviderForProjects
        Skipping code fix provider 'Microsoft.NetCore.Analyzers.InteropServices.MarkBooleanPInvokeArgumentsWithMarshalAsFixer' because its language doesn't match 'C#'.
[info]: OmniSharp.Roslyn.CSharp.Services.Refactoring.V2.CachingCodeFixProviderForProjects
        Skipping code fix provider 'Microsoft.NetCore.Analyzers.InteropServices.SpecifyMarshalingForPInvokeStringArgumentsFixer' because its language doesn't match 'C#'.
[info]: OmniSharp.Roslyn.CSharp.Services.Refactoring.V2.CachingCodeFixProviderForProjects
        Skipping code fix provider 'Microsoft.NetCore.Analyzers.InteropServices.UseManagedEquivalentsOfWin32ApiFixer' because its language doesn't match 'C#'.
[info]: OmniSharp.Roslyn.CSharp.Services.Refactoring.V2.CachingCodeFixProviderForProjects
        Skipping code fix provider 'Microsoft.NetFramework.Analyzers.AvoidDuplicateAcceleratorsFixer' because its language doesn't match 'C#'.
[info]: OmniSharp.Roslyn.CSharp.Services.Refactoring.V2.CachingCodeFixProviderForProjects
        Skipping code fix provider 'Microsoft.NetFramework.Analyzers.AvoidDuplicateAcceleratorsFixer' because its language doesn't match 'C#'.
[info]: OmniSharp.Roslyn.CSharp.Services.Refactoring.V2.CachingCodeFixProviderForProjects
        Skipping code fix provider 'Microsoft.NetFramework.Analyzers.CallBaseClassMethodsOnISerializableTypesFixer' because its language doesn't match 'C#'.
[info]: OmniSharp.Roslyn.CSharp.Services.Refactoring.V2.CachingCodeFixProviderForProjects
        Skipping code fix provider 'Microsoft.NetFramework.Analyzers.DoNotMarkServicedComponentsWithWebMethodFixer' because its language doesn't match 'C#'.
[info]: OmniSharp.Roslyn.CSharp.Services.Refactoring.V2.CachingCodeFixProviderForProjects
        Skipping code fix provider 'Microsoft.NetFramework.Analyzers.MarkWindowsFormsEntryPointsWithStaThreadFixer' because its language doesn't match 'C#'.
[info]: OmniSharp.Roslyn.CSharp.Services.Refactoring.V2.CachingCodeFixProviderForProjects
        Skipping code fix provider 'Microsoft.NetFramework.Analyzers.SetLocaleForDataTypesFixer' because its language doesn't match 'C#'.
[info]: OmniSharp.Roslyn.CSharp.Services.Refactoring.V2.CachingCodeFixProviderForProjects
        Skipping code fix provider 'Microsoft.NetFramework.Analyzers.SpecifyMessageBoxOptionsFixer' because its language doesn't match 'C#'.
[info]: OmniSharp.Roslyn.CSharp.Services.Refactoring.V2.CachingCodeFixProviderForProjects
        Skipping code fix provider 'Microsoft.NetFramework.Analyzers.TypesShouldNotExtendCertainBaseTypesFixer' because its language doesn't match 'C#'.
[info]: OmniSharp.Roslyn.CSharp.Services.Refactoring.V2.CachingCodeFixProviderForProjects
        Skipping code fix provider 'Microsoft.NetFramework.Analyzers.CallBaseClassMethodsOnISerializableTypesFixer' because its language doesn't match 'C#'.
[info]: OmniSharp.Roslyn.CSharp.Services.Refactoring.V2.CachingCodeFixProviderForProjects
        Skipping code fix provider 'Microsoft.NetFramework.Analyzers.DoNotMarkServicedComponentsWithWebMethodFixer' because its language doesn't match 'C#'.
[info]: OmniSharp.Roslyn.CSharp.Services.Refactoring.V2.CachingCodeFixProviderForProjects
        Skipping code fix provider 'Microsoft.NetFramework.Analyzers.MarkWindowsFormsEntryPointsWithStaThreadFixer' because its language doesn't match 'C#'.
[info]: OmniSharp.Roslyn.CSharp.Services.Refactoring.V2.CachingCodeFixProviderForProjects
        Skipping code fix provider 'Microsoft.NetFramework.Analyzers.SetLocaleForDataTypesFixer' because its language doesn't match 'C#'.
[info]: OmniSharp.Roslyn.CSharp.Services.Refactoring.V2.CachingCodeFixProviderForProjects
        Skipping code fix provider 'Microsoft.NetFramework.Analyzers.SpecifyMessageBoxOptionsFixer' because its language doesn't match 'C#'.
[info]: OmniSharp.Roslyn.CSharp.Services.Refactoring.V2.CachingCodeFixProviderForProjects
        Skipping code fix provider 'Microsoft.NetFramework.Analyzers.TypesShouldNotExtendCertainBaseTypesFixer' because its language doesn't match 'C#'.
