[2019-12-26 14:45:46.828] [exthost] [info] extension host started
[2019-12-26 14:45:46.966] [exthost] [info] ExtensionService#_doActivateExtension elmTooling.elm-ls-vscode {"startup":false,"extensionId":{"value":"elmTooling.elm-ls-vscode","_lower":"elmtooling.elm-ls-vscode"},"activationEvent":"onLanguage:elm"}
[2019-12-26 14:45:46.967] [exthost] [info] ExtensionService#loadCommonJSModule file:///home/gandalf/.vscode/extensions/elmtooling.elm-ls-vscode-0.7.4/client/out/extension
[2019-12-26 14:45:47.472] [exthost] [info] ExtensionService#_doActivateExtension necinc.elmmet {"startup":false,"extensionId":{"value":"necinc.elmmet","_lower":"necinc.elmmet"},"activationEvent":"onLanguage:elm"}
[2019-12-26 14:45:47.472] [exthost] [info] ExtensionService#loadCommonJSModule file:///home/gandalf/.vscode/extensions/necinc.elmmet-1.0.1/out/src/extension
[2019-12-26 14:45:47.506] [exthost] [info] ExtensionService#_doActivateExtension vscode.debug-auto-launch {"startup":true,"extensionId":{"value":"vscode.debug-auto-launch","_lower":"vscode.debug-auto-launch"},"activationEvent":"*"}
[2019-12-26 14:45:47.506] [exthost] [info] ExtensionService#loadCommonJSModule file:///nix/store/jaadk0acjwfnjk0vkziylnpyh60gix2d-vscode-1.41.0/lib/vscode/resources/app/extensions/debug-auto-launch/dist/extension
[2019-12-26 14:45:47.511] [exthost] [info] ExtensionService#_doActivateExtension vscode.emmet {"startup":true,"extensionId":{"value":"vscode.emmet","_lower":"vscode.emmet"},"activationEvent":"*"}
[2019-12-26 14:45:47.511] [exthost] [info] ExtensionService#loadCommonJSModule file:///nix/store/jaadk0acjwfnjk0vkziylnpyh60gix2d-vscode-1.41.0/lib/vscode/resources/app/extensions/emmet/dist/extension
[2019-12-26 14:45:47.555] [exthost] [info] ExtensionService#_doActivateExtension vscode.git {"startup":true,"extensionId":{"value":"vscode.git","_lower":"vscode.git"},"activationEvent":"*"}
[2019-12-26 14:45:47.555] [exthost] [info] ExtensionService#loadCommonJSModule file:///nix/store/jaadk0acjwfnjk0vkziylnpyh60gix2d-vscode-1.41.0/lib/vscode/resources/app/extensions/git/dist/main
[2019-12-26 14:45:47.633] [exthost] [info] ExtensionService#_doActivateExtension vscode.merge-conflict {"startup":true,"extensionId":{"value":"vscode.merge-conflict","_lower":"vscode.merge-conflict"},"activationEvent":"*"}
[2019-12-26 14:45:47.633] [exthost] [info] ExtensionService#loadCommonJSModule file:///nix/store/jaadk0acjwfnjk0vkziylnpyh60gix2d-vscode-1.41.0/lib/vscode/resources/app/extensions/merge-conflict/dist/extension
[2019-12-26 14:45:47.640] [exthost] [info] ExtensionService#_doActivateExtension vscode.search-result {"startup":true,"extensionId":{"value":"vscode.search-result","_lower":"vscode.search-result"},"activationEvent":"*"}
[2019-12-26 14:45:47.640] [exthost] [info] ExtensionService#loadCommonJSModule file:///nix/store/jaadk0acjwfnjk0vkziylnpyh60gix2d-vscode-1.41.0/lib/vscode/resources/app/extensions/search-result/dist/extension.js
[2019-12-26 14:45:47.644] [exthost] [info] ExtensionService#_doActivateExtension 2gua.rainbow-brackets {"startup":true,"extensionId":{"value":"2gua.rainbow-brackets","_lower":"2gua.rainbow-brackets"},"activationEvent":"*"}
[2019-12-26 14:45:47.644] [exthost] [info] ExtensionService#loadCommonJSModule file:///home/gandalf/.vscode/extensions/2gua.rainbow-brackets-0.0.6/out/src/extension
[2019-12-26 14:45:47.648] [exthost] [info] ExtensionService#_doActivateExtension christian-kohler.path-intellisense {"startup":true,"extensionId":{"value":"christian-kohler.path-intellisense","_lower":"christian-kohler.path-intellisense"},"activationEvent":"*"}
[2019-12-26 14:45:47.648] [exthost] [info] ExtensionService#loadCommonJSModule file:///home/gandalf/.vscode/extensions/christian-kohler.path-intellisense-1.4.2/out/src/extension
[2019-12-26 14:45:47.679] [exthost] [info] ExtensionService#_doActivateExtension eamodio.gitlens {"startup":true,"extensionId":{"value":"eamodio.gitlens","_lower":"eamodio.gitlens"},"activationEvent":"*"}
[2019-12-26 14:45:47.679] [exthost] [info] ExtensionService#loadCommonJSModule file:///home/gandalf/.vscode/extensions/eamodio.gitlens-10.2.0/dist/extension
[2019-12-26 14:45:47.744] [exthost] [info] ExtensionService#_doActivateExtension formulahendry.auto-close-tag {"startup":true,"extensionId":{"value":"formulahendry.auto-close-tag","_lower":"formulahendry.auto-close-tag"},"activationEvent":"*"}
[2019-12-26 14:45:47.745] [exthost] [info] ExtensionService#loadCommonJSModule file:///home/gandalf/.vscode/extensions/formulahendry.auto-close-tag-0.5.6/out/src/extension
[2019-12-26 14:45:47.748] [exthost] [info] ExtensionService#_doActivateExtension ritwickdey.LiveServer {"startup":true,"extensionId":{"value":"ritwickdey.LiveServer","_lower":"ritwickdey.liveserver"},"activationEvent":"*"}
[2019-12-26 14:45:47.748] [exthost] [info] ExtensionService#loadCommonJSModule file:///home/gandalf/.vscode/extensions/ritwickdey.liveserver-5.6.1/out/src/extension
[2019-12-26 14:45:48.759] [exthost] [info] ExtensionService#_doActivateExtension vscode.configuration-editing {"startup":false,"extensionId":{"value":"vscode.configuration-editing","_lower":"vscode.configuration-editing"},"activationEvent":"onLanguage:jsonc"}
[2019-12-26 14:45:48.759] [exthost] [info] ExtensionService#loadCommonJSModule file:///nix/store/jaadk0acjwfnjk0vkziylnpyh60gix2d-vscode-1.41.0/lib/vscode/resources/app/extensions/configuration-editing/dist/extension
[2019-12-26 14:45:48.765] [exthost] [info] ExtensionService#_doActivateExtension vscode.json-language-features {"startup":false,"extensionId":{"value":"vscode.json-language-features","_lower":"vscode.json-language-features"},"activationEvent":"onLanguage:jsonc"}
[2019-12-26 14:45:48.765] [exthost] [info] ExtensionService#loadCommonJSModule file:///nix/store/jaadk0acjwfnjk0vkziylnpyh60gix2d-vscode-1.41.0/lib/vscode/resources/app/extensions/json-language-features/client/dist/jsonMain
[2019-12-26 14:45:48.777] [exthost] [info] ExtensionService#_doActivateExtension vscode.typescript-language-features {"startup":false,"extensionId":{"value":"vscode.typescript-language-features","_lower":"vscode.typescript-language-features"},"activationEvent":"onLanguage:jsonc"}
[2019-12-26 14:45:48.778] [exthost] [info] ExtensionService#loadCommonJSModule file:///nix/store/jaadk0acjwfnjk0vkziylnpyh60gix2d-vscode-1.41.0/lib/vscode/resources/app/extensions/typescript-language-features/dist/extension
[2019-12-26 14:45:49.406] [exthost] [info] ExtensionService#_doActivateExtension jlengrand.vscode-elm-signature {"startup":true,"extensionId":{"value":"jlengrand.vscode-elm-signature","_lower":"jlengrand.vscode-elm-signature"},"activationEvent":"workspaceContains:**/*.elm"}
[2019-12-26 14:45:49.407] [exthost] [info] ExtensionService#loadCommonJSModule file:///home/gandalf/.vscode/extensions/jlengrand.vscode-elm-signature-0.1.1/out/extension
[2019-12-26 14:45:49.431] [exthost] [info] eager extensions activated
[2019-12-26 14:45:52.578] [exthost] [info] ExtensionService#_doActivateExtension vscode.extension-editing {"startup":false,"extensionId":{"value":"vscode.extension-editing","_lower":"vscode.extension-editing"},"activationEvent":"onLanguage:markdown"}
[2019-12-26 14:45:52.578] [exthost] [info] ExtensionService#loadCommonJSModule file:///nix/store/jaadk0acjwfnjk0vkziylnpyh60gix2d-vscode-1.41.0/lib/vscode/resources/app/extensions/extension-editing/dist/extension
[2019-12-26 14:45:52.620] [exthost] [info] ExtensionService#_doActivateExtension vscode.markdown-language-features {"startup":false,"extensionId":{"value":"vscode.markdown-language-features","_lower":"vscode.markdown-language-features"},"activationEvent":"onLanguage:markdown"}
[2019-12-26 14:45:52.620] [exthost] [info] ExtensionService#loadCommonJSModule file:///nix/store/jaadk0acjwfnjk0vkziylnpyh60gix2d-vscode-1.41.0/lib/vscode/resources/app/extensions/markdown-language-features/dist/extension
