[2019-12-20 13:26:47.992] [sharedprocess] [info] main {"machineId":"8b5d6544-6dab-4a45-95d5-daa81a4dcd55","windowId":2}
[2019-12-20 13:26:48.456] [sharedprocess] [info] Deleted from disk johnpapa.angular2 /home/gandalf/.vscode/extensions/johnpapa.angular2-8.2.0
[2019-12-20 13:26:48.481] [sharedprocess] [info] Deleted from disk angular.ng-template /home/gandalf/.vscode/extensions/angular.ng-template-0.900.2
[2019-12-20 13:26:50.135] [sharedprocess] [info] Installing extension: dsznajder.es7-react-js-snippets
[2019-12-20 13:26:50.136] [sharedprocess] [info] Installing extension: esbenp.prettier-vscode
[2019-12-20 13:26:50.137] [sharedprocess] [info] Installing extension: visualstudioexptteam.vscodeintellicode
[2019-12-20 13:26:50.643] [sharedprocess] [info] Downloaded extension: dsznajder.es7-react-js-snippets /tmp/fd137711-d2bc-4e91-8989-a6a56e4b6303
[2019-12-20 13:26:50.721] [sharedprocess] [info] Extracted extension to /home/gandalf/.vscode/extensions/.dsznajder.es7-react-js-snippets-2.5.0: dsznajder.es7-react-js-snippets
[2019-12-20 13:26:50.721] [sharedprocess] [info] Renamed to /home/gandalf/.vscode/extensions/dsznajder.es7-react-js-snippets-2.5.0
[2019-12-20 13:26:50.722] [sharedprocess] [info] Installation completed. dsznajder.es7-react-js-snippets
[2019-12-20 13:26:50.751] [sharedprocess] [info] Extensions installed successfully: dsznajder.es7-react-js-snippets
[2019-12-20 13:26:51.285] [sharedprocess] [info] Downloaded extension: esbenp.prettier-vscode /tmp/bac44235-0f90-49cb-8240-6c5dca0e3691
[2019-12-20 13:26:51.708] [sharedprocess] [info] Extracted extension to /home/gandalf/.vscode/extensions/.esbenp.prettier-vscode-3.17.0: esbenp.prettier-vscode
[2019-12-20 13:26:51.709] [sharedprocess] [info] Renamed to /home/gandalf/.vscode/extensions/esbenp.prettier-vscode-3.17.0
[2019-12-20 13:26:51.709] [sharedprocess] [info] Installation completed. esbenp.prettier-vscode
[2019-12-20 13:26:51.718] [sharedprocess] [info] Extensions installed successfully: esbenp.prettier-vscode
[2019-12-20 13:26:53.107] [sharedprocess] [info] Downloaded extension: visualstudioexptteam.vscodeintellicode /tmp/9a22f810-3ad9-4463-838e-dc60991ed886
[2019-12-20 13:26:53.673] [sharedprocess] [info] Extracted extension to /home/gandalf/.vscode/extensions/.visualstudioexptteam.vscodeintellicode-1.2.2: visualstudioexptteam.vscodeintellicode
[2019-12-20 13:26:53.673] [sharedprocess] [info] Renamed to /home/gandalf/.vscode/extensions/visualstudioexptteam.vscodeintellicode-1.2.2
[2019-12-20 13:26:53.683] [sharedprocess] [info] Installation completed. visualstudioexptteam.vscodeintellicode
[2019-12-20 13:26:53.694] [sharedprocess] [info] Extensions installed successfully: visualstudioexptteam.vscodeintellicode
[2019-12-20 13:27:28.010] [sharedprocess] [info] Starting to clean up unused language packs.
