[2019-12-25 18:58:51.336] [exthost] [info] extension host started
[2019-12-25 18:58:51.467] [exthost] [info] ExtensionService#_doActivateExtension elmTooling.elm-ls-vscode {"startup":false,"extensionId":{"value":"elmTooling.elm-ls-vscode","_lower":"elmtooling.elm-ls-vscode"},"activationEvent":"onLanguage:elm"}
[2019-12-25 18:58:51.468] [exthost] [info] ExtensionService#loadCommonJSModule file:///home/gandalf/.vscode/extensions/elmtooling.elm-ls-vscode-0.7.4/client/out/extension
[2019-12-25 18:58:51.724] [exthost] [info] ExtensionService#_doActivateExtension necinc.elmmet {"startup":false,"extensionId":{"value":"necinc.elmmet","_lower":"necinc.elmmet"},"activationEvent":"onLanguage:elm"}
[2019-12-25 18:58:51.724] [exthost] [info] ExtensionService#loadCommonJSModule file:///home/gandalf/.vscode/extensions/necinc.elmmet-1.0.1/out/src/extension
[2019-12-25 18:58:51.748] [exthost] [info] ExtensionService#_doActivateExtension vscode.debug-auto-launch {"startup":true,"extensionId":{"value":"vscode.debug-auto-launch","_lower":"vscode.debug-auto-launch"},"activationEvent":"*"}
[2019-12-25 18:58:51.748] [exthost] [info] ExtensionService#loadCommonJSModule file:///nix/store/jaadk0acjwfnjk0vkziylnpyh60gix2d-vscode-1.41.0/lib/vscode/resources/app/extensions/debug-auto-launch/dist/extension
[2019-12-25 18:58:51.759] [exthost] [info] ExtensionService#_doActivateExtension vscode.emmet {"startup":true,"extensionId":{"value":"vscode.emmet","_lower":"vscode.emmet"},"activationEvent":"*"}
[2019-12-25 18:58:51.759] [exthost] [info] ExtensionService#loadCommonJSModule file:///nix/store/jaadk0acjwfnjk0vkziylnpyh60gix2d-vscode-1.41.0/lib/vscode/resources/app/extensions/emmet/dist/extension
[2019-12-25 18:58:51.798] [exthost] [info] ExtensionService#_doActivateExtension vscode.git {"startup":true,"extensionId":{"value":"vscode.git","_lower":"vscode.git"},"activationEvent":"*"}
[2019-12-25 18:58:51.798] [exthost] [info] ExtensionService#loadCommonJSModule file:///nix/store/jaadk0acjwfnjk0vkziylnpyh60gix2d-vscode-1.41.0/lib/vscode/resources/app/extensions/git/dist/main
[2019-12-25 18:58:51.879] [exthost] [info] ExtensionService#_doActivateExtension vscode.merge-conflict {"startup":true,"extensionId":{"value":"vscode.merge-conflict","_lower":"vscode.merge-conflict"},"activationEvent":"*"}
[2019-12-25 18:58:51.879] [exthost] [info] ExtensionService#loadCommonJSModule file:///nix/store/jaadk0acjwfnjk0vkziylnpyh60gix2d-vscode-1.41.0/lib/vscode/resources/app/extensions/merge-conflict/dist/extension
[2019-12-25 18:58:51.884] [exthost] [info] ExtensionService#_doActivateExtension vscode.search-result {"startup":true,"extensionId":{"value":"vscode.search-result","_lower":"vscode.search-result"},"activationEvent":"*"}
[2019-12-25 18:58:51.884] [exthost] [info] ExtensionService#loadCommonJSModule file:///nix/store/jaadk0acjwfnjk0vkziylnpyh60gix2d-vscode-1.41.0/lib/vscode/resources/app/extensions/search-result/dist/extension.js
[2019-12-25 18:58:51.886] [exthost] [info] ExtensionService#_doActivateExtension 2gua.rainbow-brackets {"startup":true,"extensionId":{"value":"2gua.rainbow-brackets","_lower":"2gua.rainbow-brackets"},"activationEvent":"*"}
[2019-12-25 18:58:51.886] [exthost] [info] ExtensionService#loadCommonJSModule file:///home/gandalf/.vscode/extensions/2gua.rainbow-brackets-0.0.6/out/src/extension
[2019-12-25 18:58:51.889] [exthost] [info] ExtensionService#_doActivateExtension christian-kohler.path-intellisense {"startup":true,"extensionId":{"value":"christian-kohler.path-intellisense","_lower":"christian-kohler.path-intellisense"},"activationEvent":"*"}
[2019-12-25 18:58:51.889] [exthost] [info] ExtensionService#loadCommonJSModule file:///home/gandalf/.vscode/extensions/christian-kohler.path-intellisense-1.4.2/out/src/extension
[2019-12-25 18:58:51.902] [exthost] [info] ExtensionService#_doActivateExtension eamodio.gitlens {"startup":true,"extensionId":{"value":"eamodio.gitlens","_lower":"eamodio.gitlens"},"activationEvent":"*"}
[2019-12-25 18:58:51.902] [exthost] [info] ExtensionService#loadCommonJSModule file:///home/gandalf/.vscode/extensions/eamodio.gitlens-10.2.0/dist/extension
[2019-12-25 18:58:51.980] [exthost] [info] ExtensionService#_doActivateExtension formulahendry.auto-close-tag {"startup":true,"extensionId":{"value":"formulahendry.auto-close-tag","_lower":"formulahendry.auto-close-tag"},"activationEvent":"*"}
[2019-12-25 18:58:51.980] [exthost] [info] ExtensionService#loadCommonJSModule file:///home/gandalf/.vscode/extensions/formulahendry.auto-close-tag-0.5.6/out/src/extension
[2019-12-25 18:58:51.981] [exthost] [info] ExtensionService#_doActivateExtension ritwickdey.LiveServer {"startup":true,"extensionId":{"value":"ritwickdey.LiveServer","_lower":"ritwickdey.liveserver"},"activationEvent":"*"}
[2019-12-25 18:58:51.982] [exthost] [info] ExtensionService#loadCommonJSModule file:///home/gandalf/.vscode/extensions/ritwickdey.liveserver-5.6.1/out/src/extension
[2019-12-25 18:58:53.205] [exthost] [info] ExtensionService#_doActivateExtension jlengrand.vscode-elm-signature {"startup":true,"extensionId":{"value":"jlengrand.vscode-elm-signature","_lower":"jlengrand.vscode-elm-signature"},"activationEvent":"workspaceContains:**/*.elm"}
[2019-12-25 18:58:53.205] [exthost] [info] ExtensionService#loadCommonJSModule file:///home/gandalf/.vscode/extensions/jlengrand.vscode-elm-signature-0.1.1/out/extension
[2019-12-25 18:58:53.244] [exthost] [info] eager extensions activated
