[2019-12-20 13:26:47.618] [exthost] [info] extension host started
[2019-12-20 13:26:47.777] [exthost] [info] ExtensionService#_doActivateExtension vscode.debug-auto-launch {"startup":true,"extensionId":{"value":"vscode.debug-auto-launch","_lower":"vscode.debug-auto-launch"},"activationEvent":"*"}
[2019-12-20 13:26:47.779] [exthost] [info] ExtensionService#loadCommonJSModule file:///nix/store/07nkg4pb654gilimalypkdj4p11rb675-vscode-1.40.1/lib/vscode/resources/app/extensions/debug-auto-launch/dist/extension
[2019-12-20 13:26:47.795] [exthost] [info] ExtensionService#_doActivateExtension vscode.emmet {"startup":true,"extensionId":{"value":"vscode.emmet","_lower":"vscode.emmet"},"activationEvent":"*"}
[2019-12-20 13:26:47.795] [exthost] [info] ExtensionService#loadCommonJSModule file:///nix/store/07nkg4pb654gilimalypkdj4p11rb675-vscode-1.40.1/lib/vscode/resources/app/extensions/emmet/dist/extension
[2019-12-20 13:26:47.834] [exthost] [info] ExtensionService#_doActivateExtension vscode.git {"startup":true,"extensionId":{"value":"vscode.git","_lower":"vscode.git"},"activationEvent":"*"}
[2019-12-20 13:26:47.834] [exthost] [info] ExtensionService#loadCommonJSModule file:///nix/store/07nkg4pb654gilimalypkdj4p11rb675-vscode-1.40.1/lib/vscode/resources/app/extensions/git/dist/main
[2019-12-20 13:26:47.873] [exthost] [info] ExtensionService#_doActivateExtension vscode.merge-conflict {"startup":true,"extensionId":{"value":"vscode.merge-conflict","_lower":"vscode.merge-conflict"},"activationEvent":"*"}
[2019-12-20 13:26:47.873] [exthost] [info] ExtensionService#loadCommonJSModule file:///nix/store/07nkg4pb654gilimalypkdj4p11rb675-vscode-1.40.1/lib/vscode/resources/app/extensions/merge-conflict/dist/extension
[2019-12-20 13:26:47.880] [exthost] [info] ExtensionService#_doActivateExtension 2gua.rainbow-brackets {"startup":true,"extensionId":{"value":"2gua.rainbow-brackets","_lower":"2gua.rainbow-brackets"},"activationEvent":"*"}
[2019-12-20 13:26:47.880] [exthost] [info] ExtensionService#loadCommonJSModule file:///home/gandalf/.vscode/extensions/2gua.rainbow-brackets-0.0.6/out/src/extension
[2019-12-20 13:26:47.884] [exthost] [info] ExtensionService#_doActivateExtension christian-kohler.path-intellisense {"startup":true,"extensionId":{"value":"christian-kohler.path-intellisense","_lower":"christian-kohler.path-intellisense"},"activationEvent":"*"}
[2019-12-20 13:26:47.885] [exthost] [info] ExtensionService#loadCommonJSModule file:///home/gandalf/.vscode/extensions/christian-kohler.path-intellisense-1.4.2/out/src/extension
[2019-12-20 13:26:47.951] [exthost] [info] ExtensionService#_doActivateExtension eamodio.gitlens {"startup":true,"extensionId":{"value":"eamodio.gitlens","_lower":"eamodio.gitlens"},"activationEvent":"*"}
[2019-12-20 13:26:47.951] [exthost] [info] ExtensionService#loadCommonJSModule file:///home/gandalf/.vscode/extensions/eamodio.gitlens-10.2.0/dist/extension
[2019-12-20 13:26:47.992] [exthost] [info] ExtensionService#_doActivateExtension EditorConfig.EditorConfig {"startup":true,"extensionId":{"value":"EditorConfig.EditorConfig","_lower":"editorconfig.editorconfig"},"activationEvent":"*"}
[2019-12-20 13:26:47.992] [exthost] [info] ExtensionService#loadCommonJSModule file:///home/gandalf/.vscode/extensions/editorconfig.editorconfig-0.14.2/out/editorConfigMain.js
[2019-12-20 13:26:48.102] [exthost] [info] ExtensionService#_doActivateExtension esbenp.prettier-vscode {"startup":true,"extensionId":{"value":"esbenp.prettier-vscode","_lower":"esbenp.prettier-vscode"},"activationEvent":"*"}
[2019-12-20 13:26:48.102] [exthost] [info] ExtensionService#loadCommonJSModule file:///home/gandalf/.vscode/extensions/esbenp.prettier-vscode-3.16.1/dist/extension
[2019-12-20 13:26:48.239] [exthost] [info] ExtensionService#_doActivateExtension formulahendry.auto-close-tag {"startup":true,"extensionId":{"value":"formulahendry.auto-close-tag","_lower":"formulahendry.auto-close-tag"},"activationEvent":"*"}
[2019-12-20 13:26:48.239] [exthost] [info] ExtensionService#loadCommonJSModule file:///home/gandalf/.vscode/extensions/formulahendry.auto-close-tag-0.5.6/out/src/extension
[2019-12-20 13:26:48.243] [exthost] [info] ExtensionService#_doActivateExtension johnpapa.vscode-peacock {"startup":true,"extensionId":{"value":"johnpapa.vscode-peacock","_lower":"johnpapa.vscode-peacock"},"activationEvent":"*"}
[2019-12-20 13:26:48.243] [exthost] [info] ExtensionService#loadCommonJSModule file:///home/gandalf/.vscode/extensions/johnpapa.vscode-peacock-3.2.0/dist/extension
[2019-12-20 13:26:48.260] [exthost] [info] ExtensionService#_doActivateExtension nrwl.angular-console {"startup":true,"extensionId":{"value":"nrwl.angular-console","_lower":"nrwl.angular-console"},"activationEvent":"*"}
[2019-12-20 13:26:48.260] [exthost] [info] ExtensionService#loadCommonJSModule file:///home/gandalf/.vscode/extensions/nrwl.angular-console-10.0.0/main.js
[2019-12-20 13:26:48.676] [exthost] [info] ExtensionService#_doActivateExtension PKief.material-icon-theme {"startup":true,"extensionId":{"value":"PKief.material-icon-theme","_lower":"pkief.material-icon-theme"},"activationEvent":"*"}
[2019-12-20 13:26:48.676] [exthost] [info] ExtensionService#loadCommonJSModule file:///home/gandalf/.vscode/extensions/pkief.material-icon-theme-3.9.2/dist/extension
[2019-12-20 13:26:48.691] [exthost] [info] ExtensionService#_doActivateExtension ritwickdey.LiveServer {"startup":true,"extensionId":{"value":"ritwickdey.LiveServer","_lower":"ritwickdey.liveserver"},"activationEvent":"*"}
[2019-12-20 13:26:48.691] [exthost] [info] ExtensionService#loadCommonJSModule file:///home/gandalf/.vscode/extensions/ritwickdey.liveserver-5.6.1/out/src/extension
[2019-12-20 13:26:49.519] [exthost] [info] ExtensionService#_doActivateExtension vscode.npm {"startup":true,"extensionId":{"value":"vscode.npm","_lower":"vscode.npm"},"activationEvent":"workspaceContains:package.json"}
[2019-12-20 13:26:49.519] [exthost] [info] ExtensionService#loadCommonJSModule file:///nix/store/07nkg4pb654gilimalypkdj4p11rb675-vscode-1.40.1/lib/vscode/resources/app/extensions/npm/dist/main
[2019-12-20 13:26:50.388] [exthost] [info] eager extensions activated
