[Info  - 6:58:53 PM] Loading Elm tree-sitter syntax from ../../../.vscode/extensions/elmtooling.elm-ls-vscode-0.7.4/server/out/tree-sitter-elm.wasm
[Info  - 6:58:53 PM] Found 1 elm.json files for workspace /home/gandalf/Dev/exercism/elm
[Info  - 6:58:53 PM] Found 1 unique elmWorkspaces for workspace /home/gandalf/Dev/exercism/elm
[Info  - 6:58:53 PM] Starting language server for folder: file:///home/gandalf/Dev/exercism/elm/hello-world
[Info  - 6:58:53 PM] Elm version 0.19.1 detected.
[Info  - 6:58:54 PM] Reading elm.json from /home/gandalf/Dev/exercism/elm/hello-world/elm.json
[Info  - 6:58:54 PM] 2 source-dirs and test folders found
[Info  - 6:58:54 PM] Found 52 files to add to the project
[Info  - 6:58:54 PM] Adding /home/gandalf/Dev/exercism/elm/hello-world/src/HelloWorld.elm
[Info  - 6:58:54 PM] Adding /home/gandalf/Dev/exercism/elm/hello-world/tests/Tests.elm
[Info  - 6:58:54 PM] Adding /home/gandalf/.elm/0.19.1/packages/elm/browser/1.0.0/src/Browser.elm
[Info  - 6:58:54 PM] Adding /home/gandalf/.elm/0.19.1/packages/elm/browser/1.0.0/src/Browser/AnimationManager.elm
[Info  - 6:58:54 PM] Adding /home/gandalf/.elm/0.19.1/packages/elm/browser/1.0.0/src/Browser/Dom.elm
[Info  - 6:58:54 PM] Adding /home/gandalf/.elm/0.19.1/packages/elm/browser/1.0.0/src/Browser/Events.elm
[Info  - 6:58:54 PM] Adding /home/gandalf/.elm/0.19.1/packages/elm/browser/1.0.0/src/Browser/Navigation.elm
[Info  - 6:58:54 PM] Adding /home/gandalf/.elm/0.19.1/packages/elm/browser/1.0.0/src/Debugger/Expando.elm
[Info  - 6:58:54 PM] Adding /home/gandalf/.elm/0.19.1/packages/elm/browser/1.0.0/src/Debugger/History.elm
[Info  - 6:58:54 PM] Adding /home/gandalf/.elm/0.19.1/packages/elm/browser/1.0.0/src/Debugger/Main.elm
[Info  - 6:58:54 PM] Adding /home/gandalf/.elm/0.19.1/packages/elm/browser/1.0.0/src/Debugger/Metadata.elm
[Info  - 6:58:54 PM] Adding /home/gandalf/.elm/0.19.1/packages/elm/browser/1.0.0/src/Debugger/Overlay.elm
[Info  - 6:58:54 PM] Adding /home/gandalf/.elm/0.19.1/packages/elm/browser/1.0.0/src/Debugger/Report.elm
[Info  - 6:58:54 PM] Adding /home/gandalf/.elm/0.19.1/packages/elm/core/1.0.0/src/Array.elm
[Info  - 6:58:54 PM] Adding /home/gandalf/.elm/0.19.1/packages/elm/core/1.0.0/src/Basics.elm
[Info  - 6:58:54 PM] Adding /home/gandalf/.elm/0.19.1/packages/elm/core/1.0.0/src/Bitwise.elm
[Info  - 6:58:54 PM] Adding /home/gandalf/.elm/0.19.1/packages/elm/core/1.0.0/src/Char.elm
[Info  - 6:58:54 PM] Adding /home/gandalf/.elm/0.19.1/packages/elm/core/1.0.0/src/Debug.elm
[Info  - 6:58:54 PM] Adding /home/gandalf/.elm/0.19.1/packages/elm/core/1.0.0/src/Dict.elm
[Info  - 6:58:54 PM] Adding /home/gandalf/.elm/0.19.1/packages/elm/core/1.0.0/src/List.elm
[Info  - 6:58:54 PM] Adding /home/gandalf/.elm/0.19.1/packages/elm/core/1.0.0/src/Maybe.elm
[Info  - 6:58:54 PM] Adding /home/gandalf/.elm/0.19.1/packages/elm/core/1.0.0/src/Platform.elm
[Info  - 6:58:54 PM] Adding /home/gandalf/.elm/0.19.1/packages/elm/core/1.0.0/src/Process.elm
[Info  - 6:58:54 PM] Adding /home/gandalf/.elm/0.19.1/packages/elm/core/1.0.0/src/Result.elm
[Info  - 6:58:54 PM] Adding /home/gandalf/.elm/0.19.1/packages/elm/core/1.0.0/src/Set.elm
[Info  - 6:58:54 PM] Adding /home/gandalf/.elm/0.19.1/packages/elm/core/1.0.0/src/String.elm
[Info  - 6:58:54 PM] Adding /home/gandalf/.elm/0.19.1/packages/elm/core/1.0.0/src/Task.elm
[Info  - 6:58:54 PM] Adding /home/gandalf/.elm/0.19.1/packages/elm/core/1.0.0/src/Tuple.elm
[Info  - 6:58:54 PM] Adding /home/gandalf/.elm/0.19.1/packages/elm/core/1.0.0/src/Elm/JsArray.elm
[Info  - 6:58:54 PM] Adding /home/gandalf/.elm/0.19.1/packages/elm/core/1.0.0/src/Platform/Cmd.elm
[Info  - 6:58:54 PM] Adding /home/gandalf/.elm/0.19.1/packages/elm/core/1.0.0/src/Platform/Sub.elm
[Info  - 6:58:54 PM] Adding /home/gandalf/.elm/0.19.1/packages/elm/html/1.0.0/src/Html.elm
[Info  - 6:58:54 PM] Adding /home/gandalf/.elm/0.19.1/packages/elm/html/1.0.0/src/Html/Attributes.elm
[Info  - 6:58:54 PM] Adding /home/gandalf/.elm/0.19.1/packages/elm/html/1.0.0/src/Html/Events.elm
[Info  - 6:58:54 PM] Adding /home/gandalf/.elm/0.19.1/packages/elm/html/1.0.0/src/Html/Keyed.elm
[Info  - 6:58:54 PM] Adding /home/gandalf/.elm/0.19.1/packages/elm/html/1.0.0/src/Html/Lazy.elm
[Info  - 6:58:54 PM] Adding /home/gandalf/.elm/0.19.1/packages/elm/regex/1.0.0/src/Regex.elm
[Info  - 6:58:54 PM] Adding /home/gandalf/.elm/0.19.1/packages/elm-explorations/test/1.0.0/src/Expect.elm
[Info  - 6:58:54 PM] Adding /home/gandalf/.elm/0.19.1/packages/elm-explorations/test/1.0.0/src/Float.elm
[Info  - 6:58:54 PM] Adding /home/gandalf/.elm/0.19.1/packages/elm-explorations/test/1.0.0/src/Fuzz.elm
[Info  - 6:58:54 PM] Adding /home/gandalf/.elm/0.19.1/packages/elm-explorations/test/1.0.0/src/Lazy.elm
[Info  - 6:58:54 PM] Adding /home/gandalf/.elm/0.19.1/packages/elm-explorations/test/1.0.0/src/MicroRandomExtra.elm
[Info  - 6:58:54 PM] Adding /home/gandalf/.elm/0.19.1/packages/elm-explorations/test/1.0.0/src/RoseTree.elm
[Info  - 6:58:54 PM] Adding /home/gandalf/.elm/0.19.1/packages/elm-explorations/test/1.0.0/src/Shrink.elm
[Info  - 6:58:54 PM] Adding /home/gandalf/.elm/0.19.1/packages/elm-explorations/test/1.0.0/src/Test.elm
[Info  - 6:58:54 PM] Adding /home/gandalf/.elm/0.19.1/packages/elm-explorations/test/1.0.0/src/Fuzz/Internal.elm
[Info  - 6:58:54 PM] Adding /home/gandalf/.elm/0.19.1/packages/elm-explorations/test/1.0.0/src/Lazy/List.elm
[Info  - 6:58:54 PM] Adding /home/gandalf/.elm/0.19.1/packages/elm-explorations/test/1.0.0/src/Test/Expectation.elm
[Info  - 6:58:54 PM] Adding /home/gandalf/.elm/0.19.1/packages/elm-explorations/test/1.0.0/src/Test/Fuzz.elm
[Info  - 6:58:54 PM] Adding /home/gandalf/.elm/0.19.1/packages/elm-explorations/test/1.0.0/src/Test/Internal.elm
[Info  - 6:58:54 PM] Adding /home/gandalf/.elm/0.19.1/packages/elm-explorations/test/1.0.0/src/Test/Runner.elm
[Info  - 6:58:54 PM] Adding /home/gandalf/.elm/0.19.1/packages/elm-explorations/test/1.0.0/src/Test/Runner/Failure.elm
Received open for file:///home/gandalf/Dev/exercism/elm/hello-world/src/HelloWorld.elm
[Info  - 6:58:54 PM] Diagnostics were requested due to a file open or save
Received open for file:///home/gandalf/Dev/exercism/elm/hello-world/tests/Tests.elm
[Info  - 6:58:54 PM] Diagnostics were requested due to a file open or save
[Info  - 6:58:54 PM] Document Symbols were requested
[Info  - 6:58:54 PM] Folding ranges were requested
[Info  - 6:58:54 PM] Adding imports file:///home/gandalf/Dev/exercism/elm/hello-world/src/HelloWorld.elm
[Info  - 6:58:54 PM] Adding imports file:///home/gandalf/Dev/exercism/elm/hello-world/tests/Tests.elm
[Info  - 6:58:54 PM] Adding imports file:///home/gandalf/.elm/0.19.1/packages/elm/browser/1.0.0/src/Browser.elm
[Info  - 6:58:54 PM] Adding imports file:///home/gandalf/.elm/0.19.1/packages/elm/browser/1.0.0/src/Browser/AnimationManager.elm
[Info  - 6:58:54 PM] Adding imports file:///home/gandalf/.elm/0.19.1/packages/elm/browser/1.0.0/src/Browser/Dom.elm
[Info  - 6:58:54 PM] Adding imports file:///home/gandalf/.elm/0.19.1/packages/elm/browser/1.0.0/src/Browser/Events.elm
[Info  - 6:58:54 PM] Adding imports file:///home/gandalf/.elm/0.19.1/packages/elm/browser/1.0.0/src/Browser/Navigation.elm
[Info  - 6:58:54 PM] Adding imports file:///home/gandalf/.elm/0.19.1/packages/elm/browser/1.0.0/src/Debugger/Expando.elm
[Info  - 6:58:54 PM] Adding imports file:///home/gandalf/.elm/0.19.1/packages/elm/browser/1.0.0/src/Debugger/History.elm
[Info  - 6:58:54 PM] Adding imports file:///home/gandalf/.elm/0.19.1/packages/elm/browser/1.0.0/src/Debugger/Main.elm
[Info  - 6:58:54 PM] Adding imports file:///home/gandalf/.elm/0.19.1/packages/elm/browser/1.0.0/src/Debugger/Metadata.elm
[Info  - 6:58:54 PM] Adding imports file:///home/gandalf/.elm/0.19.1/packages/elm/browser/1.0.0/src/Debugger/Overlay.elm
[Info  - 6:58:54 PM] Adding imports file:///home/gandalf/.elm/0.19.1/packages/elm/browser/1.0.0/src/Debugger/Report.elm
[Info  - 6:58:54 PM] Adding imports file:///home/gandalf/.elm/0.19.1/packages/elm/core/1.0.0/src/Array.elm
[Info  - 6:58:54 PM] Adding imports file:///home/gandalf/.elm/0.19.1/packages/elm/core/1.0.0/src/Basics.elm
[Info  - 6:58:54 PM] Adding imports file:///home/gandalf/.elm/0.19.1/packages/elm/core/1.0.0/src/Bitwise.elm
[Info  - 6:58:54 PM] Adding imports file:///home/gandalf/.elm/0.19.1/packages/elm/core/1.0.0/src/Char.elm
[Info  - 6:58:54 PM] Adding imports file:///home/gandalf/.elm/0.19.1/packages/elm/core/1.0.0/src/Debug.elm
[Info  - 6:58:54 PM] Adding imports file:///home/gandalf/.elm/0.19.1/packages/elm/core/1.0.0/src/Dict.elm
[Info  - 6:58:54 PM] Adding imports file:///home/gandalf/.elm/0.19.1/packages/elm/core/1.0.0/src/List.elm
[Info  - 6:58:54 PM] Adding imports file:///home/gandalf/.elm/0.19.1/packages/elm/core/1.0.0/src/Maybe.elm
[Info  - 6:58:54 PM] Adding imports file:///home/gandalf/.elm/0.19.1/packages/elm/core/1.0.0/src/Platform.elm
[Info  - 6:58:54 PM] Adding imports file:///home/gandalf/.elm/0.19.1/packages/elm/core/1.0.0/src/Process.elm
[Info  - 6:58:54 PM] Adding imports file:///home/gandalf/.elm/0.19.1/packages/elm/core/1.0.0/src/Result.elm
[Info  - 6:58:54 PM] Adding imports file:///home/gandalf/.elm/0.19.1/packages/elm/core/1.0.0/src/Set.elm
[Info  - 6:58:54 PM] Adding imports file:///home/gandalf/.elm/0.19.1/packages/elm/core/1.0.0/src/String.elm
[Info  - 6:58:54 PM] Adding imports file:///home/gandalf/.elm/0.19.1/packages/elm/core/1.0.0/src/Task.elm
[Info  - 6:58:54 PM] Adding imports file:///home/gandalf/.elm/0.19.1/packages/elm/core/1.0.0/src/Tuple.elm
[Info  - 6:58:54 PM] Adding imports file:///home/gandalf/.elm/0.19.1/packages/elm/core/1.0.0/src/Elm/JsArray.elm
[Info  - 6:58:54 PM] Adding imports file:///home/gandalf/.elm/0.19.1/packages/elm/core/1.0.0/src/Platform/Cmd.elm
[Info  - 6:58:54 PM] Adding imports file:///home/gandalf/.elm/0.19.1/packages/elm/core/1.0.0/src/Platform/Sub.elm
[Info  - 6:58:54 PM] Adding imports file:///home/gandalf/.elm/0.19.1/packages/elm/html/1.0.0/src/Html.elm
[Info  - 6:58:54 PM] Adding imports file:///home/gandalf/.elm/0.19.1/packages/elm/html/1.0.0/src/Html/Attributes.elm
[Info  - 6:58:54 PM] Adding imports file:///home/gandalf/.elm/0.19.1/packages/elm/html/1.0.0/src/Html/Events.elm
[Info  - 6:58:54 PM] Adding imports file:///home/gandalf/.elm/0.19.1/packages/elm/html/1.0.0/src/Html/Keyed.elm
[Info  - 6:58:54 PM] Adding imports file:///home/gandalf/.elm/0.19.1/packages/elm/html/1.0.0/src/Html/Lazy.elm
[Info  - 6:58:54 PM] Adding imports file:///home/gandalf/.elm/0.19.1/packages/elm/regex/1.0.0/src/Regex.elm
[Info  - 6:58:54 PM] Adding imports file:///home/gandalf/.elm/0.19.1/packages/elm-explorations/test/1.0.0/src/Expect.elm
[Info  - 6:58:54 PM] Adding imports file:///home/gandalf/.elm/0.19.1/packages/elm-explorations/test/1.0.0/src/Float.elm
[Info  - 6:58:54 PM] Adding imports file:///home/gandalf/.elm/0.19.1/packages/elm-explorations/test/1.0.0/src/Fuzz.elm
[Info  - 6:58:54 PM] Adding imports file:///home/gandalf/.elm/0.19.1/packages/elm-explorations/test/1.0.0/src/Lazy.elm
[Info  - 6:58:54 PM] Adding imports file:///home/gandalf/.elm/0.19.1/packages/elm-explorations/test/1.0.0/src/MicroRandomExtra.elm
[Info  - 6:58:54 PM] Adding imports file:///home/gandalf/.elm/0.19.1/packages/elm-explorations/test/1.0.0/src/RoseTree.elm
[Info  - 6:58:54 PM] Adding imports file:///home/gandalf/.elm/0.19.1/packages/elm-explorations/test/1.0.0/src/Shrink.elm
[Info  - 6:58:54 PM] Adding imports file:///home/gandalf/.elm/0.19.1/packages/elm-explorations/test/1.0.0/src/Test.elm
[Info  - 6:58:54 PM] Adding imports file:///home/gandalf/.elm/0.19.1/packages/elm-explorations/test/1.0.0/src/Fuzz/Internal.elm
[Info  - 6:58:54 PM] Adding imports file:///home/gandalf/.elm/0.19.1/packages/elm-explorations/test/1.0.0/src/Lazy/List.elm
[Info  - 6:58:54 PM] Adding imports file:///home/gandalf/.elm/0.19.1/packages/elm-explorations/test/1.0.0/src/Test/Expectation.elm
[Info  - 6:58:54 PM] Adding imports file:///home/gandalf/.elm/0.19.1/packages/elm-explorations/test/1.0.0/src/Test/Fuzz.elm
[Info  - 6:58:54 PM] Adding imports file:///home/gandalf/.elm/0.19.1/packages/elm-explorations/test/1.0.0/src/Test/Internal.elm
[Info  - 6:58:54 PM] Adding imports file:///home/gandalf/.elm/0.19.1/packages/elm-explorations/test/1.0.0/src/Test/Runner.elm
[Info  - 6:58:54 PM] Adding imports file:///home/gandalf/.elm/0.19.1/packages/elm-explorations/test/1.0.0/src/Test/Runner/Failure.elm
[Info  - 6:58:54 PM] Done parsing all files.
[Info  - 6:58:54 PM] A code lens was requested for file:///home/gandalf/Dev/exercism/elm/hello-world/src/HelloWorld.elm
[Info  - 6:58:54 PM] Received new elm-analyse report with 0 messages
[Info  - 6:58:54 PM] Received new elm-analyse report with 0 messages
[Info  - 6:58:55 PM] A code lens resolve was requested
[Info  - 6:58:55 PM] A code lens resolve was requested
[Info  - 6:58:55 PM] A code lens resolve was requested
[Info  - 6:58:55 PM] Received new elm-analyse report with 1 messages
[Info  - 6:58:59 PM] A hover was requested
[Info  - 6:59:05 PM] A code action was requested
[Info  - 6:59:05 PM] A hover was requested
[Info  - 6:59:06 PM] A code action was requested
[Info  - 6:59:07 PM] A code action was requested
[Info  - 6:59:07 PM] Document Symbols were requested
[Info  - 6:59:07 PM] Folding ranges were requested
[Info  - 6:59:07 PM] A code lens was requested for file:///home/gandalf/Dev/exercism/elm/hello-world/tests/Tests.elm
[Info  - 6:59:07 PM] A code action was requested
[Info  - 6:59:08 PM] A code lens resolve was requested
[Info  - 6:59:08 PM] A code lens resolve was requested
[Info  - 6:59:08 PM] A code lens resolve was requested
[Info  - 7:04:37 PM] A code action was requested
[Info  - 7:04:37 PM] Document Symbols were requested
[Info  - 7:04:37 PM] Folding ranges were requested
[Info  - 7:04:37 PM] A code lens was requested for file:///home/gandalf/Dev/exercism/elm/two-fer/src/TwoFer.elm
[Info  - 7:08:49 PM] A code action was requested
[Info  - 7:08:49 PM] A code action was requested
[Info  - 7:08:50 PM] A code action was requested
[Info  - 7:08:51 PM] A code action was requested
[Info  - 7:08:51 PM] A code action was requested
[Info  - 7:09:02 PM] Folding ranges were requested
[Info  - 7:09:02 PM] A code lens was requested for file:///home/gandalf/Dev/exercism/elm/two-fer/src/TwoFer.elm
[Info  - 7:09:02 PM] Document Symbols were requested
[Info  - 7:09:03 PM] Folding ranges were requested
[Info  - 7:09:03 PM] A code lens was requested for file:///home/gandalf/Dev/exercism/elm/two-fer/src/TwoFer.elm
[Info  - 7:09:03 PM] A code action was requested
[Info  - 7:09:04 PM] Document Symbols were requested
[Info  - 7:09:05 PM] Folding ranges were requested
[Info  - 7:09:05 PM] A code lens was requested for file:///home/gandalf/Dev/exercism/elm/two-fer/src/TwoFer.elm
[Info  - 7:09:06 PM] Document Symbols were requested
[Info  - 7:11:27 PM] A completion was requested
[Info  - 7:11:27 PM] A completion was requested
[Info  - 7:11:27 PM] Folding ranges were requested
[Info  - 7:11:27 PM] A code lens was requested for file:///home/gandalf/Dev/exercism/elm/two-fer/src/TwoFer.elm
[Info  - 7:11:27 PM] A code action was requested
[Info  - 7:11:27 PM] A completion was requested
[Info  - 7:11:27 PM] Folding ranges were requested
[Info  - 7:11:27 PM] A code lens was requested for file:///home/gandalf/Dev/exercism/elm/two-fer/src/TwoFer.elm
[Info  - 7:11:27 PM] A code action was requested
[Info  - 7:11:27 PM] A completion was requested
[Info  - 7:11:28 PM] Folding ranges were requested
[Info  - 7:11:28 PM] A code lens was requested for file:///home/gandalf/Dev/exercism/elm/two-fer/src/TwoFer.elm
[Info  - 7:11:28 PM] Document Symbols were requested
[Info  - 7:11:39 PM] A completion was requested
[Info  - 7:11:39 PM] Folding ranges were requested
[Info  - 7:11:39 PM] A code lens was requested for file:///home/gandalf/Dev/exercism/elm/two-fer/src/TwoFer.elm
[Info  - 7:11:39 PM] Document Symbols were requested
[Info  - 7:11:40 PM] A completion was requested
[Info  - 7:11:40 PM] A completion was requested
[Info  - 7:11:40 PM] Folding ranges were requested
[Info  - 7:11:40 PM] A code lens was requested for file:///home/gandalf/Dev/exercism/elm/two-fer/src/TwoFer.elm
[Info  - 7:11:40 PM] A code action was requested
[Info  - 7:11:40 PM] Document Symbols were requested
[Info  - 7:11:41 PM] Folding ranges were requested
[Info  - 7:11:41 PM] A code lens was requested for file:///home/gandalf/Dev/exercism/elm/two-fer/src/TwoFer.elm
[Info  - 7:11:41 PM] Document Symbols were requested
[Info  - 7:11:42 PM] Folding ranges were requested
[Info  - 7:11:42 PM] A code lens was requested for file:///home/gandalf/Dev/exercism/elm/two-fer/src/TwoFer.elm
[Info  - 7:11:42 PM] Document Symbols were requested
[Info  - 7:11:50 PM] Formatting was requested
[Error - 7:11:50 PM] Can't find file for formatting.
[Info  - 7:11:52 PM] Folding ranges were requested
[Info  - 7:11:52 PM] A code lens was requested for file:///home/gandalf/Dev/exercism/elm/two-fer/src/TwoFer.elm
[Info  - 7:11:52 PM] Document Symbols were requested
[Info  - 7:12:23 PM] Formatting was requested
[Error - 7:12:23 PM] Can't find file for formatting.
[Info  - 7:12:26 PM] A code action was requested
[Info  - 7:12:32 PM] Formatting was requested
[Error - 7:12:32 PM] Can't find file for formatting.
[Info  - 7:12:33 PM] Folding ranges were requested
[Info  - 7:12:33 PM] A code lens was requested for file:///home/gandalf/Dev/exercism/elm/two-fer/src/TwoFer.elm
[Info  - 7:12:33 PM] Folding ranges were requested
[Info  - 7:12:34 PM] A code lens was requested for file:///home/gandalf/Dev/exercism/elm/two-fer/src/TwoFer.elm
[Info  - 7:12:34 PM] Document Symbols were requested
[Info  - 7:12:34 PM] Folding ranges were requested
[Info  - 7:12:34 PM] A code lens was requested for file:///home/gandalf/Dev/exercism/elm/two-fer/src/TwoFer.elm
[Info  - 7:12:34 PM] Document Symbols were requested
[Info  - 7:12:36 PM] Folding ranges were requested
[Info  - 7:12:36 PM] A code lens was requested for file:///home/gandalf/Dev/exercism/elm/two-fer/src/TwoFer.elm
[Info  - 7:12:36 PM] Document Symbols were requested
[Info  - 7:12:54 PM] A code action was requested
[Info  - 7:12:54 PM] A hover was requested
[Info  - 7:13:04 PM] A hover was requested
[Info  - 7:13:05 PM] A hover was requested
[Info  - 7:13:05 PM] A code action was requested
[Info  - 7:13:06 PM] Folding ranges were requested
[Info  - 7:13:06 PM] A code lens was requested for file:///home/gandalf/Dev/exercism/elm/two-fer/src/TwoFer.elm
[Info  - 7:13:06 PM] A code action was requested
[Info  - 7:13:06 PM] Document Symbols were requested
[Info  - 7:13:07 PM] Folding ranges were requested
[Info  - 7:13:07 PM] A code lens was requested for file:///home/gandalf/Dev/exercism/elm/two-fer/src/TwoFer.elm
[Info  - 7:13:07 PM] A code action was requested
[Info  - 7:13:07 PM] Document Symbols were requested
[Info  - 7:13:08 PM] Folding ranges were requested
[Info  - 7:13:08 PM] A code lens was requested for file:///home/gandalf/Dev/exercism/elm/two-fer/src/TwoFer.elm
[Info  - 7:13:08 PM] A code action was requested
[Info  - 7:13:08 PM] Document Symbols were requested
[Info  - 7:13:11 PM] Folding ranges were requested
[Info  - 7:13:11 PM] A code lens was requested for file:///home/gandalf/Dev/exercism/elm/two-fer/src/TwoFer.elm
[Info  - 7:13:11 PM] Document Symbols were requested
[Info  - 7:13:46 PM] Folding ranges were requested
[Info  - 7:13:46 PM] A code lens was requested for file:///home/gandalf/Dev/exercism/elm/two-fer/src/TwoFer.elm
[Info  - 7:13:46 PM] A code action was requested
[Info  - 7:13:47 PM] Document Symbols were requested
[Info  - 7:13:47 PM] Folding ranges were requested
[Info  - 7:13:47 PM] A code lens was requested for file:///home/gandalf/Dev/exercism/elm/two-fer/src/TwoFer.elm
[Info  - 7:13:48 PM] Document Symbols were requested
[Info  - 7:13:48 PM] Folding ranges were requested
[Info  - 7:13:48 PM] A code lens was requested for file:///home/gandalf/Dev/exercism/elm/two-fer/src/TwoFer.elm
[Info  - 7:13:48 PM] A code action was requested
[Info  - 7:13:49 PM] Document Symbols were requested
[Info  - 7:14:10 PM] A code action was requested
[Info  - 7:14:11 PM] Folding ranges were requested
[Info  - 7:14:11 PM] A code lens was requested for file:///home/gandalf/Dev/exercism/elm/two-fer/src/TwoFer.elm
[Info  - 7:14:11 PM] A code action was requested
[Info  - 7:14:11 PM] Document Symbols were requested
[Info  - 7:14:12 PM] Folding ranges were requested
[Info  - 7:14:13 PM] A code lens was requested for file:///home/gandalf/Dev/exercism/elm/two-fer/src/TwoFer.elm
[Info  - 7:14:13 PM] A code action was requested
[Info  - 7:14:13 PM] Document Symbols were requested
[Info  - 7:14:14 PM] Folding ranges were requested
[Info  - 7:14:14 PM] A code lens was requested for file:///home/gandalf/Dev/exercism/elm/two-fer/src/TwoFer.elm
[Info  - 7:14:14 PM] Document Symbols were requested
[Info  - 7:14:15 PM] Folding ranges were requested
[Info  - 7:14:15 PM] A code lens was requested for file:///home/gandalf/Dev/exercism/elm/two-fer/src/TwoFer.elm
[Info  - 7:14:15 PM] Document Symbols were requested
[Info  - 7:14:54 PM] A code action was requested
[Info  - 7:17:45 PM] A hover was requested
[Info  - 7:17:46 PM] A hover was requested
[Info  - 7:17:46 PM] A hover was requested
[Info  - 7:17:48 PM] A code action was requested
[Info  - 7:17:50 PM] A code action was requested
[Info  - 7:17:51 PM] Folding ranges were requested
[Info  - 7:17:51 PM] A code lens was requested for file:///home/gandalf/Dev/exercism/elm/two-fer/src/TwoFer.elm
[Info  - 7:17:51 PM] Document Symbols were requested
[Info  - 7:17:51 PM] A completion was requested
[Info  - 7:17:51 PM] Folding ranges were requested
[Info  - 7:17:52 PM] A code lens was requested for file:///home/gandalf/Dev/exercism/elm/two-fer/src/TwoFer.elm
[Info  - 7:17:52 PM] A code action was requested
[Info  - 7:17:52 PM] A completion was requested
[Info  - 7:17:52 PM] Folding ranges were requested
[Info  - 7:17:52 PM] A code lens was requested for file:///home/gandalf/Dev/exercism/elm/two-fer/src/TwoFer.elm
[Info  - 7:17:52 PM] A code action was requested
[Info  - 7:17:52 PM] Document Symbols were requested
[Info  - 7:17:52 PM] A completion was requested
[Info  - 7:17:53 PM] A completion was requested
[Info  - 7:17:53 PM] Folding ranges were requested
[Info  - 7:17:53 PM] A code lens was requested for file:///home/gandalf/Dev/exercism/elm/two-fer/src/TwoFer.elm
[Info  - 7:17:53 PM] A code action was requested
[Info  - 7:17:53 PM] A completion was requested
[Info  - 7:17:53 PM] A completion was requested
[Info  - 7:17:53 PM] Folding ranges were requested
[Info  - 7:17:53 PM] A code lens was requested for file:///home/gandalf/Dev/exercism/elm/two-fer/src/TwoFer.elm
[Info  - 7:17:53 PM] A code action was requested
[Info  - 7:17:53 PM] Document Symbols were requested
[Info  - 7:17:55 PM] A hover was requested
[Info  - 7:17:55 PM] A hover was requested
[Info  - 7:17:56 PM] A definition was requested
[Info  - 7:17:56 PM] A definition was requested
[Info  - 7:17:56 PM] A code action was requested
[Info  - 7:17:57 PM] A definition was requested
[Info  - 7:17:58 PM] A code action was requested
