[2019-12-25 18:38:32.066] [exthost] [info] extension host started
[2019-12-25 18:38:32.114] [exthost] [info] ExtensionService#_doActivateExtension vscode.configuration-editing {"startup":false,"extensionId":{"value":"vscode.configuration-editing","_lower":"vscode.configuration-editing"},"activationEvent":"onLanguage:json"}
[2019-12-25 18:38:32.115] [exthost] [info] ExtensionService#loadCommonJSModule file:///nix/store/jaadk0acjwfnjk0vkziylnpyh60gix2d-vscode-1.41.0/lib/vscode/resources/app/extensions/configuration-editing/dist/extension
[2019-12-25 18:38:32.122] [exthost] [info] ExtensionService#_doActivateExtension vscode.extension-editing {"startup":false,"extensionId":{"value":"vscode.extension-editing","_lower":"vscode.extension-editing"},"activationEvent":"onLanguage:json"}
[2019-12-25 18:38:32.122] [exthost] [info] ExtensionService#loadCommonJSModule file:///nix/store/jaadk0acjwfnjk0vkziylnpyh60gix2d-vscode-1.41.0/lib/vscode/resources/app/extensions/extension-editing/dist/extension
[2019-12-25 18:38:32.142] [exthost] [info] ExtensionService#_doActivateExtension vscode.json-language-features {"startup":false,"extensionId":{"value":"vscode.json-language-features","_lower":"vscode.json-language-features"},"activationEvent":"onLanguage:json"}
[2019-12-25 18:38:32.142] [exthost] [info] ExtensionService#loadCommonJSModule file:///nix/store/jaadk0acjwfnjk0vkziylnpyh60gix2d-vscode-1.41.0/lib/vscode/resources/app/extensions/json-language-features/client/dist/jsonMain
[2019-12-25 18:38:32.160] [exthost] [info] ExtensionService#_doActivateExtension vscode.npm {"startup":false,"extensionId":{"value":"vscode.npm","_lower":"vscode.npm"},"activationEvent":"onLanguage:json"}
[2019-12-25 18:38:32.160] [exthost] [info] ExtensionService#loadCommonJSModule file:///nix/store/jaadk0acjwfnjk0vkziylnpyh60gix2d-vscode-1.41.0/lib/vscode/resources/app/extensions/npm/dist/main
[2019-12-25 18:38:32.169] [exthost] [info] ExtensionService#_doActivateExtension eg2.vscode-npm-script {"startup":false,"extensionId":{"value":"eg2.vscode-npm-script","_lower":"eg2.vscode-npm-script"},"activationEvent":"onLanguage:json"}
[2019-12-25 18:38:32.169] [exthost] [info] ExtensionService#loadCommonJSModule file:///home/gandalf/.vscode/extensions/eg2.vscode-npm-script-0.3.10/dist/extension
[2019-12-25 18:38:32.176] [exthost] [info] ExtensionService#_doActivateExtension vscode.debug-auto-launch {"startup":true,"extensionId":{"value":"vscode.debug-auto-launch","_lower":"vscode.debug-auto-launch"},"activationEvent":"*"}
[2019-12-25 18:38:32.176] [exthost] [info] ExtensionService#loadCommonJSModule file:///nix/store/jaadk0acjwfnjk0vkziylnpyh60gix2d-vscode-1.41.0/lib/vscode/resources/app/extensions/debug-auto-launch/dist/extension
[2019-12-25 18:38:32.183] [exthost] [info] ExtensionService#_doActivateExtension vscode.emmet {"startup":true,"extensionId":{"value":"vscode.emmet","_lower":"vscode.emmet"},"activationEvent":"*"}
[2019-12-25 18:38:32.183] [exthost] [info] ExtensionService#loadCommonJSModule file:///nix/store/jaadk0acjwfnjk0vkziylnpyh60gix2d-vscode-1.41.0/lib/vscode/resources/app/extensions/emmet/dist/extension
[2019-12-25 18:38:32.221] [exthost] [info] ExtensionService#_doActivateExtension vscode.git {"startup":true,"extensionId":{"value":"vscode.git","_lower":"vscode.git"},"activationEvent":"*"}
[2019-12-25 18:38:32.221] [exthost] [info] ExtensionService#loadCommonJSModule file:///nix/store/jaadk0acjwfnjk0vkziylnpyh60gix2d-vscode-1.41.0/lib/vscode/resources/app/extensions/git/dist/main
[2019-12-25 18:38:32.274] [exthost] [info] ExtensionService#_doActivateExtension vscode.merge-conflict {"startup":true,"extensionId":{"value":"vscode.merge-conflict","_lower":"vscode.merge-conflict"},"activationEvent":"*"}
[2019-12-25 18:38:32.274] [exthost] [info] ExtensionService#loadCommonJSModule file:///nix/store/jaadk0acjwfnjk0vkziylnpyh60gix2d-vscode-1.41.0/lib/vscode/resources/app/extensions/merge-conflict/dist/extension
[2019-12-25 18:38:32.281] [exthost] [info] ExtensionService#_doActivateExtension vscode.search-result {"startup":true,"extensionId":{"value":"vscode.search-result","_lower":"vscode.search-result"},"activationEvent":"*"}
[2019-12-25 18:38:32.281] [exthost] [info] ExtensionService#loadCommonJSModule file:///nix/store/jaadk0acjwfnjk0vkziylnpyh60gix2d-vscode-1.41.0/lib/vscode/resources/app/extensions/search-result/dist/extension.js
[2019-12-25 18:38:32.286] [exthost] [info] ExtensionService#_doActivateExtension 2gua.rainbow-brackets {"startup":true,"extensionId":{"value":"2gua.rainbow-brackets","_lower":"2gua.rainbow-brackets"},"activationEvent":"*"}
[2019-12-25 18:38:32.286] [exthost] [info] ExtensionService#loadCommonJSModule file:///home/gandalf/.vscode/extensions/2gua.rainbow-brackets-0.0.6/out/src/extension
[2019-12-25 18:38:32.292] [exthost] [info] ExtensionService#_doActivateExtension christian-kohler.path-intellisense {"startup":true,"extensionId":{"value":"christian-kohler.path-intellisense","_lower":"christian-kohler.path-intellisense"},"activationEvent":"*"}
[2019-12-25 18:38:32.292] [exthost] [info] ExtensionService#loadCommonJSModule file:///home/gandalf/.vscode/extensions/christian-kohler.path-intellisense-1.4.2/out/src/extension
[2019-12-25 18:38:32.326] [exthost] [info] ExtensionService#_doActivateExtension eamodio.gitlens {"startup":true,"extensionId":{"value":"eamodio.gitlens","_lower":"eamodio.gitlens"},"activationEvent":"*"}
[2019-12-25 18:38:32.326] [exthost] [info] ExtensionService#loadCommonJSModule file:///home/gandalf/.vscode/extensions/eamodio.gitlens-10.2.0/dist/extension
[2019-12-25 18:38:32.389] [exthost] [info] ExtensionService#_doActivateExtension EditorConfig.EditorConfig {"startup":true,"extensionId":{"value":"EditorConfig.EditorConfig","_lower":"editorconfig.editorconfig"},"activationEvent":"*"}
[2019-12-25 18:38:32.389] [exthost] [info] ExtensionService#loadCommonJSModule file:///home/gandalf/.vscode/extensions/editorconfig.editorconfig-0.14.4/out/editorConfigMain.js
[2019-12-25 18:38:32.456] [exthost] [info] ExtensionService#_doActivateExtension esbenp.prettier-vscode {"startup":true,"extensionId":{"value":"esbenp.prettier-vscode","_lower":"esbenp.prettier-vscode"},"activationEvent":"*"}
[2019-12-25 18:38:32.456] [exthost] [info] ExtensionService#loadCommonJSModule file:///home/gandalf/.vscode/extensions/esbenp.prettier-vscode-3.18.0/dist/extension
[2019-12-25 18:38:32.522] [exthost] [info] ExtensionService#_doActivateExtension formulahendry.auto-close-tag {"startup":true,"extensionId":{"value":"formulahendry.auto-close-tag","_lower":"formulahendry.auto-close-tag"},"activationEvent":"*"}
[2019-12-25 18:38:32.522] [exthost] [info] ExtensionService#loadCommonJSModule file:///home/gandalf/.vscode/extensions/formulahendry.auto-close-tag-0.5.6/out/src/extension
[2019-12-25 18:38:32.526] [exthost] [info] ExtensionService#_doActivateExtension johnpapa.vscode-peacock {"startup":true,"extensionId":{"value":"johnpapa.vscode-peacock","_lower":"johnpapa.vscode-peacock"},"activationEvent":"*"}
[2019-12-25 18:38:32.526] [exthost] [info] ExtensionService#loadCommonJSModule file:///home/gandalf/.vscode/extensions/johnpapa.vscode-peacock-3.2.0/dist/extension
[2019-12-25 18:38:32.537] [exthost] [info] ExtensionService#_doActivateExtension nrwl.angular-console {"startup":true,"extensionId":{"value":"nrwl.angular-console","_lower":"nrwl.angular-console"},"activationEvent":"*"}
[2019-12-25 18:38:32.537] [exthost] [info] ExtensionService#loadCommonJSModule file:///home/gandalf/.vscode/extensions/nrwl.angular-console-10.0.0/main.js
[2019-12-25 18:38:32.974] [exthost] [info] ExtensionService#_doActivateExtension PKief.material-icon-theme {"startup":true,"extensionId":{"value":"PKief.material-icon-theme","_lower":"pkief.material-icon-theme"},"activationEvent":"*"}
[2019-12-25 18:38:32.974] [exthost] [info] ExtensionService#loadCommonJSModule file:///home/gandalf/.vscode/extensions/pkief.material-icon-theme-3.9.2/dist/extension
[2019-12-25 18:38:32.990] [exthost] [info] ExtensionService#_doActivateExtension ritwickdey.LiveServer {"startup":true,"extensionId":{"value":"ritwickdey.LiveServer","_lower":"ritwickdey.liveserver"},"activationEvent":"*"}
[2019-12-25 18:38:32.990] [exthost] [info] ExtensionService#loadCommonJSModule file:///home/gandalf/.vscode/extensions/ritwickdey.liveserver-5.6.1/out/src/extension
[2019-12-25 18:38:34.322] [exthost] [info] ExtensionService#_doActivateExtension ms-vscode.csharp {"startup":true,"extensionId":{"value":"ms-vscode.csharp","_lower":"ms-vscode.csharp"},"activationEvent":"workspaceContains:*.csproj,*.sln,*.csx,*.cake,**/*.csproj,**/*.sln,**/*.csx,**/*.cake"}
[2019-12-25 18:38:34.322] [exthost] [info] ExtensionService#loadCommonJSModule file:///home/gandalf/.vscode/extensions/ms-vscode.csharp-1.21.9/dist/extension
[2019-12-25 18:38:34.430] [exthost] [info] ExtensionService#_doActivateExtension ms-vscode.azure-account {"startup":true,"extensionId":{"value":"ms-azuretools.vscode-azurefunctions","_lower":"ms-azuretools.vscode-azurefunctions"},"activationEvent":"workspaceContains:*/host.json"}
[2019-12-25 18:38:34.431] [exthost] [info] ExtensionService#loadCommonJSModule file:///home/gandalf/.vscode/extensions/ms-vscode.azure-account-0.8.7/dist/extension
[2019-12-25 18:38:34.718] [exthost] [info] ExtensionService#_doActivateExtension ms-azuretools.vscode-azurefunctions {"startup":true,"extensionId":{"value":"ms-azuretools.vscode-azurefunctions","_lower":"ms-azuretools.vscode-azurefunctions"},"activationEvent":"workspaceContains:*/host.json"}
[2019-12-25 18:38:34.718] [exthost] [info] ExtensionService#loadCommonJSModule file:///home/gandalf/.vscode/extensions/ms-azuretools.vscode-azurefunctions-0.20.1/main.js
[2019-12-25 18:38:35.331] [exthost] [info] eager extensions activated
[2019-12-25 18:39:04.281] [exthost] [info] extension host started
[2019-12-25 18:39:04.301] [exthost] [info] ExtensionService#_doActivateExtension vscode.debug-auto-launch {"startup":true,"extensionId":{"value":"vscode.debug-auto-launch","_lower":"vscode.debug-auto-launch"},"activationEvent":"*"}
[2019-12-25 18:39:04.301] [exthost] [info] ExtensionService#loadCommonJSModule file:///nix/store/jaadk0acjwfnjk0vkziylnpyh60gix2d-vscode-1.41.0/lib/vscode/resources/app/extensions/debug-auto-launch/dist/extension
[2019-12-25 18:39:04.305] [exthost] [info] ExtensionService#_doActivateExtension vscode.emmet {"startup":true,"extensionId":{"value":"vscode.emmet","_lower":"vscode.emmet"},"activationEvent":"*"}
[2019-12-25 18:39:04.305] [exthost] [info] ExtensionService#loadCommonJSModule file:///nix/store/jaadk0acjwfnjk0vkziylnpyh60gix2d-vscode-1.41.0/lib/vscode/resources/app/extensions/emmet/dist/extension
[2019-12-25 18:39:04.326] [exthost] [info] ExtensionService#_doActivateExtension vscode.git {"startup":true,"extensionId":{"value":"vscode.git","_lower":"vscode.git"},"activationEvent":"*"}
[2019-12-25 18:39:04.326] [exthost] [info] ExtensionService#loadCommonJSModule file:///nix/store/jaadk0acjwfnjk0vkziylnpyh60gix2d-vscode-1.41.0/lib/vscode/resources/app/extensions/git/dist/main
[2019-12-25 18:39:04.368] [exthost] [info] ExtensionService#_doActivateExtension vscode.merge-conflict {"startup":true,"extensionId":{"value":"vscode.merge-conflict","_lower":"vscode.merge-conflict"},"activationEvent":"*"}
[2019-12-25 18:39:04.368] [exthost] [info] ExtensionService#loadCommonJSModule file:///nix/store/jaadk0acjwfnjk0vkziylnpyh60gix2d-vscode-1.41.0/lib/vscode/resources/app/extensions/merge-conflict/dist/extension
[2019-12-25 18:39:04.372] [exthost] [info] ExtensionService#_doActivateExtension vscode.search-result {"startup":true,"extensionId":{"value":"vscode.search-result","_lower":"vscode.search-result"},"activationEvent":"*"}
[2019-12-25 18:39:04.372] [exthost] [info] ExtensionService#loadCommonJSModule file:///nix/store/jaadk0acjwfnjk0vkziylnpyh60gix2d-vscode-1.41.0/lib/vscode/resources/app/extensions/search-result/dist/extension.js
[2019-12-25 18:39:04.373] [exthost] [info] ExtensionService#_doActivateExtension 2gua.rainbow-brackets {"startup":true,"extensionId":{"value":"2gua.rainbow-brackets","_lower":"2gua.rainbow-brackets"},"activationEvent":"*"}
[2019-12-25 18:39:04.373] [exthost] [info] ExtensionService#loadCommonJSModule file:///home/gandalf/.vscode/extensions/2gua.rainbow-brackets-0.0.6/out/src/extension
[2019-12-25 18:39:04.374] [exthost] [info] ExtensionService#_doActivateExtension christian-kohler.path-intellisense {"startup":true,"extensionId":{"value":"christian-kohler.path-intellisense","_lower":"christian-kohler.path-intellisense"},"activationEvent":"*"}
[2019-12-25 18:39:04.374] [exthost] [info] ExtensionService#loadCommonJSModule file:///home/gandalf/.vscode/extensions/christian-kohler.path-intellisense-1.4.2/out/src/extension
[2019-12-25 18:39:04.384] [exthost] [info] ExtensionService#_doActivateExtension eamodio.gitlens {"startup":true,"extensionId":{"value":"eamodio.gitlens","_lower":"eamodio.gitlens"},"activationEvent":"*"}
[2019-12-25 18:39:04.384] [exthost] [info] ExtensionService#loadCommonJSModule file:///home/gandalf/.vscode/extensions/eamodio.gitlens-10.2.0/dist/extension
[2019-12-25 18:39:04.435] [exthost] [info] ExtensionService#_doActivateExtension EditorConfig.EditorConfig {"startup":true,"extensionId":{"value":"EditorConfig.EditorConfig","_lower":"editorconfig.editorconfig"},"activationEvent":"*"}
[2019-12-25 18:39:04.435] [exthost] [info] ExtensionService#loadCommonJSModule file:///home/gandalf/.vscode/extensions/editorconfig.editorconfig-0.14.4/out/editorConfigMain.js
[2019-12-25 18:39:04.448] [exthost] [info] ExtensionService#_doActivateExtension esbenp.prettier-vscode {"startup":true,"extensionId":{"value":"esbenp.prettier-vscode","_lower":"esbenp.prettier-vscode"},"activationEvent":"*"}
[2019-12-25 18:39:04.448] [exthost] [info] ExtensionService#loadCommonJSModule file:///home/gandalf/.vscode/extensions/esbenp.prettier-vscode-3.18.0/dist/extension
[2019-12-25 18:39:04.508] [exthost] [info] ExtensionService#_doActivateExtension formulahendry.auto-close-tag {"startup":true,"extensionId":{"value":"formulahendry.auto-close-tag","_lower":"formulahendry.auto-close-tag"},"activationEvent":"*"}
[2019-12-25 18:39:04.508] [exthost] [info] ExtensionService#loadCommonJSModule file:///home/gandalf/.vscode/extensions/formulahendry.auto-close-tag-0.5.6/out/src/extension
[2019-12-25 18:39:04.509] [exthost] [info] ExtensionService#_doActivateExtension johnpapa.vscode-peacock {"startup":true,"extensionId":{"value":"johnpapa.vscode-peacock","_lower":"johnpapa.vscode-peacock"},"activationEvent":"*"}
[2019-12-25 18:39:04.509] [exthost] [info] ExtensionService#loadCommonJSModule file:///home/gandalf/.vscode/extensions/johnpapa.vscode-peacock-3.2.0/dist/extension
[2019-12-25 18:39:04.515] [exthost] [info] ExtensionService#_doActivateExtension nrwl.angular-console {"startup":true,"extensionId":{"value":"nrwl.angular-console","_lower":"nrwl.angular-console"},"activationEvent":"*"}
[2019-12-25 18:39:04.515] [exthost] [info] ExtensionService#loadCommonJSModule file:///home/gandalf/.vscode/extensions/nrwl.angular-console-10.0.0/main.js
[2019-12-25 18:39:04.817] [exthost] [info] ExtensionService#_doActivateExtension PKief.material-icon-theme {"startup":true,"extensionId":{"value":"PKief.material-icon-theme","_lower":"pkief.material-icon-theme"},"activationEvent":"*"}
[2019-12-25 18:39:04.817] [exthost] [info] ExtensionService#loadCommonJSModule file:///home/gandalf/.vscode/extensions/pkief.material-icon-theme-3.9.2/dist/extension
[2019-12-25 18:39:04.828] [exthost] [info] ExtensionService#_doActivateExtension ritwickdey.LiveServer {"startup":true,"extensionId":{"value":"ritwickdey.LiveServer","_lower":"ritwickdey.liveserver"},"activationEvent":"*"}
[2019-12-25 18:39:04.828] [exthost] [info] ExtensionService#loadCommonJSModule file:///home/gandalf/.vscode/extensions/ritwickdey.liveserver-5.6.1/out/src/extension
[2019-12-25 18:39:05.407] [exthost] [info] eager extensions activated
[2019-12-25 18:39:15.216] [exthost] [info] extension host started
[2019-12-25 18:39:15.238] [exthost] [info] ExtensionService#_doActivateExtension vscode.debug-auto-launch {"startup":true,"extensionId":{"value":"vscode.debug-auto-launch","_lower":"vscode.debug-auto-launch"},"activationEvent":"*"}
[2019-12-25 18:39:15.238] [exthost] [info] ExtensionService#loadCommonJSModule file:///nix/store/jaadk0acjwfnjk0vkziylnpyh60gix2d-vscode-1.41.0/lib/vscode/resources/app/extensions/debug-auto-launch/dist/extension
[2019-12-25 18:39:15.241] [exthost] [info] ExtensionService#_doActivateExtension vscode.emmet {"startup":true,"extensionId":{"value":"vscode.emmet","_lower":"vscode.emmet"},"activationEvent":"*"}
[2019-12-25 18:39:15.242] [exthost] [info] ExtensionService#loadCommonJSModule file:///nix/store/jaadk0acjwfnjk0vkziylnpyh60gix2d-vscode-1.41.0/lib/vscode/resources/app/extensions/emmet/dist/extension
[2019-12-25 18:39:15.266] [exthost] [info] ExtensionService#_doActivateExtension vscode.git {"startup":true,"extensionId":{"value":"vscode.git","_lower":"vscode.git"},"activationEvent":"*"}
[2019-12-25 18:39:15.266] [exthost] [info] ExtensionService#loadCommonJSModule file:///nix/store/jaadk0acjwfnjk0vkziylnpyh60gix2d-vscode-1.41.0/lib/vscode/resources/app/extensions/git/dist/main
[2019-12-25 18:39:15.310] [exthost] [info] ExtensionService#_doActivateExtension vscode.merge-conflict {"startup":true,"extensionId":{"value":"vscode.merge-conflict","_lower":"vscode.merge-conflict"},"activationEvent":"*"}
[2019-12-25 18:39:15.310] [exthost] [info] ExtensionService#loadCommonJSModule file:///nix/store/jaadk0acjwfnjk0vkziylnpyh60gix2d-vscode-1.41.0/lib/vscode/resources/app/extensions/merge-conflict/dist/extension
[2019-12-25 18:39:15.313] [exthost] [info] ExtensionService#_doActivateExtension vscode.search-result {"startup":true,"extensionId":{"value":"vscode.search-result","_lower":"vscode.search-result"},"activationEvent":"*"}
[2019-12-25 18:39:15.313] [exthost] [info] ExtensionService#loadCommonJSModule file:///nix/store/jaadk0acjwfnjk0vkziylnpyh60gix2d-vscode-1.41.0/lib/vscode/resources/app/extensions/search-result/dist/extension.js
[2019-12-25 18:39:15.314] [exthost] [info] ExtensionService#_doActivateExtension 2gua.rainbow-brackets {"startup":true,"extensionId":{"value":"2gua.rainbow-brackets","_lower":"2gua.rainbow-brackets"},"activationEvent":"*"}
[2019-12-25 18:39:15.314] [exthost] [info] ExtensionService#loadCommonJSModule file:///home/gandalf/.vscode/extensions/2gua.rainbow-brackets-0.0.6/out/src/extension
[2019-12-25 18:39:15.315] [exthost] [info] ExtensionService#_doActivateExtension christian-kohler.path-intellisense {"startup":true,"extensionId":{"value":"christian-kohler.path-intellisense","_lower":"christian-kohler.path-intellisense"},"activationEvent":"*"}
[2019-12-25 18:39:15.315] [exthost] [info] ExtensionService#loadCommonJSModule file:///home/gandalf/.vscode/extensions/christian-kohler.path-intellisense-1.4.2/out/src/extension
[2019-12-25 18:39:15.326] [exthost] [info] ExtensionService#_doActivateExtension eamodio.gitlens {"startup":true,"extensionId":{"value":"eamodio.gitlens","_lower":"eamodio.gitlens"},"activationEvent":"*"}
[2019-12-25 18:39:15.326] [exthost] [info] ExtensionService#loadCommonJSModule file:///home/gandalf/.vscode/extensions/eamodio.gitlens-10.2.0/dist/extension
[2019-12-25 18:39:15.379] [exthost] [info] ExtensionService#_doActivateExtension EditorConfig.EditorConfig {"startup":true,"extensionId":{"value":"EditorConfig.EditorConfig","_lower":"editorconfig.editorconfig"},"activationEvent":"*"}
[2019-12-25 18:39:15.379] [exthost] [info] ExtensionService#loadCommonJSModule file:///home/gandalf/.vscode/extensions/editorconfig.editorconfig-0.14.4/out/editorConfigMain.js
[2019-12-25 18:39:15.392] [exthost] [info] ExtensionService#_doActivateExtension esbenp.prettier-vscode {"startup":true,"extensionId":{"value":"esbenp.prettier-vscode","_lower":"esbenp.prettier-vscode"},"activationEvent":"*"}
[2019-12-25 18:39:15.392] [exthost] [info] ExtensionService#loadCommonJSModule file:///home/gandalf/.vscode/extensions/esbenp.prettier-vscode-3.18.0/dist/extension
[2019-12-25 18:39:15.449] [exthost] [info] ExtensionService#_doActivateExtension formulahendry.auto-close-tag {"startup":true,"extensionId":{"value":"formulahendry.auto-close-tag","_lower":"formulahendry.auto-close-tag"},"activationEvent":"*"}
[2019-12-25 18:39:15.449] [exthost] [info] ExtensionService#loadCommonJSModule file:///home/gandalf/.vscode/extensions/formulahendry.auto-close-tag-0.5.6/out/src/extension
[2019-12-25 18:39:15.450] [exthost] [info] ExtensionService#_doActivateExtension johnpapa.vscode-peacock {"startup":true,"extensionId":{"value":"johnpapa.vscode-peacock","_lower":"johnpapa.vscode-peacock"},"activationEvent":"*"}
[2019-12-25 18:39:15.450] [exthost] [info] ExtensionService#loadCommonJSModule file:///home/gandalf/.vscode/extensions/johnpapa.vscode-peacock-3.2.0/dist/extension
[2019-12-25 18:39:15.457] [exthost] [info] ExtensionService#_doActivateExtension nrwl.angular-console {"startup":true,"extensionId":{"value":"nrwl.angular-console","_lower":"nrwl.angular-console"},"activationEvent":"*"}
[2019-12-25 18:39:15.457] [exthost] [info] ExtensionService#loadCommonJSModule file:///home/gandalf/.vscode/extensions/nrwl.angular-console-10.0.0/main.js
[2019-12-25 18:39:15.775] [exthost] [info] ExtensionService#_doActivateExtension PKief.material-icon-theme {"startup":true,"extensionId":{"value":"PKief.material-icon-theme","_lower":"pkief.material-icon-theme"},"activationEvent":"*"}
[2019-12-25 18:39:15.775] [exthost] [info] ExtensionService#loadCommonJSModule file:///home/gandalf/.vscode/extensions/pkief.material-icon-theme-3.9.2/dist/extension
[2019-12-25 18:39:15.788] [exthost] [info] ExtensionService#_doActivateExtension ritwickdey.LiveServer {"startup":true,"extensionId":{"value":"ritwickdey.LiveServer","_lower":"ritwickdey.liveserver"},"activationEvent":"*"}
[2019-12-25 18:39:15.788] [exthost] [info] ExtensionService#loadCommonJSModule file:///home/gandalf/.vscode/extensions/ritwickdey.liveserver-5.6.1/out/src/extension
[2019-12-25 18:39:16.434] [exthost] [info] eager extensions activated
[2019-12-25 18:39:54.473] [exthost] [info] ExtensionService#_doActivateExtension vscode.configuration-editing {"startup":false,"extensionId":{"value":"vscode.configuration-editing","_lower":"vscode.configuration-editing"},"activationEvent":"onLanguage:jsonc"}
[2019-12-25 18:39:54.474] [exthost] [info] ExtensionService#loadCommonJSModule file:///nix/store/jaadk0acjwfnjk0vkziylnpyh60gix2d-vscode-1.41.0/lib/vscode/resources/app/extensions/configuration-editing/dist/extension
[2019-12-25 18:39:54.477] [exthost] [info] ExtensionService#_doActivateExtension vscode.json-language-features {"startup":false,"extensionId":{"value":"vscode.json-language-features","_lower":"vscode.json-language-features"},"activationEvent":"onLanguage:jsonc"}
[2019-12-25 18:39:54.477] [exthost] [info] ExtensionService#loadCommonJSModule file:///nix/store/jaadk0acjwfnjk0vkziylnpyh60gix2d-vscode-1.41.0/lib/vscode/resources/app/extensions/json-language-features/client/dist/jsonMain
[2019-12-25 18:39:54.489] [exthost] [info] ExtensionService#_doActivateExtension vscode.typescript-language-features {"startup":false,"extensionId":{"value":"vscode.typescript-language-features","_lower":"vscode.typescript-language-features"},"activationEvent":"onLanguage:jsonc"}
[2019-12-25 18:39:54.490] [exthost] [info] ExtensionService#loadCommonJSModule file:///nix/store/jaadk0acjwfnjk0vkziylnpyh60gix2d-vscode-1.41.0/lib/vscode/resources/app/extensions/typescript-language-features/dist/extension
[2019-12-25 18:39:55.104] [exthost] [info] extension host started
[2019-12-25 18:39:55.117] [exthost] [info] ExtensionService#_doActivateExtension vscode.configuration-editing {"startup":false,"extensionId":{"value":"vscode.configuration-editing","_lower":"vscode.configuration-editing"},"activationEvent":"onLanguage:jsonc"}
[2019-12-25 18:39:55.117] [exthost] [info] ExtensionService#loadCommonJSModule file:///nix/store/jaadk0acjwfnjk0vkziylnpyh60gix2d-vscode-1.41.0/lib/vscode/resources/app/extensions/configuration-editing/dist/extension
[2019-12-25 18:39:55.121] [exthost] [info] ExtensionService#_doActivateExtension vscode.json-language-features {"startup":false,"extensionId":{"value":"vscode.json-language-features","_lower":"vscode.json-language-features"},"activationEvent":"onLanguage:jsonc"}
[2019-12-25 18:39:55.121] [exthost] [info] ExtensionService#loadCommonJSModule file:///nix/store/jaadk0acjwfnjk0vkziylnpyh60gix2d-vscode-1.41.0/lib/vscode/resources/app/extensions/json-language-features/client/dist/jsonMain
[2019-12-25 18:39:55.132] [exthost] [info] ExtensionService#_doActivateExtension vscode.typescript-language-features {"startup":false,"extensionId":{"value":"vscode.typescript-language-features","_lower":"vscode.typescript-language-features"},"activationEvent":"onLanguage:jsonc"}
[2019-12-25 18:39:55.132] [exthost] [info] ExtensionService#loadCommonJSModule file:///nix/store/jaadk0acjwfnjk0vkziylnpyh60gix2d-vscode-1.41.0/lib/vscode/resources/app/extensions/typescript-language-features/dist/extension
[2019-12-25 18:39:55.155] [exthost] [info] ExtensionService#_doActivateExtension vscode.debug-auto-launch {"startup":true,"extensionId":{"value":"vscode.debug-auto-launch","_lower":"vscode.debug-auto-launch"},"activationEvent":"*"}
[2019-12-25 18:39:55.155] [exthost] [info] ExtensionService#loadCommonJSModule file:///nix/store/jaadk0acjwfnjk0vkziylnpyh60gix2d-vscode-1.41.0/lib/vscode/resources/app/extensions/debug-auto-launch/dist/extension
[2019-12-25 18:39:55.156] [exthost] [info] ExtensionService#_doActivateExtension vscode.emmet {"startup":true,"extensionId":{"value":"vscode.emmet","_lower":"vscode.emmet"},"activationEvent":"*"}
[2019-12-25 18:39:55.156] [exthost] [info] ExtensionService#loadCommonJSModule file:///nix/store/jaadk0acjwfnjk0vkziylnpyh60gix2d-vscode-1.41.0/lib/vscode/resources/app/extensions/emmet/dist/extension
[2019-12-25 18:39:55.180] [exthost] [info] ExtensionService#_doActivateExtension vscode.git {"startup":true,"extensionId":{"value":"vscode.git","_lower":"vscode.git"},"activationEvent":"*"}
[2019-12-25 18:39:55.180] [exthost] [info] ExtensionService#loadCommonJSModule file:///nix/store/jaadk0acjwfnjk0vkziylnpyh60gix2d-vscode-1.41.0/lib/vscode/resources/app/extensions/git/dist/main
[2019-12-25 18:39:55.218] [exthost] [info] ExtensionService#_doActivateExtension vscode.merge-conflict {"startup":true,"extensionId":{"value":"vscode.merge-conflict","_lower":"vscode.merge-conflict"},"activationEvent":"*"}
[2019-12-25 18:39:55.218] [exthost] [info] ExtensionService#loadCommonJSModule file:///nix/store/jaadk0acjwfnjk0vkziylnpyh60gix2d-vscode-1.41.0/lib/vscode/resources/app/extensions/merge-conflict/dist/extension
[2019-12-25 18:39:55.221] [exthost] [info] ExtensionService#_doActivateExtension vscode.search-result {"startup":true,"extensionId":{"value":"vscode.search-result","_lower":"vscode.search-result"},"activationEvent":"*"}
[2019-12-25 18:39:55.221] [exthost] [info] ExtensionService#loadCommonJSModule file:///nix/store/jaadk0acjwfnjk0vkziylnpyh60gix2d-vscode-1.41.0/lib/vscode/resources/app/extensions/search-result/dist/extension.js
[2019-12-25 18:39:55.222] [exthost] [info] ExtensionService#_doActivateExtension 2gua.rainbow-brackets {"startup":true,"extensionId":{"value":"2gua.rainbow-brackets","_lower":"2gua.rainbow-brackets"},"activationEvent":"*"}
[2019-12-25 18:39:55.223] [exthost] [info] ExtensionService#loadCommonJSModule file:///home/gandalf/.vscode/extensions/2gua.rainbow-brackets-0.0.6/out/src/extension
[2019-12-25 18:39:55.223] [exthost] [info] ExtensionService#_doActivateExtension christian-kohler.path-intellisense {"startup":true,"extensionId":{"value":"christian-kohler.path-intellisense","_lower":"christian-kohler.path-intellisense"},"activationEvent":"*"}
[2019-12-25 18:39:55.223] [exthost] [info] ExtensionService#loadCommonJSModule file:///home/gandalf/.vscode/extensions/christian-kohler.path-intellisense-1.4.2/out/src/extension
[2019-12-25 18:39:55.236] [exthost] [info] ExtensionService#_doActivateExtension eamodio.gitlens {"startup":true,"extensionId":{"value":"eamodio.gitlens","_lower":"eamodio.gitlens"},"activationEvent":"*"}
[2019-12-25 18:39:55.236] [exthost] [info] ExtensionService#loadCommonJSModule file:///home/gandalf/.vscode/extensions/eamodio.gitlens-10.2.0/dist/extension
[2019-12-25 18:39:55.293] [exthost] [info] ExtensionService#_doActivateExtension EditorConfig.EditorConfig {"startup":true,"extensionId":{"value":"EditorConfig.EditorConfig","_lower":"editorconfig.editorconfig"},"activationEvent":"*"}
[2019-12-25 18:39:55.293] [exthost] [info] ExtensionService#loadCommonJSModule file:///home/gandalf/.vscode/extensions/editorconfig.editorconfig-0.14.4/out/editorConfigMain.js
[2019-12-25 18:39:55.320] [exthost] [info] ExtensionService#_doActivateExtension esbenp.prettier-vscode {"startup":true,"extensionId":{"value":"esbenp.prettier-vscode","_lower":"esbenp.prettier-vscode"},"activationEvent":"*"}
[2019-12-25 18:39:55.320] [exthost] [info] ExtensionService#loadCommonJSModule file:///home/gandalf/.vscode/extensions/esbenp.prettier-vscode-3.18.0/dist/extension
[2019-12-25 18:39:55.365] [exthost] [info] ExtensionService#_doActivateExtension formulahendry.auto-close-tag {"startup":true,"extensionId":{"value":"formulahendry.auto-close-tag","_lower":"formulahendry.auto-close-tag"},"activationEvent":"*"}
[2019-12-25 18:39:55.365] [exthost] [info] ExtensionService#loadCommonJSModule file:///home/gandalf/.vscode/extensions/formulahendry.auto-close-tag-0.5.6/out/src/extension
[2019-12-25 18:39:55.367] [exthost] [info] ExtensionService#_doActivateExtension johnpapa.vscode-peacock {"startup":true,"extensionId":{"value":"johnpapa.vscode-peacock","_lower":"johnpapa.vscode-peacock"},"activationEvent":"*"}
[2019-12-25 18:39:55.367] [exthost] [info] ExtensionService#loadCommonJSModule file:///home/gandalf/.vscode/extensions/johnpapa.vscode-peacock-3.2.0/dist/extension
[2019-12-25 18:39:55.374] [exthost] [info] ExtensionService#_doActivateExtension nrwl.angular-console {"startup":true,"extensionId":{"value":"nrwl.angular-console","_lower":"nrwl.angular-console"},"activationEvent":"*"}
[2019-12-25 18:39:55.374] [exthost] [info] ExtensionService#loadCommonJSModule file:///home/gandalf/.vscode/extensions/nrwl.angular-console-10.0.0/main.js
[2019-12-25 18:39:55.713] [exthost] [info] ExtensionService#_doActivateExtension PKief.material-icon-theme {"startup":true,"extensionId":{"value":"PKief.material-icon-theme","_lower":"pkief.material-icon-theme"},"activationEvent":"*"}
[2019-12-25 18:39:55.713] [exthost] [info] ExtensionService#loadCommonJSModule file:///home/gandalf/.vscode/extensions/pkief.material-icon-theme-3.9.2/dist/extension
[2019-12-25 18:39:55.725] [exthost] [info] ExtensionService#_doActivateExtension ritwickdey.LiveServer {"startup":true,"extensionId":{"value":"ritwickdey.LiveServer","_lower":"ritwickdey.liveserver"},"activationEvent":"*"}
[2019-12-25 18:39:55.725] [exthost] [info] ExtensionService#loadCommonJSModule file:///home/gandalf/.vscode/extensions/ritwickdey.liveserver-5.6.1/out/src/extension
[2019-12-25 18:39:56.180] [exthost] [info] eager extensions activated
[2019-12-25 18:42:11.230] [exthost] [info] ExtensionService#_doActivateExtension elmTooling.elm-ls-vscode {"startup":false,"extensionId":{"value":"elmTooling.elm-ls-vscode","_lower":"elmtooling.elm-ls-vscode"},"activationEvent":"workspaceContains:**/elm.json"}
[2019-12-25 18:42:11.230] [exthost] [info] ExtensionService#loadCommonJSModule file:///home/gandalf/.vscode/extensions/elmtooling.elm-ls-vscode-0.7.4/client/out/extension
[2019-12-25 18:42:26.687] [exthost] [info] ExtensionService#_doActivateExtension jlengrand.vscode-elm-signature {"startup":false,"extensionId":{"value":"jlengrand.vscode-elm-signature","_lower":"jlengrand.vscode-elm-signature"},"activationEvent":"workspaceContains:**/*.elm"}
[2019-12-25 18:42:26.687] [exthost] [info] ExtensionService#loadCommonJSModule file:///home/gandalf/.vscode/extensions/jlengrand.vscode-elm-signature-0.1.1/out/extension
[2019-12-25 18:42:26.771] [exthost] [info] ExtensionService#_doActivateExtension necinc.elmmet {"startup":false,"extensionId":{"value":"necinc.elmmet","_lower":"necinc.elmmet"},"activationEvent":"onLanguage:elm"}
[2019-12-25 18:42:26.771] [exthost] [info] ExtensionService#loadCommonJSModule file:///home/gandalf/.vscode/extensions/necinc.elmmet-1.0.1/out/src/extension
[2019-12-25 18:42:31.608] [exthost] [info] ExtensionService#_doActivateExtension FraWa.vscode-elm-test-runner {"startup":false,"extensionId":{"value":"FraWa.vscode-elm-test-runner","_lower":"frawa.vscode-elm-test-runner"},"activationEvent":"onLanguage:elm"}
[2019-12-25 18:42:31.608] [exthost] [info] ExtensionService#loadCommonJSModule file:///home/gandalf/.vscode/extensions/frawa.vscode-elm-test-runner-0.7.3/out/extension
[2019-12-25 18:42:31.640] [exthost] [info] ExtensionService#_doActivateExtension vscode.grunt {"startup":false,"extensionId":{"value":"vscode.grunt","_lower":"vscode.grunt"},"activationEvent":"onCommand:workbench.action.tasks.runTask"}
[2019-12-25 18:42:31.640] [exthost] [info] ExtensionService#loadCommonJSModule file:///nix/store/jaadk0acjwfnjk0vkziylnpyh60gix2d-vscode-1.41.0/lib/vscode/resources/app/extensions/grunt/dist/main
[2019-12-25 18:42:31.646] [exthost] [info] ExtensionService#_doActivateExtension vscode.gulp {"startup":false,"extensionId":{"value":"vscode.gulp","_lower":"vscode.gulp"},"activationEvent":"onCommand:workbench.action.tasks.runTask"}
[2019-12-25 18:42:31.646] [exthost] [info] ExtensionService#loadCommonJSModule file:///nix/store/jaadk0acjwfnjk0vkziylnpyh60gix2d-vscode-1.41.0/lib/vscode/resources/app/extensions/gulp/dist/main
[2019-12-25 18:42:31.651] [exthost] [info] ExtensionService#_doActivateExtension vscode.jake {"startup":false,"extensionId":{"value":"vscode.jake","_lower":"vscode.jake"},"activationEvent":"onCommand:workbench.action.tasks.runTask"}
[2019-12-25 18:42:31.651] [exthost] [info] ExtensionService#loadCommonJSModule file:///nix/store/jaadk0acjwfnjk0vkziylnpyh60gix2d-vscode-1.41.0/lib/vscode/resources/app/extensions/jake/dist/main
[2019-12-25 18:42:31.660] [exthost] [info] ExtensionService#_doActivateExtension vscode.npm {"startup":false,"extensionId":{"value":"vscode.npm","_lower":"vscode.npm"},"activationEvent":"onCommand:workbench.action.tasks.runTask"}
[2019-12-25 18:42:31.660] [exthost] [info] ExtensionService#loadCommonJSModule file:///nix/store/jaadk0acjwfnjk0vkziylnpyh60gix2d-vscode-1.41.0/lib/vscode/resources/app/extensions/npm/dist/main
[2019-12-25 18:42:36.770] [exthost] [info] ExtensionService#_doActivateExtension vscode.extension-editing {"startup":false,"extensionId":{"value":"vscode.extension-editing","_lower":"vscode.extension-editing"},"activationEvent":"onLanguage:json"}
[2019-12-25 18:42:36.770] [exthost] [info] ExtensionService#loadCommonJSModule file:///nix/store/jaadk0acjwfnjk0vkziylnpyh60gix2d-vscode-1.41.0/lib/vscode/resources/app/extensions/extension-editing/dist/extension
[2019-12-25 18:44:05.638] [exthost] [info] extension host started
[2019-12-25 18:44:05.824] [exthost] [info] ExtensionService#_doActivateExtension vscode.debug-auto-launch {"startup":true,"extensionId":{"value":"vscode.debug-auto-launch","_lower":"vscode.debug-auto-launch"},"activationEvent":"*"}
[2019-12-25 18:44:05.828] [exthost] [info] ExtensionService#loadCommonJSModule file:///nix/store/jaadk0acjwfnjk0vkziylnpyh60gix2d-vscode-1.41.0/lib/vscode/resources/app/extensions/debug-auto-launch/dist/extension
[2019-12-25 18:44:05.836] [exthost] [info] ExtensionService#_doActivateExtension vscode.emmet {"startup":true,"extensionId":{"value":"vscode.emmet","_lower":"vscode.emmet"},"activationEvent":"*"}
[2019-12-25 18:44:05.836] [exthost] [info] ExtensionService#loadCommonJSModule file:///nix/store/jaadk0acjwfnjk0vkziylnpyh60gix2d-vscode-1.41.0/lib/vscode/resources/app/extensions/emmet/dist/extension
[2019-12-25 18:44:05.872] [exthost] [info] ExtensionService#_doActivateExtension vscode.git {"startup":true,"extensionId":{"value":"vscode.git","_lower":"vscode.git"},"activationEvent":"*"}
[2019-12-25 18:44:05.872] [exthost] [info] ExtensionService#loadCommonJSModule file:///nix/store/jaadk0acjwfnjk0vkziylnpyh60gix2d-vscode-1.41.0/lib/vscode/resources/app/extensions/git/dist/main
[2019-12-25 18:44:05.940] [exthost] [info] ExtensionService#_doActivateExtension vscode.merge-conflict {"startup":true,"extensionId":{"value":"vscode.merge-conflict","_lower":"vscode.merge-conflict"},"activationEvent":"*"}
[2019-12-25 18:44:05.941] [exthost] [info] ExtensionService#loadCommonJSModule file:///nix/store/jaadk0acjwfnjk0vkziylnpyh60gix2d-vscode-1.41.0/lib/vscode/resources/app/extensions/merge-conflict/dist/extension
[2019-12-25 18:44:05.948] [exthost] [info] ExtensionService#_doActivateExtension vscode.search-result {"startup":true,"extensionId":{"value":"vscode.search-result","_lower":"vscode.search-result"},"activationEvent":"*"}
[2019-12-25 18:44:05.948] [exthost] [info] ExtensionService#loadCommonJSModule file:///nix/store/jaadk0acjwfnjk0vkziylnpyh60gix2d-vscode-1.41.0/lib/vscode/resources/app/extensions/search-result/dist/extension.js
[2019-12-25 18:44:05.951] [exthost] [info] ExtensionService#_doActivateExtension 2gua.rainbow-brackets {"startup":true,"extensionId":{"value":"2gua.rainbow-brackets","_lower":"2gua.rainbow-brackets"},"activationEvent":"*"}
[2019-12-25 18:44:05.951] [exthost] [info] ExtensionService#loadCommonJSModule file:///home/gandalf/.vscode/extensions/2gua.rainbow-brackets-0.0.6/out/src/extension
[2019-12-25 18:44:05.953] [exthost] [info] ExtensionService#_doActivateExtension christian-kohler.path-intellisense {"startup":true,"extensionId":{"value":"christian-kohler.path-intellisense","_lower":"christian-kohler.path-intellisense"},"activationEvent":"*"}
[2019-12-25 18:44:05.953] [exthost] [info] ExtensionService#loadCommonJSModule file:///home/gandalf/.vscode/extensions/christian-kohler.path-intellisense-1.4.2/out/src/extension
[2019-12-25 18:44:05.976] [exthost] [info] ExtensionService#_doActivateExtension eamodio.gitlens {"startup":true,"extensionId":{"value":"eamodio.gitlens","_lower":"eamodio.gitlens"},"activationEvent":"*"}
[2019-12-25 18:44:05.976] [exthost] [info] ExtensionService#loadCommonJSModule file:///home/gandalf/.vscode/extensions/eamodio.gitlens-10.2.0/dist/extension
[2019-12-25 18:44:06.042] [exthost] [info] ExtensionService#_doActivateExtension formulahendry.auto-close-tag {"startup":true,"extensionId":{"value":"formulahendry.auto-close-tag","_lower":"formulahendry.auto-close-tag"},"activationEvent":"*"}
[2019-12-25 18:44:06.042] [exthost] [info] ExtensionService#loadCommonJSModule file:///home/gandalf/.vscode/extensions/formulahendry.auto-close-tag-0.5.6/out/src/extension
[2019-12-25 18:44:06.044] [exthost] [info] ExtensionService#_doActivateExtension ritwickdey.LiveServer {"startup":true,"extensionId":{"value":"ritwickdey.LiveServer","_lower":"ritwickdey.liveserver"},"activationEvent":"*"}
[2019-12-25 18:44:06.044] [exthost] [info] ExtensionService#loadCommonJSModule file:///home/gandalf/.vscode/extensions/ritwickdey.liveserver-5.6.1/out/src/extension
[2019-12-25 18:44:06.818] [exthost] [info] ExtensionService#_doActivateExtension jlengrand.vscode-elm-signature {"startup":true,"extensionId":{"value":"jlengrand.vscode-elm-signature","_lower":"jlengrand.vscode-elm-signature"},"activationEvent":"workspaceContains:**/*.elm"}
[2019-12-25 18:44:06.818] [exthost] [info] ExtensionService#loadCommonJSModule file:///home/gandalf/.vscode/extensions/jlengrand.vscode-elm-signature-0.1.1/out/extension
[2019-12-25 18:44:06.827] [exthost] [info] ExtensionService#_doActivateExtension elmTooling.elm-ls-vscode {"startup":true,"extensionId":{"value":"elmTooling.elm-ls-vscode","_lower":"elmtooling.elm-ls-vscode"},"activationEvent":"workspaceContains:**/elm.json"}
[2019-12-25 18:44:06.827] [exthost] [info] ExtensionService#loadCommonJSModule file:///home/gandalf/.vscode/extensions/elmtooling.elm-ls-vscode-0.7.4/client/out/extension
[2019-12-25 18:44:06.997] [exthost] [info] eager extensions activated
[2019-12-25 18:44:07.067] [exthost] [info] ExtensionService#_doActivateExtension FraWa.vscode-elm-test-runner {"startup":false,"extensionId":{"value":"FraWa.vscode-elm-test-runner","_lower":"frawa.vscode-elm-test-runner"},"activationEvent":"onLanguage:elm"}
[2019-12-25 18:44:07.067] [exthost] [info] ExtensionService#loadCommonJSModule file:///home/gandalf/.vscode/extensions/frawa.vscode-elm-test-runner-0.7.3/out/extension
[2019-12-25 18:44:07.102] [exthost] [info] ExtensionService#_doActivateExtension vscode.grunt {"startup":false,"extensionId":{"value":"vscode.grunt","_lower":"vscode.grunt"},"activationEvent":"onCommand:workbench.action.tasks.runTask"}
[2019-12-25 18:44:07.102] [exthost] [info] ExtensionService#loadCommonJSModule file:///nix/store/jaadk0acjwfnjk0vkziylnpyh60gix2d-vscode-1.41.0/lib/vscode/resources/app/extensions/grunt/dist/main
[2019-12-25 18:44:07.106] [exthost] [info] ExtensionService#_doActivateExtension vscode.gulp {"startup":false,"extensionId":{"value":"vscode.gulp","_lower":"vscode.gulp"},"activationEvent":"onCommand:workbench.action.tasks.runTask"}
[2019-12-25 18:44:07.107] [exthost] [info] ExtensionService#loadCommonJSModule file:///nix/store/jaadk0acjwfnjk0vkziylnpyh60gix2d-vscode-1.41.0/lib/vscode/resources/app/extensions/gulp/dist/main
[2019-12-25 18:44:07.109] [exthost] [info] ExtensionService#_doActivateExtension vscode.jake {"startup":false,"extensionId":{"value":"vscode.jake","_lower":"vscode.jake"},"activationEvent":"onCommand:workbench.action.tasks.runTask"}
[2019-12-25 18:44:07.109] [exthost] [info] ExtensionService#loadCommonJSModule file:///nix/store/jaadk0acjwfnjk0vkziylnpyh60gix2d-vscode-1.41.0/lib/vscode/resources/app/extensions/jake/dist/main
[2019-12-25 18:44:07.111] [exthost] [info] ExtensionService#_doActivateExtension vscode.npm {"startup":false,"extensionId":{"value":"vscode.npm","_lower":"vscode.npm"},"activationEvent":"onCommand:workbench.action.tasks.runTask"}
[2019-12-25 18:44:07.111] [exthost] [info] ExtensionService#loadCommonJSModule file:///nix/store/jaadk0acjwfnjk0vkziylnpyh60gix2d-vscode-1.41.0/lib/vscode/resources/app/extensions/npm/dist/main
[2019-12-25 18:44:07.120] [exthost] [info] ExtensionService#_doActivateExtension vscode.typescript-language-features {"startup":false,"extensionId":{"value":"vscode.typescript-language-features","_lower":"vscode.typescript-language-features"},"activationEvent":"onCommand:workbench.action.tasks.runTask"}
[2019-12-25 18:44:07.120] [exthost] [info] ExtensionService#loadCommonJSModule file:///nix/store/jaadk0acjwfnjk0vkziylnpyh60gix2d-vscode-1.41.0/lib/vscode/resources/app/extensions/typescript-language-features/dist/extension
[2019-12-25 18:44:26.884] [exthost] [info] ExtensionService#_doActivateExtension necinc.elmmet {"startup":false,"extensionId":{"value":"necinc.elmmet","_lower":"necinc.elmmet"},"activationEvent":"onLanguage:elm"}
[2019-12-25 18:44:26.884] [exthost] [info] ExtensionService#loadCommonJSModule file:///home/gandalf/.vscode/extensions/necinc.elmmet-1.0.1/out/src/extension
[2019-12-25 18:44:57.992] [exthost] [info] ExtensionService#_doActivateExtension vscode.configuration-editing {"startup":false,"extensionId":{"value":"vscode.configuration-editing","_lower":"vscode.configuration-editing"},"activationEvent":"onLanguage:jsonc"}
[2019-12-25 18:44:57.992] [exthost] [info] ExtensionService#loadCommonJSModule file:///nix/store/jaadk0acjwfnjk0vkziylnpyh60gix2d-vscode-1.41.0/lib/vscode/resources/app/extensions/configuration-editing/dist/extension
[2019-12-25 18:44:57.996] [exthost] [info] ExtensionService#_doActivateExtension vscode.json-language-features {"startup":false,"extensionId":{"value":"vscode.json-language-features","_lower":"vscode.json-language-features"},"activationEvent":"onLanguage:jsonc"}
[2019-12-25 18:44:57.996] [exthost] [info] ExtensionService#loadCommonJSModule file:///nix/store/jaadk0acjwfnjk0vkziylnpyh60gix2d-vscode-1.41.0/lib/vscode/resources/app/extensions/json-language-features/client/dist/jsonMain
[2019-12-25 18:53:30.338] [exthost] [info] ExtensionService#_doActivateExtension vscode.extension-editing {"startup":false,"extensionId":{"value":"vscode.extension-editing","_lower":"vscode.extension-editing"},"activationEvent":"onLanguage:json"}
[2019-12-25 18:53:30.338] [exthost] [info] ExtensionService#loadCommonJSModule file:///nix/store/jaadk0acjwfnjk0vkziylnpyh60gix2d-vscode-1.41.0/lib/vscode/resources/app/extensions/extension-editing/dist/extension
[2019-12-25 18:54:19.747] [exthost] [info] ExtensionService#_doActivateExtension vscode.markdown-language-features {"startup":false,"extensionId":{"value":"vscode.markdown-language-features","_lower":"vscode.markdown-language-features"},"activationEvent":"onLanguage:markdown"}
[2019-12-25 18:54:19.747] [exthost] [info] ExtensionService#loadCommonJSModule file:///nix/store/jaadk0acjwfnjk0vkziylnpyh60gix2d-vscode-1.41.0/lib/vscode/resources/app/extensions/markdown-language-features/dist/extension
